#### Starting test
let us generate a system
now let us evolve the system
Evolve time is not a multiple of tau_ev. Rounding up to 100.0 days.
Running simulation...
Saved result to cache: /home/s2818760/MasterProj/KIN_optimizer/zCache/6b37b23628b7d96dd5d26ce02c06bd88065f49803b573d0098e9ec95cc06ed9e.pkl
Forward pass...
Backwards pass...
Combining derivatives...
Epoch 1/150, Masses: [  8.90000000e-02   5.05484383e-06   5.47202095e-06   2.89201440e-06
   4.31881740e-06   4.80472850e-06   1.44815498e-06  -1.00580107e-06], 
Positions: 
[[ 0.          0.          0.        ]
 [ 0.00034614 -0.0034736   0.01097118]
 [-0.00023194 -0.00438518  0.01513433]
 [ 0.00074416  0.00848468  0.02051708]
 [ 0.00048351  0.01950266  0.02169199]
 [ 0.0006799  -0.01591347  0.03492908]
 [-0.0007654   0.02430616 -0.0398764 ]
 [ 0.00077869 -0.06074572 -0.01085761]]
Forward pass...
Backwards pass...
Combining derivatives...
Epoch 2/150, Masses: [  8.90000000e-02   9.05484383e-06   9.47202095e-06   6.89201440e-06
   8.31881740e-06   8.80472850e-06  -2.55184502e-06  -5.80107395e-09], 
Positions: 
[[ 0.          0.          0.        ]
 [ 0.00034614 -0.0034736   0.01097118]
 [-0.00023194 -0.00438518  0.01513433]
 [ 0.00074416  0.00848468  0.02051708]
 [ 0.00048351  0.01950266  0.02169199]
 [ 0.0006799  -0.01591347  0.03492908]
 [-0.0007654   0.02430616 -0.0398764 ]
 [ 0.00077869 -0.06074572 -0.01085761]]
Forward pass...
Backwards pass...
Combining derivatives...
Epoch 3/150, Masses: [  8.90000000e-02   1.70548438e-05   7.47202095e-06   4.89201440e-06
   1.63188174e-05   1.68047285e-05  -5.51845021e-07   9.94198926e-07], 
Positions: 
[[ 0.          0.          0.        ]
 [ 0.00034614 -0.0034736   0.01097118]
 [-0.00023194 -0.00438518  0.01513433]
 [ 0.00074416  0.00848468  0.02051708]
 [ 0.00048351  0.01950266  0.02169199]
 [ 0.0006799  -0.01591347  0.03492908]
 [-0.0007654   0.02430616 -0.0398764 ]
 [ 0.00077869 -0.06074572 -0.01085761]]
Forward pass...
Backwards pass...
