2025-04-03 10:31:53.693036: I external/local_xla/xla/tsl/cuda/cudart_stub.cc:32] Could not find cuda drivers on your machine, GPU will not be used.
2025-04-03 10:31:53.699963: I external/local_xla/xla/tsl/cuda/cudart_stub.cc:32] Could not find cuda drivers on your machine, GPU will not be used.
2025-04-03 10:31:53.724747: E external/local_xla/xla/stream_executor/cuda/cuda_fft.cc:467] Unable to register cuFFT factory: Attempting to register factory for plugin cuFFT when one has already been registered
WARNING: All log messages before absl::InitializeLog() is called are written to STDERR
E0000 00:00:1743669113.768057 1402054 cuda_dnn.cc:8579] Unable to register cuDNN factory: Attempting to register factory for plugin cuDNN when one has already been registered
E0000 00:00:1743669113.781034 1402054 cuda_blas.cc:1407] Unable to register cuBLAS factory: Attempting to register factory for plugin cuBLAS when one has already been registered
W0000 00:00:1743669113.809128 1402054 computation_placer.cc:177] computation placer already registered. Please check linkage and avoid linking the same target more than once.
W0000 00:00:1743669113.809176 1402054 computation_placer.cc:177] computation placer already registered. Please check linkage and avoid linking the same target more than once.
W0000 00:00:1743669113.809181 1402054 computation_placer.cc:177] computation placer already registered. Please check linkage and avoid linking the same target more than once.
W0000 00:00:1743669113.809185 1402054 computation_placer.cc:177] computation placer already registered. Please check linkage and avoid linking the same target more than once.
2025-04-03 10:31:53.817255: I tensorflow/core/platform/cpu_feature_guard.cc:210] This TensorFlow binary is optimized to use available CPU instructions in performance-critical operations.
To enable the following instructions: AVX2 AVX512F FMA, in other operations, rebuild TensorFlow with the appropriate compiler flags.
Traceback (most recent call last):
  File "/home/s2818760/MasterProj/KIN_optimizer/Trappist/validate_trappist.py", line 214, in <module>
    test(evolve_time = 10 | units.day,
  File "/home/s2818760/MasterProj/KIN_optimizer/Trappist/validate_trappist.py", line 105, in test
    test_sys = create_trappist_system(phaseseed)
               ^^^^^^^^^^^^^^^^^^^^^^^^^^^^^^^^^
  File "/home/s2818760/MasterProj/KIN_optimizer/Trappist/generate_trappist.py", line 70, in create_trappist_system
    dat = load_trappist_params()
          ^^^^^^^^^^^^^^^^^^^^^^
  File "/home/s2818760/MasterProj/KIN_optimizer/Trappist/generate_trappist.py", line 10, in load_trappist_params
    nexa = pyasl.ExoplanetsOrg()
           ^^^^^^^^^^^^^^^^^^^^^
  File "/home/s2818760/.conda/envs/nbody/lib/python3.12/site-packages/PyAstronomy/pyasl/resBased/exoplanetsOrg.py", line 206, in __init__
    self._readData()
  File "/home/s2818760/.conda/envs/nbody/lib/python3.12/site-packages/PyAstronomy/pyasl/resBased/exoplanetsOrg.py", line 221, in _readData
    for nplanets, x in enumerate(r):
                       ^^^^^^^^^^^^
  File "/home/s2818760/.conda/envs/nbody/lib/python3.12/csv.py", line 116, in __next__
    row = next(self.reader)
          ^^^^^^^^^^^^^^^^^
  File "/home/s2818760/.conda/envs/nbody/lib/python3.12/gzip.py", line 337, in read1
    return self._buffer.read1(size)
           ^^^^^^^^^^^^^^^^^^^^^^^^
  File "/home/s2818760/.conda/envs/nbody/lib/python3.12/_compression.py", line 68, in readinto
    data = self.read(len(byte_view))
           ^^^^^^^^^^^^^^^^^^^^^^^^^
  File "/home/s2818760/.conda/envs/nbody/lib/python3.12/gzip.py", line 547, in read
    raise EOFError("Compressed file ended before the "
EOFError: Compressed file ended before the end-of-stream marker was reached
