#### Starting test
n_cores available for slurm is 16
2025-04-19 06:36:18.966619: I external/local_xla/xla/tsl/cuda/cudart_stub.cc:32] Could not find cuda drivers on your machine, GPU will not be used.
2025-04-19 06:36:18.966629: I external/local_xla/xla/tsl/cuda/cudart_stub.cc:32] Could not find cuda drivers on your machine, GPU will not be used.
2025-04-19 06:36:18.966626: I external/local_xla/xla/tsl/cuda/cudart_stub.cc:32] Could not find cuda drivers on your machine, GPU will not be used.
2025-04-19 06:36:18.966621: I external/local_xla/xla/tsl/cuda/cudart_stub.cc:32] Could not find cuda drivers on your machine, GPU will not be used.
2025-04-19 06:36:18.966614: I external/local_xla/xla/tsl/cuda/cudart_stub.cc:32] Could not find cuda drivers on your machine, GPU will not be used.
2025-04-19 06:36:18.966624: I external/local_xla/xla/tsl/cuda/cudart_stub.cc:32] Could not find cuda drivers on your machine, GPU will not be used.
2025-04-19 06:36:18.966628: I external/local_xla/xla/tsl/cuda/cudart_stub.cc:32] Could not find cuda drivers on your machine, GPU will not be used.
2025-04-19 06:36:18.966622: I external/local_xla/xla/tsl/cuda/cudart_stub.cc:32] Could not find cuda drivers on your machine, GPU will not be used.
2025-04-19 06:36:18.966634: I external/local_xla/xla/tsl/cuda/cudart_stub.cc:32] Could not find cuda drivers on your machine, GPU will not be used.
2025-04-19 06:36:18.966632: I external/local_xla/xla/tsl/cuda/cudart_stub.cc:32] Could not find cuda drivers on your machine, GPU will not be used.
2025-04-19 06:36:18.966633: I external/local_xla/xla/tsl/cuda/cudart_stub.cc:32] Could not find cuda drivers on your machine, GPU will not be used.
2025-04-19 06:36:18.966633: I external/local_xla/xla/tsl/cuda/cudart_stub.cc:32] Could not find cuda drivers on your machine, GPU will not be used.
2025-04-19 06:36:18.966625: I external/local_xla/xla/tsl/cuda/cudart_stub.cc:32] Could not find cuda drivers on your machine, GPU will not be used.
2025-04-19 06:36:18.966631: I external/local_xla/xla/tsl/cuda/cudart_stub.cc:32] Could not find cuda drivers on your machine, GPU will not be used.
2025-04-19 06:36:18.966631: I external/local_xla/xla/tsl/cuda/cudart_stub.cc:32] Could not find cuda drivers on your machine, GPU will not be used.
2025-04-19 06:36:18.966638: I external/local_xla/xla/tsl/cuda/cudart_stub.cc:32] Could not find cuda drivers on your machine, GPU will not be used.
2025-04-19 06:36:19.123238: I external/local_xla/xla/tsl/cuda/cudart_stub.cc:32] Could not find cuda drivers on your machine, GPU will not be used.
2025-04-19 06:36:19.123232: I external/local_xla/xla/tsl/cuda/cudart_stub.cc:32] Could not find cuda drivers on your machine, GPU will not be used.
2025-04-19 06:36:19.123238: I external/local_xla/xla/tsl/cuda/cudart_stub.cc:32] Could not find cuda drivers on your machine, GPU will not be used.
2025-04-19 06:36:19.123235: I external/local_xla/xla/tsl/cuda/cudart_stub.cc:32] Could not find cuda drivers on your machine, GPU will not be used.
2025-04-19 06:36:19.123235: I external/local_xla/xla/tsl/cuda/cudart_stub.cc:32] Could not find cuda drivers on your machine, GPU will not be used.
2025-04-19 06:36:19.123240: I external/local_xla/xla/tsl/cuda/cudart_stub.cc:32] Could not find cuda drivers on your machine, GPU will not be used.
2025-04-19 06:36:19.123240: I external/local_xla/xla/tsl/cuda/cudart_stub.cc:32] Could not find cuda drivers on your machine, GPU will not be used.
2025-04-19 06:36:19.123240: I external/local_xla/xla/tsl/cuda/cudart_stub.cc:32] Could not find cuda drivers on your machine, GPU will not be used.
2025-04-19 06:36:19.123242: I external/local_xla/xla/tsl/cuda/cudart_stub.cc:32] Could not find cuda drivers on your machine, GPU will not be used.
2025-04-19 06:36:19.123240: I external/local_xla/xla/tsl/cuda/cudart_stub.cc:32] Could not find cuda drivers on your machine, GPU will not be used.
2025-04-19 06:36:19.123242: I external/local_xla/xla/tsl/cuda/cudart_stub.cc:32] Could not find cuda drivers on your machine, GPU will not be used.
2025-04-19 06:36:19.123242: I external/local_xla/xla/tsl/cuda/cudart_stub.cc:32] Could not find cuda drivers on your machine, GPU will not be used.
2025-04-19 06:36:19.123246: I external/local_xla/xla/tsl/cuda/cudart_stub.cc:32] Could not find cuda drivers on your machine, GPU will not be used.
2025-04-19 06:36:19.123244: I external/local_xla/xla/tsl/cuda/cudart_stub.cc:32] Could not find cuda drivers on your machine, GPU will not be used.
2025-04-19 06:36:19.123247: I external/local_xla/xla/tsl/cuda/cudart_stub.cc:32] Could not find cuda drivers on your machine, GPU will not be used.
2025-04-19 06:36:19.123251: I external/local_xla/xla/tsl/cuda/cudart_stub.cc:32] Could not find cuda drivers on your machine, GPU will not be used.
2025-04-19 06:36:19.257932: E external/local_xla/xla/stream_executor/cuda/cuda_fft.cc:467] Unable to register cuFFT factory: Attempting to register factory for plugin cuFFT when one has already been registered
2025-04-19 06:36:19.257936: E external/local_xla/xla/stream_executor/cuda/cuda_fft.cc:467] Unable to register cuFFT factory: Attempting to register factory for plugin cuFFT when one has already been registered
2025-04-19 06:36:19.257932: E external/local_xla/xla/stream_executor/cuda/cuda_fft.cc:467] Unable to register cuFFT factory: Attempting to register factory for plugin cuFFT when one has already been registered
2025-04-19 06:36:19.257934: E external/local_xla/xla/stream_executor/cuda/cuda_fft.cc:467] Unable to register cuFFT factory: Attempting to register factory for plugin cuFFT when one has already been registered
2025-04-19 06:36:19.257937: E external/local_xla/xla/stream_executor/cuda/cuda_fft.cc:467] Unable to register cuFFT factory: Attempting to register factory for plugin cuFFT when one has already been registered
2025-04-19 06:36:19.257940: E external/local_xla/xla/stream_executor/cuda/cuda_fft.cc:467] Unable to register cuFFT factory: Attempting to register factory for plugin cuFFT when one has already been registered
2025-04-19 06:36:19.257938: E external/local_xla/xla/stream_executor/cuda/cuda_fft.cc:467] Unable to register cuFFT factory: Attempting to register factory for plugin cuFFT when one has already been registered
2025-04-19 06:36:19.257938: E external/local_xla/xla/stream_executor/cuda/cuda_fft.cc:467] Unable to register cuFFT factory: Attempting to register factory for plugin cuFFT when one has already been registered
2025-04-19 06:36:19.257942: E external/local_xla/xla/stream_executor/cuda/cuda_fft.cc:467] Unable to register cuFFT factory: Attempting to register factory for plugin cuFFT when one has already been registered
2025-04-19 06:36:19.257945: E external/local_xla/xla/stream_executor/cuda/cuda_fft.cc:467] Unable to register cuFFT factory: Attempting to register factory for plugin cuFFT when one has already been registered
2025-04-19 06:36:19.257943: E external/local_xla/xla/stream_executor/cuda/cuda_fft.cc:467] Unable to register cuFFT factory: Attempting to register factory for plugin cuFFT when one has already been registered
2025-04-19 06:36:19.257943: E external/local_xla/xla/stream_executor/cuda/cuda_fft.cc:467] Unable to register cuFFT factory: Attempting to register factory for plugin cuFFT when one has already been registered
2025-04-19 06:36:19.257946: E external/local_xla/xla/stream_executor/cuda/cuda_fft.cc:467] Unable to register cuFFT factory: Attempting to register factory for plugin cuFFT when one has already been registered
2025-04-19 06:36:19.257948: E external/local_xla/xla/stream_executor/cuda/cuda_fft.cc:467] Unable to register cuFFT factory: Attempting to register factory for plugin cuFFT when one has already been registered
2025-04-19 06:36:19.257949: E external/local_xla/xla/stream_executor/cuda/cuda_fft.cc:467] Unable to register cuFFT factory: Attempting to register factory for plugin cuFFT when one has already been registered
2025-04-19 06:36:19.257949: E external/local_xla/xla/stream_executor/cuda/cuda_fft.cc:467] Unable to register cuFFT factory: Attempting to register factory for plugin cuFFT when one has already been registered
WARNING: All log messages before absl::InitializeLog() is called are written to STDERR
WARNING: All log messages before absl::InitializeLog() is called are written to STDERR
WARNING: All log messages before absl::InitializeLog() is called are written to STDERR
WARNING: All log messages before absl::InitializeLog() is called are written to STDERR
WARNING: All log messages before absl::InitializeLog() is called are written to STDERR
WARNING: All log messages before absl::InitializeLog() is called are written to STDERR
WARNING: All log messages before absl::InitializeLog() is called are written to STDERR
WARNING: All log messages before absl::InitializeLog() is called are written to STDERR
WARNING: All log messages before absl::InitializeLog() is called are written to STDERR
WARNING: All log messages before absl::InitializeLog() is called are written to STDERR
E0000 00:00:1745037379.387127 2211380 cuda_dnn.cc:8579] Unable to register cuDNN factory: Attempting to register factory for plugin cuDNN when one has already been registered
WARNING: All log messages before absl::InitializeLog() is called are written to STDERR
WARNING: All log messages before absl::InitializeLog() is called are written to STDERR
WARNING: All log messages before absl::InitializeLog() is called are written to STDERR
WARNING: All log messages before absl::InitializeLog() is called are written to STDERR
WARNING: All log messages before absl::InitializeLog() is called are written to STDERR
WARNING: All log messages before absl::InitializeLog() is called are written to STDERR
E0000 00:00:1745037379.387131 2211381 cuda_dnn.cc:8579] Unable to register cuDNN factory: Attempting to register factory for plugin cuDNN when one has already been registered
E0000 00:00:1745037379.387122 2211383 cuda_dnn.cc:8579] Unable to register cuDNN factory: Attempting to register factory for plugin cuDNN when one has already been registered
E0000 00:00:1745037379.387125 2211388 cuda_dnn.cc:8579] Unable to register cuDNN factory: Attempting to register factory for plugin cuDNN when one has already been registered
E0000 00:00:1745037379.387134 2211387 cuda_dnn.cc:8579] Unable to register cuDNN factory: Attempting to register factory for plugin cuDNN when one has already been registered
E0000 00:00:1745037379.387132 2211378 cuda_dnn.cc:8579] Unable to register cuDNN factory: Attempting to register factory for plugin cuDNN when one has already been registered
E0000 00:00:1745037379.387136 2211392 cuda_dnn.cc:8579] Unable to register cuDNN factory: Attempting to register factory for plugin cuDNN when one has already been registered
E0000 00:00:1745037379.387140 2211386 cuda_dnn.cc:8579] Unable to register cuDNN factory: Attempting to register factory for plugin cuDNN when one has already been registered
E0000 00:00:1745037379.387139 2211385 cuda_dnn.cc:8579] Unable to register cuDNN factory: Attempting to register factory for plugin cuDNN when one has already been registered
E0000 00:00:1745037379.387143 2211391 cuda_dnn.cc:8579] Unable to register cuDNN factory: Attempting to register factory for plugin cuDNN when one has already been registered
E0000 00:00:1745037379.387141 2211390 cuda_dnn.cc:8579] Unable to register cuDNN factory: Attempting to register factory for plugin cuDNN when one has already been registered
E0000 00:00:1745037379.387144 2211393 cuda_dnn.cc:8579] Unable to register cuDNN factory: Attempting to register factory for plugin cuDNN when one has already been registered
E0000 00:00:1745037379.387144 2211389 cuda_dnn.cc:8579] Unable to register cuDNN factory: Attempting to register factory for plugin cuDNN when one has already been registered
E0000 00:00:1745037379.387141 2211379 cuda_dnn.cc:8579] Unable to register cuDNN factory: Attempting to register factory for plugin cuDNN when one has already been registered
E0000 00:00:1745037379.387139 2211384 cuda_dnn.cc:8579] Unable to register cuDNN factory: Attempting to register factory for plugin cuDNN when one has already been registered
E0000 00:00:1745037379.387144 2211382 cuda_dnn.cc:8579] Unable to register cuDNN factory: Attempting to register factory for plugin cuDNN when one has already been registered
E0000 00:00:1745037379.422436 2211381 cuda_blas.cc:1407] Unable to register cuBLAS factory: Attempting to register factory for plugin cuBLAS when one has already been registered
E0000 00:00:1745037379.422436 2211389 cuda_blas.cc:1407] Unable to register cuBLAS factory: Attempting to register factory for plugin cuBLAS when one has already been registered
E0000 00:00:1745037379.422435 2211391 cuda_blas.cc:1407] Unable to register cuBLAS factory: Attempting to register factory for plugin cuBLAS when one has already been registered
E0000 00:00:1745037379.422445 2211380 cuda_blas.cc:1407] Unable to register cuBLAS factory: Attempting to register factory for plugin cuBLAS when one has already been registered
E0000 00:00:1745037379.422440 2211387 cuda_blas.cc:1407] Unable to register cuBLAS factory: Attempting to register factory for plugin cuBLAS when one has already been registered
E0000 00:00:1745037379.422442 2211383 cuda_blas.cc:1407] Unable to register cuBLAS factory: Attempting to register factory for plugin cuBLAS when one has already been registered
E0000 00:00:1745037379.422446 2211378 cuda_blas.cc:1407] Unable to register cuBLAS factory: Attempting to register factory for plugin cuBLAS when one has already been registered
E0000 00:00:1745037379.422454 2211379 cuda_blas.cc:1407] Unable to register cuBLAS factory: Attempting to register factory for plugin cuBLAS when one has already been registered
E0000 00:00:1745037379.422451 2211390 cuda_blas.cc:1407] Unable to register cuBLAS factory: Attempting to register factory for plugin cuBLAS when one has already been registered
E0000 00:00:1745037379.422455 2211388 cuda_blas.cc:1407] Unable to register cuBLAS factory: Attempting to register factory for plugin cuBLAS when one has already been registered
E0000 00:00:1745037379.422452 2211384 cuda_blas.cc:1407] Unable to register cuBLAS factory: Attempting to register factory for plugin cuBLAS when one has already been registered
E0000 00:00:1745037379.422450 2211385 cuda_blas.cc:1407] Unable to register cuBLAS factory: Attempting to register factory for plugin cuBLAS when one has already been registered
E0000 00:00:1745037379.422451 2211393 cuda_blas.cc:1407] Unable to register cuBLAS factory: Attempting to register factory for plugin cuBLAS when one has already been registered
E0000 00:00:1745037379.422459 2211392 cuda_blas.cc:1407] Unable to register cuBLAS factory: Attempting to register factory for plugin cuBLAS when one has already been registered
E0000 00:00:1745037379.422456 2211386 cuda_blas.cc:1407] Unable to register cuBLAS factory: Attempting to register factory for plugin cuBLAS when one has already been registered
E0000 00:00:1745037379.422459 2211382 cuda_blas.cc:1407] Unable to register cuBLAS factory: Attempting to register factory for plugin cuBLAS when one has already been registered
W0000 00:00:1745037379.682544 2211380 computation_placer.cc:177] computation placer already registered. Please check linkage and avoid linking the same target more than once.
W0000 00:00:1745037379.682561 2211383 computation_placer.cc:177] computation placer already registered. Please check linkage and avoid linking the same target more than once.
W0000 00:00:1745037379.682553 2211391 computation_placer.cc:177] computation placer already registered. Please check linkage and avoid linking the same target more than once.
W0000 00:00:1745037379.682550 2211392 computation_placer.cc:177] computation placer already registered. Please check linkage and avoid linking the same target more than once.
W0000 00:00:1745037379.682555 2211393 computation_placer.cc:177] computation placer already registered. Please check linkage and avoid linking the same target more than once.
W0000 00:00:1745037379.682550 2211386 computation_placer.cc:177] computation placer already registered. Please check linkage and avoid linking the same target more than once.
W0000 00:00:1745037379.682557 2211385 computation_placer.cc:177] computation placer already registered. Please check linkage and avoid linking the same target more than once.
W0000 00:00:1745037379.682556 2211378 computation_placer.cc:177] computation placer already registered. Please check linkage and avoid linking the same target more than once.
W0000 00:00:1745037379.682565 2211387 computation_placer.cc:177] computation placer already registered. Please check linkage and avoid linking the same target more than once.
W0000 00:00:1745037379.682565 2211388 computation_placer.cc:177] computation placer already registered. Please check linkage and avoid linking the same target more than once.
W0000 00:00:1745037379.682560 2211384 computation_placer.cc:177] computation placer already registered. Please check linkage and avoid linking the same target more than once.
W0000 00:00:1745037379.682562 2211382 computation_placer.cc:177] computation placer already registered. Please check linkage and avoid linking the same target more than once.
W0000 00:00:1745037379.682563 2211379 computation_placer.cc:177] computation placer already registered. Please check linkage and avoid linking the same target more than once.
W0000 00:00:1745037379.682563 2211390 computation_placer.cc:177] computation placer already registered. Please check linkage and avoid linking the same target more than once.
W0000 00:00:1745037379.682564 2211389 computation_placer.cc:177] computation placer already registered. Please check linkage and avoid linking the same target more than once.
W0000 00:00:1745037379.682627 2211390 computation_placer.cc:177] computation placer already registered. Please check linkage and avoid linking the same target more than once.
W0000 00:00:1745037379.682564 2211381 computation_placer.cc:177] computation placer already registered. Please check linkage and avoid linking the same target more than once.
W0000 00:00:1745037379.682582 2211380 computation_placer.cc:177] computation placer already registered. Please check linkage and avoid linking the same target more than once.
W0000 00:00:1745037379.682587 2211383 computation_placer.cc:177] computation placer already registered. Please check linkage and avoid linking the same target more than once.
W0000 00:00:1745037379.682589 2211391 computation_placer.cc:177] computation placer already registered. Please check linkage and avoid linking the same target more than once.
W0000 00:00:1745037379.682594 2211392 computation_placer.cc:177] computation placer already registered. Please check linkage and avoid linking the same target more than once.
W0000 00:00:1745037379.682595 2211393 computation_placer.cc:177] computation placer already registered. Please check linkage and avoid linking the same target more than once.
W0000 00:00:1745037379.682600 2211386 computation_placer.cc:177] computation placer already registered. Please check linkage and avoid linking the same target more than once.
W0000 00:00:1745037379.682641 2211392 computation_placer.cc:177] computation placer already registered. Please check linkage and avoid linking the same target more than once.
W0000 00:00:1745037379.682643 2211393 computation_placer.cc:177] computation placer already registered. Please check linkage and avoid linking the same target more than once.
W0000 00:00:1745037379.682607 2211385 computation_placer.cc:177] computation placer already registered. Please check linkage and avoid linking the same target more than once.
W0000 00:00:1745037379.682610 2211378 computation_placer.cc:177] computation placer already registered. Please check linkage and avoid linking the same target more than once.
W0000 00:00:1745037379.682612 2211387 computation_placer.cc:177] computation placer already registered. Please check linkage and avoid linking the same target more than once.
W0000 00:00:1745037379.682615 2211388 computation_placer.cc:177] computation placer already registered. Please check linkage and avoid linking the same target more than once.
W0000 00:00:1745037379.682619 2211384 computation_placer.cc:177] computation placer already registered. Please check linkage and avoid linking the same target more than once.
W0000 00:00:1745037379.682621 2211382 computation_placer.cc:177] computation placer already registered. Please check linkage and avoid linking the same target more than once.
W0000 00:00:1745037379.682626 2211379 computation_placer.cc:177] computation placer already registered. Please check linkage and avoid linking the same target more than once.
W0000 00:00:1745037379.682632 2211390 computation_placer.cc:177] computation placer already registered. Please check linkage and avoid linking the same target more than once.
W0000 00:00:1745037379.682631 2211389 computation_placer.cc:177] computation placer already registered. Please check linkage and avoid linking the same target more than once.
W0000 00:00:1745037379.682663 2211379 computation_placer.cc:177] computation placer already registered. Please check linkage and avoid linking the same target more than once.
W0000 00:00:1745037379.682635 2211381 computation_placer.cc:177] computation placer already registered. Please check linkage and avoid linking the same target more than once.
W0000 00:00:1745037379.682636 2211380 computation_placer.cc:177] computation placer already registered. Please check linkage and avoid linking the same target more than once.
W0000 00:00:1745037379.682638 2211383 computation_placer.cc:177] computation placer already registered. Please check linkage and avoid linking the same target more than once.
W0000 00:00:1745037379.682640 2211391 computation_placer.cc:177] computation placer already registered. Please check linkage and avoid linking the same target more than once.
W0000 00:00:1745037379.682645 2211386 computation_placer.cc:177] computation placer already registered. Please check linkage and avoid linking the same target more than once.
W0000 00:00:1745037379.682647 2211392 computation_placer.cc:177] computation placer already registered. Please check linkage and avoid linking the same target more than once.
W0000 00:00:1745037379.682648 2211393 computation_placer.cc:177] computation placer already registered. Please check linkage and avoid linking the same target more than once.
W0000 00:00:1745037379.682650 2211385 computation_placer.cc:177] computation placer already registered. Please check linkage and avoid linking the same target more than once.
W0000 00:00:1745037379.682652 2211378 computation_placer.cc:177] computation placer already registered. Please check linkage and avoid linking the same target more than once.
W0000 00:00:1745037379.682653 2211387 computation_placer.cc:177] computation placer already registered. Please check linkage and avoid linking the same target more than once.
W0000 00:00:1745037379.682654 2211388 computation_placer.cc:177] computation placer already registered. Please check linkage and avoid linking the same target more than once.
W0000 00:00:1745037379.682656 2211384 computation_placer.cc:177] computation placer already registered. Please check linkage and avoid linking the same target more than once.
W0000 00:00:1745037379.682662 2211382 computation_placer.cc:177] computation placer already registered. Please check linkage and avoid linking the same target more than once.
W0000 00:00:1745037379.682664 2211390 computation_placer.cc:177] computation placer already registered. Please check linkage and avoid linking the same target more than once.
W0000 00:00:1745037379.682666 2211389 computation_placer.cc:177] computation placer already registered. Please check linkage and avoid linking the same target more than once.
W0000 00:00:1745037379.682668 2211379 computation_placer.cc:177] computation placer already registered. Please check linkage and avoid linking the same target more than once.
W0000 00:00:1745037379.682669 2211381 computation_placer.cc:177] computation placer already registered. Please check linkage and avoid linking the same target more than once.
W0000 00:00:1745037379.682671 2211380 computation_placer.cc:177] computation placer already registered. Please check linkage and avoid linking the same target more than once.
W0000 00:00:1745037379.682673 2211383 computation_placer.cc:177] computation placer already registered. Please check linkage and avoid linking the same target more than once.
W0000 00:00:1745037379.682675 2211391 computation_placer.cc:177] computation placer already registered. Please check linkage and avoid linking the same target more than once.
W0000 00:00:1745037379.682677 2211386 computation_placer.cc:177] computation placer already registered. Please check linkage and avoid linking the same target more than once.
W0000 00:00:1745037379.682681 2211385 computation_placer.cc:177] computation placer already registered. Please check linkage and avoid linking the same target more than once.
W0000 00:00:1745037379.682683 2211378 computation_placer.cc:177] computation placer already registered. Please check linkage and avoid linking the same target more than once.
W0000 00:00:1745037379.682684 2211387 computation_placer.cc:177] computation placer already registered. Please check linkage and avoid linking the same target more than once.
W0000 00:00:1745037379.682686 2211388 computation_placer.cc:177] computation placer already registered. Please check linkage and avoid linking the same target more than once.
W0000 00:00:1745037379.682688 2211384 computation_placer.cc:177] computation placer already registered. Please check linkage and avoid linking the same target more than once.
W0000 00:00:1745037379.682689 2211382 computation_placer.cc:177] computation placer already registered. Please check linkage and avoid linking the same target more than once.
W0000 00:00:1745037379.682692 2211389 computation_placer.cc:177] computation placer already registered. Please check linkage and avoid linking the same target more than once.
W0000 00:00:1745037379.682695 2211381 computation_placer.cc:177] computation placer already registered. Please check linkage and avoid linking the same target more than once.
2025-04-19 06:36:19.712848: I tensorflow/core/platform/cpu_feature_guard.cc:210] This TensorFlow binary is optimized to use available CPU instructions in performance-critical operations.
To enable the following instructions: AVX2 AVX512F FMA, in other operations, rebuild TensorFlow with the appropriate compiler flags.
2025-04-19 06:36:19.712848: I tensorflow/core/platform/cpu_feature_guard.cc:210] This TensorFlow binary is optimized to use available CPU instructions in performance-critical operations.
To enable the following instructions: AVX2 AVX512F FMA, in other operations, rebuild TensorFlow with the appropriate compiler flags.
2025-04-19 06:36:19.712847: I tensorflow/core/platform/cpu_feature_guard.cc:210] This TensorFlow binary is optimized to use available CPU instructions in performance-critical operations.
To enable the following instructions: AVX2 AVX512F FMA, in other operations, rebuild TensorFlow with the appropriate compiler flags.
2025-04-19 06:36:19.712849: I tensorflow/core/platform/cpu_feature_guard.cc:210] This TensorFlow binary is optimized to use available CPU instructions in performance-critical operations.
To enable the following instructions: AVX2 AVX512F FMA, in other operations, rebuild TensorFlow with the appropriate compiler flags.
2025-04-19 06:36:19.712849: I tensorflow/core/platform/cpu_feature_guard.cc:210] This TensorFlow binary is optimized to use available CPU instructions in performance-critical operations.
To enable the following instructions: AVX2 AVX512F FMA, in other operations, rebuild TensorFlow with the appropriate compiler flags.
2025-04-19 06:36:19.712848: I tensorflow/core/platform/cpu_feature_guard.cc:210] This TensorFlow binary is optimized to use available CPU instructions in performance-critical operations.
To enable the following instructions: AVX2 AVX512F FMA, in other operations, rebuild TensorFlow with the appropriate compiler flags.
2025-04-19 06:36:19.712848: I tensorflow/core/platform/cpu_feature_guard.cc:210] This TensorFlow binary is optimized to use available CPU instructions in performance-critical operations.
To enable the following instructions: AVX2 AVX512F FMA, in other operations, rebuild TensorFlow with the appropriate compiler flags.
2025-04-19 06:36:19.712848: I tensorflow/core/platform/cpu_feature_guard.cc:210] This TensorFlow binary is optimized to use available CPU instructions in performance-critical operations.
To enable the following instructions: AVX2 AVX512F FMA, in other operations, rebuild TensorFlow with the appropriate compiler flags.
2025-04-19 06:36:19.712848: I tensorflow/core/platform/cpu_feature_guard.cc:210] This TensorFlow binary is optimized to use available CPU instructions in performance-critical operations.
To enable the following instructions: AVX2 AVX512F FMA, in other operations, rebuild TensorFlow with the appropriate compiler flags.
2025-04-19 06:36:19.712848: I tensorflow/core/platform/cpu_feature_guard.cc:210] This TensorFlow binary is optimized to use available CPU instructions in performance-critical operations.
To enable the following instructions: AVX2 AVX512F FMA, in other operations, rebuild TensorFlow with the appropriate compiler flags.
2025-04-19 06:36:19.712848: I tensorflow/core/platform/cpu_feature_guard.cc:210] This TensorFlow binary is optimized to use available CPU instructions in performance-critical operations.
To enable the following instructions: AVX2 AVX512F FMA, in other operations, rebuild TensorFlow with the appropriate compiler flags.
2025-04-19 06:36:19.712848: I tensorflow/core/platform/cpu_feature_guard.cc:210] This TensorFlow binary is optimized to use available CPU instructions in performance-critical operations.
To enable the following instructions: AVX2 AVX512F FMA, in other operations, rebuild TensorFlow with the appropriate compiler flags.
2025-04-19 06:36:19.712848: I tensorflow/core/platform/cpu_feature_guard.cc:210] This TensorFlow binary is optimized to use available CPU instructions in performance-critical operations.
To enable the following instructions: AVX2 AVX512F FMA, in other operations, rebuild TensorFlow with the appropriate compiler flags.
2025-04-19 06:36:19.712857: I tensorflow/core/platform/cpu_feature_guard.cc:210] This TensorFlow binary is optimized to use available CPU instructions in performance-critical operations.
To enable the following instructions: AVX2 AVX512F FMA, in other operations, rebuild TensorFlow with the appropriate compiler flags.
2025-04-19 06:36:19.712852: I tensorflow/core/platform/cpu_feature_guard.cc:210] This TensorFlow binary is optimized to use available CPU instructions in performance-critical operations.
To enable the following instructions: AVX2 AVX512F FMA, in other operations, rebuild TensorFlow with the appropriate compiler flags.
2025-04-19 06:36:19.712852: I tensorflow/core/platform/cpu_feature_guard.cc:210] This TensorFlow binary is optimized to use available CPU instructions in performance-critical operations.
To enable the following instructions: AVX2 AVX512F FMA, in other operations, rebuild TensorFlow with the appropriate compiler flags.
2025-04-19 06:36:32.204707: E external/local_xla/xla/stream_executor/cuda/cuda_platform.cc:51] failed call to cuInit: INTERNAL: CUDA error: Failed call to cuInit: UNKNOWN ERROR (303)
2025-04-19 06:36:32.219423: E external/local_xla/xla/stream_executor/cuda/cuda_platform.cc:51] failed call to cuInit: INTERNAL: CUDA error: Failed call to cuInit: UNKNOWN ERROR (303)
2025-04-19 06:36:32.453385: E external/local_xla/xla/stream_executor/cuda/cuda_platform.cc:51] failed call to cuInit: INTERNAL: CUDA error: Failed call to cuInit: UNKNOWN ERROR (303)
2025-04-19 06:36:32.498848: E external/local_xla/xla/stream_executor/cuda/cuda_platform.cc:51] failed call to cuInit: INTERNAL: CUDA error: Failed call to cuInit: UNKNOWN ERROR (303)
2025-04-19 06:36:32.693676: E external/local_xla/xla/stream_executor/cuda/cuda_platform.cc:51] failed call to cuInit: INTERNAL: CUDA error: Failed call to cuInit: UNKNOWN ERROR (303)
2025-04-19 06:36:32.730964: E external/local_xla/xla/stream_executor/cuda/cuda_platform.cc:51] failed call to cuInit: INTERNAL: CUDA error: Failed call to cuInit: UNKNOWN ERROR (303)
2025-04-19 06:36:32.877655: E external/local_xla/xla/stream_executor/cuda/cuda_platform.cc:51] failed call to cuInit: INTERNAL: CUDA error: Failed call to cuInit: UNKNOWN ERROR (303)
2025-04-19 06:36:32.884316: E external/local_xla/xla/stream_executor/cuda/cuda_platform.cc:51] failed call to cuInit: INTERNAL: CUDA error: Failed call to cuInit: UNKNOWN ERROR (303)
2025-04-19 06:36:33.021371: E external/local_xla/xla/stream_executor/cuda/cuda_platform.cc:51] failed call to cuInit: INTERNAL: CUDA error: Failed call to cuInit: UNKNOWN ERROR (303)
2025-04-19 06:36:33.080551: E external/local_xla/xla/stream_executor/cuda/cuda_platform.cc:51] failed call to cuInit: INTERNAL: CUDA error: Failed call to cuInit: UNKNOWN ERROR (303)
2025-04-19 06:36:33.097305: E external/local_xla/xla/stream_executor/cuda/cuda_platform.cc:51] failed call to cuInit: INTERNAL: CUDA error: Failed call to cuInit: UNKNOWN ERROR (303)
2025-04-19 06:36:33.136787: E external/local_xla/xla/stream_executor/cuda/cuda_platform.cc:51] failed call to cuInit: INTERNAL: CUDA error: Failed call to cuInit: UNKNOWN ERROR (303)
2025-04-19 06:36:33.400639: E external/local_xla/xla/stream_executor/cuda/cuda_platform.cc:51] failed call to cuInit: INTERNAL: CUDA error: Failed call to cuInit: UNKNOWN ERROR (303)
2025-04-19 06:36:33.491841: E external/local_xla/xla/stream_executor/cuda/cuda_platform.cc:51] failed call to cuInit: INTERNAL: CUDA error: Failed call to cuInit: UNKNOWN ERROR (303)
2025-04-19 06:36:33.617883: E external/local_xla/xla/stream_executor/cuda/cuda_platform.cc:51] failed call to cuInit: INTERNAL: CUDA error: Failed call to cuInit: UNKNOWN ERROR (303)
2025-04-19 06:36:33.825349: E external/local_xla/xla/stream_executor/cuda/cuda_platform.cc:51] failed call to cuInit: INTERNAL: CUDA error: Failed call to cuInit: UNKNOWN ERROR (303)
2025-04-19 07:03:52.949846: W tensorflow/core/framework/op_kernel.cc:1857] OP_REQUIRES failed at strided_slice_op.cc:117 : INVALID_ARGUMENT: slice index 4 of dimension 0 out of bounds.
2025-04-19 07:03:52.978484: I tensorflow/core/framework/local_rendezvous.cc:407] Local rendezvous is aborting with status: INVALID_ARGUMENT: slice index 4 of dimension 0 out of bounds.
	 [[{{function_node while_cond_12391_rewritten}}{{node while/strided_slice_1}}]]
2025-04-19 07:03:56.661129: I external/local_xla/xla/tsl/cuda/cudart_stub.cc:32] Could not find cuda drivers on your machine, GPU will not be used.
2025-04-19 07:03:56.732387: I external/local_xla/xla/tsl/cuda/cudart_stub.cc:32] Could not find cuda drivers on your machine, GPU will not be used.
2025-04-19 07:03:56.937945: E external/local_xla/xla/stream_executor/cuda/cuda_fft.cc:467] Unable to register cuFFT factory: Attempting to register factory for plugin cuFFT when one has already been registered
WARNING: All log messages before absl::InitializeLog() is called are written to STDERR
E0000 00:00:1745039037.120491 2211396 cuda_dnn.cc:8579] Unable to register cuDNN factory: Attempting to register factory for plugin cuDNN when one has already been registered
E0000 00:00:1745039037.206280 2211396 cuda_blas.cc:1407] Unable to register cuBLAS factory: Attempting to register factory for plugin cuBLAS when one has already been registered
W0000 00:00:1745039037.285218 2211396 computation_placer.cc:177] computation placer already registered. Please check linkage and avoid linking the same target more than once.
W0000 00:00:1745039037.285265 2211396 computation_placer.cc:177] computation placer already registered. Please check linkage and avoid linking the same target more than once.
W0000 00:00:1745039037.285269 2211396 computation_placer.cc:177] computation placer already registered. Please check linkage and avoid linking the same target more than once.
W0000 00:00:1745039037.285273 2211396 computation_placer.cc:177] computation placer already registered. Please check linkage and avoid linking the same target more than once.
2025-04-19 07:03:57.313952: I tensorflow/core/platform/cpu_feature_guard.cc:210] This TensorFlow binary is optimized to use available CPU instructions in performance-critical operations.
To enable the following instructions: AVX2 AVX512F FMA, in other operations, rebuild TensorFlow with the appropriate compiler flags.
2025-04-19 07:31:09.064173: W tensorflow/core/framework/op_kernel.cc:1857] OP_REQUIRES failed at strided_slice_op.cc:117 : INVALID_ARGUMENT: slice index 4 of dimension 0 out of bounds.
2025-04-19 07:31:09.069982: I tensorflow/core/framework/local_rendezvous.cc:407] Local rendezvous is aborting with status: INVALID_ARGUMENT: slice index 4 of dimension 0 out of bounds.
	 [[{{function_node while_cond_12391_rewritten}}{{node while/strided_slice_1}}]]
2025-04-19 08:01:19.778076: W tensorflow/core/framework/op_kernel.cc:1857] OP_REQUIRES failed at strided_slice_op.cc:117 : INVALID_ARGUMENT: slice index 4 of dimension 0 out of bounds.
2025-04-19 08:01:19.781443: I tensorflow/core/framework/local_rendezvous.cc:407] Local rendezvous is aborting with status: INVALID_ARGUMENT: slice index 4 of dimension 0 out of bounds.
	 [[{{function_node while_cond_12391_rewritten}}{{node while/strided_slice_1}}]]
2025-04-19 08:47:19.638787: W tensorflow/core/framework/op_kernel.cc:1857] OP_REQUIRES failed at strided_slice_op.cc:117 : INVALID_ARGUMENT: slice index 4 of dimension 0 out of bounds.
2025-04-19 08:47:19.642439: I tensorflow/core/framework/local_rendezvous.cc:407] Local rendezvous is aborting with status: INVALID_ARGUMENT: slice index 4 of dimension 0 out of bounds.
	 [[{{function_node while_cond_12391_rewritten}}{{node while/strided_slice_1}}]]
2025-04-19 08:49:01.000185: W tensorflow/core/framework/op_kernel.cc:1857] OP_REQUIRES failed at strided_slice_op.cc:117 : INVALID_ARGUMENT: slice index 4 of dimension 0 out of bounds.
2025-04-19 08:49:01.048474: I tensorflow/core/framework/local_rendezvous.cc:407] Local rendezvous is aborting with status: INVALID_ARGUMENT: slice index 4 of dimension 0 out of bounds.
	 [[{{function_node while_cond_12391_rewritten}}{{node while/strided_slice_1}}]]
2025-04-19 09:08:39.487670: W tensorflow/core/framework/op_kernel.cc:1857] OP_REQUIRES failed at strided_slice_op.cc:117 : INVALID_ARGUMENT: slice index 4 of dimension 0 out of bounds.
2025-04-19 09:08:39.509451: I tensorflow/core/framework/local_rendezvous.cc:407] Local rendezvous is aborting with status: INVALID_ARGUMENT: slice index 4 of dimension 0 out of bounds.
	 [[{{function_node while_cond_12391_rewritten}}{{node while/strided_slice_1}}]]
2025-04-19 09:24:51.835868: W tensorflow/core/framework/op_kernel.cc:1857] OP_REQUIRES failed at strided_slice_op.cc:117 : INVALID_ARGUMENT: slice index 4 of dimension 0 out of bounds.
2025-04-19 09:24:51.837231: I tensorflow/core/framework/local_rendezvous.cc:407] Local rendezvous is aborting with status: INVALID_ARGUMENT: slice index 4 of dimension 0 out of bounds.
	 [[{{function_node while_cond_12391_rewritten}}{{node while/strided_slice_1}}]]
2025-04-19 10:01:39.684134: W tensorflow/core/framework/op_kernel.cc:1857] OP_REQUIRES failed at strided_slice_op.cc:117 : INVALID_ARGUMENT: slice index 4 of dimension 0 out of bounds.
2025-04-19 10:01:39.703578: I tensorflow/core/framework/local_rendezvous.cc:407] Local rendezvous is aborting with status: INVALID_ARGUMENT: slice index 4 of dimension 0 out of bounds.
	 [[{{function_node while_cond_12391_rewritten}}{{node while/strided_slice_1}}]]
2025-04-19 10:33:02.200850: W tensorflow/core/framework/op_kernel.cc:1857] OP_REQUIRES failed at strided_slice_op.cc:117 : INVALID_ARGUMENT: slice index 4 of dimension 0 out of bounds.
2025-04-19 10:33:02.201150: I tensorflow/core/framework/local_rendezvous.cc:407] Local rendezvous is aborting with status: INVALID_ARGUMENT: slice index 4 of dimension 0 out of bounds.
	 [[{{function_node while_cond_12391_rewritten}}{{node while/strided_slice_1}}]]
Running simulation...
start the learn masses function
saved results for system 7
Running simulation...
start the learn masses function
saved results for system 23
Running simulation...
start the learn masses function
saved results for system 33
Running simulation...
start the learn masses function
deeper than 1
Running simulation...
start the learn masses function
saved results for system 16
Running simulation...
start the learn masses function
saved results for system 32
Running simulation...
start the learn masses function
saved results for system 6
Running simulation...
start the learn masses function
deeper than 1
Running simulation...
start the learn masses function
saved results for system 35
Running simulation...
start the learn masses function
saved results for system 13
Running simulation...
start the learn masses function
saved results for system 20
Running simulation...
start the learn masses function
saved results for system 37
Running simulation...
start the learn masses function
deeper than 1
Running simulation...
start the learn masses function
saved results for system 17
Running simulation...
start the learn masses function
saved results for system 36
Running simulation...
start the learn masses function
saved results for system 11
Running simulation...
start the learn masses function
saved results for system 28
Running simulation...
start the learn masses function
deeper than 1
Running simulation...
start the learn masses function
saved results for system 15
Running simulation...
start the learn masses function
deeper than 1
Running simulation...
start the learn masses function
saved results for system 38
Running simulation...
start the learn masses function
saved results for system 12
Running simulation...
start the learn masses function
saved results for system 18
Running simulation...
start the learn masses function
saved results for system 39
Running simulation...
start the learn masses function
deeper than 1
Running simulation...
start the learn masses function
deeper than 1
Running simulation...
start the learn masses function
saved results for system 40
Running simulation...
start the learn masses function
saved results for system 8
Running simulation...
start the learn masses function
saved results for system 30
Running simulation...
start the learn masses function
saved results for system 43
Running simulation...
start the learn masses function
saved results for system 10
Running simulation...
start the learn masses function
saved results for system 27
Running simulation...
start the learn masses function
saved results for system 42
Running simulation...
start the learn masses function
saved results for system 14
Running simulation...
start the learn masses function
saved results for system 22
Running simulation...
start the learn masses function
saved results for system 44
Running simulation...
start the learn masses function
saved results for system 9
Running simulation...
start the learn masses function
saved results for system 29
Running simulation...
start the learn masses function
saved results for system 46
Running simulation...
start the learn masses function
saved results for system 5
Running simulation...
start the learn masses function
saved results for system 31
Running simulation...
start the learn masses function
saved results for system 47
Running simulation...
start the learn masses function
saved results for system 4
Running simulation...
start the learn masses function
deeper than 1
Running simulation...
start the learn masses function
deeper than 1
Running simulation...
start the learn masses function
saved results for system 48
multiprocessing.pool.RemoteTraceback: 
"""
Traceback (most recent call last):
  File "/home/s2818760/.conda/envs/nbody/lib/python3.12/multiprocessing/pool.py", line 125, in worker
    result = (True, func(*args, **kwds))
                    ^^^^^^^^^^^^^^^^^^^
  File "/home/s2818760/.conda/envs/nbody/lib/python3.12/multiprocessing/pool.py", line 51, in starmapstar
    return list(itertools.starmap(args[0], args[1]))
           ^^^^^^^^^^^^^^^^^^^^^^^^^^^^^^^^^^^^^^^^^
  File "/home/s2818760/MasterProj/KIN_optimizer/Validation/validation.py", line 192, in process_single_system_mp
    masses, losses = find_masses(test_sys=test_sys,
                     ^^^^^^^^^^^^^^^^^^^^^^^^^^^^^^
  File "/home/s2818760/MasterProj/KIN_optimizer/Validation/validation.py", line 57, in find_masses
    masses, losses = node.learn_masses(
                     ^^^^^^^^^^^^^^^^^^
  File "/home/s2818760/MasterProj/KIN_optimizer/Learning/Training_loops.py", line 49, in learn_masses
    mass_values, loss_values = learn_masses_4real(tau, optimizer, availabe_info_of_bodies, None, plotGraph,
                               ^^^^^^^^^^^^^^^^^^^^^^^^^^^^^^^^^^^^^^^^^^^^^^^^^^^^^^^^^^^^^^^^^^^^^^^^^^^^
  File "/home/s2818760/MasterProj/KIN_optimizer/Learning/Training_loops.py", line 174, in learn_masses_4real
    state_derivatives, mass_derivatives = b.backwards_map_fn(
                                          ^^^^^^^^^^^^^^^^^^^
  File "/home/s2818760/.conda/envs/nbody/lib/python3.12/site-packages/tensorflow/python/util/traceback_utils.py", line 153, in error_handler
    raise e.with_traceback(filtered_tb) from None
  File "/home/s2818760/.conda/envs/nbody/lib/python3.12/site-packages/tensorflow/python/eager/execute.py", line 59, in quick_execute
    except TypeError as e:
tensorflow.python.framework.errors_impl.InvalidArgumentError: Graph execution error:

Detected at node while/strided_slice_1 defined at (most recent call last):
  File "/home/s2818760/MasterProj/KIN_optimizer/Validation/validation.py", line 263, in <module>

  File "/home/s2818760/MasterProj/KIN_optimizer/Validation/validation.py", line 240, in test_many_systems_mp

  File "/home/s2818760/.conda/envs/nbody/lib/python3.12/multiprocessing/context.py", line 119, in Pool

  File "/home/s2818760/.conda/envs/nbody/lib/python3.12/multiprocessing/pool.py", line 215, in __init__

  File "/home/s2818760/.conda/envs/nbody/lib/python3.12/multiprocessing/pool.py", line 306, in _repopulate_pool

  File "/home/s2818760/.conda/envs/nbody/lib/python3.12/multiprocessing/pool.py", line 329, in _repopulate_pool_static

  File "/home/s2818760/.conda/envs/nbody/lib/python3.12/multiprocessing/process.py", line 121, in start

  File "/home/s2818760/.conda/envs/nbody/lib/python3.12/multiprocessing/context.py", line 282, in _Popen

  File "/home/s2818760/.conda/envs/nbody/lib/python3.12/multiprocessing/popen_fork.py", line 19, in __init__

  File "/home/s2818760/.conda/envs/nbody/lib/python3.12/multiprocessing/popen_fork.py", line 71, in _launch

  File "/home/s2818760/.conda/envs/nbody/lib/python3.12/multiprocessing/process.py", line 314, in _bootstrap

  File "/home/s2818760/.conda/envs/nbody/lib/python3.12/multiprocessing/process.py", line 108, in run

  File "/home/s2818760/.conda/envs/nbody/lib/python3.12/multiprocessing/pool.py", line 125, in worker

  File "/home/s2818760/.conda/envs/nbody/lib/python3.12/multiprocessing/pool.py", line 51, in starmapstar

  File "/home/s2818760/MasterProj/KIN_optimizer/Validation/validation.py", line 192, in process_single_system_mp

  File "/home/s2818760/MasterProj/KIN_optimizer/Validation/validation.py", line 57, in find_masses

  File "/home/s2818760/MasterProj/KIN_optimizer/Learning/Training_loops.py", line 49, in learn_masses

  File "/home/s2818760/MasterProj/KIN_optimizer/Learning/Training_loops.py", line 174, in learn_masses_4real

  File "/home/s2818760/MasterProj/KIN_optimizer/Learning/Backwards.py", line 116, in backwards_map_fn

  File "/home/s2818760/MasterProj/KIN_optimizer/Learning/Backwards.py", line 116, in backwards_map_fn

  File "/home/s2818760/MasterProj/KIN_optimizer/Learning/Backwards.py", line 89, in calculate_gradients_for_psiotion

  File "/home/s2818760/MasterProj/KIN_optimizer/Learning/Backwards.py", line 73, in false_fn

  File "/home/s2818760/MasterProj/KIN_optimizer/Learning/Backwards.py", line 44, in gradient_computation

  File "/home/s2818760/MasterProj/KIN_optimizer/TensorCode/backwards_MainCode.py", line 31, in do_step

  File "/home/s2818760/MasterProj/KIN_optimizer/TensorCode/backwards_MainCode.py", line 85, in evolve_HW

  File "/home/s2818760/MasterProj/KIN_optimizer/TensorCode/backwards_MainCode.py", line 85, in evolve_HW

  File "/home/s2818760/MasterProj/KIN_optimizer/TensorCode/backwards_MainCode.py", line 8, in kepler_solver

  File "/home/s2818760/MasterProj/KIN_optimizer/TensorCode/backwards_MainCode.py", line 15, in kepler_solver

  File "/home/s2818760/MasterProj/KIN_optimizer/TensorCode/backwards_kepler_solver.py", line 86, in kepler_step

  File "/home/s2818760/MasterProj/KIN_optimizer/TensorCode/backwards_kepler_solver.py", line 22, in cond

slice index 4 of dimension 0 out of bounds.
	 [[{{node while/strided_slice_1}}]] [Op:__inference_backwards_map_fn_24114]
"""

The above exception was the direct cause of the following exception:

Traceback (most recent call last):
  File "/home/s2818760/MasterProj/KIN_optimizer/Validation/validation.py", line 263, in <module>
    
  File "/home/s2818760/MasterProj/KIN_optimizer/Validation/validation.py", line 241, in test_many_systems_mp
    attribute_names = np.array(['Evolve time (days)', 'Tau_ev (days)', 'Tau_opt (days)', 'num_points_considered_in_cost_function',
        ^^^^^^^^^^^^^^^^^^^^^^^^^^^^^^^^^^^^^^^^^^^^
  File "/home/s2818760/.conda/envs/nbody/lib/python3.12/multiprocessing/pool.py", line 375, in starmap
    return self._map_async(func, iterable, starmapstar, chunksize).get()
           ^^^^^^^^^^^^^^^^^^^^^^^^^^^^^^^^^^^^^^^^^^^^^^^^^^^^^^^^^^^^^
  File "/home/s2818760/.conda/envs/nbody/lib/python3.12/multiprocessing/pool.py", line 774, in get
    raise self._value
tensorflow.python.framework.errors_impl.InvalidArgumentError: Graph execution error:

Detected at node while/strided_slice_1 defined at (most recent call last):
  File "/home/s2818760/MasterProj/KIN_optimizer/Validation/validation.py", line 263, in <module>

  File "/home/s2818760/MasterProj/KIN_optimizer/Validation/validation.py", line 240, in test_many_systems_mp

  File "/home/s2818760/.conda/envs/nbody/lib/python3.12/multiprocessing/context.py", line 119, in Pool

  File "/home/s2818760/.conda/envs/nbody/lib/python3.12/multiprocessing/pool.py", line 215, in __init__

  File "/home/s2818760/.conda/envs/nbody/lib/python3.12/multiprocessing/pool.py", line 306, in _repopulate_pool

  File "/home/s2818760/.conda/envs/nbody/lib/python3.12/multiprocessing/pool.py", line 329, in _repopulate_pool_static

  File "/home/s2818760/.conda/envs/nbody/lib/python3.12/multiprocessing/process.py", line 121, in start

  File "/home/s2818760/.conda/envs/nbody/lib/python3.12/multiprocessing/context.py", line 282, in _Popen

  File "/home/s2818760/.conda/envs/nbody/lib/python3.12/multiprocessing/popen_fork.py", line 19, in __init__

  File "/home/s2818760/.conda/envs/nbody/lib/python3.12/multiprocessing/popen_fork.py", line 71, in _launch

  File "/home/s2818760/.conda/envs/nbody/lib/python3.12/multiprocessing/process.py", line 314, in _bootstrap

  File "/home/s2818760/.conda/envs/nbody/lib/python3.12/multiprocessing/process.py", line 108, in run

  File "/home/s2818760/.conda/envs/nbody/lib/python3.12/multiprocessing/pool.py", line 125, in worker

  File "/home/s2818760/.conda/envs/nbody/lib/python3.12/multiprocessing/pool.py", line 51, in starmapstar

  File "/home/s2818760/MasterProj/KIN_optimizer/Validation/validation.py", line 192, in process_single_system_mp

  File "/home/s2818760/MasterProj/KIN_optimizer/Validation/validation.py", line 57, in find_masses

  File "/home/s2818760/MasterProj/KIN_optimizer/Learning/Training_loops.py", line 49, in learn_masses

  File "/home/s2818760/MasterProj/KIN_optimizer/Learning/Training_loops.py", line 174, in learn_masses_4real

  File "/home/s2818760/MasterProj/KIN_optimizer/Learning/Backwards.py", line 116, in backwards_map_fn

  File "/home/s2818760/MasterProj/KIN_optimizer/Learning/Backwards.py", line 116, in backwards_map_fn

  File "/home/s2818760/MasterProj/KIN_optimizer/Learning/Backwards.py", line 89, in calculate_gradients_for_psiotion

  File "/home/s2818760/MasterProj/KIN_optimizer/Learning/Backwards.py", line 73, in false_fn

  File "/home/s2818760/MasterProj/KIN_optimizer/Learning/Backwards.py", line 44, in gradient_computation

  File "/home/s2818760/MasterProj/KIN_optimizer/TensorCode/backwards_MainCode.py", line 31, in do_step

  File "/home/s2818760/MasterProj/KIN_optimizer/TensorCode/backwards_MainCode.py", line 85, in evolve_HW

  File "/home/s2818760/MasterProj/KIN_optimizer/TensorCode/backwards_MainCode.py", line 85, in evolve_HW

  File "/home/s2818760/MasterProj/KIN_optimizer/TensorCode/backwards_MainCode.py", line 8, in kepler_solver

  File "/home/s2818760/MasterProj/KIN_optimizer/TensorCode/backwards_MainCode.py", line 15, in kepler_solver

  File "/home/s2818760/MasterProj/KIN_optimizer/TensorCode/backwards_kepler_solver.py", line 86, in kepler_step

  File "/home/s2818760/MasterProj/KIN_optimizer/TensorCode/backwards_kepler_solver.py", line 22, in cond

slice index 4 of dimension 0 out of bounds.
	 [[{{node while/strided_slice_1}}]] [Op:__inference_backwards_map_fn_24114]
#### Finished Test. Have a nice day
