#### Starting test
n_cores available for slurm is 16
2025-05-12 10:34:35.349565: I external/local_xla/xla/tsl/cuda/cudart_stub.cc:32] Could not find cuda drivers on your machine, GPU will not be used.
2025-05-12 10:34:35.349566: I external/local_xla/xla/tsl/cuda/cudart_stub.cc:32] Could not find cuda drivers on your machine, GPU will not be used.
2025-05-12 10:34:35.349569: I external/local_xla/xla/tsl/cuda/cudart_stub.cc:32] Could not find cuda drivers on your machine, GPU will not be used.
2025-05-12 10:34:35.349543: I external/local_xla/xla/tsl/cuda/cudart_stub.cc:32] Could not find cuda drivers on your machine, GPU will not be used.
2025-05-12 10:34:35.349569: I external/local_xla/xla/tsl/cuda/cudart_stub.cc:32] Could not find cuda drivers on your machine, GPU will not be used.
2025-05-12 10:34:35.349569: I external/local_xla/xla/tsl/cuda/cudart_stub.cc:32] Could not find cuda drivers on your machine, GPU will not be used.
2025-05-12 10:34:35.349572: I external/local_xla/xla/tsl/cuda/cudart_stub.cc:32] Could not find cuda drivers on your machine, GPU will not be used.
2025-05-12 10:34:35.349572: I external/local_xla/xla/tsl/cuda/cudart_stub.cc:32] Could not find cuda drivers on your machine, GPU will not be used.
2025-05-12 10:34:35.349566: I external/local_xla/xla/tsl/cuda/cudart_stub.cc:32] Could not find cuda drivers on your machine, GPU will not be used.
2025-05-12 10:34:35.349572: I external/local_xla/xla/tsl/cuda/cudart_stub.cc:32] Could not find cuda drivers on your machine, GPU will not be used.
2025-05-12 10:34:35.349572: I external/local_xla/xla/tsl/cuda/cudart_stub.cc:32] Could not find cuda drivers on your machine, GPU will not be used.
2025-05-12 10:34:35.349582: I external/local_xla/xla/tsl/cuda/cudart_stub.cc:32] Could not find cuda drivers on your machine, GPU will not be used.
2025-05-12 10:34:35.349582: I external/local_xla/xla/tsl/cuda/cudart_stub.cc:32] Could not find cuda drivers on your machine, GPU will not be used.
2025-05-12 10:34:35.349579: I external/local_xla/xla/tsl/cuda/cudart_stub.cc:32] Could not find cuda drivers on your machine, GPU will not be used.
2025-05-12 10:34:35.349579: I external/local_xla/xla/tsl/cuda/cudart_stub.cc:32] Could not find cuda drivers on your machine, GPU will not be used.
2025-05-12 10:34:35.349693: I external/local_xla/xla/tsl/cuda/cudart_stub.cc:32] Could not find cuda drivers on your machine, GPU will not be used.
2025-05-12 10:34:36.199887: I external/local_xla/xla/tsl/cuda/cudart_stub.cc:32] Could not find cuda drivers on your machine, GPU will not be used.
2025-05-12 10:34:36.199887: I external/local_xla/xla/tsl/cuda/cudart_stub.cc:32] Could not find cuda drivers on your machine, GPU will not be used.
2025-05-12 10:34:36.199887: I external/local_xla/xla/tsl/cuda/cudart_stub.cc:32] Could not find cuda drivers on your machine, GPU will not be used.
2025-05-12 10:34:36.199911: I external/local_xla/xla/tsl/cuda/cudart_stub.cc:32] Could not find cuda drivers on your machine, GPU will not be used.
2025-05-12 10:34:36.199887: I external/local_xla/xla/tsl/cuda/cudart_stub.cc:32] Could not find cuda drivers on your machine, GPU will not be used.
2025-05-12 10:34:36.199914: I external/local_xla/xla/tsl/cuda/cudart_stub.cc:32] Could not find cuda drivers on your machine, GPU will not be used.
2025-05-12 10:34:36.199915: I external/local_xla/xla/tsl/cuda/cudart_stub.cc:32] Could not find cuda drivers on your machine, GPU will not be used.
2025-05-12 10:34:36.199919: I external/local_xla/xla/tsl/cuda/cudart_stub.cc:32] Could not find cuda drivers on your machine, GPU will not be used.
2025-05-12 10:34:36.199921: I external/local_xla/xla/tsl/cuda/cudart_stub.cc:32] Could not find cuda drivers on your machine, GPU will not be used.
2025-05-12 10:34:36.199921: I external/local_xla/xla/tsl/cuda/cudart_stub.cc:32] Could not find cuda drivers on your machine, GPU will not be used.
2025-05-12 10:34:36.199921: I external/local_xla/xla/tsl/cuda/cudart_stub.cc:32] Could not find cuda drivers on your machine, GPU will not be used.
2025-05-12 10:34:36.199938: I external/local_xla/xla/tsl/cuda/cudart_stub.cc:32] Could not find cuda drivers on your machine, GPU will not be used.
2025-05-12 10:34:36.199938: I external/local_xla/xla/tsl/cuda/cudart_stub.cc:32] Could not find cuda drivers on your machine, GPU will not be used.
2025-05-12 10:34:36.199941: I external/local_xla/xla/tsl/cuda/cudart_stub.cc:32] Could not find cuda drivers on your machine, GPU will not be used.
2025-05-12 10:34:36.200013: I external/local_xla/xla/tsl/cuda/cudart_stub.cc:32] Could not find cuda drivers on your machine, GPU will not be used.
2025-05-12 10:34:36.200125: I external/local_xla/xla/tsl/cuda/cudart_stub.cc:32] Could not find cuda drivers on your machine, GPU will not be used.
2025-05-12 10:34:36.387280: E external/local_xla/xla/stream_executor/cuda/cuda_fft.cc:467] Unable to register cuFFT factory: Attempting to register factory for plugin cuFFT when one has already been registered
2025-05-12 10:34:36.387285: E external/local_xla/xla/stream_executor/cuda/cuda_fft.cc:467] Unable to register cuFFT factory: Attempting to register factory for plugin cuFFT when one has already been registered
2025-05-12 10:34:36.387281: E external/local_xla/xla/stream_executor/cuda/cuda_fft.cc:467] Unable to register cuFFT factory: Attempting to register factory for plugin cuFFT when one has already been registered
2025-05-12 10:34:36.387281: E external/local_xla/xla/stream_executor/cuda/cuda_fft.cc:467] Unable to register cuFFT factory: Attempting to register factory for plugin cuFFT when one has already been registered
2025-05-12 10:34:36.387282: E external/local_xla/xla/stream_executor/cuda/cuda_fft.cc:467] Unable to register cuFFT factory: Attempting to register factory for plugin cuFFT when one has already been registered
2025-05-12 10:34:36.387289: E external/local_xla/xla/stream_executor/cuda/cuda_fft.cc:467] Unable to register cuFFT factory: Attempting to register factory for plugin cuFFT when one has already been registered
2025-05-12 10:34:36.387293: E external/local_xla/xla/stream_executor/cuda/cuda_fft.cc:467] Unable to register cuFFT factory: Attempting to register factory for plugin cuFFT when one has already been registered
2025-05-12 10:34:36.387293: E external/local_xla/xla/stream_executor/cuda/cuda_fft.cc:467] Unable to register cuFFT factory: Attempting to register factory for plugin cuFFT when one has already been registered
2025-05-12 10:34:36.387293: E external/local_xla/xla/stream_executor/cuda/cuda_fft.cc:467] Unable to register cuFFT factory: Attempting to register factory for plugin cuFFT when one has already been registered
2025-05-12 10:34:36.387295: E external/local_xla/xla/stream_executor/cuda/cuda_fft.cc:467] Unable to register cuFFT factory: Attempting to register factory for plugin cuFFT when one has already been registered
2025-05-12 10:34:36.387302: E external/local_xla/xla/stream_executor/cuda/cuda_fft.cc:467] Unable to register cuFFT factory: Attempting to register factory for plugin cuFFT when one has already been registered
2025-05-12 10:34:36.387302: E external/local_xla/xla/stream_executor/cuda/cuda_fft.cc:467] Unable to register cuFFT factory: Attempting to register factory for plugin cuFFT when one has already been registered
2025-05-12 10:34:36.387301: E external/local_xla/xla/stream_executor/cuda/cuda_fft.cc:467] Unable to register cuFFT factory: Attempting to register factory for plugin cuFFT when one has already been registered
2025-05-12 10:34:36.387317: E external/local_xla/xla/stream_executor/cuda/cuda_fft.cc:467] Unable to register cuFFT factory: Attempting to register factory for plugin cuFFT when one has already been registered
2025-05-12 10:34:36.387313: E external/local_xla/xla/stream_executor/cuda/cuda_fft.cc:467] Unable to register cuFFT factory: Attempting to register factory for plugin cuFFT when one has already been registered
2025-05-12 10:34:36.387352: E external/local_xla/xla/stream_executor/cuda/cuda_fft.cc:467] Unable to register cuFFT factory: Attempting to register factory for plugin cuFFT when one has already been registered
WARNING: All log messages before absl::InitializeLog() is called are written to STDERR
WARNING: All log messages before absl::InitializeLog() is called are written to STDERR
WARNING: All log messages before absl::InitializeLog() is called are written to STDERR
WARNING: All log messages before absl::InitializeLog() is called are written to STDERR
WARNING: All log messages before absl::InitializeLog() is called are written to STDERR
WARNING: All log messages before absl::InitializeLog() is called are written to STDERR
E0000 00:00:1747038876.576284  930943 cuda_dnn.cc:8579] Unable to register cuDNN factory: Attempting to register factory for plugin cuDNN when one has already been registered
E0000 00:00:1747038876.576301  930953 cuda_dnn.cc:8579] Unable to register cuDNN factory: Attempting to register factory for plugin cuDNN when one has already been registered
WARNING: All log messages before absl::InitializeLog() is called are written to STDERR
WARNING: All log messages before absl::InitializeLog() is called are written to STDERR
WARNING: All log messages before absl::InitializeLog() is called are written to STDERR
E0000 00:00:1747038876.576294  930944 cuda_dnn.cc:8579] Unable to register cuDNN factory: Attempting to register factory for plugin cuDNN when one has already been registered
WARNING: All log messages before absl::InitializeLog() is called are written to STDERR
E0000 00:00:1747038876.576294  930947 cuda_dnn.cc:8579] Unable to register cuDNN factory: Attempting to register factory for plugin cuDNN when one has already been registered
E0000 00:00:1747038876.576315  930951 cuda_dnn.cc:8579] Unable to register cuDNN factory: Attempting to register factory for plugin cuDNN when one has already been registered
WARNING: All log messages before absl::InitializeLog() is called are written to STDERR
E0000 00:00:1747038876.576312  930942 cuda_dnn.cc:8579] Unable to register cuDNN factory: Attempting to register factory for plugin cuDNN when one has already been registered
WARNING: All log messages before absl::InitializeLog() is called are written to STDERR
E0000 00:00:1747038876.576318  930954 cuda_dnn.cc:8579] Unable to register cuDNN factory: Attempting to register factory for plugin cuDNN when one has already been registered
E0000 00:00:1747038876.576313  930949 cuda_dnn.cc:8579] Unable to register cuDNN factory: Attempting to register factory for plugin cuDNN when one has already been registered
E0000 00:00:1747038876.576281  930955 cuda_dnn.cc:8579] Unable to register cuDNN factory: Attempting to register factory for plugin cuDNN when one has already been registered
WARNING: All log messages before absl::InitializeLog() is called are written to STDERR
E0000 00:00:1747038876.576299  930946 cuda_dnn.cc:8579] Unable to register cuDNN factory: Attempting to register factory for plugin cuDNN when one has already been registered
E0000 00:00:1747038876.576314  930956 cuda_dnn.cc:8579] Unable to register cuDNN factory: Attempting to register factory for plugin cuDNN when one has already been registered
E0000 00:00:1747038876.576310  930957 cuda_dnn.cc:8579] Unable to register cuDNN factory: Attempting to register factory for plugin cuDNN when one has already been registered
E0000 00:00:1747038876.576313  930945 cuda_dnn.cc:8579] Unable to register cuDNN factory: Attempting to register factory for plugin cuDNN when one has already been registered
WARNING: All log messages before absl::InitializeLog() is called are written to STDERR
E0000 00:00:1747038876.576424  930952 cuda_dnn.cc:8579] Unable to register cuDNN factory: Attempting to register factory for plugin cuDNN when one has already been registered
WARNING: All log messages before absl::InitializeLog() is called are written to STDERR
E0000 00:00:1747038876.576442  930950 cuda_dnn.cc:8579] Unable to register cuDNN factory: Attempting to register factory for plugin cuDNN when one has already been registered
WARNING: All log messages before absl::InitializeLog() is called are written to STDERR
E0000 00:00:1747038876.576442  930948 cuda_dnn.cc:8579] Unable to register cuDNN factory: Attempting to register factory for plugin cuDNN when one has already been registered
E0000 00:00:1747038876.691458  930952 cuda_blas.cc:1407] Unable to register cuBLAS factory: Attempting to register factory for plugin cuBLAS when one has already been registered
E0000 00:00:1747038876.691458  930945 cuda_blas.cc:1407] Unable to register cuBLAS factory: Attempting to register factory for plugin cuBLAS when one has already been registered
E0000 00:00:1747038876.691454  930957 cuda_blas.cc:1407] Unable to register cuBLAS factory: Attempting to register factory for plugin cuBLAS when one has already been registered
E0000 00:00:1747038876.691453  930953 cuda_blas.cc:1407] Unable to register cuBLAS factory: Attempting to register factory for plugin cuBLAS when one has already been registered
E0000 00:00:1747038876.691463  930943 cuda_blas.cc:1407] Unable to register cuBLAS factory: Attempting to register factory for plugin cuBLAS when one has already been registered
E0000 00:00:1747038876.691468  930951 cuda_blas.cc:1407] Unable to register cuBLAS factory: Attempting to register factory for plugin cuBLAS when one has already been registered
E0000 00:00:1747038876.691471  930946 cuda_blas.cc:1407] Unable to register cuBLAS factory: Attempting to register factory for plugin cuBLAS when one has already been registered
E0000 00:00:1747038876.691477  930955 cuda_blas.cc:1407] Unable to register cuBLAS factory: Attempting to register factory for plugin cuBLAS when one has already been registered
E0000 00:00:1747038876.691479  930947 cuda_blas.cc:1407] Unable to register cuBLAS factory: Attempting to register factory for plugin cuBLAS when one has already been registered
E0000 00:00:1747038876.691493  930944 cuda_blas.cc:1407] Unable to register cuBLAS factory: Attempting to register factory for plugin cuBLAS when one has already been registered
E0000 00:00:1747038876.691476  930949 cuda_blas.cc:1407] Unable to register cuBLAS factory: Attempting to register factory for plugin cuBLAS when one has already been registered
E0000 00:00:1747038876.691479  930956 cuda_blas.cc:1407] Unable to register cuBLAS factory: Attempting to register factory for plugin cuBLAS when one has already been registered
E0000 00:00:1747038876.691479  930954 cuda_blas.cc:1407] Unable to register cuBLAS factory: Attempting to register factory for plugin cuBLAS when one has already been registered
E0000 00:00:1747038876.691479  930948 cuda_blas.cc:1407] Unable to register cuBLAS factory: Attempting to register factory for plugin cuBLAS when one has already been registered
E0000 00:00:1747038876.691485  930942 cuda_blas.cc:1407] Unable to register cuBLAS factory: Attempting to register factory for plugin cuBLAS when one has already been registered
E0000 00:00:1747038876.691595  930950 cuda_blas.cc:1407] Unable to register cuBLAS factory: Attempting to register factory for plugin cuBLAS when one has already been registered
W0000 00:00:1747038877.196649  930954 computation_placer.cc:177] computation placer already registered. Please check linkage and avoid linking the same target more than once.
W0000 00:00:1747038877.196628  930953 computation_placer.cc:177] computation placer already registered. Please check linkage and avoid linking the same target more than once.
W0000 00:00:1747038877.196631  930952 computation_placer.cc:177] computation placer already registered. Please check linkage and avoid linking the same target more than once.
W0000 00:00:1747038877.196645  930946 computation_placer.cc:177] computation placer already registered. Please check linkage and avoid linking the same target more than once.
W0000 00:00:1747038877.196645  930955 computation_placer.cc:177] computation placer already registered. Please check linkage and avoid linking the same target more than once.
W0000 00:00:1747038877.196702  930946 computation_placer.cc:177] computation placer already registered. Please check linkage and avoid linking the same target more than once.
W0000 00:00:1747038877.196643  930947 computation_placer.cc:177] computation placer already registered. Please check linkage and avoid linking the same target more than once.
W0000 00:00:1747038877.196650  930950 computation_placer.cc:177] computation placer already registered. Please check linkage and avoid linking the same target more than once.
W0000 00:00:1747038877.196651  930943 computation_placer.cc:177] computation placer already registered. Please check linkage and avoid linking the same target more than once.
W0000 00:00:1747038877.196650  930949 computation_placer.cc:177] computation placer already registered. Please check linkage and avoid linking the same target more than once.
W0000 00:00:1747038877.196656  930956 computation_placer.cc:177] computation placer already registered. Please check linkage and avoid linking the same target more than once.
W0000 00:00:1747038877.196649  930948 computation_placer.cc:177] computation placer already registered. Please check linkage and avoid linking the same target more than once.
W0000 00:00:1747038877.196654  930957 computation_placer.cc:177] computation placer already registered. Please check linkage and avoid linking the same target more than once.
W0000 00:00:1747038877.196653  930951 computation_placer.cc:177] computation placer already registered. Please check linkage and avoid linking the same target more than once.
W0000 00:00:1747038877.196663  930942 computation_placer.cc:177] computation placer already registered. Please check linkage and avoid linking the same target more than once.
W0000 00:00:1747038877.196687  930954 computation_placer.cc:177] computation placer already registered. Please check linkage and avoid linking the same target more than once.
W0000 00:00:1747038877.196693  930953 computation_placer.cc:177] computation placer already registered. Please check linkage and avoid linking the same target more than once.
W0000 00:00:1747038877.196696  930952 computation_placer.cc:177] computation placer already registered. Please check linkage and avoid linking the same target more than once.
W0000 00:00:1747038877.196707  930946 computation_placer.cc:177] computation placer already registered. Please check linkage and avoid linking the same target more than once.
W0000 00:00:1747038877.196707  930955 computation_placer.cc:177] computation placer already registered. Please check linkage and avoid linking the same target more than once.
W0000 00:00:1747038877.196717  930947 computation_placer.cc:177] computation placer already registered. Please check linkage and avoid linking the same target more than once.
W0000 00:00:1747038877.196720  930950 computation_placer.cc:177] computation placer already registered. Please check linkage and avoid linking the same target more than once.
W0000 00:00:1747038877.196723  930943 computation_placer.cc:177] computation placer already registered. Please check linkage and avoid linking the same target more than once.
W0000 00:00:1747038877.196755  930947 computation_placer.cc:177] computation placer already registered. Please check linkage and avoid linking the same target more than once.
W0000 00:00:1747038877.196726  930949 computation_placer.cc:177] computation placer already registered. Please check linkage and avoid linking the same target more than once.
W0000 00:00:1747038877.196730  930956 computation_placer.cc:177] computation placer already registered. Please check linkage and avoid linking the same target more than once.
W0000 00:00:1747038877.196733  930948 computation_placer.cc:177] computation placer already registered. Please check linkage and avoid linking the same target more than once.
W0000 00:00:1747038877.196737  930957 computation_placer.cc:177] computation placer already registered. Please check linkage and avoid linking the same target more than once.
W0000 00:00:1747038877.196763  930956 computation_placer.cc:177] computation placer already registered. Please check linkage and avoid linking the same target more than once.
W0000 00:00:1747038877.196740  930951 computation_placer.cc:177] computation placer already registered. Please check linkage and avoid linking the same target more than once.
W0000 00:00:1747038877.196745  930942 computation_placer.cc:177] computation placer already registered. Please check linkage and avoid linking the same target more than once.
W0000 00:00:1747038877.196746  930954 computation_placer.cc:177] computation placer already registered. Please check linkage and avoid linking the same target more than once.
W0000 00:00:1747038877.196747  930953 computation_placer.cc:177] computation placer already registered. Please check linkage and avoid linking the same target more than once.
W0000 00:00:1747038877.196750  930952 computation_placer.cc:177] computation placer already registered. Please check linkage and avoid linking the same target more than once.
W0000 00:00:1747038877.196752  930946 computation_placer.cc:177] computation placer already registered. Please check linkage and avoid linking the same target more than once.
W0000 00:00:1747038877.196783  930953 computation_placer.cc:177] computation placer already registered. Please check linkage and avoid linking the same target more than once.
W0000 00:00:1747038877.196754  930955 computation_placer.cc:177] computation placer already registered. Please check linkage and avoid linking the same target more than once.
W0000 00:00:1747038877.196757  930950 computation_placer.cc:177] computation placer already registered. Please check linkage and avoid linking the same target more than once.
W0000 00:00:1747038877.196758  930943 computation_placer.cc:177] computation placer already registered. Please check linkage and avoid linking the same target more than once.
W0000 00:00:1747038877.196793  930955 computation_placer.cc:177] computation placer already registered. Please check linkage and avoid linking the same target more than once.
W0000 00:00:1747038877.196759  930947 computation_placer.cc:177] computation placer already registered. Please check linkage and avoid linking the same target more than once.
W0000 00:00:1747038877.196761  930949 computation_placer.cc:177] computation placer already registered. Please check linkage and avoid linking the same target more than once.
W0000 00:00:1747038877.196764  930948 computation_placer.cc:177] computation placer already registered. Please check linkage and avoid linking the same target more than once.
W0000 00:00:1747038877.196766  930957 computation_placer.cc:177] computation placer already registered. Please check linkage and avoid linking the same target more than once.
W0000 00:00:1747038877.196768  930956 computation_placer.cc:177] computation placer already registered. Please check linkage and avoid linking the same target more than once.
W0000 00:00:1747038877.196771  930951 computation_placer.cc:177] computation placer already registered. Please check linkage and avoid linking the same target more than once.
W0000 00:00:1747038877.196780  930942 computation_placer.cc:177] computation placer already registered. Please check linkage and avoid linking the same target more than once.
W0000 00:00:1747038877.196782  930954 computation_placer.cc:177] computation placer already registered. Please check linkage and avoid linking the same target more than once.
W0000 00:00:1747038877.196786  930952 computation_placer.cc:177] computation placer already registered. Please check linkage and avoid linking the same target more than once.
W0000 00:00:1747038877.196795  930950 computation_placer.cc:177] computation placer already registered. Please check linkage and avoid linking the same target more than once.
W0000 00:00:1747038877.196797  930943 computation_placer.cc:177] computation placer already registered. Please check linkage and avoid linking the same target more than once.
W0000 00:00:1747038877.196802  930949 computation_placer.cc:177] computation placer already registered. Please check linkage and avoid linking the same target more than once.
W0000 00:00:1747038877.196803  930948 computation_placer.cc:177] computation placer already registered. Please check linkage and avoid linking the same target more than once.
W0000 00:00:1747038877.196805  930957 computation_placer.cc:177] computation placer already registered. Please check linkage and avoid linking the same target more than once.
W0000 00:00:1747038877.196810  930951 computation_placer.cc:177] computation placer already registered. Please check linkage and avoid linking the same target more than once.
W0000 00:00:1747038877.196815  930942 computation_placer.cc:177] computation placer already registered. Please check linkage and avoid linking the same target more than once.
W0000 00:00:1747038877.196848  930944 computation_placer.cc:177] computation placer already registered. Please check linkage and avoid linking the same target more than once.
W0000 00:00:1747038877.196871  930944 computation_placer.cc:177] computation placer already registered. Please check linkage and avoid linking the same target more than once.
W0000 00:00:1747038877.196875  930944 computation_placer.cc:177] computation placer already registered. Please check linkage and avoid linking the same target more than once.
W0000 00:00:1747038877.196879  930944 computation_placer.cc:177] computation placer already registered. Please check linkage and avoid linking the same target more than once.
W0000 00:00:1747038877.196863  930945 computation_placer.cc:177] computation placer already registered. Please check linkage and avoid linking the same target more than once.
W0000 00:00:1747038877.196893  930945 computation_placer.cc:177] computation placer already registered. Please check linkage and avoid linking the same target more than once.
W0000 00:00:1747038877.196898  930945 computation_placer.cc:177] computation placer already registered. Please check linkage and avoid linking the same target more than once.
W0000 00:00:1747038877.196903  930945 computation_placer.cc:177] computation placer already registered. Please check linkage and avoid linking the same target more than once.
2025-05-12 10:34:37.280881: I tensorflow/core/platform/cpu_feature_guard.cc:210] This TensorFlow binary is optimized to use available CPU instructions in performance-critical operations.
To enable the following instructions: AVX2 AVX512F FMA, in other operations, rebuild TensorFlow with the appropriate compiler flags.
2025-05-12 10:34:37.280947: I tensorflow/core/platform/cpu_feature_guard.cc:210] This TensorFlow binary is optimized to use available CPU instructions in performance-critical operations.
To enable the following instructions: AVX2 AVX512F FMA, in other operations, rebuild TensorFlow with the appropriate compiler flags.
2025-05-12 10:34:37.280957: I tensorflow/core/platform/cpu_feature_guard.cc:210] This TensorFlow binary is optimized to use available CPU instructions in performance-critical operations.
To enable the following instructions: AVX2 AVX512F FMA, in other operations, rebuild TensorFlow with the appropriate compiler flags.
2025-05-12 10:34:37.280982: I tensorflow/core/platform/cpu_feature_guard.cc:210] This TensorFlow binary is optimized to use available CPU instructions in performance-critical operations.
To enable the following instructions: AVX2 AVX512F FMA, in other operations, rebuild TensorFlow with the appropriate compiler flags.
2025-05-12 10:34:37.281028: I tensorflow/core/platform/cpu_feature_guard.cc:210] This TensorFlow binary is optimized to use available CPU instructions in performance-critical operations.
To enable the following instructions: AVX2 AVX512F FMA, in other operations, rebuild TensorFlow with the appropriate compiler flags.
2025-05-12 10:34:37.281037: I tensorflow/core/platform/cpu_feature_guard.cc:210] This TensorFlow binary is optimized to use available CPU instructions in performance-critical operations.
To enable the following instructions: AVX2 AVX512F FMA, in other operations, rebuild TensorFlow with the appropriate compiler flags.
2025-05-12 10:34:37.281050: I tensorflow/core/platform/cpu_feature_guard.cc:210] This TensorFlow binary is optimized to use available CPU instructions in performance-critical operations.
To enable the following instructions: AVX2 AVX512F FMA, in other operations, rebuild TensorFlow with the appropriate compiler flags.
2025-05-12 10:34:37.281079: I tensorflow/core/platform/cpu_feature_guard.cc:210] This TensorFlow binary is optimized to use available CPU instructions in performance-critical operations.
To enable the following instructions: AVX2 AVX512F FMA, in other operations, rebuild TensorFlow with the appropriate compiler flags.
2025-05-12 10:34:37.281092: I tensorflow/core/platform/cpu_feature_guard.cc:210] This TensorFlow binary is optimized to use available CPU instructions in performance-critical operations.
To enable the following instructions: AVX2 AVX512F FMA, in other operations, rebuild TensorFlow with the appropriate compiler flags.
2025-05-12 10:34:37.281168: I tensorflow/core/platform/cpu_feature_guard.cc:210] This TensorFlow binary is optimized to use available CPU instructions in performance-critical operations.
To enable the following instructions: AVX2 AVX512F FMA, in other operations, rebuild TensorFlow with the appropriate compiler flags.
2025-05-12 10:34:37.281173: I tensorflow/core/platform/cpu_feature_guard.cc:210] This TensorFlow binary is optimized to use available CPU instructions in performance-critical operations.
To enable the following instructions: AVX2 AVX512F FMA, in other operations, rebuild TensorFlow with the appropriate compiler flags.
2025-05-12 10:34:37.281210: I tensorflow/core/platform/cpu_feature_guard.cc:210] This TensorFlow binary is optimized to use available CPU instructions in performance-critical operations.
To enable the following instructions: AVX2 AVX512F FMA, in other operations, rebuild TensorFlow with the appropriate compiler flags.
2025-05-12 10:34:37.281282: I tensorflow/core/platform/cpu_feature_guard.cc:210] This TensorFlow binary is optimized to use available CPU instructions in performance-critical operations.
To enable the following instructions: AVX2 AVX512F FMA, in other operations, rebuild TensorFlow with the appropriate compiler flags.
2025-05-12 10:34:37.281525: I tensorflow/core/platform/cpu_feature_guard.cc:210] This TensorFlow binary is optimized to use available CPU instructions in performance-critical operations.
To enable the following instructions: AVX2 AVX512F FMA, in other operations, rebuild TensorFlow with the appropriate compiler flags.
2025-05-12 10:34:37.281816: I tensorflow/core/platform/cpu_feature_guard.cc:210] This TensorFlow binary is optimized to use available CPU instructions in performance-critical operations.
To enable the following instructions: AVX2 AVX512F FMA, in other operations, rebuild TensorFlow with the appropriate compiler flags.
2025-05-12 10:34:37.282069: I tensorflow/core/platform/cpu_feature_guard.cc:210] This TensorFlow binary is optimized to use available CPU instructions in performance-critical operations.
To enable the following instructions: AVX2 AVX512F FMA, in other operations, rebuild TensorFlow with the appropriate compiler flags.
2025-05-12 10:35:08.409886: E external/local_xla/xla/stream_executor/cuda/cuda_platform.cc:51] failed call to cuInit: INTERNAL: CUDA error: Failed call to cuInit: UNKNOWN ERROR (303)
2025-05-12 10:35:08.428128: E external/local_xla/xla/stream_executor/cuda/cuda_platform.cc:51] failed call to cuInit: INTERNAL: CUDA error: Failed call to cuInit: UNKNOWN ERROR (303)
2025-05-12 10:35:08.483761: E external/local_xla/xla/stream_executor/cuda/cuda_platform.cc:51] failed call to cuInit: INTERNAL: CUDA error: Failed call to cuInit: UNKNOWN ERROR (303)
2025-05-12 10:35:08.533028: E external/local_xla/xla/stream_executor/cuda/cuda_platform.cc:51] failed call to cuInit: INTERNAL: CUDA error: Failed call to cuInit: UNKNOWN ERROR (303)
2025-05-12 10:35:08.542354: E external/local_xla/xla/stream_executor/cuda/cuda_platform.cc:51] failed call to cuInit: INTERNAL: CUDA error: Failed call to cuInit: UNKNOWN ERROR (303)
2025-05-12 10:35:08.543180: E external/local_xla/xla/stream_executor/cuda/cuda_platform.cc:51] failed call to cuInit: INTERNAL: CUDA error: Failed call to cuInit: UNKNOWN ERROR (303)
2025-05-12 10:35:08.549421: E external/local_xla/xla/stream_executor/cuda/cuda_platform.cc:51] failed call to cuInit: INTERNAL: CUDA error: Failed call to cuInit: UNKNOWN ERROR (303)
2025-05-12 10:35:08.564660: E external/local_xla/xla/stream_executor/cuda/cuda_platform.cc:51] failed call to cuInit: INTERNAL: CUDA error: Failed call to cuInit: UNKNOWN ERROR (303)
2025-05-12 10:35:08.590329: E external/local_xla/xla/stream_executor/cuda/cuda_platform.cc:51] failed call to cuInit: INTERNAL: CUDA error: Failed call to cuInit: UNKNOWN ERROR (303)
2025-05-12 10:35:08.594331: E external/local_xla/xla/stream_executor/cuda/cuda_platform.cc:51] failed call to cuInit: INTERNAL: CUDA error: Failed call to cuInit: UNKNOWN ERROR (303)
2025-05-12 10:35:08.614279: E external/local_xla/xla/stream_executor/cuda/cuda_platform.cc:51] failed call to cuInit: INTERNAL: CUDA error: Failed call to cuInit: UNKNOWN ERROR (303)
2025-05-12 10:35:08.658454: E external/local_xla/xla/stream_executor/cuda/cuda_platform.cc:51] failed call to cuInit: INTERNAL: CUDA error: Failed call to cuInit: UNKNOWN ERROR (303)
2025-05-12 10:35:08.768019: E external/local_xla/xla/stream_executor/cuda/cuda_platform.cc:51] failed call to cuInit: INTERNAL: CUDA error: Failed call to cuInit: UNKNOWN ERROR (303)
2025-05-12 10:35:08.812493: E external/local_xla/xla/stream_executor/cuda/cuda_platform.cc:51] failed call to cuInit: INTERNAL: CUDA error: Failed call to cuInit: UNKNOWN ERROR (303)
2025-05-12 10:35:08.850337: E external/local_xla/xla/stream_executor/cuda/cuda_platform.cc:51] failed call to cuInit: INTERNAL: CUDA error: Failed call to cuInit: UNKNOWN ERROR (303)
2025-05-12 10:35:08.872186: E external/local_xla/xla/stream_executor/cuda/cuda_platform.cc:51] failed call to cuInit: INTERNAL: CUDA error: Failed call to cuInit: UNKNOWN ERROR (303)
Running simulation...
start the learn masses function
saved results for system 32
Running simulation...
start the learn masses function
saved results for system 33
Running simulation...
start the learn masses function
saved results for system 34
Running simulation...
start the learn masses function
saved results for system 35
Running simulation...
start the learn masses function
saved results for system 36
Running simulation...
start the learn masses function
saved results for system 37
Running simulation...
start the learn masses function
saved results for system 38
Running simulation...
start the learn masses function
saved results for system 39
Running simulation...
start the learn masses function
saved results for system 136
Running simulation...
start the learn masses function
saved results for system 137
Running simulation...
start the learn masses function
saved results for system 138
Running simulation...
start the learn masses function
saved results for system 139
Running simulation...
start the learn masses function
saved results for system 140
Running simulation...
start the learn masses function
saved results for system 141
Running simulation...
start the learn masses function
saved results for system 142
Running simulation...
start the learn masses function
saved results for system 143
Running simulation...
start the learn masses function
saved results for system 264
Running simulation...
start the learn masses function
saved results for system 265
Running simulation...
start the learn masses function
saved results for system 266
Running simulation...
start the learn masses function
saved results for system 267
Running simulation...
start the learn masses function
saved results for system 268
Running simulation...
start the learn masses function
saved results for system 269
Running simulation...
start the learn masses function
saved results for system 270
Running simulation...
start the learn masses function
saved results for system 271
Running simulation...
start the learn masses function
saved results for system 440
Running simulation...
start the learn masses function
saved results for system 441
Running simulation...
start the learn masses function
saved results for system 442
Running simulation...
start the learn masses function
saved results for system 443
Running simulation...
start the learn masses function
saved results for system 444
Running simulation...
start the learn masses function
saved results for system 445
Running simulation...
start the learn masses function
saved results for system 446
Running simulation...
start the learn masses function
saved results for system 447
Running simulation...
start the learn masses function
saved results for system 64
Running simulation...
start the learn masses function
saved results for system 65
Running simulation...
start the learn masses function
saved results for system 66
Running simulation...
start the learn masses function
saved results for system 67
Running simulation...
start the learn masses function
saved results for system 68
Running simulation...
start the learn masses function
saved results for system 69
Running simulation...
start the learn masses function
saved results for system 70
Running simulation...
start the learn masses function
saved results for system 71
Running simulation...
start the learn masses function
saved results for system 200
Running simulation...
start the learn masses function
saved results for system 201
Running simulation...
start the learn masses function
saved results for system 202
Running simulation...
start the learn masses function
saved results for system 203
Running simulation...
start the learn masses function
saved results for system 204
Running simulation...
start the learn masses function
saved results for system 205
Running simulation...
start the learn masses function
saved results for system 206
Running simulation...
start the learn masses function
saved results for system 207
Running simulation...
start the learn masses function
saved results for system 328
Running simulation...
start the learn masses function
saved results for system 329
Running simulation...
start the learn masses function
saved results for system 330
Running simulation...
start the learn masses function
saved results for system 331
Running simulation...
start the learn masses function
saved results for system 332
Running simulation...
start the learn masses function
saved results for system 333
Running simulation...
start the learn masses function
saved results for system 334
Running simulation...
start the learn masses function
saved results for system 335
Running simulation...
start the learn masses function
saved results for system 448
Running simulation...
start the learn masses function
saved results for system 449
Running simulation...
start the learn masses function
saved results for system 450
Running simulation...
start the learn masses function
saved results for system 451
Running simulation...
start the learn masses function
saved results for system 452
Running simulation...
start the learn masses function
saved results for system 453
Running simulation...
start the learn masses function
saved results for system 454
Running simulation...
start the learn masses function
saved results for system 455
Running simulation...
start the learn masses function
saved results for system 48
Running simulation...
start the learn masses function
saved results for system 49
Running simulation...
start the learn masses function
saved results for system 50
Running simulation...
start the learn masses function
saved results for system 51
Running simulation...
start the learn masses function
saved results for system 52
Running simulation...
start the learn masses function
saved results for system 53
Running simulation...
start the learn masses function
saved results for system 54
Running simulation...
start the learn masses function
saved results for system 55
Running simulation...
start the learn masses function
saved results for system 224
Running simulation...
start the learn masses function
saved results for system 225
Running simulation...
start the learn masses function
saved results for system 226
Running simulation...
start the learn masses function
saved results for system 227
Running simulation...
start the learn masses function
saved results for system 228
Running simulation...
start the learn masses function
saved results for system 229
Running simulation...
start the learn masses function
saved results for system 230
Running simulation...
start the learn masses function
saved results for system 231
Running simulation...
start the learn masses function
saved results for system 352
Running simulation...
start the learn masses function
saved results for system 353
Running simulation...
start the learn masses function
saved results for system 354
Running simulation...
start the learn masses function
saved results for system 355
Running simulation...
start the learn masses function
saved results for system 356
Running simulation...
start the learn masses function
saved results for system 357
Running simulation...
start the learn masses function
saved results for system 358
Running simulation...
start the learn masses function
saved results for system 359
Running simulation...
start the learn masses function
saved results for system 8
Running simulation...
start the learn masses function
saved results for system 9
Running simulation...
start the learn masses function
saved results for system 10
Running simulation...
start the learn masses function
saved results for system 11
Running simulation...
start the learn masses function
saved results for system 12
Running simulation...
start the learn masses function
saved results for system 13
Running simulation...
start the learn masses function
saved results for system 14
Running simulation...
start the learn masses function
saved results for system 15
Running simulation...
start the learn masses function
saved results for system 152
Running simulation...
start the learn masses function
saved results for system 153
Running simulation...
start the learn masses function
saved results for system 154
Running simulation...
start the learn masses function
saved results for system 155
Running simulation...
start the learn masses function
saved results for system 156
Running simulation...
start the learn masses function
saved results for system 157
Running simulation...
start the learn masses function
saved results for system 158
Running simulation...
start the learn masses function
saved results for system 159
Running simulation...
start the learn masses function
saved results for system 320
Running simulation...
start the learn masses function
saved results for system 321
Running simulation...
start the learn masses function
saved results for system 322
Running simulation...
start the learn masses function
saved results for system 323
Running simulation...
start the learn masses function
saved results for system 324
Running simulation...
start the learn masses function
saved results for system 325
Running simulation...
start the learn masses function
saved results for system 326
Running simulation...
start the learn masses function
saved results for system 327
Running simulation...
start the learn masses function
saved results for system 408
Running simulation...
start the learn masses function
saved results for system 409
Running simulation...
start the learn masses function
saved results for system 410
Running simulation...
start the learn masses function
saved results for system 411
Running simulation...
start the learn masses function
saved results for system 412
Running simulation...
start the learn masses function
saved results for system 413
Running simulation...
start the learn masses function
saved results for system 414
Running simulation...
start the learn masses function
saved results for system 415
Running simulation...
start the learn masses function
saved results for system 104
Running simulation...
start the learn masses function
saved results for system 105
Running simulation...
start the learn masses function
saved results for system 106
Running simulation...
start the learn masses function
saved results for system 107
Running simulation...
start the learn masses function
saved results for system 108
Running simulation...
start the learn masses function
saved results for system 109
Running simulation...
start the learn masses function
saved results for system 110
Running simulation...
start the learn masses function
saved results for system 111
Running simulation...
start the learn masses function
saved results for system 192
Running simulation...
start the learn masses function
saved results for system 193
Running simulation...
start the learn masses function
saved results for system 194
Running simulation...
start the learn masses function
saved results for system 195
Running simulation...
start the learn masses function
saved results for system 196
Running simulation...
start the learn masses function
saved results for system 197
Running simulation...
start the learn masses function
saved results for system 198
Running simulation...
start the learn masses function
saved results for system 199
Running simulation...
start the learn masses function
saved results for system 280
Running simulation...
start the learn masses function
saved results for system 281
Running simulation...
start the learn masses function
saved results for system 282
Running simulation...
start the learn masses function
saved results for system 283
Running simulation...
start the learn masses function
saved results for system 284
Running simulation...
start the learn masses function
saved results for system 285
Running simulation...
start the learn masses function
saved results for system 286
Running simulation...
start the learn masses function
saved results for system 287
Running simulation...
start the learn masses function
saved results for system 424
Running simulation...
start the learn masses function
saved results for system 425
Running simulation...
start the learn masses function
saved results for system 426
Running simulation...
start the learn masses function
saved results for system 427
Running simulation...
start the learn masses function
saved results for system 428
Running simulation...
start the learn masses function
saved results for system 429
Running simulation...
start the learn masses function
saved results for system 430
Running simulation...
start the learn masses function
saved results for system 431
Running simulation...
start the learn masses function
saved results for system 24
Running simulation...
start the learn masses function
saved results for system 25
Running simulation...
start the learn masses function
saved results for system 26
Running simulation...
start the learn masses function
saved results for system 27
Running simulation...
start the learn masses function
saved results for system 28
Running simulation...
start the learn masses function
saved results for system 29
Running simulation...
start the learn masses function
saved results for system 30
Running simulation...
start the learn masses function
saved results for system 31
Running simulation...
start the learn masses function
saved results for system 216
Running simulation...
start the learn masses function
saved results for system 217
Running simulation...
start the learn masses function
saved results for system 218
Running simulation...
start the learn masses function
saved results for system 219
Running simulation...
start the learn masses function
saved results for system 220
Running simulation...
start the learn masses function
saved results for system 221
Running simulation...
start the learn masses function
saved results for system 222
Running simulation...
start the learn masses function
saved results for system 223
Running simulation...
start the learn masses function
saved results for system 344
Running simulation...
start the learn masses function
saved results for system 345
Running simulation...
start the learn masses function
saved results for system 346
Running simulation...
start the learn masses function
saved results for system 347
Running simulation...
start the learn masses function
saved results for system 348
Running simulation...
start the learn masses function
saved results for system 349
Running simulation...
start the learn masses function
saved results for system 350
Running simulation...
start the learn masses function
saved results for system 351
Running simulation...
start the learn masses function
saved results for system 88
Running simulation...
start the learn masses function
saved results for system 89
Running simulation...
start the learn masses function
saved results for system 90
Running simulation...
start the learn masses function
saved results for system 91
Running simulation...
start the learn masses function
saved results for system 92
Running simulation...
start the learn masses function
saved results for system 93
Running simulation...
start the learn masses function
saved results for system 94
Running simulation...
start the learn masses function
saved results for system 95
Running simulation...
start the learn masses function
saved results for system 208
Running simulation...
start the learn masses function
saved results for system 209
Running simulation...
start the learn masses function
saved results for system 210
Running simulation...
start the learn masses function
saved results for system 211
Running simulation...
start the learn masses function
saved results for system 212
Running simulation...
start the learn masses function
saved results for system 213
Running simulation...
start the learn masses function
saved results for system 214
Running simulation...
start the learn masses function
saved results for system 215
Running simulation...
start the learn masses function
saved results for system 312
Running simulation...
start the learn masses function
saved results for system 313
Running simulation...
start the learn masses function
saved results for system 314
Running simulation...
start the learn masses function
saved results for system 315
Running simulation...
start the learn masses function
saved results for system 316
Running simulation...
start the learn masses function
saved results for system 317
Running simulation...
start the learn masses function
saved results for system 318
Running simulation...
start the learn masses function
saved results for system 319
Running simulation...
start the learn masses function
saved results for system 432
Running simulation...
start the learn masses function
saved results for system 433
Running simulation...
start the learn masses function
saved results for system 434
Running simulation...
start the learn masses function
saved results for system 435
Running simulation...
start the learn masses function
saved results for system 436
Running simulation...
start the learn masses function
saved results for system 437
Running simulation...
start the learn masses function
saved results for system 438
Running simulation...
start the learn masses function
saved results for system 439
Running simulation...
start the learn masses function
saved results for system 96
Running simulation...
start the learn masses function
saved results for system 97
Running simulation...
start the learn masses function
saved results for system 98
Running simulation...
start the learn masses function
saved results for system 99
Running simulation...
start the learn masses function
saved results for system 100
Running simulation...
start the learn masses function
saved results for system 101
Running simulation...
start the learn masses function
saved results for system 102
Running simulation...
start the learn masses function
saved results for system 103
Running simulation...
start the learn masses function
saved results for system 160
Running simulation...
start the learn masses function
saved results for system 161
Running simulation...
start the learn masses function
saved results for system 162
Running simulation...
start the learn masses function
saved results for system 163
Running simulation...
start the learn masses function
saved results for system 164
Running simulation...
start the learn masses function
saved results for system 165
Running simulation...
start the learn masses function
saved results for system 166
Running simulation...
start the learn masses function
saved results for system 167
Running simulation...
start the learn masses function
saved results for system 272
Running simulation...
start the learn masses function
saved results for system 273
Running simulation...
start the learn masses function
saved results for system 274
Running simulation...
start the learn masses function
saved results for system 275
Running simulation...
start the learn masses function
saved results for system 276
Running simulation...
start the learn masses function
saved results for system 277
Running simulation...
start the learn masses function
saved results for system 278
Running simulation...
start the learn masses function
saved results for system 279
Running simulation...
start the learn masses function
saved results for system 456
Running simulation...
start the learn masses function
saved results for system 457
Running simulation...
start the learn masses function
saved results for system 458
Running simulation...
start the learn masses function
saved results for system 459
Running simulation...
start the learn masses function
saved results for system 460
Running simulation...
start the learn masses function
saved results for system 461
Running simulation...
start the learn masses function
saved results for system 462
Running simulation...
start the learn masses function
saved results for system 463
Running simulation...
start the learn masses function
saved results for system 40
Running simulation...
start the learn masses function
saved results for system 41
Running simulation...
start the learn masses function
saved results for system 42
Running simulation...
start the learn masses function
saved results for system 43
Running simulation...
start the learn masses function
saved results for system 44
Running simulation...
start the learn masses function
saved results for system 45
Running simulation...
start the learn masses function
saved results for system 46
Running simulation...
start the learn masses function
saved results for system 47
Running simulation...
start the learn masses function
saved results for system 168
Running simulation...
start the learn masses function
saved results for system 169
Running simulation...
start the learn masses function
saved results for system 170
Running simulation...
start the learn masses function
saved results for system 171
Running simulation...
start the learn masses function
saved results for system 172
Running simulation...
start the learn masses function
saved results for system 173
Running simulation...
start the learn masses function
saved results for system 174
Running simulation...
start the learn masses function
saved results for system 175
Running simulation...
start the learn masses function
saved results for system 336
Running simulation...
start the learn masses function
saved results for system 337
Running simulation...
start the learn masses function
saved results for system 338
Running simulation...
start the learn masses function
saved results for system 339
Running simulation...
start the learn masses function
saved results for system 340
Running simulation...
start the learn masses function
saved results for system 341
Running simulation...
start the learn masses function
saved results for system 342
Running simulation...
start the learn masses function
saved results for system 343
Running simulation...
start the learn masses function
saved results for system 464
Running simulation...
start the learn masses function
saved results for system 465
Running simulation...
start the learn masses function
saved results for system 466
Running simulation...
start the learn masses function
saved results for system 467
Running simulation...
start the learn masses function
saved results for system 468
Running simulation...
start the learn masses function
saved results for system 469
Running simulation...
start the learn masses function
saved results for system 470
Running simulation...
start the learn masses function
saved results for system 471
Running simulation...
start the learn masses function
saved results for system 112
Running simulation...
start the learn masses function
saved results for system 113
Running simulation...
start the learn masses function
saved results for system 114
Running simulation...
start the learn masses function
saved results for system 115
Running simulation...
start the learn masses function
saved results for system 116
Running simulation...
start the learn masses function
saved results for system 117
Running simulation...
start the learn masses function
saved results for system 118
Running simulation...
start the learn masses function
saved results for system 119
Running simulation...
start the learn masses function
saved results for system 232
Running simulation...
start the learn masses function
saved results for system 233
Running simulation...
start the learn masses function
saved results for system 234
Running simulation...
start the learn masses function
saved results for system 235
Running simulation...
start the learn masses function
saved results for system 236
Running simulation...
start the learn masses function
saved results for system 237
Running simulation...
start the learn masses function
saved results for system 238
Running simulation...
start the learn masses function
saved results for system 239
Running simulation...
start the learn masses function
saved results for system 368
Running simulation...
start the learn masses function
saved results for system 369
Running simulation...
start the learn masses function
saved results for system 370
Running simulation...
start the learn masses function
saved results for system 371
Running simulation...
start the learn masses function
saved results for system 372
Running simulation...
start the learn masses function
saved results for system 373
Running simulation...
start the learn masses function
saved results for system 374
Running simulation...
start the learn masses function
saved results for system 375
Running simulation...
start the learn masses function
saved results for system 56
Running simulation...
start the learn masses function
saved results for system 57
Running simulation...
start the learn masses function
saved results for system 58
Running simulation...
start the learn masses function
saved results for system 59
Running simulation...
start the learn masses function
saved results for system 60
Running simulation...
start the learn masses function
saved results for system 61
Running simulation...
start the learn masses function
saved results for system 62
Running simulation...
start the learn masses function
saved results for system 63
Running simulation...
start the learn masses function
saved results for system 248
Running simulation...
start the learn masses function
saved results for system 249
Running simulation...
start the learn masses function
saved results for system 250
Running simulation...
start the learn masses function
saved results for system 251
Running simulation...
start the learn masses function
saved results for system 252
Running simulation...
start the learn masses function
saved results for system 253
Running simulation...
start the learn masses function
saved results for system 254
Running simulation...
start the learn masses function
saved results for system 255
Running simulation...
start the learn masses function
saved results for system 384
Running simulation...
start the learn masses function
saved results for system 385
Running simulation...
start the learn masses function
saved results for system 386
Running simulation...
start the learn masses function
saved results for system 387
Running simulation...
start the learn masses function
saved results for system 388
Running simulation...
start the learn masses function
saved results for system 389
Running simulation...
start the learn masses function
saved results for system 390
Running simulation...
start the learn masses function
saved results for system 391
Running simulation...
start the learn masses function
saved results for system 72
Running simulation...
start the learn masses function
saved results for system 73
Running simulation...
start the learn masses function
saved results for system 74
Running simulation...
start the learn masses function
saved results for system 75
Running simulation...
start the learn masses function
saved results for system 76
Running simulation...
start the learn masses function
saved results for system 77
Running simulation...
start the learn masses function
saved results for system 78
Running simulation...
start the learn masses function
saved results for system 79
Running simulation...
start the learn masses function
saved results for system 240
Running simulation...
start the learn masses function
saved results for system 241
Running simulation...
start the learn masses function
saved results for system 242
Running simulation...
start the learn masses function
saved results for system 243
Running simulation...
start the learn masses function
saved results for system 244
Running simulation...
start the learn masses function
saved results for system 245
Running simulation...
start the learn masses function
saved results for system 246
Running simulation...
start the learn masses function
saved results for system 247
Running simulation...
start the learn masses function
saved results for system 360
Running simulation...
start the learn masses function
saved results for system 361
Running simulation...
start the learn masses function
saved results for system 362
Running simulation...
start the learn masses function
saved results for system 363
Running simulation...
start the learn masses function
saved results for system 364
Running simulation...
start the learn masses function
saved results for system 365
Running simulation...
start the learn masses function
saved results for system 366
Running simulation...
start the learn masses function
saved results for system 367
Running simulation...
start the learn masses function
saved results for system 80
Running simulation...
start the learn masses function
saved results for system 81
Running simulation...
start the learn masses function
saved results for system 82
Running simulation...
start the learn masses function
saved results for system 83
Running simulation...
start the learn masses function
saved results for system 84
Running simulation...
start the learn masses function
saved results for system 85
Running simulation...
start the learn masses function
saved results for system 86
Running simulation...
start the learn masses function
saved results for system 87
Running simulation...
start the learn masses function
saved results for system 184
Running simulation...
start the learn masses function
saved results for system 185
Running simulation...
start the learn masses function
saved results for system 186
Running simulation...
start the learn masses function
saved results for system 187
Running simulation...
start the learn masses function
saved results for system 188
Running simulation...
start the learn masses function
saved results for system 189
Running simulation...
start the learn masses function
saved results for system 190
Running simulation...
start the learn masses function
saved results for system 191
Running simulation...
start the learn masses function
saved results for system 304
Running simulation...
start the learn masses function
saved results for system 305
Running simulation...
start the learn masses function
saved results for system 306
Running simulation...
start the learn masses function
saved results for system 307
Running simulation...
start the learn masses function
saved results for system 308
Running simulation...
start the learn masses function
saved results for system 309
Running simulation...
start the learn masses function
saved results for system 310
Running simulation...
start the learn masses function
saved results for system 311
Running simulation...
start the learn masses function
saved results for system 416
Running simulation...
start the learn masses function
saved results for system 417
Running simulation...
start the learn masses function
saved results for system 418
Running simulation...
start the learn masses function
saved results for system 419
Running simulation...
start the learn masses function
saved results for system 420
Running simulation...
start the learn masses function
saved results for system 421
Running simulation...
start the learn masses function
saved results for system 422
Running simulation...
start the learn masses function
saved results for system 423
Running simulation...
start the learn masses function
saved results for system 496
Running simulation...
start the learn masses function
saved results for system 497
Running simulation...
start the learn masses function
saved results for system 498
Running simulation...
start the learn masses function
saved results for system 499
Running simulation...
start the learn masses function
saved results for system 120
Running simulation...
start the learn masses function
saved results for system 121
Running simulation...
start the learn masses function
saved results for system 122
Running simulation...
start the learn masses function
saved results for system 123
Running simulation...
start the learn masses function
saved results for system 124
Running simulation...
start the learn masses function
saved results for system 125
Running simulation...
start the learn masses function
saved results for system 126
Running simulation...
start the learn masses function
saved results for system 127
Running simulation...
start the learn masses function
saved results for system 144
Running simulation...
start the learn masses function
saved results for system 145
Running simulation...
start the learn masses function
saved results for system 146
Running simulation...
start the learn masses function
saved results for system 147
Running simulation...
start the learn masses function
saved results for system 148
Running simulation...
start the learn masses function
saved results for system 149
Running simulation...
start the learn masses function
saved results for system 150
Running simulation...
start the learn masses function
saved results for system 151
Running simulation...
start the learn masses function
saved results for system 256
Running simulation...
start the learn masses function
saved results for system 257
Running simulation...
start the learn masses function
saved results for system 258
Running simulation...
start the learn masses function
saved results for system 259
Running simulation...
start the learn masses function
saved results for system 260
Running simulation...
start the learn masses function
saved results for system 261
Running simulation...
start the learn masses function
saved results for system 262
Running simulation...
start the learn masses function
saved results for system 263
Running simulation...
start the learn masses function
saved results for system 376
Running simulation...
start the learn masses function
saved results for system 377
Running simulation...
start the learn masses function
saved results for system 378
Running simulation...
start the learn masses function
saved results for system 379
Running simulation...
start the learn masses function
saved results for system 380
Running simulation...
start the learn masses function
saved results for system 381
Running simulation...
start the learn masses function
saved results for system 382
Running simulation...
start the learn masses function
saved results for system 383
Running simulation...
start the learn masses function
saved results for system 472
Running simulation...
start the learn masses function
saved results for system 473
Running simulation...
start the learn masses function
saved results for system 474
Running simulation...
start the learn masses function
saved results for system 475
Running simulation...
start the learn masses function
saved results for system 476
Running simulation...
start the learn masses function
saved results for system 477
Running simulation...
start the learn masses function
saved results for system 478
Running simulation...
start the learn masses function
saved results for system 479
Running simulation...
start the learn masses function
saved results for system 16
Running simulation...
start the learn masses function
saved results for system 17
Running simulation...
start the learn masses function
saved results for system 18
Running simulation...
start the learn masses function
saved results for system 19
Running simulation...
start the learn masses function
saved results for system 20
Running simulation...
start the learn masses function
saved results for system 21
Running simulation...
start the learn masses function
saved results for system 22
Running simulation...
start the learn masses function
saved results for system 23
Running simulation...
start the learn masses function
saved results for system 176
Running simulation...
start the learn masses function
saved results for system 177
Running simulation...
start the learn masses function
saved results for system 178
Running simulation...
start the learn masses function
saved results for system 179
Running simulation...
start the learn masses function
saved results for system 180
Running simulation...
start the learn masses function
saved results for system 181
Running simulation...
start the learn masses function
saved results for system 182
Running simulation...
start the learn masses function
saved results for system 183
Running simulation...
start the learn masses function
saved results for system 296
Running simulation...
start the learn masses function
saved results for system 297
Running simulation...
start the learn masses function
saved results for system 298
Running simulation...
start the learn masses function
saved results for system 299
Running simulation...
start the learn masses function
saved results for system 300
Running simulation...
start the learn masses function
saved results for system 301
Running simulation...
start the learn masses function
saved results for system 302
Running simulation...
start the learn masses function
saved results for system 303
Running simulation...
start the learn masses function
saved results for system 392
Running simulation...
start the learn masses function
saved results for system 393
Running simulation...
start the learn masses function
saved results for system 394
Running simulation...
start the learn masses function
saved results for system 395
Running simulation...
start the learn masses function
saved results for system 396
Running simulation...
start the learn masses function
saved results for system 397
Running simulation...
start the learn masses function
saved results for system 398
Running simulation...
start the learn masses function
saved results for system 399
Running simulation...
start the learn masses function
saved results for system 480
Running simulation...
start the learn masses function
saved results for system 481
Running simulation...
start the learn masses function
saved results for system 482
Running simulation...
start the learn masses function
saved results for system 483
Running simulation...
start the learn masses function
saved results for system 484
Running simulation...
start the learn masses function
saved results for system 485
Running simulation...
start the learn masses function
saved results for system 486
Running simulation...
start the learn masses function
saved results for system 487


In this session you have used the AMUSE modules below. 
Please cite any relevant articles:


	"AMUSE (unknown version)"
		DOI:10.5281/zenodo.1435860
		ADS:2018araa.book.....P (Portegies Zwart, S. & McMillan, S.L.W., 2018)
		ADS:2013CoPhC.183..456P ** (Portegies Zwart, S. et al., 2013)
		ADS:2013A&A...557A..84P ** (Pelupessy, F. I. et al., 2013)
		ADS:2009NewA...14..369P (Portegies Zwart, S. et al., 2009)

#### Finished Test. Have a nice day
