#### Starting test
evolve time 400 days, 100 epochs, 150 samples. backup cuz people are hogging alice.
4 points considered in cost function. Requesting only 1 task now to hopefully have it done tomorrow.
n_cores available for slurm is 16
2025-04-17 01:05:10.568241: I external/local_xla/xla/tsl/cuda/cudart_stub.cc:32] Could not find cuda drivers on your machine, GPU will not be used.
2025-04-17 01:05:10.568243: I external/local_xla/xla/tsl/cuda/cudart_stub.cc:32] Could not find cuda drivers on your machine, GPU will not be used.
2025-04-17 01:05:10.568247: I external/local_xla/xla/tsl/cuda/cudart_stub.cc:32] Could not find cuda drivers on your machine, GPU will not be used.
2025-04-17 01:05:10.568258: I external/local_xla/xla/tsl/cuda/cudart_stub.cc:32] Could not find cuda drivers on your machine, GPU will not be used.
2025-04-17 01:05:10.568252: I external/local_xla/xla/tsl/cuda/cudart_stub.cc:32] Could not find cuda drivers on your machine, GPU will not be used.
2025-04-17 01:05:10.568255: I external/local_xla/xla/tsl/cuda/cudart_stub.cc:32] Could not find cuda drivers on your machine, GPU will not be used.
2025-04-17 01:05:10.568265: I external/local_xla/xla/tsl/cuda/cudart_stub.cc:32] Could not find cuda drivers on your machine, GPU will not be used.
2025-04-17 01:05:10.568266: I external/local_xla/xla/tsl/cuda/cudart_stub.cc:32] Could not find cuda drivers on your machine, GPU will not be used.
2025-04-17 01:05:10.568262: I external/local_xla/xla/tsl/cuda/cudart_stub.cc:32] Could not find cuda drivers on your machine, GPU will not be used.
2025-04-17 01:05:10.568263: I external/local_xla/xla/tsl/cuda/cudart_stub.cc:32] Could not find cuda drivers on your machine, GPU will not be used.
2025-04-17 01:05:10.568257: I external/local_xla/xla/tsl/cuda/cudart_stub.cc:32] Could not find cuda drivers on your machine, GPU will not be used.
2025-04-17 01:05:10.568265: I external/local_xla/xla/tsl/cuda/cudart_stub.cc:32] Could not find cuda drivers on your machine, GPU will not be used.
2025-04-17 01:05:10.568268: I external/local_xla/xla/tsl/cuda/cudart_stub.cc:32] Could not find cuda drivers on your machine, GPU will not be used.
2025-04-17 01:05:10.568268: I external/local_xla/xla/tsl/cuda/cudart_stub.cc:32] Could not find cuda drivers on your machine, GPU will not be used.
2025-04-17 01:05:10.568268: I external/local_xla/xla/tsl/cuda/cudart_stub.cc:32] Could not find cuda drivers on your machine, GPU will not be used.
2025-04-17 01:05:10.568268: I external/local_xla/xla/tsl/cuda/cudart_stub.cc:32] Could not find cuda drivers on your machine, GPU will not be used.
2025-04-17 01:05:10.747842: I external/local_xla/xla/tsl/cuda/cudart_stub.cc:32] Could not find cuda drivers on your machine, GPU will not be used.
2025-04-17 01:05:10.747840: I external/local_xla/xla/tsl/cuda/cudart_stub.cc:32] Could not find cuda drivers on your machine, GPU will not be used.
2025-04-17 01:05:10.747840: I external/local_xla/xla/tsl/cuda/cudart_stub.cc:32] Could not find cuda drivers on your machine, GPU will not be used.
2025-04-17 01:05:10.747840: I external/local_xla/xla/tsl/cuda/cudart_stub.cc:32] Could not find cuda drivers on your machine, GPU will not be used.
2025-04-17 01:05:10.747840: I external/local_xla/xla/tsl/cuda/cudart_stub.cc:32] Could not find cuda drivers on your machine, GPU will not be used.
2025-04-17 01:05:10.747846: I external/local_xla/xla/tsl/cuda/cudart_stub.cc:32] Could not find cuda drivers on your machine, GPU will not be used.
2025-04-17 01:05:10.747850: I external/local_xla/xla/tsl/cuda/cudart_stub.cc:32] Could not find cuda drivers on your machine, GPU will not be used.
2025-04-17 01:05:10.747856: I external/local_xla/xla/tsl/cuda/cudart_stub.cc:32] Could not find cuda drivers on your machine, GPU will not be used.
2025-04-17 01:05:10.747866: I external/local_xla/xla/tsl/cuda/cudart_stub.cc:32] Could not find cuda drivers on your machine, GPU will not be used.
2025-04-17 01:05:10.747880: I external/local_xla/xla/tsl/cuda/cudart_stub.cc:32] Could not find cuda drivers on your machine, GPU will not be used.
2025-04-17 01:05:10.747876: I external/local_xla/xla/tsl/cuda/cudart_stub.cc:32] Could not find cuda drivers on your machine, GPU will not be used.
2025-04-17 01:05:10.747880: I external/local_xla/xla/tsl/cuda/cudart_stub.cc:32] Could not find cuda drivers on your machine, GPU will not be used.
2025-04-17 01:05:10.747884: I external/local_xla/xla/tsl/cuda/cudart_stub.cc:32] Could not find cuda drivers on your machine, GPU will not be used.
2025-04-17 01:05:10.747880: I external/local_xla/xla/tsl/cuda/cudart_stub.cc:32] Could not find cuda drivers on your machine, GPU will not be used.
2025-04-17 01:05:10.747909: I external/local_xla/xla/tsl/cuda/cudart_stub.cc:32] Could not find cuda drivers on your machine, GPU will not be used.
2025-04-17 01:05:10.748765: I external/local_xla/xla/tsl/cuda/cudart_stub.cc:32] Could not find cuda drivers on your machine, GPU will not be used.
2025-04-17 01:05:10.905568: E external/local_xla/xla/stream_executor/cuda/cuda_fft.cc:467] Unable to register cuFFT factory: Attempting to register factory for plugin cuFFT when one has already been registered
2025-04-17 01:05:10.905568: E external/local_xla/xla/stream_executor/cuda/cuda_fft.cc:467] Unable to register cuFFT factory: Attempting to register factory for plugin cuFFT when one has already been registered
2025-04-17 01:05:10.905591: E external/local_xla/xla/stream_executor/cuda/cuda_fft.cc:467] Unable to register cuFFT factory: Attempting to register factory for plugin cuFFT when one has already been registered
2025-04-17 01:05:10.905585: E external/local_xla/xla/stream_executor/cuda/cuda_fft.cc:467] Unable to register cuFFT factory: Attempting to register factory for plugin cuFFT when one has already been registered
2025-04-17 01:05:10.905584: E external/local_xla/xla/stream_executor/cuda/cuda_fft.cc:467] Unable to register cuFFT factory: Attempting to register factory for plugin cuFFT when one has already been registered
2025-04-17 01:05:10.905587: E external/local_xla/xla/stream_executor/cuda/cuda_fft.cc:467] Unable to register cuFFT factory: Attempting to register factory for plugin cuFFT when one has already been registered
2025-04-17 01:05:10.905593: E external/local_xla/xla/stream_executor/cuda/cuda_fft.cc:467] Unable to register cuFFT factory: Attempting to register factory for plugin cuFFT when one has already been registered
2025-04-17 01:05:10.905595: E external/local_xla/xla/stream_executor/cuda/cuda_fft.cc:467] Unable to register cuFFT factory: Attempting to register factory for plugin cuFFT when one has already been registered
2025-04-17 01:05:10.905595: E external/local_xla/xla/stream_executor/cuda/cuda_fft.cc:467] Unable to register cuFFT factory: Attempting to register factory for plugin cuFFT when one has already been registered
2025-04-17 01:05:10.905594: E external/local_xla/xla/stream_executor/cuda/cuda_fft.cc:467] Unable to register cuFFT factory: Attempting to register factory for plugin cuFFT when one has already been registered
2025-04-17 01:05:10.905594: E external/local_xla/xla/stream_executor/cuda/cuda_fft.cc:467] Unable to register cuFFT factory: Attempting to register factory for plugin cuFFT when one has already been registered
2025-04-17 01:05:10.905594: E external/local_xla/xla/stream_executor/cuda/cuda_fft.cc:467] Unable to register cuFFT factory: Attempting to register factory for plugin cuFFT when one has already been registered
2025-04-17 01:05:10.905599: E external/local_xla/xla/stream_executor/cuda/cuda_fft.cc:467] Unable to register cuFFT factory: Attempting to register factory for plugin cuFFT when one has already been registered
2025-04-17 01:05:10.905602: E external/local_xla/xla/stream_executor/cuda/cuda_fft.cc:467] Unable to register cuFFT factory: Attempting to register factory for plugin cuFFT when one has already been registered
2025-04-17 01:05:10.905614: E external/local_xla/xla/stream_executor/cuda/cuda_fft.cc:467] Unable to register cuFFT factory: Attempting to register factory for plugin cuFFT when one has already been registered
2025-04-17 01:05:10.905665: E external/local_xla/xla/stream_executor/cuda/cuda_fft.cc:467] Unable to register cuFFT factory: Attempting to register factory for plugin cuFFT when one has already been registered
WARNING: All log messages before absl::InitializeLog() is called are written to STDERR
WARNING: All log messages before absl::InitializeLog() is called are written to STDERR
WARNING: All log messages before absl::InitializeLog() is called are written to STDERR
WARNING: All log messages before absl::InitializeLog() is called are written to STDERR
WARNING: All log messages before absl::InitializeLog() is called are written to STDERR
WARNING: All log messages before absl::InitializeLog() is called are written to STDERR
WARNING: All log messages before absl::InitializeLog() is called are written to STDERR
E0000 00:00:1744844711.053982 2821783 cuda_dnn.cc:8579] Unable to register cuDNN factory: Attempting to register factory for plugin cuDNN when one has already been registered
WARNING: All log messages before absl::InitializeLog() is called are written to STDERR
E0000 00:00:1744844711.053966 2821798 cuda_dnn.cc:8579] Unable to register cuDNN factory: Attempting to register factory for plugin cuDNN when one has already been registered
WARNING: All log messages before absl::InitializeLog() is called are written to STDERR
WARNING: All log messages before absl::InitializeLog() is called are written to STDERR
WARNING: All log messages before absl::InitializeLog() is called are written to STDERR
WARNING: All log messages before absl::InitializeLog() is called are written to STDERR
E0000 00:00:1744844711.053984 2821791 cuda_dnn.cc:8579] Unable to register cuDNN factory: Attempting to register factory for plugin cuDNN when one has already been registered
WARNING: All log messages before absl::InitializeLog() is called are written to STDERR
WARNING: All log messages before absl::InitializeLog() is called are written to STDERR
E0000 00:00:1744844711.053979 2821790 cuda_dnn.cc:8579] Unable to register cuDNN factory: Attempting to register factory for plugin cuDNN when one has already been registered
WARNING: All log messages before absl::InitializeLog() is called are written to STDERR
E0000 00:00:1744844711.053976 2821788 cuda_dnn.cc:8579] Unable to register cuDNN factory: Attempting to register factory for plugin cuDNN when one has already been registered
E0000 00:00:1744844711.053973 2821785 cuda_dnn.cc:8579] Unable to register cuDNN factory: Attempting to register factory for plugin cuDNN when one has already been registered
E0000 00:00:1744844711.053990 2821794 cuda_dnn.cc:8579] Unable to register cuDNN factory: Attempting to register factory for plugin cuDNN when one has already been registered
E0000 00:00:1744844711.053991 2821789 cuda_dnn.cc:8579] Unable to register cuDNN factory: Attempting to register factory for plugin cuDNN when one has already been registered
E0000 00:00:1744844711.053996 2821792 cuda_dnn.cc:8579] Unable to register cuDNN factory: Attempting to register factory for plugin cuDNN when one has already been registered
E0000 00:00:1744844711.053998 2821797 cuda_dnn.cc:8579] Unable to register cuDNN factory: Attempting to register factory for plugin cuDNN when one has already been registered
E0000 00:00:1744844711.053992 2821795 cuda_dnn.cc:8579] Unable to register cuDNN factory: Attempting to register factory for plugin cuDNN when one has already been registered
E0000 00:00:1744844711.053990 2821796 cuda_dnn.cc:8579] Unable to register cuDNN factory: Attempting to register factory for plugin cuDNN when one has already been registered
E0000 00:00:1744844711.053999 2821784 cuda_dnn.cc:8579] Unable to register cuDNN factory: Attempting to register factory for plugin cuDNN when one has already been registered
E0000 00:00:1744844711.053975 2821786 cuda_dnn.cc:8579] Unable to register cuDNN factory: Attempting to register factory for plugin cuDNN when one has already been registered
E0000 00:00:1744844711.053999 2821787 cuda_dnn.cc:8579] Unable to register cuDNN factory: Attempting to register factory for plugin cuDNN when one has already been registered
WARNING: All log messages before absl::InitializeLog() is called are written to STDERR
E0000 00:00:1744844711.053999 2821793 cuda_dnn.cc:8579] Unable to register cuDNN factory: Attempting to register factory for plugin cuDNN when one has already been registered
E0000 00:00:1744844711.094544 2821789 cuda_blas.cc:1407] Unable to register cuBLAS factory: Attempting to register factory for plugin cuBLAS when one has already been registered
E0000 00:00:1744844711.094550 2821788 cuda_blas.cc:1407] Unable to register cuBLAS factory: Attempting to register factory for plugin cuBLAS when one has already been registered
E0000 00:00:1744844711.094553 2821790 cuda_blas.cc:1407] Unable to register cuBLAS factory: Attempting to register factory for plugin cuBLAS when one has already been registered
E0000 00:00:1744844711.094546 2821795 cuda_blas.cc:1407] Unable to register cuBLAS factory: Attempting to register factory for plugin cuBLAS when one has already been registered
E0000 00:00:1744844711.094553 2821787 cuda_blas.cc:1407] Unable to register cuBLAS factory: Attempting to register factory for plugin cuBLAS when one has already been registered
E0000 00:00:1744844711.094563 2821786 cuda_blas.cc:1407] Unable to register cuBLAS factory: Attempting to register factory for plugin cuBLAS when one has already been registered
E0000 00:00:1744844711.094568 2821783 cuda_blas.cc:1407] Unable to register cuBLAS factory: Attempting to register factory for plugin cuBLAS when one has already been registered
E0000 00:00:1744844711.094568 2821791 cuda_blas.cc:1407] Unable to register cuBLAS factory: Attempting to register factory for plugin cuBLAS when one has already been registered
E0000 00:00:1744844711.094564 2821797 cuda_blas.cc:1407] Unable to register cuBLAS factory: Attempting to register factory for plugin cuBLAS when one has already been registered
E0000 00:00:1744844711.094564 2821792 cuda_blas.cc:1407] Unable to register cuBLAS factory: Attempting to register factory for plugin cuBLAS when one has already been registered
E0000 00:00:1744844711.094564 2821785 cuda_blas.cc:1407] Unable to register cuBLAS factory: Attempting to register factory for plugin cuBLAS when one has already been registered
E0000 00:00:1744844711.094564 2821796 cuda_blas.cc:1407] Unable to register cuBLAS factory: Attempting to register factory for plugin cuBLAS when one has already been registered
E0000 00:00:1744844711.094564 2821784 cuda_blas.cc:1407] Unable to register cuBLAS factory: Attempting to register factory for plugin cuBLAS when one has already been registered
E0000 00:00:1744844711.094573 2821794 cuda_blas.cc:1407] Unable to register cuBLAS factory: Attempting to register factory for plugin cuBLAS when one has already been registered
E0000 00:00:1744844711.094569 2821793 cuda_blas.cc:1407] Unable to register cuBLAS factory: Attempting to register factory for plugin cuBLAS when one has already been registered
E0000 00:00:1744844711.094576 2821798 cuda_blas.cc:1407] Unable to register cuBLAS factory: Attempting to register factory for plugin cuBLAS when one has already been registered
W0000 00:00:1744844711.429617 2821783 computation_placer.cc:177] computation placer already registered. Please check linkage and avoid linking the same target more than once.
W0000 00:00:1744844711.429606 2821786 computation_placer.cc:177] computation placer already registered. Please check linkage and avoid linking the same target more than once.
W0000 00:00:1744844711.429619 2821789 computation_placer.cc:177] computation placer already registered. Please check linkage and avoid linking the same target more than once.
W0000 00:00:1744844711.429612 2821795 computation_placer.cc:177] computation placer already registered. Please check linkage and avoid linking the same target more than once.
W0000 00:00:1744844711.429662 2821789 computation_placer.cc:177] computation placer already registered. Please check linkage and avoid linking the same target more than once.
W0000 00:00:1744844711.429617 2821798 computation_placer.cc:177] computation placer already registered. Please check linkage and avoid linking the same target more than once.
W0000 00:00:1744844711.429651 2821783 computation_placer.cc:177] computation placer already registered. Please check linkage and avoid linking the same target more than once.
W0000 00:00:1744844711.429637 2821790 computation_placer.cc:177] computation placer already registered. Please check linkage and avoid linking the same target more than once.
W0000 00:00:1744844711.429654 2821786 computation_placer.cc:177] computation placer already registered. Please check linkage and avoid linking the same target more than once.
W0000 00:00:1744844711.429633 2821794 computation_placer.cc:177] computation placer already registered. Please check linkage and avoid linking the same target more than once.
W0000 00:00:1744844711.429631 2821797 computation_placer.cc:177] computation placer already registered. Please check linkage and avoid linking the same target more than once.
W0000 00:00:1744844711.429641 2821796 computation_placer.cc:177] computation placer already registered. Please check linkage and avoid linking the same target more than once.
W0000 00:00:1744844711.429634 2821784 computation_placer.cc:177] computation placer already registered. Please check linkage and avoid linking the same target more than once.
W0000 00:00:1744844711.429627 2821791 computation_placer.cc:177] computation placer already registered. Please check linkage and avoid linking the same target more than once.
W0000 00:00:1744844711.429648 2821787 computation_placer.cc:177] computation placer already registered. Please check linkage and avoid linking the same target more than once.
W0000 00:00:1744844711.429667 2821789 computation_placer.cc:177] computation placer already registered. Please check linkage and avoid linking the same target more than once.
W0000 00:00:1744844711.429667 2821795 computation_placer.cc:177] computation placer already registered. Please check linkage and avoid linking the same target more than once.
W0000 00:00:1744844711.429656 2821788 computation_placer.cc:177] computation placer already registered. Please check linkage and avoid linking the same target more than once.
W0000 00:00:1744844711.429662 2821793 computation_placer.cc:177] computation placer already registered. Please check linkage and avoid linking the same target more than once.
W0000 00:00:1744844711.429677 2821798 computation_placer.cc:177] computation placer already registered. Please check linkage and avoid linking the same target more than once.
W0000 00:00:1744844711.429678 2821783 computation_placer.cc:177] computation placer already registered. Please check linkage and avoid linking the same target more than once.
W0000 00:00:1744844711.429681 2821790 computation_placer.cc:177] computation placer already registered. Please check linkage and avoid linking the same target more than once.
W0000 00:00:1744844711.429683 2821786 computation_placer.cc:177] computation placer already registered. Please check linkage and avoid linking the same target more than once.
W0000 00:00:1744844711.429633 2821785 computation_placer.cc:177] computation placer already registered. Please check linkage and avoid linking the same target more than once.
W0000 00:00:1744844711.429696 2821794 computation_placer.cc:177] computation placer already registered. Please check linkage and avoid linking the same target more than once.
W0000 00:00:1744844711.429697 2821797 computation_placer.cc:177] computation placer already registered. Please check linkage and avoid linking the same target more than once.
W0000 00:00:1744844711.429702 2821796 computation_placer.cc:177] computation placer already registered. Please check linkage and avoid linking the same target more than once.
W0000 00:00:1744844711.429637 2821792 computation_placer.cc:177] computation placer already registered. Please check linkage and avoid linking the same target more than once.
W0000 00:00:1744844711.429707 2821784 computation_placer.cc:177] computation placer already registered. Please check linkage and avoid linking the same target more than once.
W0000 00:00:1744844711.429710 2821791 computation_placer.cc:177] computation placer already registered. Please check linkage and avoid linking the same target more than once.
W0000 00:00:1744844711.429714 2821787 computation_placer.cc:177] computation placer already registered. Please check linkage and avoid linking the same target more than once.
W0000 00:00:1744844711.429715 2821789 computation_placer.cc:177] computation placer already registered. Please check linkage and avoid linking the same target more than once.
W0000 00:00:1744844711.429717 2821795 computation_placer.cc:177] computation placer already registered. Please check linkage and avoid linking the same target more than once.
W0000 00:00:1744844711.429721 2821788 computation_placer.cc:177] computation placer already registered. Please check linkage and avoid linking the same target more than once.
W0000 00:00:1744844711.429725 2821793 computation_placer.cc:177] computation placer already registered. Please check linkage and avoid linking the same target more than once.
W0000 00:00:1744844711.429763 2821795 computation_placer.cc:177] computation placer already registered. Please check linkage and avoid linking the same target more than once.
W0000 00:00:1744844711.429726 2821798 computation_placer.cc:177] computation placer already registered. Please check linkage and avoid linking the same target more than once.
W0000 00:00:1744844711.429728 2821783 computation_placer.cc:177] computation placer already registered. Please check linkage and avoid linking the same target more than once.
W0000 00:00:1744844711.429730 2821790 computation_placer.cc:177] computation placer already registered. Please check linkage and avoid linking the same target more than once.
W0000 00:00:1744844711.429732 2821786 computation_placer.cc:177] computation placer already registered. Please check linkage and avoid linking the same target more than once.
W0000 00:00:1744844711.429738 2821794 computation_placer.cc:177] computation placer already registered. Please check linkage and avoid linking the same target more than once.
W0000 00:00:1744844711.429738 2821785 computation_placer.cc:177] computation placer already registered. Please check linkage and avoid linking the same target more than once.
W0000 00:00:1744844711.429739 2821797 computation_placer.cc:177] computation placer already registered. Please check linkage and avoid linking the same target more than once.
W0000 00:00:1744844711.429742 2821796 computation_placer.cc:177] computation placer already registered. Please check linkage and avoid linking the same target more than once.
W0000 00:00:1744844711.429749 2821792 computation_placer.cc:177] computation placer already registered. Please check linkage and avoid linking the same target more than once.
W0000 00:00:1744844711.429789 2821796 computation_placer.cc:177] computation placer already registered. Please check linkage and avoid linking the same target more than once.
W0000 00:00:1744844711.429749 2821784 computation_placer.cc:177] computation placer already registered. Please check linkage and avoid linking the same target more than once.
W0000 00:00:1744844711.429793 2821792 computation_placer.cc:177] computation placer already registered. Please check linkage and avoid linking the same target more than once.
W0000 00:00:1744844711.429757 2821791 computation_placer.cc:177] computation placer already registered. Please check linkage and avoid linking the same target more than once.
W0000 00:00:1744844711.429758 2821787 computation_placer.cc:177] computation placer already registered. Please check linkage and avoid linking the same target more than once.
W0000 00:00:1744844711.429765 2821788 computation_placer.cc:177] computation placer already registered. Please check linkage and avoid linking the same target more than once.
W0000 00:00:1744844711.429768 2821793 computation_placer.cc:177] computation placer already registered. Please check linkage and avoid linking the same target more than once.
W0000 00:00:1744844711.429773 2821798 computation_placer.cc:177] computation placer already registered. Please check linkage and avoid linking the same target more than once.
W0000 00:00:1744844711.429775 2821790 computation_placer.cc:177] computation placer already registered. Please check linkage and avoid linking the same target more than once.
W0000 00:00:1744844711.429782 2821794 computation_placer.cc:177] computation placer already registered. Please check linkage and avoid linking the same target more than once.
W0000 00:00:1744844711.429785 2821785 computation_placer.cc:177] computation placer already registered. Please check linkage and avoid linking the same target more than once.
W0000 00:00:1744844711.429787 2821797 computation_placer.cc:177] computation placer already registered. Please check linkage and avoid linking the same target more than once.
W0000 00:00:1744844711.429798 2821784 computation_placer.cc:177] computation placer already registered. Please check linkage and avoid linking the same target more than once.
W0000 00:00:1744844711.429800 2821792 computation_placer.cc:177] computation placer already registered. Please check linkage and avoid linking the same target more than once.
W0000 00:00:1744844711.429801 2821791 computation_placer.cc:177] computation placer already registered. Please check linkage and avoid linking the same target more than once.
W0000 00:00:1744844711.429804 2821787 computation_placer.cc:177] computation placer already registered. Please check linkage and avoid linking the same target more than once.
W0000 00:00:1744844711.429807 2821788 computation_placer.cc:177] computation placer already registered. Please check linkage and avoid linking the same target more than once.
W0000 00:00:1744844711.429809 2821793 computation_placer.cc:177] computation placer already registered. Please check linkage and avoid linking the same target more than once.
W0000 00:00:1744844711.429824 2821785 computation_placer.cc:177] computation placer already registered. Please check linkage and avoid linking the same target more than once.
2025-04-17 01:05:11.465216: I tensorflow/core/platform/cpu_feature_guard.cc:210] This TensorFlow binary is optimized to use available CPU instructions in performance-critical operations.
To enable the following instructions: AVX2 AVX512F FMA, in other operations, rebuild TensorFlow with the appropriate compiler flags.
2025-04-17 01:05:11.465216: I tensorflow/core/platform/cpu_feature_guard.cc:210] This TensorFlow binary is optimized to use available CPU instructions in performance-critical operations.
To enable the following instructions: AVX2 AVX512F FMA, in other operations, rebuild TensorFlow with the appropriate compiler flags.
2025-04-17 01:05:11.465212: I tensorflow/core/platform/cpu_feature_guard.cc:210] This TensorFlow binary is optimized to use available CPU instructions in performance-critical operations.
To enable the following instructions: AVX2 AVX512F FMA, in other operations, rebuild TensorFlow with the appropriate compiler flags.
2025-04-17 01:05:11.465274: I tensorflow/core/platform/cpu_feature_guard.cc:210] This TensorFlow binary is optimized to use available CPU instructions in performance-critical operations.
To enable the following instructions: AVX2 AVX512F FMA, in other operations, rebuild TensorFlow with the appropriate compiler flags.
2025-04-17 01:05:11.465269: I tensorflow/core/platform/cpu_feature_guard.cc:210] This TensorFlow binary is optimized to use available CPU instructions in performance-critical operations.
To enable the following instructions: AVX2 AVX512F FMA, in other operations, rebuild TensorFlow with the appropriate compiler flags.
2025-04-17 01:05:11.465277: I tensorflow/core/platform/cpu_feature_guard.cc:210] This TensorFlow binary is optimized to use available CPU instructions in performance-critical operations.
To enable the following instructions: AVX2 AVX512F FMA, in other operations, rebuild TensorFlow with the appropriate compiler flags.
2025-04-17 01:05:11.465278: I tensorflow/core/platform/cpu_feature_guard.cc:210] This TensorFlow binary is optimized to use available CPU instructions in performance-critical operations.
To enable the following instructions: AVX2 AVX512F FMA, in other operations, rebuild TensorFlow with the appropriate compiler flags.
2025-04-17 01:05:11.465417: I tensorflow/core/platform/cpu_feature_guard.cc:210] This TensorFlow binary is optimized to use available CPU instructions in performance-critical operations.
To enable the following instructions: AVX2 AVX512F FMA, in other operations, rebuild TensorFlow with the appropriate compiler flags.
2025-04-17 01:05:11.465464: I tensorflow/core/platform/cpu_feature_guard.cc:210] This TensorFlow binary is optimized to use available CPU instructions in performance-critical operations.
To enable the following instructions: AVX2 AVX512F FMA, in other operations, rebuild TensorFlow with the appropriate compiler flags.
2025-04-17 01:05:11.465467: I tensorflow/core/platform/cpu_feature_guard.cc:210] This TensorFlow binary is optimized to use available CPU instructions in performance-critical operations.
To enable the following instructions: AVX2 AVX512F FMA, in other operations, rebuild TensorFlow with the appropriate compiler flags.
2025-04-17 01:05:11.465508: I tensorflow/core/platform/cpu_feature_guard.cc:210] This TensorFlow binary is optimized to use available CPU instructions in performance-critical operations.
To enable the following instructions: AVX2 AVX512F FMA, in other operations, rebuild TensorFlow with the appropriate compiler flags.
2025-04-17 01:05:11.465510: I tensorflow/core/platform/cpu_feature_guard.cc:210] This TensorFlow binary is optimized to use available CPU instructions in performance-critical operations.
To enable the following instructions: AVX2 AVX512F FMA, in other operations, rebuild TensorFlow with the appropriate compiler flags.
2025-04-17 01:05:11.465556: I tensorflow/core/platform/cpu_feature_guard.cc:210] This TensorFlow binary is optimized to use available CPU instructions in performance-critical operations.
To enable the following instructions: AVX2 AVX512F FMA, in other operations, rebuild TensorFlow with the appropriate compiler flags.
2025-04-17 01:05:11.466330: I tensorflow/core/platform/cpu_feature_guard.cc:210] This TensorFlow binary is optimized to use available CPU instructions in performance-critical operations.
To enable the following instructions: AVX2 AVX512F FMA, in other operations, rebuild TensorFlow with the appropriate compiler flags.
2025-04-17 01:05:11.466543: I tensorflow/core/platform/cpu_feature_guard.cc:210] This TensorFlow binary is optimized to use available CPU instructions in performance-critical operations.
To enable the following instructions: AVX2 AVX512F FMA, in other operations, rebuild TensorFlow with the appropriate compiler flags.
2025-04-17 01:05:11.466558: I tensorflow/core/platform/cpu_feature_guard.cc:210] This TensorFlow binary is optimized to use available CPU instructions in performance-critical operations.
To enable the following instructions: AVX2 AVX512F FMA, in other operations, rebuild TensorFlow with the appropriate compiler flags.
2025-04-17 01:05:32.825318: E external/local_xla/xla/stream_executor/cuda/cuda_platform.cc:51] failed call to cuInit: INTERNAL: CUDA error: Failed call to cuInit: UNKNOWN ERROR (303)
2025-04-17 01:05:33.035328: E external/local_xla/xla/stream_executor/cuda/cuda_platform.cc:51] failed call to cuInit: INTERNAL: CUDA error: Failed call to cuInit: UNKNOWN ERROR (303)
2025-04-17 01:05:33.192624: E external/local_xla/xla/stream_executor/cuda/cuda_platform.cc:51] failed call to cuInit: INTERNAL: CUDA error: Failed call to cuInit: UNKNOWN ERROR (303)
2025-04-17 01:05:33.262272: E external/local_xla/xla/stream_executor/cuda/cuda_platform.cc:51] failed call to cuInit: INTERNAL: CUDA error: Failed call to cuInit: UNKNOWN ERROR (303)
2025-04-17 01:05:33.328737: E external/local_xla/xla/stream_executor/cuda/cuda_platform.cc:51] failed call to cuInit: INTERNAL: CUDA error: Failed call to cuInit: UNKNOWN ERROR (303)
2025-04-17 01:05:33.349582: E external/local_xla/xla/stream_executor/cuda/cuda_platform.cc:51] failed call to cuInit: INTERNAL: CUDA error: Failed call to cuInit: UNKNOWN ERROR (303)
2025-04-17 01:05:33.498832: E external/local_xla/xla/stream_executor/cuda/cuda_platform.cc:51] failed call to cuInit: INTERNAL: CUDA error: Failed call to cuInit: UNKNOWN ERROR (303)
2025-04-17 01:05:33.522478: E external/local_xla/xla/stream_executor/cuda/cuda_platform.cc:51] failed call to cuInit: INTERNAL: CUDA error: Failed call to cuInit: UNKNOWN ERROR (303)
2025-04-17 01:05:33.604103: E external/local_xla/xla/stream_executor/cuda/cuda_platform.cc:51] failed call to cuInit: INTERNAL: CUDA error: Failed call to cuInit: UNKNOWN ERROR (303)
2025-04-17 01:05:33.615662: E external/local_xla/xla/stream_executor/cuda/cuda_platform.cc:51] failed call to cuInit: INTERNAL: CUDA error: Failed call to cuInit: UNKNOWN ERROR (303)
2025-04-17 01:05:33.769095: E external/local_xla/xla/stream_executor/cuda/cuda_platform.cc:51] failed call to cuInit: INTERNAL: CUDA error: Failed call to cuInit: UNKNOWN ERROR (303)
2025-04-17 01:05:33.775019: E external/local_xla/xla/stream_executor/cuda/cuda_platform.cc:51] failed call to cuInit: INTERNAL: CUDA error: Failed call to cuInit: UNKNOWN ERROR (303)
2025-04-17 01:05:33.913851: E external/local_xla/xla/stream_executor/cuda/cuda_platform.cc:51] failed call to cuInit: INTERNAL: CUDA error: Failed call to cuInit: UNKNOWN ERROR (303)
2025-04-17 01:05:33.921154: E external/local_xla/xla/stream_executor/cuda/cuda_platform.cc:51] failed call to cuInit: INTERNAL: CUDA error: Failed call to cuInit: UNKNOWN ERROR (303)
2025-04-17 01:05:33.939041: E external/local_xla/xla/stream_executor/cuda/cuda_platform.cc:51] failed call to cuInit: INTERNAL: CUDA error: Failed call to cuInit: UNKNOWN ERROR (303)
2025-04-17 01:05:34.129370: E external/local_xla/xla/stream_executor/cuda/cuda_platform.cc:51] failed call to cuInit: INTERNAL: CUDA error: Failed call to cuInit: UNKNOWN ERROR (303)
Running simulation...
start the learn masses function
saved results for system 15
Running simulation...
start the learn masses function
saved results for system 16
Running simulation...
start the learn masses function
saved results for system 17
Running simulation...
start the learn masses function
saved results for system 54
Running simulation...
start the learn masses function
saved results for system 55
Running simulation...
start the learn masses function
saved results for system 56
Running simulation...
start the learn masses function
saved results for system 102
Running simulation...
start the learn masses function
saved results for system 103
Running simulation...
start the learn masses function
saved results for system 104
Running simulation...
start the learn masses function
saved results for system 36
Running simulation...
start the learn masses function
saved results for system 37
Running simulation...
start the learn masses function
saved results for system 38
Running simulation...
start the learn masses function
saved results for system 57
Running simulation...
start the learn masses function
saved results for system 58
Running simulation...
start the learn masses function
saved results for system 59
Running simulation...
start the learn masses function
saved results for system 108
Running simulation...
start the learn masses function
saved results for system 109
Running simulation...
start the learn masses function
saved results for system 110
Running simulation...
start the learn masses function
saved results for system 39
Running simulation...
start the learn masses function
saved results for system 40
Running simulation...
start the learn masses function
saved results for system 41
Running simulation...
start the learn masses function
saved results for system 48
Running simulation...
start the learn masses function
saved results for system 49
Running simulation...
start the learn masses function
saved results for system 50
Running simulation...
start the learn masses function
saved results for system 96
Running simulation...
start the learn masses function
saved results for system 97
Running simulation...
start the learn masses function
saved results for system 98
Running simulation...
start the learn masses function
saved results for system 144
Running simulation...
start the learn masses function
saved results for system 145
Running simulation...
start the learn masses function
saved results for system 146
Running simulation...
start the learn masses function
saved results for system 24
Running simulation...
start the learn masses function
saved results for system 25
Running simulation...
start the learn masses function
saved results for system 26
Running simulation...
start the learn masses function
saved results for system 63
Running simulation...
start the learn masses function
saved results for system 64
Running simulation...
start the learn masses function
saved results for system 65
Running simulation...
start the learn masses function
saved results for system 111
Running simulation...
start the learn masses function
saved results for system 112
Running simulation...
start the learn masses function
saved results for system 113
Running simulation...
start the learn masses function
saved results for system 9
Running simulation...
start the learn masses function
saved results for system 10
Running simulation...
start the learn masses function
saved results for system 11
Running simulation...
start the learn masses function
saved results for system 66
Running simulation...
start the learn masses function
saved results for system 67
Running simulation...
start the learn masses function
saved results for system 68
Running simulation...
start the learn masses function
saved results for system 114
Running simulation...
start the learn masses function
saved results for system 115
Running simulation...
start the learn masses function
saved results for system 116
Running simulation...
start the learn masses function
saved results for system 0
Running simulation...
start the learn masses function
saved results for system 1
Running simulation...
start the learn masses function
saved results for system 2
Running simulation...
start the learn masses function
saved results for system 51
Running simulation...
start the learn masses function
saved results for system 52
Running simulation...
start the learn masses function
saved results for system 53
Running simulation...
start the learn masses function
saved results for system 99
Running simulation...
start the learn masses function
saved results for system 100
Running simulation...
start the learn masses function
saved results for system 101
Running simulation...
start the learn masses function
saved results for system 147
Running simulation...
start the learn masses function
saved results for system 148
Running simulation...
start the learn masses function
saved results for system 149
Running simulation...
start the learn masses function
saved results for system 27
Running simulation...
start the learn masses function
saved results for system 28
Running simulation...
start the learn masses function
saved results for system 29
Running simulation...
start the learn masses function
saved results for system 69
Running simulation...
start the learn masses function
saved results for system 70
Running simulation...
start the learn masses function
saved results for system 71
Running simulation...
start the learn masses function
saved results for system 117
Running simulation...
start the learn masses function
saved results for system 118
Running simulation...
start the learn masses function
saved results for system 119
Running simulation...
start the learn masses function
saved results for system 3
Running simulation...
start the learn masses function
saved results for system 4
Running simulation...
start the learn masses function
saved results for system 5
Running simulation...
start the learn masses function
saved results for system 72
Running simulation...
start the learn masses function
saved results for system 73
Running simulation...
start the learn masses function
saved results for system 74
Running simulation...
start the learn masses function
saved results for system 120
Running simulation...
start the learn masses function
saved results for system 121
Running simulation...
start the learn masses function
saved results for system 122
Running simulation...
start the learn masses function
saved results for system 33
Running simulation...
start the learn masses function
saved results for system 34
Running simulation...
start the learn masses function
saved results for system 35
Running simulation...
start the learn masses function
saved results for system 78
Running simulation...
start the learn masses function
saved results for system 79
Running simulation...
start the learn masses function
saved results for system 80
Running simulation...
start the learn masses function
saved results for system 123
Running simulation...
start the learn masses function
saved results for system 124
Running simulation...
start the learn masses function
saved results for system 125
Running simulation...
start the learn masses function
saved results for system 6
Running simulation...
start the learn masses function
saved results for system 7
Running simulation...
start the learn masses function
saved results for system 8
Running simulation...
start the learn masses function
saved results for system 75
Running simulation...
start the learn masses function
saved results for system 76
Running simulation...
start the learn masses function
saved results for system 77
Running simulation...
start the learn masses function
saved results for system 126
Running simulation...
start the learn masses function
saved results for system 127
Running simulation...
start the learn masses function
saved results for system 128
Running simulation...
start the learn masses function
saved results for system 18
Running simulation...
start the learn masses function
saved results for system 19
Running simulation...
start the learn masses function
saved results for system 20
Running simulation...
start the learn masses function
saved results for system 60
Running simulation...
start the learn masses function
saved results for system 61
Running simulation...
start the learn masses function
saved results for system 62
Running simulation...
start the learn masses function
saved results for system 105
Running simulation...
start the learn masses function
saved results for system 106
Running simulation...
start the learn masses function
saved results for system 107
Running simulation...
start the learn masses function
saved results for system 45
Running simulation...
start the learn masses function
saved results for system 46
Running simulation...
start the learn masses function
saved results for system 47
Running simulation...
start the learn masses function
saved results for system 90
Running simulation...
start the learn masses function
saved results for system 91
Running simulation...
start the learn masses function
saved results for system 92
Running simulation...
start the learn masses function
saved results for system 135
Running simulation...
start the learn masses function
saved results for system 136
Running simulation...
start the learn masses function
saved results for system 137
Running simulation...
start the learn masses function
saved results for system 42
Running simulation...
start the learn masses function
saved results for system 43
Running simulation...
start the learn masses function
saved results for system 44
Running simulation...
start the learn masses function
saved results for system 87
Running simulation...
start the learn masses function
saved results for system 88
Running simulation...
start the learn masses function
saved results for system 89
Running simulation...
start the learn masses function
saved results for system 141
Running simulation...
start the learn masses function
saved results for system 142
Running simulation...
start the learn masses function
saved results for system 143
Running simulation...
start the learn masses function
saved results for system 12
Running simulation...
start the learn masses function
saved results for system 13
Running simulation...
start the learn masses function
saved results for system 14
Running simulation...
start the learn masses function
saved results for system 81
Running simulation...
start the learn masses function
saved results for system 82
Running simulation...
start the learn masses function
saved results for system 83
Running simulation...
start the learn masses function
saved results for system 132
Running simulation...
start the learn masses function
saved results for system 133
Running simulation...
start the learn masses function
saved results for system 134
output_file /home/s2818760/MasterProj/KIN_optimizer/Validation/val_results/3983424/150_systems_0.001_10_3983424.h5
All files merged into /home/s2818760/MasterProj/KIN_optimizer/Validation/val_results/3983424/150_systems_0.001_10_3983424.h5
Deleted file: /home/s2818760/MasterProj/KIN_optimizer/Validation/val_results/3983424/mp_results/0_of_150_systems_0.001_10.h5
Deleted file: /home/s2818760/MasterProj/KIN_optimizer/Validation/val_results/3983424/mp_results/100_of_150_systems_0.001_10.h5
Deleted file: /home/s2818760/MasterProj/KIN_optimizer/Validation/val_results/3983424/mp_results/101_of_150_systems_0.001_10.h5
Deleted file: /home/s2818760/MasterProj/KIN_optimizer/Validation/val_results/3983424/mp_results/102_of_150_systems_0.001_10.h5
Deleted file: /home/s2818760/MasterProj/KIN_optimizer/Validation/val_results/3983424/mp_results/103_of_150_systems_0.001_10.h5
Deleted file: /home/s2818760/MasterProj/KIN_optimizer/Validation/val_results/3983424/mp_results/104_of_150_systems_0.001_10.h5
Deleted file: /home/s2818760/MasterProj/KIN_optimizer/Validation/val_results/3983424/mp_results/105_of_150_systems_0.001_10.h5
Deleted file: /home/s2818760/MasterProj/KIN_optimizer/Validation/val_results/3983424/mp_results/106_of_150_systems_0.001_10.h5
Deleted file: /home/s2818760/MasterProj/KIN_optimizer/Validation/val_results/3983424/mp_results/107_of_150_systems_0.001_10.h5
Deleted file: /home/s2818760/MasterProj/KIN_optimizer/Validation/val_results/3983424/mp_results/108_of_150_systems_0.001_10.h5
Deleted file: /home/s2818760/MasterProj/KIN_optimizer/Validation/val_results/3983424/mp_results/109_of_150_systems_0.001_10.h5
Deleted file: /home/s2818760/MasterProj/KIN_optimizer/Validation/val_results/3983424/mp_results/10_of_150_systems_0.001_10.h5
Deleted file: /home/s2818760/MasterProj/KIN_optimizer/Validation/val_results/3983424/mp_results/110_of_150_systems_0.001_10.h5
Deleted file: /home/s2818760/MasterProj/KIN_optimizer/Validation/val_results/3983424/mp_results/111_of_150_systems_0.001_10.h5
Deleted file: /home/s2818760/MasterProj/KIN_optimizer/Validation/val_results/3983424/mp_results/112_of_150_systems_0.001_10.h5
Deleted file: /home/s2818760/MasterProj/KIN_optimizer/Validation/val_results/3983424/mp_results/113_of_150_systems_0.001_10.h5
Deleted file: /home/s2818760/MasterProj/KIN_optimizer/Validation/val_results/3983424/mp_results/114_of_150_systems_0.001_10.h5
Deleted file: /home/s2818760/MasterProj/KIN_optimizer/Validation/val_results/3983424/mp_results/115_of_150_systems_0.001_10.h5
Deleted file: /home/s2818760/MasterProj/KIN_optimizer/Validation/val_results/3983424/mp_results/116_of_150_systems_0.001_10.h5
Deleted file: /home/s2818760/MasterProj/KIN_optimizer/Validation/val_results/3983424/mp_results/117_of_150_systems_0.001_10.h5
Deleted file: /home/s2818760/MasterProj/KIN_optimizer/Validation/val_results/3983424/mp_results/118_of_150_systems_0.001_10.h5
Deleted file: /home/s2818760/MasterProj/KIN_optimizer/Validation/val_results/3983424/mp_results/119_of_150_systems_0.001_10.h5
Deleted file: /home/s2818760/MasterProj/KIN_optimizer/Validation/val_results/3983424/mp_results/11_of_150_systems_0.001_10.h5
Deleted file: /home/s2818760/MasterProj/KIN_optimizer/Validation/val_results/3983424/mp_results/120_of_150_systems_0.001_10.h5
Deleted file: /home/s2818760/MasterProj/KIN_optimizer/Validation/val_results/3983424/mp_results/121_of_150_systems_0.001_10.h5
Deleted file: /home/s2818760/MasterProj/KIN_optimizer/Validation/val_results/3983424/mp_results/122_of_150_systems_0.001_10.h5
Deleted file: /home/s2818760/MasterProj/KIN_optimizer/Validation/val_results/3983424/mp_results/123_of_150_systems_0.001_10.h5
Deleted file: /home/s2818760/MasterProj/KIN_optimizer/Validation/val_results/3983424/mp_results/124_of_150_systems_0.001_10.h5
Deleted file: /home/s2818760/MasterProj/KIN_optimizer/Validation/val_results/3983424/mp_results/125_of_150_systems_0.001_10.h5
Deleted file: /home/s2818760/MasterProj/KIN_optimizer/Validation/val_results/3983424/mp_results/126_of_150_systems_0.001_10.h5
Deleted file: /home/s2818760/MasterProj/KIN_optimizer/Validation/val_results/3983424/mp_results/127_of_150_systems_0.001_10.h5
Deleted file: /home/s2818760/MasterProj/KIN_optimizer/Validation/val_results/3983424/mp_results/128_of_150_systems_0.001_10.h5
Deleted file: /home/s2818760/MasterProj/KIN_optimizer/Validation/val_results/3983424/mp_results/129_of_150_systems_0.001_10.h5
Deleted file: /home/s2818760/MasterProj/KIN_optimizer/Validation/val_results/3983424/mp_results/12_of_150_systems_0.001_10.h5
Deleted file: /home/s2818760/MasterProj/KIN_optimizer/Validation/val_results/3983424/mp_results/130_of_150_systems_0.001_10.h5
Deleted file: /home/s2818760/MasterProj/KIN_optimizer/Validation/val_results/3983424/mp_results/131_of_150_systems_0.001_10.h5
Deleted file: /home/s2818760/MasterProj/KIN_optimizer/Validation/val_results/3983424/mp_results/132_of_150_systems_0.001_10.h5
Deleted file: /home/s2818760/MasterProj/KIN_optimizer/Validation/val_results/3983424/mp_results/133_of_150_systems_0.001_10.h5
Deleted file: /home/s2818760/MasterProj/KIN_optimizer/Validation/val_results/3983424/mp_results/134_of_150_systems_0.001_10.h5
Deleted file: /home/s2818760/MasterProj/KIN_optimizer/Validation/val_results/3983424/mp_results/135_of_150_systems_0.001_10.h5
Deleted file: /home/s2818760/MasterProj/KIN_optimizer/Validation/val_results/3983424/mp_results/136_of_150_systems_0.001_10.h5
Deleted file: /home/s2818760/MasterProj/KIN_optimizer/Validation/val_results/3983424/mp_results/137_of_150_systems_0.001_10.h5
Deleted file: /home/s2818760/MasterProj/KIN_optimizer/Validation/val_results/3983424/mp_results/138_of_150_systems_0.001_10.h5
Deleted file: /home/s2818760/MasterProj/KIN_optimizer/Validation/val_results/3983424/mp_results/139_of_150_systems_0.001_10.h5
Deleted file: /home/s2818760/MasterProj/KIN_optimizer/Validation/val_results/3983424/mp_results/13_of_150_systems_0.001_10.h5
Deleted file: /home/s2818760/MasterProj/KIN_optimizer/Validation/val_results/3983424/mp_results/140_of_150_systems_0.001_10.h5
Deleted file: /home/s2818760/MasterProj/KIN_optimizer/Validation/val_results/3983424/mp_results/141_of_150_systems_0.001_10.h5
Deleted file: /home/s2818760/MasterProj/KIN_optimizer/Validation/val_results/3983424/mp_results/142_of_150_systems_0.001_10.h5
Deleted file: /home/s2818760/MasterProj/KIN_optimizer/Validation/val_results/3983424/mp_results/143_of_150_systems_0.001_10.h5
Deleted file: /home/s2818760/MasterProj/KIN_optimizer/Validation/val_results/3983424/mp_results/144_of_150_systems_0.001_10.h5
Deleted file: /home/s2818760/MasterProj/KIN_optimizer/Validation/val_results/3983424/mp_results/145_of_150_systems_0.001_10.h5
Deleted file: /home/s2818760/MasterProj/KIN_optimizer/Validation/val_results/3983424/mp_results/146_of_150_systems_0.001_10.h5
Deleted file: /home/s2818760/MasterProj/KIN_optimizer/Validation/val_results/3983424/mp_results/147_of_150_systems_0.001_10.h5
Deleted file: /home/s2818760/MasterProj/KIN_optimizer/Validation/val_results/3983424/mp_results/148_of_150_systems_0.001_10.h5
Deleted file: /home/s2818760/MasterProj/KIN_optimizer/Validation/val_results/3983424/mp_results/149_of_150_systems_0.001_10.h5
Deleted file: /home/s2818760/MasterProj/KIN_optimizer/Validation/val_results/3983424/mp_results/14_of_150_systems_0.001_10.h5
Deleted file: /home/s2818760/MasterProj/KIN_optimizer/Validation/val_results/3983424/mp_results/15_of_150_systems_0.001_10.h5
Deleted file: /home/s2818760/MasterProj/KIN_optimizer/Validation/val_results/3983424/mp_results/16_of_150_systems_0.001_10.h5
Deleted file: /home/s2818760/MasterProj/KIN_optimizer/Validation/val_results/3983424/mp_results/17_of_150_systems_0.001_10.h5
Deleted file: /home/s2818760/MasterProj/KIN_optimizer/Validation/val_results/3983424/mp_results/18_of_150_systems_0.001_10.h5
Deleted file: /home/s2818760/MasterProj/KIN_optimizer/Validation/val_results/3983424/mp_results/19_of_150_systems_0.001_10.h5
Deleted file: /home/s2818760/MasterProj/KIN_optimizer/Validation/val_results/3983424/mp_results/1_of_150_systems_0.001_10.h5
Deleted file: /home/s2818760/MasterProj/KIN_optimizer/Validation/val_results/3983424/mp_results/20_of_150_systems_0.001_10.h5
Deleted file: /home/s2818760/MasterProj/KIN_optimizer/Validation/val_results/3983424/mp_results/21_of_150_systems_0.001_10.h5
Deleted file: /home/s2818760/MasterProj/KIN_optimizer/Validation/val_results/3983424/mp_results/22_of_150_systems_0.001_10.h5
Deleted file: /home/s2818760/MasterProj/KIN_optimizer/Validation/val_results/3983424/mp_results/23_of_150_systems_0.001_10.h5
Deleted file: /home/s2818760/MasterProj/KIN_optimizer/Validation/val_results/3983424/mp_results/24_of_150_systems_0.001_10.h5
Deleted file: /home/s2818760/MasterProj/KIN_optimizer/Validation/val_results/3983424/mp_results/25_of_150_systems_0.001_10.h5
Deleted file: /home/s2818760/MasterProj/KIN_optimizer/Validation/val_results/3983424/mp_results/26_of_150_systems_0.001_10.h5
Deleted file: /home/s2818760/MasterProj/KIN_optimizer/Validation/val_results/3983424/mp_results/27_of_150_systems_0.001_10.h5
Deleted file: /home/s2818760/MasterProj/KIN_optimizer/Validation/val_results/3983424/mp_results/28_of_150_systems_0.001_10.h5
Deleted file: /home/s2818760/MasterProj/KIN_optimizer/Validation/val_results/3983424/mp_results/29_of_150_systems_0.001_10.h5
Deleted file: /home/s2818760/MasterProj/KIN_optimizer/Validation/val_results/3983424/mp_results/2_of_150_systems_0.001_10.h5
Deleted file: /home/s2818760/MasterProj/KIN_optimizer/Validation/val_results/3983424/mp_results/30_of_150_systems_0.001_10.h5
Deleted file: /home/s2818760/MasterProj/KIN_optimizer/Validation/val_results/3983424/mp_results/31_of_150_systems_0.001_10.h5
Deleted file: /home/s2818760/MasterProj/KIN_optimizer/Validation/val_results/3983424/mp_results/32_of_150_systems_0.001_10.h5
Deleted file: /home/s2818760/MasterProj/KIN_optimizer/Validation/val_results/3983424/mp_results/33_of_150_systems_0.001_10.h5
Deleted file: /home/s2818760/MasterProj/KIN_optimizer/Validation/val_results/3983424/mp_results/34_of_150_systems_0.001_10.h5
Deleted file: /home/s2818760/MasterProj/KIN_optimizer/Validation/val_results/3983424/mp_results/35_of_150_systems_0.001_10.h5
Deleted file: /home/s2818760/MasterProj/KIN_optimizer/Validation/val_results/3983424/mp_results/36_of_150_systems_0.001_10.h5
Deleted file: /home/s2818760/MasterProj/KIN_optimizer/Validation/val_results/3983424/mp_results/37_of_150_systems_0.001_10.h5
Deleted file: /home/s2818760/MasterProj/KIN_optimizer/Validation/val_results/3983424/mp_results/38_of_150_systems_0.001_10.h5
Deleted file: /home/s2818760/MasterProj/KIN_optimizer/Validation/val_results/3983424/mp_results/39_of_150_systems_0.001_10.h5
Deleted file: /home/s2818760/MasterProj/KIN_optimizer/Validation/val_results/3983424/mp_results/3_of_150_systems_0.001_10.h5
Deleted file: /home/s2818760/MasterProj/KIN_optimizer/Validation/val_results/3983424/mp_results/40_of_150_systems_0.001_10.h5
Deleted file: /home/s2818760/MasterProj/KIN_optimizer/Validation/val_results/3983424/mp_results/41_of_150_systems_0.001_10.h5
Deleted file: /home/s2818760/MasterProj/KIN_optimizer/Validation/val_results/3983424/mp_results/42_of_150_systems_0.001_10.h5
Deleted file: /home/s2818760/MasterProj/KIN_optimizer/Validation/val_results/3983424/mp_results/43_of_150_systems_0.001_10.h5
Deleted file: /home/s2818760/MasterProj/KIN_optimizer/Validation/val_results/3983424/mp_results/44_of_150_systems_0.001_10.h5
Deleted file: /home/s2818760/MasterProj/KIN_optimizer/Validation/val_results/3983424/mp_results/45_of_150_systems_0.001_10.h5
Deleted file: /home/s2818760/MasterProj/KIN_optimizer/Validation/val_results/3983424/mp_results/46_of_150_systems_0.001_10.h5
Deleted file: /home/s2818760/MasterProj/KIN_optimizer/Validation/val_results/3983424/mp_results/47_of_150_systems_0.001_10.h5
Deleted file: /home/s2818760/MasterProj/KIN_optimizer/Validation/val_results/3983424/mp_results/48_of_150_systems_0.001_10.h5
Deleted file: /home/s2818760/MasterProj/KIN_optimizer/Validation/val_results/3983424/mp_results/49_of_150_systems_0.001_10.h5
Deleted file: /home/s2818760/MasterProj/KIN_optimizer/Validation/val_results/3983424/mp_results/4_of_150_systems_0.001_10.h5
Deleted file: /home/s2818760/MasterProj/KIN_optimizer/Validation/val_results/3983424/mp_results/50_of_150_systems_0.001_10.h5
Deleted file: /home/s2818760/MasterProj/KIN_optimizer/Validation/val_results/3983424/mp_results/51_of_150_systems_0.001_10.h5
Deleted file: /home/s2818760/MasterProj/KIN_optimizer/Validation/val_results/3983424/mp_results/52_of_150_systems_0.001_10.h5
Deleted file: /home/s2818760/MasterProj/KIN_optimizer/Validation/val_results/3983424/mp_results/53_of_150_systems_0.001_10.h5
Deleted file: /home/s2818760/MasterProj/KIN_optimizer/Validation/val_results/3983424/mp_results/54_of_150_systems_0.001_10.h5
Deleted file: /home/s2818760/MasterProj/KIN_optimizer/Validation/val_results/3983424/mp_results/55_of_150_systems_0.001_10.h5
Deleted file: /home/s2818760/MasterProj/KIN_optimizer/Validation/val_results/3983424/mp_results/56_of_150_systems_0.001_10.h5
Deleted file: /home/s2818760/MasterProj/KIN_optimizer/Validation/val_results/3983424/mp_results/57_of_150_systems_0.001_10.h5
Deleted file: /home/s2818760/MasterProj/KIN_optimizer/Validation/val_results/3983424/mp_results/58_of_150_systems_0.001_10.h5
Deleted file: /home/s2818760/MasterProj/KIN_optimizer/Validation/val_results/3983424/mp_results/59_of_150_systems_0.001_10.h5
Deleted file: /home/s2818760/MasterProj/KIN_optimizer/Validation/val_results/3983424/mp_results/5_of_150_systems_0.001_10.h5
Deleted file: /home/s2818760/MasterProj/KIN_optimizer/Validation/val_results/3983424/mp_results/60_of_150_systems_0.001_10.h5
Deleted file: /home/s2818760/MasterProj/KIN_optimizer/Validation/val_results/3983424/mp_results/61_of_150_systems_0.001_10.h5
Deleted file: /home/s2818760/MasterProj/KIN_optimizer/Validation/val_results/3983424/mp_results/62_of_150_systems_0.001_10.h5
Deleted file: /home/s2818760/MasterProj/KIN_optimizer/Validation/val_results/3983424/mp_results/63_of_150_systems_0.001_10.h5
Deleted file: /home/s2818760/MasterProj/KIN_optimizer/Validation/val_results/3983424/mp_results/64_of_150_systems_0.001_10.h5
Deleted file: /home/s2818760/MasterProj/KIN_optimizer/Validation/val_results/3983424/mp_results/65_of_150_systems_0.001_10.h5
Deleted file: /home/s2818760/MasterProj/KIN_optimizer/Validation/val_results/3983424/mp_results/66_of_150_systems_0.001_10.h5
Deleted file: /home/s2818760/MasterProj/KIN_optimizer/Validation/val_results/3983424/mp_results/67_of_150_systems_0.001_10.h5
Deleted file: /home/s2818760/MasterProj/KIN_optimizer/Validation/val_results/3983424/mp_results/68_of_150_systems_0.001_10.h5
Deleted file: /home/s2818760/MasterProj/KIN_optimizer/Validation/val_results/3983424/mp_results/69_of_150_systems_0.001_10.h5
Deleted file: /home/s2818760/MasterProj/KIN_optimizer/Validation/val_results/3983424/mp_results/6_of_150_systems_0.001_10.h5
Deleted file: /home/s2818760/MasterProj/KIN_optimizer/Validation/val_results/3983424/mp_results/70_of_150_systems_0.001_10.h5
Deleted file: /home/s2818760/MasterProj/KIN_optimizer/Validation/val_results/3983424/mp_results/71_of_150_systems_0.001_10.h5
Deleted file: /home/s2818760/MasterProj/KIN_optimizer/Validation/val_results/3983424/mp_results/72_of_150_systems_0.001_10.h5
Deleted file: /home/s2818760/MasterProj/KIN_optimizer/Validation/val_results/3983424/mp_results/73_of_150_systems_0.001_10.h5
Deleted file: /home/s2818760/MasterProj/KIN_optimizer/Validation/val_results/3983424/mp_results/74_of_150_systems_0.001_10.h5
Deleted file: /home/s2818760/MasterProj/KIN_optimizer/Validation/val_results/3983424/mp_results/75_of_150_systems_0.001_10.h5
Deleted file: /home/s2818760/MasterProj/KIN_optimizer/Validation/val_results/3983424/mp_results/76_of_150_systems_0.001_10.h5
Deleted file: /home/s2818760/MasterProj/KIN_optimizer/Validation/val_results/3983424/mp_results/77_of_150_systems_0.001_10.h5
Deleted file: /home/s2818760/MasterProj/KIN_optimizer/Validation/val_results/3983424/mp_results/78_of_150_systems_0.001_10.h5
Deleted file: /home/s2818760/MasterProj/KIN_optimizer/Validation/val_results/3983424/mp_results/79_of_150_systems_0.001_10.h5
Deleted file: /home/s2818760/MasterProj/KIN_optimizer/Validation/val_results/3983424/mp_results/7_of_150_systems_0.001_10.h5
Deleted file: /home/s2818760/MasterProj/KIN_optimizer/Validation/val_results/3983424/mp_results/80_of_150_systems_0.001_10.h5
Deleted file: /home/s2818760/MasterProj/KIN_optimizer/Validation/val_results/3983424/mp_results/81_of_150_systems_0.001_10.h5
Deleted file: /home/s2818760/MasterProj/KIN_optimizer/Validation/val_results/3983424/mp_results/82_of_150_systems_0.001_10.h5
Deleted file: /home/s2818760/MasterProj/KIN_optimizer/Validation/val_results/3983424/mp_results/83_of_150_systems_0.001_10.h5
Deleted file: /home/s2818760/MasterProj/KIN_optimizer/Validation/val_results/3983424/mp_results/84_of_150_systems_0.001_10.h5
Deleted file: /home/s2818760/MasterProj/KIN_optimizer/Validation/val_results/3983424/mp_results/85_of_150_systems_0.001_10.h5
Deleted file: /home/s2818760/MasterProj/KIN_optimizer/Validation/val_results/3983424/mp_results/86_of_150_systems_0.001_10.h5
Deleted file: /home/s2818760/MasterProj/KIN_optimizer/Validation/val_results/3983424/mp_results/87_of_150_systems_0.001_10.h5
Deleted file: /home/s2818760/MasterProj/KIN_optimizer/Validation/val_results/3983424/mp_results/88_of_150_systems_0.001_10.h5
Deleted file: /home/s2818760/MasterProj/KIN_optimizer/Validation/val_results/3983424/mp_results/89_of_150_systems_0.001_10.h5
Deleted file: /home/s2818760/MasterProj/KIN_optimizer/Validation/val_results/3983424/mp_results/8_of_150_systems_0.001_10.h5
Deleted file: /home/s2818760/MasterProj/KIN_optimizer/Validation/val_results/3983424/mp_results/90_of_150_systems_0.001_10.h5
Deleted file: /home/s2818760/MasterProj/KIN_optimizer/Validation/val_results/3983424/mp_results/91_of_150_systems_0.001_10.h5
Deleted file: /home/s2818760/MasterProj/KIN_optimizer/Validation/val_results/3983424/mp_results/92_of_150_systems_0.001_10.h5
Deleted file: /home/s2818760/MasterProj/KIN_optimizer/Validation/val_results/3983424/mp_results/93_of_150_systems_0.001_10.h5
Deleted file: /home/s2818760/MasterProj/KIN_optimizer/Validation/val_results/3983424/mp_results/94_of_150_systems_0.001_10.h5
Deleted file: /home/s2818760/MasterProj/KIN_optimizer/Validation/val_results/3983424/mp_results/95_of_150_systems_0.001_10.h5
Deleted file: /home/s2818760/MasterProj/KIN_optimizer/Validation/val_results/3983424/mp_results/96_of_150_systems_0.001_10.h5
Deleted file: /home/s2818760/MasterProj/KIN_optimizer/Validation/val_results/3983424/mp_results/97_of_150_systems_0.001_10.h5
Deleted file: /home/s2818760/MasterProj/KIN_optimizer/Validation/val_results/3983424/mp_results/98_of_150_systems_0.001_10.h5
Deleted file: /home/s2818760/MasterProj/KIN_optimizer/Validation/val_results/3983424/mp_results/99_of_150_systems_0.001_10.h5
Deleted file: /home/s2818760/MasterProj/KIN_optimizer/Validation/val_results/3983424/mp_results/9_of_150_systems_0.001_10.h5
Traceback (most recent call last):
  File "/home/s2818760/MasterProj/KIN_optimizer/Validation/validation.py", line 251, in <module>
    test_many_systems_mp(M_min_bounds=[1e-10, 1e-3],
  File "/home/s2818760/MasterProj/KIN_optimizer/Validation/validation.py", line 246, in test_many_systems_mp
    process_result(output_path, output_filename, [M_maj, a_maj], log_error = False)
  File "/home/s2818760/MasterProj/KIN_optimizer/Validation/validation_funcs.py", line 176, in process_result
    results = load_result(path, filename)
              ^^^^^^^^^^^^^^^^^^^^^^^^^^^
  File "/home/s2818760/MasterProj/KIN_optimizer/Validation/validation_funcs.py", line 114, in load_result
    masses = np.array(masses_list)
             ^^^^^^^^^^^^^^^^^^^^^
ValueError: setting an array element with a sequence. The requested array has an inhomogeneous shape after 1 dimensions. The detected shape was (150,) + inhomogeneous part.
#### Finished Test. Have a nice day
