#### Starting test
output_file /home/s2818760/MasterProj/KIN_optimizer/Validation/val_results/3990008/150_systems_0.001_10_3990008.h5
n_cores available for slurm is 16
2025-04-22 10:26:49.396316: I external/local_xla/xla/tsl/cuda/cudart_stub.cc:32] Could not find cuda drivers on your machine, GPU will not be used.
2025-04-22 10:26:49.396340: I external/local_xla/xla/tsl/cuda/cudart_stub.cc:32] Could not find cuda drivers on your machine, GPU will not be used.
2025-04-22 10:26:49.396315: I external/local_xla/xla/tsl/cuda/cudart_stub.cc:32] Could not find cuda drivers on your machine, GPU will not be used.
2025-04-22 10:26:49.396344: I external/local_xla/xla/tsl/cuda/cudart_stub.cc:32] Could not find cuda drivers on your machine, GPU will not be used.
2025-04-22 10:26:49.396330: I external/local_xla/xla/tsl/cuda/cudart_stub.cc:32] Could not find cuda drivers on your machine, GPU will not be used.
2025-04-22 10:26:49.396311: I external/local_xla/xla/tsl/cuda/cudart_stub.cc:32] Could not find cuda drivers on your machine, GPU will not be used.
2025-04-22 10:26:49.396338: I external/local_xla/xla/tsl/cuda/cudart_stub.cc:32] Could not find cuda drivers on your machine, GPU will not be used.
2025-04-22 10:26:49.396342: I external/local_xla/xla/tsl/cuda/cudart_stub.cc:32] Could not find cuda drivers on your machine, GPU will not be used.
2025-04-22 10:26:49.396341: I external/local_xla/xla/tsl/cuda/cudart_stub.cc:32] Could not find cuda drivers on your machine, GPU will not be used.
2025-04-22 10:26:49.396322: I external/local_xla/xla/tsl/cuda/cudart_stub.cc:32] Could not find cuda drivers on your machine, GPU will not be used.
2025-04-22 10:26:49.396315: I external/local_xla/xla/tsl/cuda/cudart_stub.cc:32] Could not find cuda drivers on your machine, GPU will not be used.
2025-04-22 10:26:49.396341: I external/local_xla/xla/tsl/cuda/cudart_stub.cc:32] Could not find cuda drivers on your machine, GPU will not be used.
2025-04-22 10:26:49.396340: I external/local_xla/xla/tsl/cuda/cudart_stub.cc:32] Could not find cuda drivers on your machine, GPU will not be used.
2025-04-22 10:26:49.396345: I external/local_xla/xla/tsl/cuda/cudart_stub.cc:32] Could not find cuda drivers on your machine, GPU will not be used.
2025-04-22 10:26:49.396345: I external/local_xla/xla/tsl/cuda/cudart_stub.cc:32] Could not find cuda drivers on your machine, GPU will not be used.
2025-04-22 10:26:49.396466: I external/local_xla/xla/tsl/cuda/cudart_stub.cc:32] Could not find cuda drivers on your machine, GPU will not be used.
2025-04-22 10:26:49.582548: I external/local_xla/xla/tsl/cuda/cudart_stub.cc:32] Could not find cuda drivers on your machine, GPU will not be used.
2025-04-22 10:26:49.582549: I external/local_xla/xla/tsl/cuda/cudart_stub.cc:32] Could not find cuda drivers on your machine, GPU will not be used.
2025-04-22 10:26:49.582552: I external/local_xla/xla/tsl/cuda/cudart_stub.cc:32] Could not find cuda drivers on your machine, GPU will not be used.
2025-04-22 10:26:49.582551: I external/local_xla/xla/tsl/cuda/cudart_stub.cc:32] Could not find cuda drivers on your machine, GPU will not be used.
2025-04-22 10:26:49.582552: I external/local_xla/xla/tsl/cuda/cudart_stub.cc:32] Could not find cuda drivers on your machine, GPU will not be used.
2025-04-22 10:26:49.582556: I external/local_xla/xla/tsl/cuda/cudart_stub.cc:32] Could not find cuda drivers on your machine, GPU will not be used.
2025-04-22 10:26:49.582558: I external/local_xla/xla/tsl/cuda/cudart_stub.cc:32] Could not find cuda drivers on your machine, GPU will not be used.
2025-04-22 10:26:49.582560: I external/local_xla/xla/tsl/cuda/cudart_stub.cc:32] Could not find cuda drivers on your machine, GPU will not be used.
2025-04-22 10:26:49.582568: I external/local_xla/xla/tsl/cuda/cudart_stub.cc:32] Could not find cuda drivers on your machine, GPU will not be used.
2025-04-22 10:26:49.582565: I external/local_xla/xla/tsl/cuda/cudart_stub.cc:32] Could not find cuda drivers on your machine, GPU will not be used.
2025-04-22 10:26:49.582568: I external/local_xla/xla/tsl/cuda/cudart_stub.cc:32] Could not find cuda drivers on your machine, GPU will not be used.
2025-04-22 10:26:49.582575: I external/local_xla/xla/tsl/cuda/cudart_stub.cc:32] Could not find cuda drivers on your machine, GPU will not be used.
2025-04-22 10:26:49.582578: I external/local_xla/xla/tsl/cuda/cudart_stub.cc:32] Could not find cuda drivers on your machine, GPU will not be used.
2025-04-22 10:26:49.582578: I external/local_xla/xla/tsl/cuda/cudart_stub.cc:32] Could not find cuda drivers on your machine, GPU will not be used.
2025-04-22 10:26:49.582629: I external/local_xla/xla/tsl/cuda/cudart_stub.cc:32] Could not find cuda drivers on your machine, GPU will not be used.
2025-04-22 10:26:49.582629: I external/local_xla/xla/tsl/cuda/cudart_stub.cc:32] Could not find cuda drivers on your machine, GPU will not be used.
2025-04-22 10:26:49.881876: E external/local_xla/xla/stream_executor/cuda/cuda_fft.cc:467] Unable to register cuFFT factory: Attempting to register factory for plugin cuFFT when one has already been registered
2025-04-22 10:26:49.881886: E external/local_xla/xla/stream_executor/cuda/cuda_fft.cc:467] Unable to register cuFFT factory: Attempting to register factory for plugin cuFFT when one has already been registered
2025-04-22 10:26:49.881895: E external/local_xla/xla/stream_executor/cuda/cuda_fft.cc:467] Unable to register cuFFT factory: Attempting to register factory for plugin cuFFT when one has already been registered
2025-04-22 10:26:49.881897: E external/local_xla/xla/stream_executor/cuda/cuda_fft.cc:467] Unable to register cuFFT factory: Attempting to register factory for plugin cuFFT when one has already been registered
2025-04-22 10:26:49.881921: E external/local_xla/xla/stream_executor/cuda/cuda_fft.cc:467] Unable to register cuFFT factory: Attempting to register factory for plugin cuFFT when one has already been registered
2025-04-22 10:26:49.881923: E external/local_xla/xla/stream_executor/cuda/cuda_fft.cc:467] Unable to register cuFFT factory: Attempting to register factory for plugin cuFFT when one has already been registered
2025-04-22 10:26:49.881927: E external/local_xla/xla/stream_executor/cuda/cuda_fft.cc:467] Unable to register cuFFT factory: Attempting to register factory for plugin cuFFT when one has already been registered
2025-04-22 10:26:49.881919: E external/local_xla/xla/stream_executor/cuda/cuda_fft.cc:467] Unable to register cuFFT factory: Attempting to register factory for plugin cuFFT when one has already been registered
2025-04-22 10:26:49.881931: E external/local_xla/xla/stream_executor/cuda/cuda_fft.cc:467] Unable to register cuFFT factory: Attempting to register factory for plugin cuFFT when one has already been registered
2025-04-22 10:26:49.881932: E external/local_xla/xla/stream_executor/cuda/cuda_fft.cc:467] Unable to register cuFFT factory: Attempting to register factory for plugin cuFFT when one has already been registered
2025-04-22 10:26:49.881931: E external/local_xla/xla/stream_executor/cuda/cuda_fft.cc:467] Unable to register cuFFT factory: Attempting to register factory for plugin cuFFT when one has already been registered
2025-04-22 10:26:49.881932: E external/local_xla/xla/stream_executor/cuda/cuda_fft.cc:467] Unable to register cuFFT factory: Attempting to register factory for plugin cuFFT when one has already been registered
2025-04-22 10:26:49.881932: E external/local_xla/xla/stream_executor/cuda/cuda_fft.cc:467] Unable to register cuFFT factory: Attempting to register factory for plugin cuFFT when one has already been registered
2025-04-22 10:26:49.881931: E external/local_xla/xla/stream_executor/cuda/cuda_fft.cc:467] Unable to register cuFFT factory: Attempting to register factory for plugin cuFFT when one has already been registered
2025-04-22 10:26:49.881933: E external/local_xla/xla/stream_executor/cuda/cuda_fft.cc:467] Unable to register cuFFT factory: Attempting to register factory for plugin cuFFT when one has already been registered
2025-04-22 10:26:49.881945: E external/local_xla/xla/stream_executor/cuda/cuda_fft.cc:467] Unable to register cuFFT factory: Attempting to register factory for plugin cuFFT when one has already been registered
WARNING: All log messages before absl::InitializeLog() is called are written to STDERR
E0000 00:00:1745310410.363355 2725379 cuda_dnn.cc:8579] Unable to register cuDNN factory: Attempting to register factory for plugin cuDNN when one has already been registered
WARNING: All log messages before absl::InitializeLog() is called are written to STDERR
E0000 00:00:1745310410.363375 2725382 cuda_dnn.cc:8579] Unable to register cuDNN factory: Attempting to register factory for plugin cuDNN when one has already been registered
WARNING: All log messages before absl::InitializeLog() is called are written to STDERR
WARNING: All log messages before absl::InitializeLog() is called are written to STDERR
WARNING: All log messages before absl::InitializeLog() is called are written to STDERR
WARNING: All log messages before absl::InitializeLog() is called are written to STDERR
WARNING: All log messages before absl::InitializeLog() is called are written to STDERR
WARNING: All log messages before absl::InitializeLog() is called are written to STDERR
WARNING: All log messages before absl::InitializeLog() is called are written to STDERR
WARNING: All log messages before absl::InitializeLog() is called are written to STDERR
WARNING: All log messages before absl::InitializeLog() is called are written to STDERR
WARNING: All log messages before absl::InitializeLog() is called are written to STDERR
WARNING: All log messages before absl::InitializeLog() is called are written to STDERR
WARNING: All log messages before absl::InitializeLog() is called are written to STDERR
E0000 00:00:1745310410.363362 2725384 cuda_dnn.cc:8579] Unable to register cuDNN factory: Attempting to register factory for plugin cuDNN when one has already been registered
E0000 00:00:1745310410.363388 2725386 cuda_dnn.cc:8579] Unable to register cuDNN factory: Attempting to register factory for plugin cuDNN when one has already been registered
WARNING: All log messages before absl::InitializeLog() is called are written to STDERR
WARNING: All log messages before absl::InitializeLog() is called are written to STDERR
E0000 00:00:1745310410.363364 2725387 cuda_dnn.cc:8579] Unable to register cuDNN factory: Attempting to register factory for plugin cuDNN when one has already been registered
E0000 00:00:1745310410.363383 2725376 cuda_dnn.cc:8579] Unable to register cuDNN factory: Attempting to register factory for plugin cuDNN when one has already been registered
E0000 00:00:1745310410.363367 2725383 cuda_dnn.cc:8579] Unable to register cuDNN factory: Attempting to register factory for plugin cuDNN when one has already been registered
E0000 00:00:1745310410.363385 2725375 cuda_dnn.cc:8579] Unable to register cuDNN factory: Attempting to register factory for plugin cuDNN when one has already been registered
E0000 00:00:1745310410.363384 2725385 cuda_dnn.cc:8579] Unable to register cuDNN factory: Attempting to register factory for plugin cuDNN when one has already been registered
E0000 00:00:1745310410.363389 2725374 cuda_dnn.cc:8579] Unable to register cuDNN factory: Attempting to register factory for plugin cuDNN when one has already been registered
E0000 00:00:1745310410.363390 2725373 cuda_dnn.cc:8579] Unable to register cuDNN factory: Attempting to register factory for plugin cuDNN when one has already been registered
E0000 00:00:1745310410.363395 2725381 cuda_dnn.cc:8579] Unable to register cuDNN factory: Attempting to register factory for plugin cuDNN when one has already been registered
E0000 00:00:1745310410.363397 2725378 cuda_dnn.cc:8579] Unable to register cuDNN factory: Attempting to register factory for plugin cuDNN when one has already been registered
E0000 00:00:1745310410.363397 2725372 cuda_dnn.cc:8579] Unable to register cuDNN factory: Attempting to register factory for plugin cuDNN when one has already been registered
E0000 00:00:1745310410.363393 2725380 cuda_dnn.cc:8579] Unable to register cuDNN factory: Attempting to register factory for plugin cuDNN when one has already been registered
E0000 00:00:1745310410.363396 2725377 cuda_dnn.cc:8579] Unable to register cuDNN factory: Attempting to register factory for plugin cuDNN when one has already been registered
E0000 00:00:1745310410.500691 2725385 cuda_blas.cc:1407] Unable to register cuBLAS factory: Attempting to register factory for plugin cuBLAS when one has already been registered
E0000 00:00:1745310410.500698 2725386 cuda_blas.cc:1407] Unable to register cuBLAS factory: Attempting to register factory for plugin cuBLAS when one has already been registered
E0000 00:00:1745310410.500698 2725384 cuda_blas.cc:1407] Unable to register cuBLAS factory: Attempting to register factory for plugin cuBLAS when one has already been registered
E0000 00:00:1745310410.500704 2725375 cuda_blas.cc:1407] Unable to register cuBLAS factory: Attempting to register factory for plugin cuBLAS when one has already been registered
E0000 00:00:1745310410.500713 2725374 cuda_blas.cc:1407] Unable to register cuBLAS factory: Attempting to register factory for plugin cuBLAS when one has already been registered
E0000 00:00:1745310410.500715 2725382 cuda_blas.cc:1407] Unable to register cuBLAS factory: Attempting to register factory for plugin cuBLAS when one has already been registered
E0000 00:00:1745310410.500715 2725379 cuda_blas.cc:1407] Unable to register cuBLAS factory: Attempting to register factory for plugin cuBLAS when one has already been registered
E0000 00:00:1745310410.500712 2725376 cuda_blas.cc:1407] Unable to register cuBLAS factory: Attempting to register factory for plugin cuBLAS when one has already been registered
E0000 00:00:1745310410.500717 2725372 cuda_blas.cc:1407] Unable to register cuBLAS factory: Attempting to register factory for plugin cuBLAS when one has already been registered
E0000 00:00:1745310410.500718 2725373 cuda_blas.cc:1407] Unable to register cuBLAS factory: Attempting to register factory for plugin cuBLAS when one has already been registered
E0000 00:00:1745310410.500720 2725378 cuda_blas.cc:1407] Unable to register cuBLAS factory: Attempting to register factory for plugin cuBLAS when one has already been registered
E0000 00:00:1745310410.500718 2725387 cuda_blas.cc:1407] Unable to register cuBLAS factory: Attempting to register factory for plugin cuBLAS when one has already been registered
E0000 00:00:1745310410.500721 2725380 cuda_blas.cc:1407] Unable to register cuBLAS factory: Attempting to register factory for plugin cuBLAS when one has already been registered
E0000 00:00:1745310410.500716 2725381 cuda_blas.cc:1407] Unable to register cuBLAS factory: Attempting to register factory for plugin cuBLAS when one has already been registered
E0000 00:00:1745310410.500741 2725383 cuda_blas.cc:1407] Unable to register cuBLAS factory: Attempting to register factory for plugin cuBLAS when one has already been registered
E0000 00:00:1745310410.500704 2725377 cuda_blas.cc:1407] Unable to register cuBLAS factory: Attempting to register factory for plugin cuBLAS when one has already been registered
W0000 00:00:1745310412.431377 2725385 computation_placer.cc:177] computation placer already registered. Please check linkage and avoid linking the same target more than once.
W0000 00:00:1745310412.431391 2725378 computation_placer.cc:177] computation placer already registered. Please check linkage and avoid linking the same target more than once.
W0000 00:00:1745310412.431398 2725374 computation_placer.cc:177] computation placer already registered. Please check linkage and avoid linking the same target more than once.
W0000 00:00:1745310412.431411 2725375 computation_placer.cc:177] computation placer already registered. Please check linkage and avoid linking the same target more than once.
W0000 00:00:1745310412.431394 2725386 computation_placer.cc:177] computation placer already registered. Please check linkage and avoid linking the same target more than once.
W0000 00:00:1745310412.431383 2725384 computation_placer.cc:177] computation placer already registered. Please check linkage and avoid linking the same target more than once.
W0000 00:00:1745310412.431383 2725373 computation_placer.cc:177] computation placer already registered. Please check linkage and avoid linking the same target more than once.
W0000 00:00:1745310412.431395 2725381 computation_placer.cc:177] computation placer already registered. Please check linkage and avoid linking the same target more than once.
W0000 00:00:1745310412.431384 2725387 computation_placer.cc:177] computation placer already registered. Please check linkage and avoid linking the same target more than once.
W0000 00:00:1745310412.431398 2725372 computation_placer.cc:177] computation placer already registered. Please check linkage and avoid linking the same target more than once.
W0000 00:00:1745310412.431399 2725382 computation_placer.cc:177] computation placer already registered. Please check linkage and avoid linking the same target more than once.
W0000 00:00:1745310412.431404 2725379 computation_placer.cc:177] computation placer already registered. Please check linkage and avoid linking the same target more than once.
W0000 00:00:1745310412.431414 2725385 computation_placer.cc:177] computation placer already registered. Please check linkage and avoid linking the same target more than once.
W0000 00:00:1745310412.431419 2725378 computation_placer.cc:177] computation placer already registered. Please check linkage and avoid linking the same target more than once.
W0000 00:00:1745310412.431405 2725376 computation_placer.cc:177] computation placer already registered. Please check linkage and avoid linking the same target more than once.
W0000 00:00:1745310412.431423 2725374 computation_placer.cc:177] computation placer already registered. Please check linkage and avoid linking the same target more than once.
W0000 00:00:1745310412.431427 2725375 computation_placer.cc:177] computation placer already registered. Please check linkage and avoid linking the same target more than once.
W0000 00:00:1745310412.431414 2725383 computation_placer.cc:177] computation placer already registered. Please check linkage and avoid linking the same target more than once.
W0000 00:00:1745310412.431438 2725386 computation_placer.cc:177] computation placer already registered. Please check linkage and avoid linking the same target more than once.
W0000 00:00:1745310412.431442 2725384 computation_placer.cc:177] computation placer already registered. Please check linkage and avoid linking the same target more than once.
W0000 00:00:1745310412.431420 2725377 computation_placer.cc:177] computation placer already registered. Please check linkage and avoid linking the same target more than once.
W0000 00:00:1745310412.431413 2725380 computation_placer.cc:177] computation placer already registered. Please check linkage and avoid linking the same target more than once.
W0000 00:00:1745310412.431452 2725373 computation_placer.cc:177] computation placer already registered. Please check linkage and avoid linking the same target more than once.
W0000 00:00:1745310412.431456 2725381 computation_placer.cc:177] computation placer already registered. Please check linkage and avoid linking the same target more than once.
W0000 00:00:1745310412.431459 2725387 computation_placer.cc:177] computation placer already registered. Please check linkage and avoid linking the same target more than once.
W0000 00:00:1745310412.431464 2725372 computation_placer.cc:177] computation placer already registered. Please check linkage and avoid linking the same target more than once.
W0000 00:00:1745310412.431472 2725382 computation_placer.cc:177] computation placer already registered. Please check linkage and avoid linking the same target more than once.
W0000 00:00:1745310412.431476 2725379 computation_placer.cc:177] computation placer already registered. Please check linkage and avoid linking the same target more than once.
W0000 00:00:1745310412.431479 2725385 computation_placer.cc:177] computation placer already registered. Please check linkage and avoid linking the same target more than once.
W0000 00:00:1745310412.431481 2725378 computation_placer.cc:177] computation placer already registered. Please check linkage and avoid linking the same target more than once.
W0000 00:00:1745310412.431487 2725376 computation_placer.cc:177] computation placer already registered. Please check linkage and avoid linking the same target more than once.
W0000 00:00:1745310412.431488 2725374 computation_placer.cc:177] computation placer already registered. Please check linkage and avoid linking the same target more than once.
W0000 00:00:1745310412.431491 2725375 computation_placer.cc:177] computation placer already registered. Please check linkage and avoid linking the same target more than once.
W0000 00:00:1745310412.431499 2725386 computation_placer.cc:177] computation placer already registered. Please check linkage and avoid linking the same target more than once.
W0000 00:00:1745310412.431499 2725383 computation_placer.cc:177] computation placer already registered. Please check linkage and avoid linking the same target more than once.
W0000 00:00:1745310412.431503 2725384 computation_placer.cc:177] computation placer already registered. Please check linkage and avoid linking the same target more than once.
W0000 00:00:1745310412.431517 2725377 computation_placer.cc:177] computation placer already registered. Please check linkage and avoid linking the same target more than once.
W0000 00:00:1745310412.431520 2725380 computation_placer.cc:177] computation placer already registered. Please check linkage and avoid linking the same target more than once.
W0000 00:00:1745310412.431523 2725373 computation_placer.cc:177] computation placer already registered. Please check linkage and avoid linking the same target more than once.
W0000 00:00:1745310412.431525 2725381 computation_placer.cc:177] computation placer already registered. Please check linkage and avoid linking the same target more than once.
W0000 00:00:1745310412.431527 2725387 computation_placer.cc:177] computation placer already registered. Please check linkage and avoid linking the same target more than once.
W0000 00:00:1745310412.431529 2725372 computation_placer.cc:177] computation placer already registered. Please check linkage and avoid linking the same target more than once.
W0000 00:00:1745310412.431531 2725382 computation_placer.cc:177] computation placer already registered. Please check linkage and avoid linking the same target more than once.
W0000 00:00:1745310412.431534 2725379 computation_placer.cc:177] computation placer already registered. Please check linkage and avoid linking the same target more than once.
W0000 00:00:1745310412.431536 2725385 computation_placer.cc:177] computation placer already registered. Please check linkage and avoid linking the same target more than once.
W0000 00:00:1745310412.431543 2725378 computation_placer.cc:177] computation placer already registered. Please check linkage and avoid linking the same target more than once.
W0000 00:00:1745310412.431547 2725376 computation_placer.cc:177] computation placer already registered. Please check linkage and avoid linking the same target more than once.
W0000 00:00:1745310412.431550 2725374 computation_placer.cc:177] computation placer already registered. Please check linkage and avoid linking the same target more than once.
W0000 00:00:1745310412.431552 2725375 computation_placer.cc:177] computation placer already registered. Please check linkage and avoid linking the same target more than once.
W0000 00:00:1745310412.431555 2725386 computation_placer.cc:177] computation placer already registered. Please check linkage and avoid linking the same target more than once.
W0000 00:00:1745310412.431558 2725383 computation_placer.cc:177] computation placer already registered. Please check linkage and avoid linking the same target more than once.
W0000 00:00:1745310412.431561 2725384 computation_placer.cc:177] computation placer already registered. Please check linkage and avoid linking the same target more than once.
W0000 00:00:1745310412.431567 2725377 computation_placer.cc:177] computation placer already registered. Please check linkage and avoid linking the same target more than once.
W0000 00:00:1745310412.431569 2725380 computation_placer.cc:177] computation placer already registered. Please check linkage and avoid linking the same target more than once.
W0000 00:00:1745310412.431573 2725373 computation_placer.cc:177] computation placer already registered. Please check linkage and avoid linking the same target more than once.
W0000 00:00:1745310412.431574 2725381 computation_placer.cc:177] computation placer already registered. Please check linkage and avoid linking the same target more than once.
W0000 00:00:1745310412.431576 2725387 computation_placer.cc:177] computation placer already registered. Please check linkage and avoid linking the same target more than once.
W0000 00:00:1745310412.431578 2725372 computation_placer.cc:177] computation placer already registered. Please check linkage and avoid linking the same target more than once.
W0000 00:00:1745310412.431580 2725382 computation_placer.cc:177] computation placer already registered. Please check linkage and avoid linking the same target more than once.
W0000 00:00:1745310412.431582 2725379 computation_placer.cc:177] computation placer already registered. Please check linkage and avoid linking the same target more than once.
W0000 00:00:1745310412.431601 2725376 computation_placer.cc:177] computation placer already registered. Please check linkage and avoid linking the same target more than once.
W0000 00:00:1745310412.431611 2725383 computation_placer.cc:177] computation placer already registered. Please check linkage and avoid linking the same target more than once.
W0000 00:00:1745310412.431625 2725377 computation_placer.cc:177] computation placer already registered. Please check linkage and avoid linking the same target more than once.
W0000 00:00:1745310412.431628 2725380 computation_placer.cc:177] computation placer already registered. Please check linkage and avoid linking the same target more than once.
2025-04-22 10:26:52.462982: I tensorflow/core/platform/cpu_feature_guard.cc:210] This TensorFlow binary is optimized to use available CPU instructions in performance-critical operations.
To enable the following instructions: AVX2 FMA, in other operations, rebuild TensorFlow with the appropriate compiler flags.
2025-04-22 10:26:52.462982: I tensorflow/core/platform/cpu_feature_guard.cc:210] This TensorFlow binary is optimized to use available CPU instructions in performance-critical operations.
To enable the following instructions: AVX2 FMA, in other operations, rebuild TensorFlow with the appropriate compiler flags.
2025-04-22 10:26:52.462982: I tensorflow/core/platform/cpu_feature_guard.cc:210] This TensorFlow binary is optimized to use available CPU instructions in performance-critical operations.
To enable the following instructions: AVX2 FMA, in other operations, rebuild TensorFlow with the appropriate compiler flags.
2025-04-22 10:26:52.462982: I tensorflow/core/platform/cpu_feature_guard.cc:210] This TensorFlow binary is optimized to use available CPU instructions in performance-critical operations.
To enable the following instructions: AVX2 FMA, in other operations, rebuild TensorFlow with the appropriate compiler flags.
2025-04-22 10:26:52.462982: I tensorflow/core/platform/cpu_feature_guard.cc:210] This TensorFlow binary is optimized to use available CPU instructions in performance-critical operations.
To enable the following instructions: AVX2 FMA, in other operations, rebuild TensorFlow with the appropriate compiler flags.
2025-04-22 10:26:52.462982: I tensorflow/core/platform/cpu_feature_guard.cc:210] This TensorFlow binary is optimized to use available CPU instructions in performance-critical operations.
To enable the following instructions: AVX2 FMA, in other operations, rebuild TensorFlow with the appropriate compiler flags.
2025-04-22 10:26:52.462982: I tensorflow/core/platform/cpu_feature_guard.cc:210] This TensorFlow binary is optimized to use available CPU instructions in performance-critical operations.
To enable the following instructions: AVX2 FMA, in other operations, rebuild TensorFlow with the appropriate compiler flags.
2025-04-22 10:26:52.462982: I tensorflow/core/platform/cpu_feature_guard.cc:210] This TensorFlow binary is optimized to use available CPU instructions in performance-critical operations.
To enable the following instructions: AVX2 FMA, in other operations, rebuild TensorFlow with the appropriate compiler flags.
2025-04-22 10:26:52.462982: I tensorflow/core/platform/cpu_feature_guard.cc:210] This TensorFlow binary is optimized to use available CPU instructions in performance-critical operations.
To enable the following instructions: AVX2 FMA, in other operations, rebuild TensorFlow with the appropriate compiler flags.
2025-04-22 10:26:52.462988: I tensorflow/core/platform/cpu_feature_guard.cc:210] This TensorFlow binary is optimized to use available CPU instructions in performance-critical operations.
To enable the following instructions: AVX2 FMA, in other operations, rebuild TensorFlow with the appropriate compiler flags.
2025-04-22 10:26:52.462982: I tensorflow/core/platform/cpu_feature_guard.cc:210] This TensorFlow binary is optimized to use available CPU instructions in performance-critical operations.
To enable the following instructions: AVX2 FMA, in other operations, rebuild TensorFlow with the appropriate compiler flags.
2025-04-22 10:26:52.463000: I tensorflow/core/platform/cpu_feature_guard.cc:210] This TensorFlow binary is optimized to use available CPU instructions in performance-critical operations.
To enable the following instructions: AVX2 FMA, in other operations, rebuild TensorFlow with the appropriate compiler flags.
2025-04-22 10:26:52.463003: I tensorflow/core/platform/cpu_feature_guard.cc:210] This TensorFlow binary is optimized to use available CPU instructions in performance-critical operations.
To enable the following instructions: AVX2 FMA, in other operations, rebuild TensorFlow with the appropriate compiler flags.
2025-04-22 10:26:52.463115: I tensorflow/core/platform/cpu_feature_guard.cc:210] This TensorFlow binary is optimized to use available CPU instructions in performance-critical operations.
To enable the following instructions: AVX2 FMA, in other operations, rebuild TensorFlow with the appropriate compiler flags.
2025-04-22 10:26:52.463355: I tensorflow/core/platform/cpu_feature_guard.cc:210] This TensorFlow binary is optimized to use available CPU instructions in performance-critical operations.
To enable the following instructions: AVX2 FMA, in other operations, rebuild TensorFlow with the appropriate compiler flags.
2025-04-22 10:26:52.463882: I tensorflow/core/platform/cpu_feature_guard.cc:210] This TensorFlow binary is optimized to use available CPU instructions in performance-critical operations.
To enable the following instructions: AVX2 FMA, in other operations, rebuild TensorFlow with the appropriate compiler flags.
2025-04-22 10:27:36.091461: E external/local_xla/xla/stream_executor/cuda/cuda_platform.cc:51] failed call to cuInit: INTERNAL: CUDA error: Failed call to cuInit: CUDA_ERROR_NO_DEVICE: no CUDA-capable device is detected
2025-04-22 10:27:36.101933: E external/local_xla/xla/stream_executor/cuda/cuda_platform.cc:51] failed call to cuInit: INTERNAL: CUDA error: Failed call to cuInit: CUDA_ERROR_NO_DEVICE: no CUDA-capable device is detected
2025-04-22 10:27:36.104711: E external/local_xla/xla/stream_executor/cuda/cuda_platform.cc:51] failed call to cuInit: INTERNAL: CUDA error: Failed call to cuInit: CUDA_ERROR_NO_DEVICE: no CUDA-capable device is detected
2025-04-22 10:27:36.116635: E external/local_xla/xla/stream_executor/cuda/cuda_platform.cc:51] failed call to cuInit: INTERNAL: CUDA error: Failed call to cuInit: CUDA_ERROR_NO_DEVICE: no CUDA-capable device is detected
2025-04-22 10:27:36.117283: E external/local_xla/xla/stream_executor/cuda/cuda_platform.cc:51] failed call to cuInit: INTERNAL: CUDA error: Failed call to cuInit: CUDA_ERROR_NO_DEVICE: no CUDA-capable device is detected
2025-04-22 10:27:36.119965: E external/local_xla/xla/stream_executor/cuda/cuda_platform.cc:51] failed call to cuInit: INTERNAL: CUDA error: Failed call to cuInit: CUDA_ERROR_NO_DEVICE: no CUDA-capable device is detected
2025-04-22 10:27:36.125466: E external/local_xla/xla/stream_executor/cuda/cuda_platform.cc:51] failed call to cuInit: INTERNAL: CUDA error: Failed call to cuInit: CUDA_ERROR_NO_DEVICE: no CUDA-capable device is detected
2025-04-22 10:27:36.132985: E external/local_xla/xla/stream_executor/cuda/cuda_platform.cc:51] failed call to cuInit: INTERNAL: CUDA error: Failed call to cuInit: CUDA_ERROR_NO_DEVICE: no CUDA-capable device is detected
2025-04-22 10:27:36.135551: E external/local_xla/xla/stream_executor/cuda/cuda_platform.cc:51] failed call to cuInit: INTERNAL: CUDA error: Failed call to cuInit: CUDA_ERROR_NO_DEVICE: no CUDA-capable device is detected
2025-04-22 10:27:36.143010: E external/local_xla/xla/stream_executor/cuda/cuda_platform.cc:51] failed call to cuInit: INTERNAL: CUDA error: Failed call to cuInit: CUDA_ERROR_NO_DEVICE: no CUDA-capable device is detected
2025-04-22 10:27:36.143982: E external/local_xla/xla/stream_executor/cuda/cuda_platform.cc:51] failed call to cuInit: INTERNAL: CUDA error: Failed call to cuInit: CUDA_ERROR_NO_DEVICE: no CUDA-capable device is detected
2025-04-22 10:27:36.152006: E external/local_xla/xla/stream_executor/cuda/cuda_platform.cc:51] failed call to cuInit: INTERNAL: CUDA error: Failed call to cuInit: CUDA_ERROR_NO_DEVICE: no CUDA-capable device is detected
2025-04-22 10:27:36.153888: E external/local_xla/xla/stream_executor/cuda/cuda_platform.cc:51] failed call to cuInit: INTERNAL: CUDA error: Failed call to cuInit: CUDA_ERROR_NO_DEVICE: no CUDA-capable device is detected
2025-04-22 10:27:36.155149: E external/local_xla/xla/stream_executor/cuda/cuda_platform.cc:51] failed call to cuInit: INTERNAL: CUDA error: Failed call to cuInit: CUDA_ERROR_NO_DEVICE: no CUDA-capable device is detected
2025-04-22 10:27:36.172880: E external/local_xla/xla/stream_executor/cuda/cuda_platform.cc:51] failed call to cuInit: INTERNAL: CUDA error: Failed call to cuInit: CUDA_ERROR_NO_DEVICE: no CUDA-capable device is detected
2025-04-22 10:27:36.177917: E external/local_xla/xla/stream_executor/cuda/cuda_platform.cc:51] failed call to cuInit: INTERNAL: CUDA error: Failed call to cuInit: CUDA_ERROR_NO_DEVICE: no CUDA-capable device is detected
2025-04-22 10:34:48.653365: W tensorflow/core/framework/op_kernel.cc:1857] OP_REQUIRES failed at strided_slice_op.cc:117 : INVALID_ARGUMENT: slice index 4 of dimension 0 out of bounds.
2025-04-22 10:34:48.654213: I tensorflow/core/framework/local_rendezvous.cc:407] Local rendezvous is aborting with status: INVALID_ARGUMENT: slice index 4 of dimension 0 out of bounds.
	 [[{{function_node while_cond_12391_rewritten}}{{node while/strided_slice_1}}]]
2025-04-22 10:34:49.829832: I external/local_xla/xla/tsl/cuda/cudart_stub.cc:32] Could not find cuda drivers on your machine, GPU will not be used.
2025-04-22 10:34:49.854335: I external/local_xla/xla/tsl/cuda/cudart_stub.cc:32] Could not find cuda drivers on your machine, GPU will not be used.
2025-04-22 10:34:49.871579: E external/local_xla/xla/stream_executor/cuda/cuda_fft.cc:467] Unable to register cuFFT factory: Attempting to register factory for plugin cuFFT when one has already been registered
WARNING: All log messages before absl::InitializeLog() is called are written to STDERR
E0000 00:00:1745310889.889921 2725390 cuda_dnn.cc:8579] Unable to register cuDNN factory: Attempting to register factory for plugin cuDNN when one has already been registered
E0000 00:00:1745310889.895189 2725390 cuda_blas.cc:1407] Unable to register cuBLAS factory: Attempting to register factory for plugin cuBLAS when one has already been registered
W0000 00:00:1745310889.963636 2725390 computation_placer.cc:177] computation placer already registered. Please check linkage and avoid linking the same target more than once.
W0000 00:00:1745310889.963689 2725390 computation_placer.cc:177] computation placer already registered. Please check linkage and avoid linking the same target more than once.
W0000 00:00:1745310889.963693 2725390 computation_placer.cc:177] computation placer already registered. Please check linkage and avoid linking the same target more than once.
W0000 00:00:1745310889.963702 2725390 computation_placer.cc:177] computation placer already registered. Please check linkage and avoid linking the same target more than once.
2025-04-22 10:34:49.979332: I tensorflow/core/platform/cpu_feature_guard.cc:210] This TensorFlow binary is optimized to use available CPU instructions in performance-critical operations.
To enable the following instructions: AVX2 FMA, in other operations, rebuild TensorFlow with the appropriate compiler flags.
2025-04-22 11:16:17.036500: W tensorflow/core/framework/op_kernel.cc:1857] OP_REQUIRES failed at strided_slice_op.cc:117 : INVALID_ARGUMENT: slice index 4 of dimension 0 out of bounds.
2025-04-22 11:16:17.038039: I tensorflow/core/framework/local_rendezvous.cc:407] Local rendezvous is aborting with status: INVALID_ARGUMENT: slice index 4 of dimension 0 out of bounds.
	 [[{{function_node while_cond_12391_rewritten}}{{node while/strided_slice_1}}]]
2025-04-22 12:20:16.697651: W tensorflow/core/framework/op_kernel.cc:1857] OP_REQUIRES failed at strided_slice_op.cc:117 : INVALID_ARGUMENT: slice index 4 of dimension 0 out of bounds.
2025-04-22 12:20:16.700643: I tensorflow/core/framework/local_rendezvous.cc:407] Local rendezvous is aborting with status: INVALID_ARGUMENT: slice index 4 of dimension 0 out of bounds.
	 [[{{function_node while_cond_12391_rewritten}}{{node while/strided_slice_1}}]]
Running simulation...
start the learn masses function
deeper than 1
deeper than 1
deeper than 1
deeper than 1
Running simulation...
start the learn masses function
saved results for system 48
Running simulation...
start the learn masses function
saved results for system 49
Running simulation...
start the learn masses function
saved results for system 50
Running simulation...
start the learn masses function
saved results for system 96
Running simulation...
start the learn masses function
saved results for system 97
Running simulation...
start the learn masses function
saved results for system 98
Running simulation...
start the learn masses function
saved results for system 33
Running simulation...
start the learn masses function
saved results for system 34
Running simulation...
start the learn masses function
saved results for system 35
Running simulation...
start the learn masses function
saved results for system 63
Running simulation...
start the learn masses function
saved results for system 64
Running simulation...
start the learn masses function
saved results for system 65
Running simulation...
start the learn masses function
saved results for system 120
Running simulation...
start the learn masses function
saved results for system 121
Running simulation...
start the learn masses function
saved results for system 122
Running simulation...
start the learn masses function
saved results for system 30
Running simulation...
start the learn masses function
saved results for system 31
Running simulation...
start the learn masses function
saved results for system 32
Running simulation...
start the learn masses function
saved results for system 81
Running simulation...
start the learn masses function
saved results for system 82
Running simulation...
start the learn masses function
saved results for system 83
Running simulation...
start the learn masses function
saved results for system 132
Running simulation...
start the learn masses function
saved results for system 133
Running simulation...
start the learn masses function
saved results for system 134
Running simulation...
start the learn masses function
saved results for system 45
Running simulation...
start the learn masses function
saved results for system 46
Running simulation...
start the learn masses function
saved results for system 47
Running simulation...
start the learn masses function
saved results for system 60
Running simulation...
start the learn masses function
saved results for system 61
Running simulation...
start the learn masses function
saved results for system 62
Running simulation...
start the learn masses function
saved results for system 117
Running simulation...
start the learn masses function
saved results for system 118
Running simulation...
start the learn masses function
saved results for system 119
Running simulation...
start the learn masses function
saved results for system 6
Running simulation...
start the learn masses function
saved results for system 7
Running simulation...
start the learn masses function
saved results for system 8
Running simulation...
start the learn masses function
saved results for system 93
Running simulation...
start the learn masses function
saved results for system 94
Running simulation...
start the learn masses function
saved results for system 95
Running simulation...
start the learn masses function
saved results for system 135
Running simulation...
start the learn masses function
saved results for system 136
Running simulation...
start the learn masses function
saved results for system 137
Running simulation...
start the learn masses function
saved results for system 9
Running simulation...
start the learn masses function
saved results for system 10
Running simulation...
start the learn masses function
saved results for system 11
Running simulation...
start the learn masses function
saved results for system 72
Running simulation...
start the learn masses function
saved results for system 73
Running simulation...
start the learn masses function
saved results for system 74
Running simulation...
start the learn masses function
saved results for system 102
Running simulation...
start the learn masses function
saved results for system 103
Running simulation...
start the learn masses function
saved results for system 104
Running simulation...
start the learn masses function
saved results for system 42
Running simulation...
start the learn masses function
saved results for system 43
Running simulation...
start the learn masses function
saved results for system 44
Running simulation...
start the learn masses function
saved results for system 51
Running simulation...
start the learn masses function
saved results for system 52
Running simulation...
start the learn masses function
saved results for system 53
Running simulation...
start the learn masses function
saved results for system 105
Running simulation...
start the learn masses function
saved results for system 106
Running simulation...
start the learn masses function
saved results for system 107
Running simulation...
start the learn masses function
saved results for system 18
Running simulation...
start the learn masses function
saved results for system 19
Running simulation...
start the learn masses function
saved results for system 20
Running simulation...
start the learn masses function
saved results for system 84
Running simulation...
start the learn masses function
saved results for system 85
Running simulation...
start the learn masses function
saved results for system 86
Running simulation...
start the learn masses function
saved results for system 129
Running simulation...
start the learn masses function
saved results for system 130
Running simulation...
start the learn masses function
saved results for system 131
Running simulation...
start the learn masses function
saved results for system 24
Running simulation...
start the learn masses function
saved results for system 25
Running simulation...
start the learn masses function
deeper than 1
Running simulation...
start the learn masses function
saved results for system 66
Running simulation...
start the learn masses function
saved results for system 67
Running simulation...
start the learn masses function
saved results for system 68
Running simulation...
start the learn masses function
saved results for system 99
Running simulation...
start the learn masses function
saved results for system 100
Running simulation...
start the learn masses function
saved results for system 101
Running simulation...
start the learn masses function
saved results for system 147
Running simulation...
start the learn masses function
saved results for system 148
Running simulation...
start the learn masses function
saved results for system 149
Running simulation...
start the learn masses function
saved results for system 0
Running simulation...
start the learn masses function
saved results for system 1
Running simulation...
start the learn masses function
saved results for system 2
Running simulation...
start the learn masses function
saved results for system 54
Running simulation...
start the learn masses function
saved results for system 55
Running simulation...
start the learn masses function
saved results for system 56
Running simulation...
start the learn masses function
saved results for system 111
Running simulation...
start the learn masses function
saved results for system 112
Running simulation...
start the learn masses function
saved results for system 113
Running simulation...
start the learn masses function
saved results for system 15
Running simulation...
start the learn masses function
saved results for system 16
Running simulation...
start the learn masses function
saved results for system 17
Running simulation...
start the learn masses function
saved results for system 78
Running simulation...
start the learn masses function
saved results for system 79
Running simulation...
start the learn masses function
saved results for system 80
Running simulation...
start the learn masses function
saved results for system 123
Running simulation...
start the learn masses function
saved results for system 124
Running simulation...
start the learn masses function
saved results for system 125
Running simulation...
start the learn masses function
saved results for system 21
Running simulation...
start the learn masses function
saved results for system 22
Running simulation...
start the learn masses function
saved results for system 23
Running simulation...
start the learn masses function
saved results for system 90
Running simulation...
start the learn masses function
saved results for system 91
Running simulation...
start the learn masses function
saved results for system 92
Running simulation...
start the learn masses function
saved results for system 126
Running simulation...
start the learn masses function
saved results for system 127
Running simulation...
start the learn masses function
saved results for system 128
Running simulation...
start the learn masses function
saved results for system 12
Running simulation...
start the learn masses function
saved results for system 13
Running simulation...
start the learn masses function
saved results for system 14
Running simulation...
start the learn masses function
saved results for system 57
Running simulation...
start the learn masses function
saved results for system 58
Running simulation...
start the learn masses function
saved results for system 59
Running simulation...
start the learn masses function
saved results for system 114
Running simulation...
start the learn masses function
saved results for system 115
Running simulation...
start the learn masses function
saved results for system 116
Running simulation...
start the learn masses function
saved results for system 3
Running simulation...
start the learn masses function
saved results for system 4
Running simulation...
start the learn masses function
saved results for system 5
Running simulation...
start the learn masses function
saved results for system 75
Running simulation...
start the learn masses function
saved results for system 76
Running simulation...
start the learn masses function
saved results for system 77
Running simulation...
start the learn masses function
saved results for system 138
Running simulation...
start the learn masses function
saved results for system 139
Running simulation...
start the learn masses function
saved results for system 140
Running simulation...
start the learn masses function
saved results for system 36
Running simulation...
start the learn masses function
saved results for system 37
Running simulation...
start the learn masses function
saved results for system 38
Running simulation...
start the learn masses function
saved results for system 69
Running simulation...
start the learn masses function
saved results for system 70
Running simulation...
start the learn masses function
saved results for system 71
Running simulation...
start the learn masses function
deeper than 1
Running simulation...
start the learn masses function
saved results for system 141
Running simulation...
start the learn masses function
saved results for system 142
Running simulation...
start the learn masses function
saved results for system 143
multiprocessing.pool.RemoteTraceback: 
"""
Traceback (most recent call last):
  File "/home/s2818760/.conda/envs/nbody/lib/python3.12/multiprocessing/pool.py", line 125, in worker
    result = (True, func(*args, **kwds))
                    ^^^^^^^^^^^^^^^^^^^
  File "/home/s2818760/.conda/envs/nbody/lib/python3.12/multiprocessing/pool.py", line 51, in starmapstar
    return list(itertools.starmap(args[0], args[1]))
           ^^^^^^^^^^^^^^^^^^^^^^^^^^^^^^^^^^^^^^^^^
  File "/home/s2818760/MasterProj/KIN_optimizer/Validation/validation.py", line 192, in process_single_system_mp
    masses, losses = find_masses(test_sys=test_sys,
                     ^^^^^^^^^^^^^^^^^^^^^^^^^^^^^^
  File "/home/s2818760/MasterProj/KIN_optimizer/Validation/validation.py", line 57, in find_masses
    masses, losses = node.learn_masses(
                     ^^^^^^^^^^^^^^^^^^
  File "/home/s2818760/MasterProj/KIN_optimizer/Learning/Training_loops.py", line 49, in learn_masses
    mass_values, loss_values = learn_masses_4real(tau, optimizer, availabe_info_of_bodies, None, plotGraph,
                               ^^^^^^^^^^^^^^^^^^^^^^^^^^^^^^^^^^^^^^^^^^^^^^^^^^^^^^^^^^^^^^^^^^^^^^^^^^^^
  File "/home/s2818760/MasterProj/KIN_optimizer/Learning/Training_loops.py", line 174, in learn_masses_4real
    state_derivatives, mass_derivatives = b.backwards_map_fn(
                                          ^^^^^^^^^^^^^^^^^^^
  File "/home/s2818760/.conda/envs/nbody/lib/python3.12/site-packages/tensorflow/python/util/traceback_utils.py", line 153, in error_handler
    raise e.with_traceback(filtered_tb) from None
  File "/home/s2818760/.conda/envs/nbody/lib/python3.12/site-packages/tensorflow/python/eager/execute.py", line 59, in quick_execute
    except TypeError as e:
tensorflow.python.framework.errors_impl.InvalidArgumentError: Graph execution error:

Detected at node while/strided_slice_1 defined at (most recent call last):
  File "/home/s2818760/MasterProj/KIN_optimizer/Validation/validation.py", line 265, in <module>

  File "/home/s2818760/MasterProj/KIN_optimizer/Validation/validation.py", line 256, in test_many_systems_mp

  File "/home/s2818760/.conda/envs/nbody/lib/python3.12/multiprocessing/context.py", line 119, in Pool

  File "/home/s2818760/.conda/envs/nbody/lib/python3.12/multiprocessing/pool.py", line 215, in __init__

  File "/home/s2818760/.conda/envs/nbody/lib/python3.12/multiprocessing/pool.py", line 306, in _repopulate_pool

  File "/home/s2818760/.conda/envs/nbody/lib/python3.12/multiprocessing/pool.py", line 329, in _repopulate_pool_static

  File "/home/s2818760/.conda/envs/nbody/lib/python3.12/multiprocessing/process.py", line 121, in start

  File "/home/s2818760/.conda/envs/nbody/lib/python3.12/multiprocessing/context.py", line 282, in _Popen

  File "/home/s2818760/.conda/envs/nbody/lib/python3.12/multiprocessing/popen_fork.py", line 19, in __init__

  File "/home/s2818760/.conda/envs/nbody/lib/python3.12/multiprocessing/popen_fork.py", line 71, in _launch

  File "/home/s2818760/.conda/envs/nbody/lib/python3.12/multiprocessing/process.py", line 314, in _bootstrap

  File "/home/s2818760/.conda/envs/nbody/lib/python3.12/multiprocessing/process.py", line 108, in run

  File "/home/s2818760/.conda/envs/nbody/lib/python3.12/multiprocessing/pool.py", line 125, in worker

  File "/home/s2818760/.conda/envs/nbody/lib/python3.12/multiprocessing/pool.py", line 51, in starmapstar

  File "/home/s2818760/MasterProj/KIN_optimizer/Validation/validation.py", line 192, in process_single_system_mp

  File "/home/s2818760/MasterProj/KIN_optimizer/Validation/validation.py", line 57, in find_masses

  File "/home/s2818760/MasterProj/KIN_optimizer/Learning/Training_loops.py", line 49, in learn_masses

  File "/home/s2818760/MasterProj/KIN_optimizer/Learning/Training_loops.py", line 174, in learn_masses_4real

  File "/home/s2818760/MasterProj/KIN_optimizer/Learning/Backwards.py", line 116, in backwards_map_fn

  File "/home/s2818760/MasterProj/KIN_optimizer/Learning/Backwards.py", line 116, in backwards_map_fn

  File "/home/s2818760/MasterProj/KIN_optimizer/Learning/Backwards.py", line 89, in calculate_gradients_for_psiotion

  File "/home/s2818760/MasterProj/KIN_optimizer/Learning/Backwards.py", line 73, in false_fn

  File "/home/s2818760/MasterProj/KIN_optimizer/Learning/Backwards.py", line 44, in gradient_computation

  File "/home/s2818760/MasterProj/KIN_optimizer/TensorCode/backwards_MainCode.py", line 31, in do_step

  File "/home/s2818760/MasterProj/KIN_optimizer/TensorCode/backwards_MainCode.py", line 85, in evolve_HW

  File "/home/s2818760/MasterProj/KIN_optimizer/TensorCode/backwards_MainCode.py", line 85, in evolve_HW

  File "/home/s2818760/MasterProj/KIN_optimizer/TensorCode/backwards_MainCode.py", line 8, in kepler_solver

  File "/home/s2818760/MasterProj/KIN_optimizer/TensorCode/backwards_MainCode.py", line 15, in kepler_solver

  File "/home/s2818760/MasterProj/KIN_optimizer/TensorCode/backwards_kepler_solver.py", line 86, in kepler_step

  File "/home/s2818760/MasterProj/KIN_optimizer/TensorCode/backwards_kepler_solver.py", line 22, in cond

slice index 4 of dimension 0 out of bounds.
	 [[{{node while/strided_slice_1}}]] [Op:__inference_backwards_map_fn_24114]
"""

The above exception was the direct cause of the following exception:

Traceback (most recent call last):
  File "/home/s2818760/MasterProj/KIN_optimizer/Validation/validation.py", line 265, in <module>
    test_many_systems_mp(M_min_bounds=[1e-10, 1e-4],
  File "/home/s2818760/MasterProj/KIN_optimizer/Validation/validation.py", line 257, in test_many_systems_mp
    pool.starmap(process_single_system_mp, args)
  File "/home/s2818760/.conda/envs/nbody/lib/python3.12/multiprocessing/pool.py", line 375, in starmap
    return self._map_async(func, iterable, starmapstar, chunksize).get()
           ^^^^^^^^^^^^^^^^^^^^^^^^^^^^^^^^^^^^^^^^^^^^^^^^^^^^^^^^^^^^^
  File "/home/s2818760/.conda/envs/nbody/lib/python3.12/multiprocessing/pool.py", line 774, in get
    raise self._value
tensorflow.python.framework.errors_impl.InvalidArgumentError: Graph execution error:

Detected at node while/strided_slice_1 defined at (most recent call last):
  File "/home/s2818760/MasterProj/KIN_optimizer/Validation/validation.py", line 265, in <module>

  File "/home/s2818760/MasterProj/KIN_optimizer/Validation/validation.py", line 256, in test_many_systems_mp

  File "/home/s2818760/.conda/envs/nbody/lib/python3.12/multiprocessing/context.py", line 119, in Pool

  File "/home/s2818760/.conda/envs/nbody/lib/python3.12/multiprocessing/pool.py", line 215, in __init__

  File "/home/s2818760/.conda/envs/nbody/lib/python3.12/multiprocessing/pool.py", line 306, in _repopulate_pool

  File "/home/s2818760/.conda/envs/nbody/lib/python3.12/multiprocessing/pool.py", line 329, in _repopulate_pool_static

  File "/home/s2818760/.conda/envs/nbody/lib/python3.12/multiprocessing/process.py", line 121, in start

  File "/home/s2818760/.conda/envs/nbody/lib/python3.12/multiprocessing/context.py", line 282, in _Popen

  File "/home/s2818760/.conda/envs/nbody/lib/python3.12/multiprocessing/popen_fork.py", line 19, in __init__

  File "/home/s2818760/.conda/envs/nbody/lib/python3.12/multiprocessing/popen_fork.py", line 71, in _launch

  File "/home/s2818760/.conda/envs/nbody/lib/python3.12/multiprocessing/process.py", line 314, in _bootstrap

  File "/home/s2818760/.conda/envs/nbody/lib/python3.12/multiprocessing/process.py", line 108, in run

  File "/home/s2818760/.conda/envs/nbody/lib/python3.12/multiprocessing/pool.py", line 125, in worker

  File "/home/s2818760/.conda/envs/nbody/lib/python3.12/multiprocessing/pool.py", line 51, in starmapstar

  File "/home/s2818760/MasterProj/KIN_optimizer/Validation/validation.py", line 192, in process_single_system_mp

  File "/home/s2818760/MasterProj/KIN_optimizer/Validation/validation.py", line 57, in find_masses

  File "/home/s2818760/MasterProj/KIN_optimizer/Learning/Training_loops.py", line 49, in learn_masses

  File "/home/s2818760/MasterProj/KIN_optimizer/Learning/Training_loops.py", line 174, in learn_masses_4real

  File "/home/s2818760/MasterProj/KIN_optimizer/Learning/Backwards.py", line 116, in backwards_map_fn

  File "/home/s2818760/MasterProj/KIN_optimizer/Learning/Backwards.py", line 116, in backwards_map_fn

  File "/home/s2818760/MasterProj/KIN_optimizer/Learning/Backwards.py", line 89, in calculate_gradients_for_psiotion

  File "/home/s2818760/MasterProj/KIN_optimizer/Learning/Backwards.py", line 73, in false_fn

  File "/home/s2818760/MasterProj/KIN_optimizer/Learning/Backwards.py", line 44, in gradient_computation

  File "/home/s2818760/MasterProj/KIN_optimizer/TensorCode/backwards_MainCode.py", line 31, in do_step

  File "/home/s2818760/MasterProj/KIN_optimizer/TensorCode/backwards_MainCode.py", line 85, in evolve_HW

  File "/home/s2818760/MasterProj/KIN_optimizer/TensorCode/backwards_MainCode.py", line 85, in evolve_HW

  File "/home/s2818760/MasterProj/KIN_optimizer/TensorCode/backwards_MainCode.py", line 8, in kepler_solver

  File "/home/s2818760/MasterProj/KIN_optimizer/TensorCode/backwards_MainCode.py", line 15, in kepler_solver

  File "/home/s2818760/MasterProj/KIN_optimizer/TensorCode/backwards_kepler_solver.py", line 86, in kepler_step

  File "/home/s2818760/MasterProj/KIN_optimizer/TensorCode/backwards_kepler_solver.py", line 22, in cond

slice index 4 of dimension 0 out of bounds.
	 [[{{node while/strided_slice_1}}]] [Op:__inference_backwards_map_fn_24114]
#### Finished Test. Have a nice day
