#### Starting test
n_cores available for slurm is 16
2025-04-28 21:01:45.924458: I external/local_xla/xla/tsl/cuda/cudart_stub.cc:32] Could not find cuda drivers on your machine, GPU will not be used.
2025-04-28 21:01:45.924458: I external/local_xla/xla/tsl/cuda/cudart_stub.cc:32] Could not find cuda drivers on your machine, GPU will not be used.
2025-04-28 21:01:45.924471: I external/local_xla/xla/tsl/cuda/cudart_stub.cc:32] Could not find cuda drivers on your machine, GPU will not be used.
2025-04-28 21:01:45.924477: I external/local_xla/xla/tsl/cuda/cudart_stub.cc:32] Could not find cuda drivers on your machine, GPU will not be used.
2025-04-28 21:01:45.924459: I external/local_xla/xla/tsl/cuda/cudart_stub.cc:32] Could not find cuda drivers on your machine, GPU will not be used.
2025-04-28 21:01:45.924460: I external/local_xla/xla/tsl/cuda/cudart_stub.cc:32] Could not find cuda drivers on your machine, GPU will not be used.
2025-04-28 21:01:45.924460: I external/local_xla/xla/tsl/cuda/cudart_stub.cc:32] Could not find cuda drivers on your machine, GPU will not be used.
2025-04-28 21:01:45.924472: I external/local_xla/xla/tsl/cuda/cudart_stub.cc:32] Could not find cuda drivers on your machine, GPU will not be used.
2025-04-28 21:01:45.924471: I external/local_xla/xla/tsl/cuda/cudart_stub.cc:32] Could not find cuda drivers on your machine, GPU will not be used.
2025-04-28 21:01:45.924471: I external/local_xla/xla/tsl/cuda/cudart_stub.cc:32] Could not find cuda drivers on your machine, GPU will not be used.
2025-04-28 21:01:45.924477: I external/local_xla/xla/tsl/cuda/cudart_stub.cc:32] Could not find cuda drivers on your machine, GPU will not be used.
2025-04-28 21:01:45.924477: I external/local_xla/xla/tsl/cuda/cudart_stub.cc:32] Could not find cuda drivers on your machine, GPU will not be used.
2025-04-28 21:01:45.924477: I external/local_xla/xla/tsl/cuda/cudart_stub.cc:32] Could not find cuda drivers on your machine, GPU will not be used.
2025-04-28 21:01:45.924477: I external/local_xla/xla/tsl/cuda/cudart_stub.cc:32] Could not find cuda drivers on your machine, GPU will not be used.
2025-04-28 21:01:45.924477: I external/local_xla/xla/tsl/cuda/cudart_stub.cc:32] Could not find cuda drivers on your machine, GPU will not be used.
2025-04-28 21:01:45.924477: I external/local_xla/xla/tsl/cuda/cudart_stub.cc:32] Could not find cuda drivers on your machine, GPU will not be used.
2025-04-28 21:01:46.339734: I external/local_xla/xla/tsl/cuda/cudart_stub.cc:32] Could not find cuda drivers on your machine, GPU will not be used.
2025-04-28 21:01:46.339736: I external/local_xla/xla/tsl/cuda/cudart_stub.cc:32] Could not find cuda drivers on your machine, GPU will not be used.
2025-04-28 21:01:46.339734: I external/local_xla/xla/tsl/cuda/cudart_stub.cc:32] Could not find cuda drivers on your machine, GPU will not be used.
2025-04-28 21:01:46.339734: I external/local_xla/xla/tsl/cuda/cudart_stub.cc:32] Could not find cuda drivers on your machine, GPU will not be used.
2025-04-28 21:01:46.339733: I external/local_xla/xla/tsl/cuda/cudart_stub.cc:32] Could not find cuda drivers on your machine, GPU will not be used.
2025-04-28 21:01:46.339734: I external/local_xla/xla/tsl/cuda/cudart_stub.cc:32] Could not find cuda drivers on your machine, GPU will not be used.
2025-04-28 21:01:46.339734: I external/local_xla/xla/tsl/cuda/cudart_stub.cc:32] Could not find cuda drivers on your machine, GPU will not be used.
2025-04-28 21:01:46.339734: I external/local_xla/xla/tsl/cuda/cudart_stub.cc:32] Could not find cuda drivers on your machine, GPU will not be used.
2025-04-28 21:01:46.339734: I external/local_xla/xla/tsl/cuda/cudart_stub.cc:32] Could not find cuda drivers on your machine, GPU will not be used.
2025-04-28 21:01:46.339734: I external/local_xla/xla/tsl/cuda/cudart_stub.cc:32] Could not find cuda drivers on your machine, GPU will not be used.
2025-04-28 21:01:46.339735: I external/local_xla/xla/tsl/cuda/cudart_stub.cc:32] Could not find cuda drivers on your machine, GPU will not be used.
2025-04-28 21:01:46.339736: I external/local_xla/xla/tsl/cuda/cudart_stub.cc:32] Could not find cuda drivers on your machine, GPU will not be used.
2025-04-28 21:01:46.339808: I external/local_xla/xla/tsl/cuda/cudart_stub.cc:32] Could not find cuda drivers on your machine, GPU will not be used.
2025-04-28 21:01:46.339808: I external/local_xla/xla/tsl/cuda/cudart_stub.cc:32] Could not find cuda drivers on your machine, GPU will not be used.
2025-04-28 21:01:46.339810: I external/local_xla/xla/tsl/cuda/cudart_stub.cc:32] Could not find cuda drivers on your machine, GPU will not be used.
2025-04-28 21:01:46.339810: I external/local_xla/xla/tsl/cuda/cudart_stub.cc:32] Could not find cuda drivers on your machine, GPU will not be used.
2025-04-28 21:01:46.518576: E external/local_xla/xla/stream_executor/cuda/cuda_fft.cc:467] Unable to register cuFFT factory: Attempting to register factory for plugin cuFFT when one has already been registered
2025-04-28 21:01:46.518571: E external/local_xla/xla/stream_executor/cuda/cuda_fft.cc:467] Unable to register cuFFT factory: Attempting to register factory for plugin cuFFT when one has already been registered
2025-04-28 21:01:46.518581: E external/local_xla/xla/stream_executor/cuda/cuda_fft.cc:467] Unable to register cuFFT factory: Attempting to register factory for plugin cuFFT when one has already been registered
2025-04-28 21:01:46.518580: E external/local_xla/xla/stream_executor/cuda/cuda_fft.cc:467] Unable to register cuFFT factory: Attempting to register factory for plugin cuFFT when one has already been registered
2025-04-28 21:01:46.518588: E external/local_xla/xla/stream_executor/cuda/cuda_fft.cc:467] Unable to register cuFFT factory: Attempting to register factory for plugin cuFFT when one has already been registered
2025-04-28 21:01:46.518598: E external/local_xla/xla/stream_executor/cuda/cuda_fft.cc:467] Unable to register cuFFT factory: Attempting to register factory for plugin cuFFT when one has already been registered
2025-04-28 21:01:46.518596: E external/local_xla/xla/stream_executor/cuda/cuda_fft.cc:467] Unable to register cuFFT factory: Attempting to register factory for plugin cuFFT when one has already been registered
2025-04-28 21:01:46.518600: E external/local_xla/xla/stream_executor/cuda/cuda_fft.cc:467] Unable to register cuFFT factory: Attempting to register factory for plugin cuFFT when one has already been registered
2025-04-28 21:01:46.518598: E external/local_xla/xla/stream_executor/cuda/cuda_fft.cc:467] Unable to register cuFFT factory: Attempting to register factory for plugin cuFFT when one has already been registered
2025-04-28 21:01:46.518601: E external/local_xla/xla/stream_executor/cuda/cuda_fft.cc:467] Unable to register cuFFT factory: Attempting to register factory for plugin cuFFT when one has already been registered
2025-04-28 21:01:46.518604: E external/local_xla/xla/stream_executor/cuda/cuda_fft.cc:467] Unable to register cuFFT factory: Attempting to register factory for plugin cuFFT when one has already been registered
2025-04-28 21:01:46.518606: E external/local_xla/xla/stream_executor/cuda/cuda_fft.cc:467] Unable to register cuFFT factory: Attempting to register factory for plugin cuFFT when one has already been registered
2025-04-28 21:01:46.518606: E external/local_xla/xla/stream_executor/cuda/cuda_fft.cc:467] Unable to register cuFFT factory: Attempting to register factory for plugin cuFFT when one has already been registered
2025-04-28 21:01:46.518606: E external/local_xla/xla/stream_executor/cuda/cuda_fft.cc:467] Unable to register cuFFT factory: Attempting to register factory for plugin cuFFT when one has already been registered
2025-04-28 21:01:46.518645: E external/local_xla/xla/stream_executor/cuda/cuda_fft.cc:467] Unable to register cuFFT factory: Attempting to register factory for plugin cuFFT when one has already been registered
2025-04-28 21:01:46.519273: E external/local_xla/xla/stream_executor/cuda/cuda_fft.cc:467] Unable to register cuFFT factory: Attempting to register factory for plugin cuFFT when one has already been registered
WARNING: All log messages before absl::InitializeLog() is called are written to STDERR
WARNING: All log messages before absl::InitializeLog() is called are written to STDERR
WARNING: All log messages before absl::InitializeLog() is called are written to STDERR
WARNING: All log messages before absl::InitializeLog() is called are written to STDERR
WARNING: All log messages before absl::InitializeLog() is called are written to STDERR
WARNING: All log messages before absl::InitializeLog() is called are written to STDERR
WARNING: All log messages before absl::InitializeLog() is called are written to STDERR
WARNING: All log messages before absl::InitializeLog() is called are written to STDERR
WARNING: All log messages before absl::InitializeLog() is called are written to STDERR
E0000 00:00:1745866906.676332 2983145 cuda_dnn.cc:8579] Unable to register cuDNN factory: Attempting to register factory for plugin cuDNN when one has already been registered
E0000 00:00:1745866906.676340 2983147 cuda_dnn.cc:8579] Unable to register cuDNN factory: Attempting to register factory for plugin cuDNN when one has already been registered
E0000 00:00:1745866906.676344 2983142 cuda_dnn.cc:8579] Unable to register cuDNN factory: Attempting to register factory for plugin cuDNN when one has already been registered
WARNING: All log messages before absl::InitializeLog() is called are written to STDERR
WARNING: All log messages before absl::InitializeLog() is called are written to STDERR
E0000 00:00:1745866906.676339 2983146 cuda_dnn.cc:8579] Unable to register cuDNN factory: Attempting to register factory for plugin cuDNN when one has already been registered
WARNING: All log messages before absl::InitializeLog() is called are written to STDERR
WARNING: All log messages before absl::InitializeLog() is called are written to STDERR
E0000 00:00:1745866906.676335 2983141 cuda_dnn.cc:8579] Unable to register cuDNN factory: Attempting to register factory for plugin cuDNN when one has already been registered
E0000 00:00:1745866906.676367 2983148 cuda_dnn.cc:8579] Unable to register cuDNN factory: Attempting to register factory for plugin cuDNN when one has already been registered
WARNING: All log messages before absl::InitializeLog() is called are written to STDERR
E0000 00:00:1745866906.676348 2983139 cuda_dnn.cc:8579] Unable to register cuDNN factory: Attempting to register factory for plugin cuDNN when one has already been registered
WARNING: All log messages before absl::InitializeLog() is called are written to STDERR
E0000 00:00:1745866906.676347 2983138 cuda_dnn.cc:8579] Unable to register cuDNN factory: Attempting to register factory for plugin cuDNN when one has already been registered
E0000 00:00:1745866906.676351 2983150 cuda_dnn.cc:8579] Unable to register cuDNN factory: Attempting to register factory for plugin cuDNN when one has already been registered
E0000 00:00:1745866906.676366 2983144 cuda_dnn.cc:8579] Unable to register cuDNN factory: Attempting to register factory for plugin cuDNN when one has already been registered
E0000 00:00:1745866906.676365 2983137 cuda_dnn.cc:8579] Unable to register cuDNN factory: Attempting to register factory for plugin cuDNN when one has already been registered
E0000 00:00:1745866906.676362 2983140 cuda_dnn.cc:8579] Unable to register cuDNN factory: Attempting to register factory for plugin cuDNN when one has already been registered
E0000 00:00:1745866906.676362 2983149 cuda_dnn.cc:8579] Unable to register cuDNN factory: Attempting to register factory for plugin cuDNN when one has already been registered
E0000 00:00:1745866906.676366 2983151 cuda_dnn.cc:8579] Unable to register cuDNN factory: Attempting to register factory for plugin cuDNN when one has already been registered
E0000 00:00:1745866906.676366 2983136 cuda_dnn.cc:8579] Unable to register cuDNN factory: Attempting to register factory for plugin cuDNN when one has already been registered
WARNING: All log messages before absl::InitializeLog() is called are written to STDERR
E0000 00:00:1745866906.676468 2983143 cuda_dnn.cc:8579] Unable to register cuDNN factory: Attempting to register factory for plugin cuDNN when one has already been registered
E0000 00:00:1745866906.773569 2983141 cuda_blas.cc:1407] Unable to register cuBLAS factory: Attempting to register factory for plugin cuBLAS when one has already been registered
E0000 00:00:1745866906.773575 2983138 cuda_blas.cc:1407] Unable to register cuBLAS factory: Attempting to register factory for plugin cuBLAS when one has already been registered
E0000 00:00:1745866906.773575 2983145 cuda_blas.cc:1407] Unable to register cuBLAS factory: Attempting to register factory for plugin cuBLAS when one has already been registered
E0000 00:00:1745866906.773580 2983139 cuda_blas.cc:1407] Unable to register cuBLAS factory: Attempting to register factory for plugin cuBLAS when one has already been registered
E0000 00:00:1745866906.773569 2983144 cuda_blas.cc:1407] Unable to register cuBLAS factory: Attempting to register factory for plugin cuBLAS when one has already been registered
E0000 00:00:1745866906.773584 2983140 cuda_blas.cc:1407] Unable to register cuBLAS factory: Attempting to register factory for plugin cuBLAS when one has already been registered
E0000 00:00:1745866906.773584 2983136 cuda_blas.cc:1407] Unable to register cuBLAS factory: Attempting to register factory for plugin cuBLAS when one has already been registered
E0000 00:00:1745866906.773586 2983151 cuda_blas.cc:1407] Unable to register cuBLAS factory: Attempting to register factory for plugin cuBLAS when one has already been registered
E0000 00:00:1745866906.773586 2983142 cuda_blas.cc:1407] Unable to register cuBLAS factory: Attempting to register factory for plugin cuBLAS when one has already been registered
E0000 00:00:1745866906.773587 2983147 cuda_blas.cc:1407] Unable to register cuBLAS factory: Attempting to register factory for plugin cuBLAS when one has already been registered
E0000 00:00:1745866906.773599 2983137 cuda_blas.cc:1407] Unable to register cuBLAS factory: Attempting to register factory for plugin cuBLAS when one has already been registered
E0000 00:00:1745866906.773595 2983146 cuda_blas.cc:1407] Unable to register cuBLAS factory: Attempting to register factory for plugin cuBLAS when one has already been registered
E0000 00:00:1745866906.773600 2983148 cuda_blas.cc:1407] Unable to register cuBLAS factory: Attempting to register factory for plugin cuBLAS when one has already been registered
E0000 00:00:1745866906.773600 2983149 cuda_blas.cc:1407] Unable to register cuBLAS factory: Attempting to register factory for plugin cuBLAS when one has already been registered
E0000 00:00:1745866906.773601 2983143 cuda_blas.cc:1407] Unable to register cuBLAS factory: Attempting to register factory for plugin cuBLAS when one has already been registered
E0000 00:00:1745866906.773601 2983150 cuda_blas.cc:1407] Unable to register cuBLAS factory: Attempting to register factory for plugin cuBLAS when one has already been registered
W0000 00:00:1745866907.323937 2983144 computation_placer.cc:177] computation placer already registered. Please check linkage and avoid linking the same target more than once.
W0000 00:00:1745866907.323954 2983151 computation_placer.cc:177] computation placer already registered. Please check linkage and avoid linking the same target more than once.
W0000 00:00:1745866907.323946 2983137 computation_placer.cc:177] computation placer already registered. Please check linkage and avoid linking the same target more than once.
W0000 00:00:1745866907.323959 2983136 computation_placer.cc:177] computation placer already registered. Please check linkage and avoid linking the same target more than once.
W0000 00:00:1745866907.323950 2983143 computation_placer.cc:177] computation placer already registered. Please check linkage and avoid linking the same target more than once.
W0000 00:00:1745866907.323978 2983144 computation_placer.cc:177] computation placer already registered. Please check linkage and avoid linking the same target more than once.
W0000 00:00:1745866907.323987 2983136 computation_placer.cc:177] computation placer already registered. Please check linkage and avoid linking the same target more than once.
W0000 00:00:1745866907.323953 2983138 computation_placer.cc:177] computation placer already registered. Please check linkage and avoid linking the same target more than once.
W0000 00:00:1745866907.323967 2983147 computation_placer.cc:177] computation placer already registered. Please check linkage and avoid linking the same target more than once.
W0000 00:00:1745866907.323948 2983145 computation_placer.cc:177] computation placer already registered. Please check linkage and avoid linking the same target more than once.
W0000 00:00:1745866907.323982 2983151 computation_placer.cc:177] computation placer already registered. Please check linkage and avoid linking the same target more than once.
W0000 00:00:1745866907.323985 2983137 computation_placer.cc:177] computation placer already registered. Please check linkage and avoid linking the same target more than once.
W0000 00:00:1745866907.323966 2983148 computation_placer.cc:177] computation placer already registered. Please check linkage and avoid linking the same target more than once.
W0000 00:00:1745866907.323962 2983142 computation_placer.cc:177] computation placer already registered. Please check linkage and avoid linking the same target more than once.
W0000 00:00:1745866907.323990 2983143 computation_placer.cc:177] computation placer already registered. Please check linkage and avoid linking the same target more than once.
W0000 00:00:1745866907.323991 2983144 computation_placer.cc:177] computation placer already registered. Please check linkage and avoid linking the same target more than once.
W0000 00:00:1745866907.323969 2983146 computation_placer.cc:177] computation placer already registered. Please check linkage and avoid linking the same target more than once.
W0000 00:00:1745866907.323974 2983150 computation_placer.cc:177] computation placer already registered. Please check linkage and avoid linking the same target more than once.
W0000 00:00:1745866907.323959 2983140 computation_placer.cc:177] computation placer already registered. Please check linkage and avoid linking the same target more than once.
W0000 00:00:1745866907.323974 2983139 computation_placer.cc:177] computation placer already registered. Please check linkage and avoid linking the same target more than once.
W0000 00:00:1745866907.324000 2983136 computation_placer.cc:177] computation placer already registered. Please check linkage and avoid linking the same target more than once.
W0000 00:00:1745866907.324005 2983138 computation_placer.cc:177] computation placer already registered. Please check linkage and avoid linking the same target more than once.
W0000 00:00:1745866907.324008 2983147 computation_placer.cc:177] computation placer already registered. Please check linkage and avoid linking the same target more than once.
W0000 00:00:1745866907.324010 2983145 computation_placer.cc:177] computation placer already registered. Please check linkage and avoid linking the same target more than once.
W0000 00:00:1745866907.324012 2983151 computation_placer.cc:177] computation placer already registered. Please check linkage and avoid linking the same target more than once.
W0000 00:00:1745866907.324013 2983137 computation_placer.cc:177] computation placer already registered. Please check linkage and avoid linking the same target more than once.
W0000 00:00:1745866907.324016 2983148 computation_placer.cc:177] computation placer already registered. Please check linkage and avoid linking the same target more than once.
W0000 00:00:1745866907.324018 2983142 computation_placer.cc:177] computation placer already registered. Please check linkage and avoid linking the same target more than once.
W0000 00:00:1745866907.324019 2983143 computation_placer.cc:177] computation placer already registered. Please check linkage and avoid linking the same target more than once.
W0000 00:00:1745866907.324022 2983144 computation_placer.cc:177] computation placer already registered. Please check linkage and avoid linking the same target more than once.
W0000 00:00:1745866907.324034 2983150 computation_placer.cc:177] computation placer already registered. Please check linkage and avoid linking the same target more than once.
W0000 00:00:1745866907.324034 2983146 computation_placer.cc:177] computation placer already registered. Please check linkage and avoid linking the same target more than once.
W0000 00:00:1745866907.324041 2983140 computation_placer.cc:177] computation placer already registered. Please check linkage and avoid linking the same target more than once.
W0000 00:00:1745866907.323985 2983149 computation_placer.cc:177] computation placer already registered. Please check linkage and avoid linking the same target more than once.
W0000 00:00:1745866907.324047 2983136 computation_placer.cc:177] computation placer already registered. Please check linkage and avoid linking the same target more than once.
W0000 00:00:1745866907.324047 2983139 computation_placer.cc:177] computation placer already registered. Please check linkage and avoid linking the same target more than once.
W0000 00:00:1745866907.324049 2983138 computation_placer.cc:177] computation placer already registered. Please check linkage and avoid linking the same target more than once.
W0000 00:00:1745866907.324051 2983147 computation_placer.cc:177] computation placer already registered. Please check linkage and avoid linking the same target more than once.
W0000 00:00:1745866907.324052 2983145 computation_placer.cc:177] computation placer already registered. Please check linkage and avoid linking the same target more than once.
W0000 00:00:1745866907.324054 2983151 computation_placer.cc:177] computation placer already registered. Please check linkage and avoid linking the same target more than once.
W0000 00:00:1745866907.324056 2983137 computation_placer.cc:177] computation placer already registered. Please check linkage and avoid linking the same target more than once.
W0000 00:00:1745866907.324057 2983148 computation_placer.cc:177] computation placer already registered. Please check linkage and avoid linking the same target more than once.
W0000 00:00:1745866907.324058 2983142 computation_placer.cc:177] computation placer already registered. Please check linkage and avoid linking the same target more than once.
W0000 00:00:1745866907.323987 2983141 computation_placer.cc:177] computation placer already registered. Please check linkage and avoid linking the same target more than once.
W0000 00:00:1745866907.324060 2983143 computation_placer.cc:177] computation placer already registered. Please check linkage and avoid linking the same target more than once.
W0000 00:00:1745866907.324072 2983150 computation_placer.cc:177] computation placer already registered. Please check linkage and avoid linking the same target more than once.
W0000 00:00:1745866907.324073 2983146 computation_placer.cc:177] computation placer already registered. Please check linkage and avoid linking the same target more than once.
W0000 00:00:1745866907.324077 2983140 computation_placer.cc:177] computation placer already registered. Please check linkage and avoid linking the same target more than once.
W0000 00:00:1745866907.324085 2983139 computation_placer.cc:177] computation placer already registered. Please check linkage and avoid linking the same target more than once.
W0000 00:00:1745866907.324088 2983138 computation_placer.cc:177] computation placer already registered. Please check linkage and avoid linking the same target more than once.
W0000 00:00:1745866907.324089 2983149 computation_placer.cc:177] computation placer already registered. Please check linkage and avoid linking the same target more than once.
W0000 00:00:1745866907.324090 2983147 computation_placer.cc:177] computation placer already registered. Please check linkage and avoid linking the same target more than once.
W0000 00:00:1745866907.324091 2983145 computation_placer.cc:177] computation placer already registered. Please check linkage and avoid linking the same target more than once.
W0000 00:00:1745866907.324097 2983148 computation_placer.cc:177] computation placer already registered. Please check linkage and avoid linking the same target more than once.
W0000 00:00:1745866907.324100 2983142 computation_placer.cc:177] computation placer already registered. Please check linkage and avoid linking the same target more than once.
W0000 00:00:1745866907.324104 2983141 computation_placer.cc:177] computation placer already registered. Please check linkage and avoid linking the same target more than once.
W0000 00:00:1745866907.324110 2983150 computation_placer.cc:177] computation placer already registered. Please check linkage and avoid linking the same target more than once.
W0000 00:00:1745866907.324112 2983146 computation_placer.cc:177] computation placer already registered. Please check linkage and avoid linking the same target more than once.
W0000 00:00:1745866907.324116 2983140 computation_placer.cc:177] computation placer already registered. Please check linkage and avoid linking the same target more than once.
W0000 00:00:1745866907.324119 2983139 computation_placer.cc:177] computation placer already registered. Please check linkage and avoid linking the same target more than once.
W0000 00:00:1745866907.324122 2983149 computation_placer.cc:177] computation placer already registered. Please check linkage and avoid linking the same target more than once.
W0000 00:00:1745866907.324137 2983141 computation_placer.cc:177] computation placer already registered. Please check linkage and avoid linking the same target more than once.
W0000 00:00:1745866907.324150 2983149 computation_placer.cc:177] computation placer already registered. Please check linkage and avoid linking the same target more than once.
W0000 00:00:1745866907.324153 2983141 computation_placer.cc:177] computation placer already registered. Please check linkage and avoid linking the same target more than once.
2025-04-28 21:01:47.359638: I tensorflow/core/platform/cpu_feature_guard.cc:210] This TensorFlow binary is optimized to use available CPU instructions in performance-critical operations.
To enable the following instructions: AVX2 AVX512F FMA, in other operations, rebuild TensorFlow with the appropriate compiler flags.
2025-04-28 21:01:47.359638: I tensorflow/core/platform/cpu_feature_guard.cc:210] This TensorFlow binary is optimized to use available CPU instructions in performance-critical operations.
To enable the following instructions: AVX2 AVX512F FMA, in other operations, rebuild TensorFlow with the appropriate compiler flags.
2025-04-28 21:01:47.359675: I tensorflow/core/platform/cpu_feature_guard.cc:210] This TensorFlow binary is optimized to use available CPU instructions in performance-critical operations.
To enable the following instructions: AVX2 AVX512F FMA, in other operations, rebuild TensorFlow with the appropriate compiler flags.
2025-04-28 21:01:47.359726: I tensorflow/core/platform/cpu_feature_guard.cc:210] This TensorFlow binary is optimized to use available CPU instructions in performance-critical operations.
To enable the following instructions: AVX2 AVX512F FMA, in other operations, rebuild TensorFlow with the appropriate compiler flags.
2025-04-28 21:01:47.359794: I tensorflow/core/platform/cpu_feature_guard.cc:210] This TensorFlow binary is optimized to use available CPU instructions in performance-critical operations.
To enable the following instructions: AVX2 AVX512F FMA, in other operations, rebuild TensorFlow with the appropriate compiler flags.
2025-04-28 21:01:47.359863: I tensorflow/core/platform/cpu_feature_guard.cc:210] This TensorFlow binary is optimized to use available CPU instructions in performance-critical operations.
To enable the following instructions: AVX2 AVX512F FMA, in other operations, rebuild TensorFlow with the appropriate compiler flags.
2025-04-28 21:01:47.359866: I tensorflow/core/platform/cpu_feature_guard.cc:210] This TensorFlow binary is optimized to use available CPU instructions in performance-critical operations.
To enable the following instructions: AVX2 AVX512F FMA, in other operations, rebuild TensorFlow with the appropriate compiler flags.
2025-04-28 21:01:47.359865: I tensorflow/core/platform/cpu_feature_guard.cc:210] This TensorFlow binary is optimized to use available CPU instructions in performance-critical operations.
To enable the following instructions: AVX2 AVX512F FMA, in other operations, rebuild TensorFlow with the appropriate compiler flags.
2025-04-28 21:01:47.359865: I tensorflow/core/platform/cpu_feature_guard.cc:210] This TensorFlow binary is optimized to use available CPU instructions in performance-critical operations.
To enable the following instructions: AVX2 AVX512F FMA, in other operations, rebuild TensorFlow with the appropriate compiler flags.
2025-04-28 21:01:47.359886: I tensorflow/core/platform/cpu_feature_guard.cc:210] This TensorFlow binary is optimized to use available CPU instructions in performance-critical operations.
To enable the following instructions: AVX2 AVX512F FMA, in other operations, rebuild TensorFlow with the appropriate compiler flags.
2025-04-28 21:01:47.359887: I tensorflow/core/platform/cpu_feature_guard.cc:210] This TensorFlow binary is optimized to use available CPU instructions in performance-critical operations.
To enable the following instructions: AVX2 AVX512F FMA, in other operations, rebuild TensorFlow with the appropriate compiler flags.
2025-04-28 21:01:47.359896: I tensorflow/core/platform/cpu_feature_guard.cc:210] This TensorFlow binary is optimized to use available CPU instructions in performance-critical operations.
To enable the following instructions: AVX2 AVX512F FMA, in other operations, rebuild TensorFlow with the appropriate compiler flags.
2025-04-28 21:01:47.360224: I tensorflow/core/platform/cpu_feature_guard.cc:210] This TensorFlow binary is optimized to use available CPU instructions in performance-critical operations.
To enable the following instructions: AVX2 AVX512F FMA, in other operations, rebuild TensorFlow with the appropriate compiler flags.
2025-04-28 21:01:47.360278: I tensorflow/core/platform/cpu_feature_guard.cc:210] This TensorFlow binary is optimized to use available CPU instructions in performance-critical operations.
To enable the following instructions: AVX2 AVX512F FMA, in other operations, rebuild TensorFlow with the appropriate compiler flags.
2025-04-28 21:01:47.360822: I tensorflow/core/platform/cpu_feature_guard.cc:210] This TensorFlow binary is optimized to use available CPU instructions in performance-critical operations.
To enable the following instructions: AVX2 AVX512F FMA, in other operations, rebuild TensorFlow with the appropriate compiler flags.
2025-04-28 21:01:47.360955: I tensorflow/core/platform/cpu_feature_guard.cc:210] This TensorFlow binary is optimized to use available CPU instructions in performance-critical operations.
To enable the following instructions: AVX2 AVX512F FMA, in other operations, rebuild TensorFlow with the appropriate compiler flags.
2025-04-28 21:02:08.139372: E external/local_xla/xla/stream_executor/cuda/cuda_platform.cc:51] failed call to cuInit: INTERNAL: CUDA error: Failed call to cuInit: UNKNOWN ERROR (303)
2025-04-28 21:02:08.179220: E external/local_xla/xla/stream_executor/cuda/cuda_platform.cc:51] failed call to cuInit: INTERNAL: CUDA error: Failed call to cuInit: UNKNOWN ERROR (303)
2025-04-28 21:02:08.381808: E external/local_xla/xla/stream_executor/cuda/cuda_platform.cc:51] failed call to cuInit: INTERNAL: CUDA error: Failed call to cuInit: UNKNOWN ERROR (303)
2025-04-28 21:02:08.463846: E external/local_xla/xla/stream_executor/cuda/cuda_platform.cc:51] failed call to cuInit: INTERNAL: CUDA error: Failed call to cuInit: UNKNOWN ERROR (303)
2025-04-28 21:02:08.548070: E external/local_xla/xla/stream_executor/cuda/cuda_platform.cc:51] failed call to cuInit: INTERNAL: CUDA error: Failed call to cuInit: UNKNOWN ERROR (303)
2025-04-28 21:02:08.554489: E external/local_xla/xla/stream_executor/cuda/cuda_platform.cc:51] failed call to cuInit: INTERNAL: CUDA error: Failed call to cuInit: UNKNOWN ERROR (303)
2025-04-28 21:02:08.591767: E external/local_xla/xla/stream_executor/cuda/cuda_platform.cc:51] failed call to cuInit: INTERNAL: CUDA error: Failed call to cuInit: UNKNOWN ERROR (303)
2025-04-28 21:02:08.717380: E external/local_xla/xla/stream_executor/cuda/cuda_platform.cc:51] failed call to cuInit: INTERNAL: CUDA error: Failed call to cuInit: UNKNOWN ERROR (303)
2025-04-28 21:02:08.752948: E external/local_xla/xla/stream_executor/cuda/cuda_platform.cc:51] failed call to cuInit: INTERNAL: CUDA error: Failed call to cuInit: UNKNOWN ERROR (303)
2025-04-28 21:02:08.883475: E external/local_xla/xla/stream_executor/cuda/cuda_platform.cc:51] failed call to cuInit: INTERNAL: CUDA error: Failed call to cuInit: UNKNOWN ERROR (303)
2025-04-28 21:02:08.950880: E external/local_xla/xla/stream_executor/cuda/cuda_platform.cc:51] failed call to cuInit: INTERNAL: CUDA error: Failed call to cuInit: UNKNOWN ERROR (303)
2025-04-28 21:02:09.063896: E external/local_xla/xla/stream_executor/cuda/cuda_platform.cc:51] failed call to cuInit: INTERNAL: CUDA error: Failed call to cuInit: UNKNOWN ERROR (303)
2025-04-28 21:02:09.133241: E external/local_xla/xla/stream_executor/cuda/cuda_platform.cc:51] failed call to cuInit: INTERNAL: CUDA error: Failed call to cuInit: UNKNOWN ERROR (303)
2025-04-28 21:02:09.260066: E external/local_xla/xla/stream_executor/cuda/cuda_platform.cc:51] failed call to cuInit: INTERNAL: CUDA error: Failed call to cuInit: UNKNOWN ERROR (303)
2025-04-28 21:02:09.364128: E external/local_xla/xla/stream_executor/cuda/cuda_platform.cc:51] failed call to cuInit: INTERNAL: CUDA error: Failed call to cuInit: UNKNOWN ERROR (303)
2025-04-28 21:02:09.481679: E external/local_xla/xla/stream_executor/cuda/cuda_platform.cc:51] failed call to cuInit: INTERNAL: CUDA error: Failed call to cuInit: UNKNOWN ERROR (303)
2025-04-28 21:20:06.616602: I external/local_xla/xla/tsl/cuda/cudart_stub.cc:32] Could not find cuda drivers on your machine, GPU will not be used.
2025-04-28 21:20:06.673764: I external/local_xla/xla/tsl/cuda/cudart_stub.cc:32] Could not find cuda drivers on your machine, GPU will not be used.
2025-04-28 21:20:06.844492: E external/local_xla/xla/stream_executor/cuda/cuda_fft.cc:467] Unable to register cuFFT factory: Attempting to register factory for plugin cuFFT when one has already been registered
WARNING: All log messages before absl::InitializeLog() is called are written to STDERR
E0000 00:00:1745868007.258584 2983154 cuda_dnn.cc:8579] Unable to register cuDNN factory: Attempting to register factory for plugin cuDNN when one has already been registered
E0000 00:00:1745868007.412958 2983154 cuda_blas.cc:1407] Unable to register cuBLAS factory: Attempting to register factory for plugin cuBLAS when one has already been registered
W0000 00:00:1745868007.587984 2983154 computation_placer.cc:177] computation placer already registered. Please check linkage and avoid linking the same target more than once.
W0000 00:00:1745868007.588034 2983154 computation_placer.cc:177] computation placer already registered. Please check linkage and avoid linking the same target more than once.
W0000 00:00:1745868007.588039 2983154 computation_placer.cc:177] computation placer already registered. Please check linkage and avoid linking the same target more than once.
W0000 00:00:1745868007.588043 2983154 computation_placer.cc:177] computation placer already registered. Please check linkage and avoid linking the same target more than once.
2025-04-28 21:20:07.626250: I tensorflow/core/platform/cpu_feature_guard.cc:210] This TensorFlow binary is optimized to use available CPU instructions in performance-critical operations.
To enable the following instructions: AVX2 AVX512F FMA, in other operations, rebuild TensorFlow with the appropriate compiler flags.
Running simulation...
start the learn masses function
saved results for system 0
Evolve time is not a multiple of tau_ev. Rounding up to 103.0 days.
Running simulation...
start the learn masses function
saved results for system 1
Evolve time is not a multiple of tau_ev. Rounding up to 105.0 days.
Running simulation...
start the learn masses function
Evolve time is not a multiple of tau_ev. Rounding up to 111.0 days.
Running simulation...
start the learn masses function
saved results for system 4
Evolve time is not a multiple of tau_ev. Rounding up to 113.0 days.
Running simulation...
start the learn masses function
Evolve time is not a multiple of tau_ev. Rounding up to 755.0 days.
Running simulation...
start the learn masses function
Evolve time is not a multiple of tau_ev. Rounding up to 915.0 days.
Running simulation...
start the learn masses function
Evolve time is not a multiple of tau_ev. Rounding up to 1109.0 days.
Running simulation...
start the learn masses function
Evolve time is not a multiple of tau_ev. Rounding up to 1345.0 days.
Running simulation...
start the learn masses function
Evolve time is not a multiple of tau_ev. Rounding up to 1630.0 days.
Running simulation...
start the learn masses function
Evolve time is not a multiple of tau_ev. Rounding up to 2175.0 days.
Running simulation...
start the learn masses function
Evolve time is not a multiple of tau_ev. Rounding up to 3874.0 days.
Running simulation...
start the learn masses function
Evolve time is not a multiple of tau_ev. Rounding up to 6268.0 days.
Running simulation...
start the learn masses function
Evolve time is not a multiple of tau_ev. Rounding up to 318.0 days.
Running simulation...
start the learn masses function
saved results for system 48
Evolve time is not a multiple of tau_ev. Rounding up to 326.0 days.
Running simulation...
start the learn masses function
Evolve time is not a multiple of tau_ev. Rounding up to 179.0 days.
Running simulation...
start the learn masses function
saved results for system 24
Evolve time is not a multiple of tau_ev. Rounding up to 183.0 days.
Running simulation...
start the learn masses function
saved results for system 25
Evolve time is not a multiple of tau_ev. Rounding up to 187.0 days.
Running simulation...
start the learn masses function
Evolve time is not a multiple of tau_ev. Rounding up to 10141.0 days.
Running simulation...
start the learn masses function
Evolve time is not a multiple of tau_ev. Rounding up to 216.0 days.
Running simulation...
start the learn masses function
saved results for system 32
Evolve time is not a multiple of tau_ev. Rounding up to 222.0 days.
Running simulation...
start the learn masses function
Evolve time is not a multiple of tau_ev. Rounding up to 1794.0 days.
Running simulation...
start the learn masses function
Evolve time is not a multiple of tau_ev. Rounding up to 2395.0 days.
Running simulation...
start the learn masses function
Evolve time is not a multiple of tau_ev. Rounding up to 4265.0 days.
Running simulation...
start the learn masses function
Evolve time is not a multiple of tau_ev. Rounding up to 7598.0 days.
Running simulation...
start the learn masses function
Evolve time is not a multiple of tau_ev. Rounding up to 238.0 days.
Running simulation...
start the learn masses function
saved results for system 36
Evolve time is not a multiple of tau_ev. Rounding up to 244.0 days.
Running simulation...
start the learn masses function
Evolve time is not a multiple of tau_ev. Rounding up to 3519.0 days.
Running simulation...
start the learn masses function
Evolve time is not a multiple of tau_ev. Rounding up to 6901.0 days.
Running simulation...
start the learn masses function
Evolve time is not a multiple of tau_ev. Rounding up to 197.0 days.
Running simulation...
start the learn masses function
saved results for system 28
Evolve time is not a multiple of tau_ev. Rounding up to 201.0 days.
Running simulation...
start the learn masses function
Evolve time is not a multiple of tau_ev. Rounding up to 2637.0 days.
Running simulation...
start the learn masses function
Evolve time is not a multiple of tau_ev. Rounding up to 4696.0 days.
Running simulation...
start the learn masses function
Evolve time is not a multiple of tau_ev. Rounding up to 8365.0 days.
Running simulation...
start the learn masses function
Evolve time is not a multiple of tau_ev. Rounding up to 262.0 days.
Running simulation...
start the learn masses function
saved results for system 40
Evolve time is not a multiple of tau_ev. Rounding up to 269.0 days.
Running simulation...
start the learn masses function
Evolve time is not a multiple of tau_ev. Rounding up to 3196.0 days.
Running simulation...
start the learn masses function
Evolve time is not a multiple of tau_ev. Rounding up to 5693.0 days.
Running simulation...
start the learn masses function
Evolve time is not a multiple of tau_ev. Rounding up to 9210.0 days.
Running simulation...
start the learn masses function
Evolve time is not a multiple of tau_ev. Rounding up to 134.0 days.
Running simulation...
start the learn masses function
saved results for system 12
Evolve time is not a multiple of tau_ev. Rounding up to 137.0 days.
Running simulation...
start the learn masses function
Evolve time is not a multiple of tau_ev. Rounding up to 467.0 days.
Running simulation...
start the learn masses function
Evolve time is not a multiple of tau_ev. Rounding up to 514.0 days.
Running simulation...
start the learn masses function
Evolve time is not a multiple of tau_ev. Rounding up to 566.0 days.
Running simulation...
start the learn masses function
Evolve time is not a multiple of tau_ev. Rounding up to 623.0 days.
Running simulation...
start the learn masses function
Evolve time is not a multiple of tau_ev. Rounding up to 686.0 days.
Running simulation...
start the learn masses function
Evolve time is not a multiple of tau_ev. Rounding up to 831.0 days.
Running simulation...
start the learn masses function
Evolve time is not a multiple of tau_ev. Rounding up to 1007.0 days.
Running simulation...
start the learn masses function
Evolve time is not a multiple of tau_ev. Rounding up to 1221.0 days.
Running simulation...
start the learn masses function
Evolve time is not a multiple of tau_ev. Rounding up to 1480.0 days.
Running simulation...
start the learn masses function
Evolve time is not a multiple of tau_ev. Rounding up to 1976.0 days.
Running simulation...
start the learn masses function
Evolve time is not a multiple of tau_ev. Rounding up to 2903.0 days.
Running simulation...
start the learn masses function
Evolve time is not a multiple of tau_ev. Rounding up to 5171.0 days.
Running simulation...
start the learn masses function
Evolve time is not a multiple of tau_ev. Rounding up to 11165.0 days.
Running simulation...
start the learn masses function
Evolve time is not a multiple of tau_ev. Rounding up to 350.0 days.
Running simulation...
start the learn masses function
saved results for system 52
Evolve time is not a multiple of tau_ev. Rounding up to 358.0 days.
Running simulation...
start the learn masses function
Evolve time is not a multiple of tau_ev. Rounding up to 147.0 days.
Running simulation...
start the learn masses function
saved results for system 16
Evolve time is not a multiple of tau_ev. Rounding up to 151.0 days.
Running simulation...
start the learn masses function
saved results for system 17
Evolve time is not a multiple of tau_ev. Rounding up to 155.0 days.
Running simulation...
start the learn masses function
Evolve time is not a multiple of tau_ev. Rounding up to 424.0 days.
Running simulation...
start the learn masses function
saved results for system 60
Evolve time is not a multiple of tau_ev. Rounding up to 434.0 days.
Running simulation...
start the learn masses function
Evolve time is not a multiple of tau_ev. Rounding up to 289.0 days.
Running simulation...
start the learn masses function
saved results for system 44
Evolve time is not a multiple of tau_ev. Rounding up to 296.0 days.
Running simulation...
start the learn masses function
saved results for system 45
Evolve time is not a multiple of tau_ev. Rounding up to 303.0 days.
Running simulation...
start the learn masses function
Evolve time is not a multiple of tau_ev. Rounding up to 385.0 days.
Running simulation...
start the learn masses function
saved results for system 56
Evolve time is not a multiple of tau_ev. Rounding up to 395.0 days.
Running simulation...
start the learn masses function
Evolve time is not a multiple of tau_ev. Rounding up to 162.0 days.
Running simulation...
start the learn masses function
saved results for system 20
Evolve time is not a multiple of tau_ev. Rounding up to 166.0 days.
Running simulation...
start the learn masses function
saved results for system 21
Evolve time is not a multiple of tau_ev. Rounding up to 170.0 days.
Running simulation...
start the learn masses function
multiprocessing.pool.RemoteTraceback: 
"""
Traceback (most recent call last):
  File "/home/s2818760/.conda/envs/nbody/lib/python3.12/multiprocessing/pool.py", line 125, in worker
    result = (True, func(*args, **kwds))
                    ^^^^^^^^^^^^^^^^^^^
  File "/home/s2818760/.conda/envs/nbody/lib/python3.12/multiprocessing/pool.py", line 51, in starmapstar
    return list(itertools.starmap(args[0], args[1]))
           ^^^^^^^^^^^^^^^^^^^^^^^^^^^^^^^^^^^^^^^^^
  File "/home/s2818760/MasterProj/KIN_optimizer/Validation/validation.py", line 338, in process_single_system_mp
    masses, losses = find_masses(
                     ^^^^^^^^^^^^
  File "/home/s2818760/MasterProj/KIN_optimizer/Validation/validation.py", line 65, in find_masses
    masses, losses = node.learn_masses(
                     ^^^^^^^^^^^^^^^^^^
  File "/home/s2818760/MasterProj/KIN_optimizer/Learning/Training_loops.py", line 49, in learn_masses
    mass_values, loss_values = learn_masses_4real(tau, optimizer, availabe_info_of_bodies, None, plotGraph,
                               ^^^^^^^^^^^^^^^^^^^^^^^^^^^^^^^^^^^^^^^^^^^^^^^^^^^^^^^^^^^^^^^^^^^^^^^^^^^^
  File "/home/s2818760/MasterProj/KIN_optimizer/Learning/Training_loops.py", line 174, in learn_masses_4real
    state_derivatives, mass_derivatives = b.backwards_map_fn(
                                          ^^^^^^^^^^^^^^^^^^^
  File "/home/s2818760/.conda/envs/nbody/lib/python3.12/site-packages/tensorflow/python/util/traceback_utils.py", line 153, in error_handler
    raise e.with_traceback(filtered_tb) from None
  File "/scratchdata/s2818760/3999837/__autograph_generated_filezmdx5zq8.py", line 12, in tf__backwards_map_fn
    grads = ag__.converted_call(ag__.ld(tf).map_fn, (ag__.autograph_artifact(lambda x: ag__.converted_call(ag__.ld(calculate_gradients_for_psiotion), (ag__.ld(x), ag__.ld(m), ag__.ld(tau)), None, fscope)), ag__.ld(temp)), dict(fn_output_signature=(ag__.ld(tf).float64, ag__.ld(tf).float64), swap_memory=True), fscope)
            ^^^^^^^^^^^^^^^^^^^^^^^^^^^^^^^^^^^^^^^^^^^^^^^^^^^^^^^^^^^^^^^^^^^^^^^^^^^^^^^^^^^^^^^^^^^^^^^^^^^^^^^^^^^^^^^^^^^^^^^^^^^^^^^^^^^^^^^^^^^^^^^^^^^^^^^^^^^^^^^^^^^^^^^^^^^^^^^^^^^^^^^^^^^^^^^^^^^^^^^^^^^^^^^^^^^^^^^^^^^^^^^^^^^^^^^^^^^^^^^^^^^^^^^^^^^^^^^^^^^^^^^^^^^^^^^^^^^^^^^^^^^^^^^^^^^^^^^^^^^^^^^^^
  File "/scratchdata/s2818760/3999837/__autograph_generated_filezmdx5zq8.py", line 12, in <lambda>
    grads = ag__.converted_call(ag__.ld(tf).map_fn, (ag__.autograph_artifact(lambda x: ag__.converted_call(ag__.ld(calculate_gradients_for_psiotion), (ag__.ld(x), ag__.ld(m), ag__.ld(tau)), None, fscope)), ag__.ld(temp)), dict(fn_output_signature=(ag__.ld(tf).float64, ag__.ld(tf).float64), swap_memory=True), fscope)
                                                                                       ^^^^^^^^^^^^^^^^^^^^^^^^^^^^^^^^^^^^^^^^^^^^^^^^^^^^^^^^^^^^^^^^^^^^^^^^^^^^^^^^^^^^^^^^^^^^^^^^^^^^^^^^^^^^^^^^^^^^
AssertionError: in user code:

    File "/home/s2818760/MasterProj/KIN_optimizer/Learning/Backwards.py", line 116, in backwards_map_fn  *
        grads = tf.map_fn(lambda x: calculate_gradients_for_psiotion(

    AssertionError: Called a function referencing variables which have been deleted. This likely means that function-local variables were created and not referenced elsewhere in the program. This is generally a mistake; consider storing variables in an object attribute on first call.

"""

The above exception was the direct cause of the following exception:

Traceback (most recent call last):
  File "/home/s2818760/MasterProj/KIN_optimizer/Validation/validation.py", line 546, in <module>
    test_2_parameters_on_many_systems(**params)
  File "/home/s2818760/MasterProj/KIN_optimizer/Validation/validation.py", line 474, in test_2_parameters_on_many_systems
    pool.starmap(process_single_system_mp, args)
  File "/home/s2818760/.conda/envs/nbody/lib/python3.12/multiprocessing/pool.py", line 375, in starmap
    return self._map_async(func, iterable, starmapstar, chunksize).get()
           ^^^^^^^^^^^^^^^^^^^^^^^^^^^^^^^^^^^^^^^^^^^^^^^^^^^^^^^^^^^^^
  File "/home/s2818760/.conda/envs/nbody/lib/python3.12/multiprocessing/pool.py", line 774, in get
    raise self._value
AssertionError: in user code:

    File "/home/s2818760/MasterProj/KIN_optimizer/Learning/Backwards.py", line 116, in backwards_map_fn  *
        grads = tf.map_fn(lambda x: calculate_gradients_for_psiotion(

    AssertionError: Called a function referencing variables which have been deleted. This likely means that function-local variables were created and not referenced elsewhere in the program. This is generally a mistake; consider storing variables in an object attribute on first call.

#### Finished Test. Have a nice day
