#### Starting test
output_file /home/s2818760/MasterProj/KIN_optimizer/Validation/val_results/3986784/150_systems_0.001_10_3986784.h5
n_cores available for slurm is 16
2025-04-19 10:47:28.147841: I external/local_xla/xla/tsl/cuda/cudart_stub.cc:32] Could not find cuda drivers on your machine, GPU will not be used.
2025-04-19 10:47:28.147837: I external/local_xla/xla/tsl/cuda/cudart_stub.cc:32] Could not find cuda drivers on your machine, GPU will not be used.
2025-04-19 10:47:28.147833: I external/local_xla/xla/tsl/cuda/cudart_stub.cc:32] Could not find cuda drivers on your machine, GPU will not be used.
2025-04-19 10:47:28.147853: I external/local_xla/xla/tsl/cuda/cudart_stub.cc:32] Could not find cuda drivers on your machine, GPU will not be used.
2025-04-19 10:47:28.147854: I external/local_xla/xla/tsl/cuda/cudart_stub.cc:32] Could not find cuda drivers on your machine, GPU will not be used.
2025-04-19 10:47:28.147862: I external/local_xla/xla/tsl/cuda/cudart_stub.cc:32] Could not find cuda drivers on your machine, GPU will not be used.
2025-04-19 10:47:28.147859: I external/local_xla/xla/tsl/cuda/cudart_stub.cc:32] Could not find cuda drivers on your machine, GPU will not be used.
2025-04-19 10:47:28.147850: I external/local_xla/xla/tsl/cuda/cudart_stub.cc:32] Could not find cuda drivers on your machine, GPU will not be used.
2025-04-19 10:47:28.147858: I external/local_xla/xla/tsl/cuda/cudart_stub.cc:32] Could not find cuda drivers on your machine, GPU will not be used.
2025-04-19 10:47:28.147850: I external/local_xla/xla/tsl/cuda/cudart_stub.cc:32] Could not find cuda drivers on your machine, GPU will not be used.
2025-04-19 10:47:28.147871: I external/local_xla/xla/tsl/cuda/cudart_stub.cc:32] Could not find cuda drivers on your machine, GPU will not be used.
2025-04-19 10:47:28.147861: I external/local_xla/xla/tsl/cuda/cudart_stub.cc:32] Could not find cuda drivers on your machine, GPU will not be used.
2025-04-19 10:47:28.147861: I external/local_xla/xla/tsl/cuda/cudart_stub.cc:32] Could not find cuda drivers on your machine, GPU will not be used.
2025-04-19 10:47:28.147863: I external/local_xla/xla/tsl/cuda/cudart_stub.cc:32] Could not find cuda drivers on your machine, GPU will not be used.
2025-04-19 10:47:28.147870: I external/local_xla/xla/tsl/cuda/cudart_stub.cc:32] Could not find cuda drivers on your machine, GPU will not be used.
2025-04-19 10:47:28.147876: I external/local_xla/xla/tsl/cuda/cudart_stub.cc:32] Could not find cuda drivers on your machine, GPU will not be used.
2025-04-19 10:47:28.326920: I external/local_xla/xla/tsl/cuda/cudart_stub.cc:32] Could not find cuda drivers on your machine, GPU will not be used.
2025-04-19 10:47:28.326914: I external/local_xla/xla/tsl/cuda/cudart_stub.cc:32] Could not find cuda drivers on your machine, GPU will not be used.
2025-04-19 10:47:28.326922: I external/local_xla/xla/tsl/cuda/cudart_stub.cc:32] Could not find cuda drivers on your machine, GPU will not be used.
2025-04-19 10:47:28.326921: I external/local_xla/xla/tsl/cuda/cudart_stub.cc:32] Could not find cuda drivers on your machine, GPU will not be used.
2025-04-19 10:47:28.326914: I external/local_xla/xla/tsl/cuda/cudart_stub.cc:32] Could not find cuda drivers on your machine, GPU will not be used.
2025-04-19 10:47:28.326914: I external/local_xla/xla/tsl/cuda/cudart_stub.cc:32] Could not find cuda drivers on your machine, GPU will not be used.
2025-04-19 10:47:28.326942: I external/local_xla/xla/tsl/cuda/cudart_stub.cc:32] Could not find cuda drivers on your machine, GPU will not be used.
2025-04-19 10:47:28.326942: I external/local_xla/xla/tsl/cuda/cudart_stub.cc:32] Could not find cuda drivers on your machine, GPU will not be used.
2025-04-19 10:47:28.326942: I external/local_xla/xla/tsl/cuda/cudart_stub.cc:32] Could not find cuda drivers on your machine, GPU will not be used.
2025-04-19 10:47:28.326942: I external/local_xla/xla/tsl/cuda/cudart_stub.cc:32] Could not find cuda drivers on your machine, GPU will not be used.
2025-04-19 10:47:28.326942: I external/local_xla/xla/tsl/cuda/cudart_stub.cc:32] Could not find cuda drivers on your machine, GPU will not be used.
2025-04-19 10:47:28.326942: I external/local_xla/xla/tsl/cuda/cudart_stub.cc:32] Could not find cuda drivers on your machine, GPU will not be used.
2025-04-19 10:47:28.326967: I external/local_xla/xla/tsl/cuda/cudart_stub.cc:32] Could not find cuda drivers on your machine, GPU will not be used.
2025-04-19 10:47:28.326971: I external/local_xla/xla/tsl/cuda/cudart_stub.cc:32] Could not find cuda drivers on your machine, GPU will not be used.
2025-04-19 10:47:28.326966: I external/local_xla/xla/tsl/cuda/cudart_stub.cc:32] Could not find cuda drivers on your machine, GPU will not be used.
2025-04-19 10:47:28.327053: I external/local_xla/xla/tsl/cuda/cudart_stub.cc:32] Could not find cuda drivers on your machine, GPU will not be used.
2025-04-19 10:47:28.482361: E external/local_xla/xla/stream_executor/cuda/cuda_fft.cc:467] Unable to register cuFFT factory: Attempting to register factory for plugin cuFFT when one has already been registered
2025-04-19 10:47:28.482361: E external/local_xla/xla/stream_executor/cuda/cuda_fft.cc:467] Unable to register cuFFT factory: Attempting to register factory for plugin cuFFT when one has already been registered
2025-04-19 10:47:28.482380: E external/local_xla/xla/stream_executor/cuda/cuda_fft.cc:467] Unable to register cuFFT factory: Attempting to register factory for plugin cuFFT when one has already been registered
2025-04-19 10:47:28.482357: E external/local_xla/xla/stream_executor/cuda/cuda_fft.cc:467] Unable to register cuFFT factory: Attempting to register factory for plugin cuFFT when one has already been registered
2025-04-19 10:47:28.482358: E external/local_xla/xla/stream_executor/cuda/cuda_fft.cc:467] Unable to register cuFFT factory: Attempting to register factory for plugin cuFFT when one has already been registered
2025-04-19 10:47:28.482370: E external/local_xla/xla/stream_executor/cuda/cuda_fft.cc:467] Unable to register cuFFT factory: Attempting to register factory for plugin cuFFT when one has already been registered
2025-04-19 10:47:28.482373: E external/local_xla/xla/stream_executor/cuda/cuda_fft.cc:467] Unable to register cuFFT factory: Attempting to register factory for plugin cuFFT when one has already been registered
2025-04-19 10:47:28.482373: E external/local_xla/xla/stream_executor/cuda/cuda_fft.cc:467] Unable to register cuFFT factory: Attempting to register factory for plugin cuFFT when one has already been registered
2025-04-19 10:47:28.482373: E external/local_xla/xla/stream_executor/cuda/cuda_fft.cc:467] Unable to register cuFFT factory: Attempting to register factory for plugin cuFFT when one has already been registered
2025-04-19 10:47:28.482375: E external/local_xla/xla/stream_executor/cuda/cuda_fft.cc:467] Unable to register cuFFT factory: Attempting to register factory for plugin cuFFT when one has already been registered
2025-04-19 10:47:28.482379: E external/local_xla/xla/stream_executor/cuda/cuda_fft.cc:467] Unable to register cuFFT factory: Attempting to register factory for plugin cuFFT when one has already been registered
2025-04-19 10:47:28.482378: E external/local_xla/xla/stream_executor/cuda/cuda_fft.cc:467] Unable to register cuFFT factory: Attempting to register factory for plugin cuFFT when one has already been registered
2025-04-19 10:47:28.482382: E external/local_xla/xla/stream_executor/cuda/cuda_fft.cc:467] Unable to register cuFFT factory: Attempting to register factory for plugin cuFFT when one has already been registered
2025-04-19 10:47:28.482381: E external/local_xla/xla/stream_executor/cuda/cuda_fft.cc:467] Unable to register cuFFT factory: Attempting to register factory for plugin cuFFT when one has already been registered
2025-04-19 10:47:28.482381: E external/local_xla/xla/stream_executor/cuda/cuda_fft.cc:467] Unable to register cuFFT factory: Attempting to register factory for plugin cuFFT when one has already been registered
2025-04-19 10:47:28.482386: E external/local_xla/xla/stream_executor/cuda/cuda_fft.cc:467] Unable to register cuFFT factory: Attempting to register factory for plugin cuFFT when one has already been registered
WARNING: All log messages before absl::InitializeLog() is called are written to STDERR
WARNING: All log messages before absl::InitializeLog() is called are written to STDERR
WARNING: All log messages before absl::InitializeLog() is called are written to STDERR
E0000 00:00:1745052448.612037 3705421 cuda_dnn.cc:8579] Unable to register cuDNN factory: Attempting to register factory for plugin cuDNN when one has already been registered
WARNING: All log messages before absl::InitializeLog() is called are written to STDERR
WARNING: All log messages before absl::InitializeLog() is called are written to STDERR
WARNING: All log messages before absl::InitializeLog() is called are written to STDERR
WARNING: All log messages before absl::InitializeLog() is called are written to STDERR
WARNING: All log messages before absl::InitializeLog() is called are written to STDERR
WARNING: All log messages before absl::InitializeLog() is called are written to STDERR
WARNING: All log messages before absl::InitializeLog() is called are written to STDERR
WARNING: All log messages before absl::InitializeLog() is called are written to STDERR
WARNING: All log messages before absl::InitializeLog() is called are written to STDERR
WARNING: All log messages before absl::InitializeLog() is called are written to STDERR
WARNING: All log messages before absl::InitializeLog() is called are written to STDERR
E0000 00:00:1745052448.612053 3705430 cuda_dnn.cc:8579] Unable to register cuDNN factory: Attempting to register factory for plugin cuDNN when one has already been registered
E0000 00:00:1745052448.612090 3705431 cuda_dnn.cc:8579] Unable to register cuDNN factory: Attempting to register factory for plugin cuDNN when one has already been registered
E0000 00:00:1745052448.612087 3705425 cuda_dnn.cc:8579] Unable to register cuDNN factory: Attempting to register factory for plugin cuDNN when one has already been registered
E0000 00:00:1745052448.612085 3705419 cuda_dnn.cc:8579] Unable to register cuDNN factory: Attempting to register factory for plugin cuDNN when one has already been registered
E0000 00:00:1745052448.612069 3705418 cuda_dnn.cc:8579] Unable to register cuDNN factory: Attempting to register factory for plugin cuDNN when one has already been registered
WARNING: All log messages before absl::InitializeLog() is called are written to STDERR
E0000 00:00:1745052448.612090 3705416 cuda_dnn.cc:8579] Unable to register cuDNN factory: Attempting to register factory for plugin cuDNN when one has already been registered
E0000 00:00:1745052448.612046 3705417 cuda_dnn.cc:8579] Unable to register cuDNN factory: Attempting to register factory for plugin cuDNN when one has already been registered
E0000 00:00:1745052448.612093 3705422 cuda_dnn.cc:8579] Unable to register cuDNN factory: Attempting to register factory for plugin cuDNN when one has already been registered
E0000 00:00:1745052448.612085 3705424 cuda_dnn.cc:8579] Unable to register cuDNN factory: Attempting to register factory for plugin cuDNN when one has already been registered
E0000 00:00:1745052448.612090 3705428 cuda_dnn.cc:8579] Unable to register cuDNN factory: Attempting to register factory for plugin cuDNN when one has already been registered
E0000 00:00:1745052448.612092 3705429 cuda_dnn.cc:8579] Unable to register cuDNN factory: Attempting to register factory for plugin cuDNN when one has already been registered
E0000 00:00:1745052448.612045 3705426 cuda_dnn.cc:8579] Unable to register cuDNN factory: Attempting to register factory for plugin cuDNN when one has already been registered
E0000 00:00:1745052448.612094 3705423 cuda_dnn.cc:8579] Unable to register cuDNN factory: Attempting to register factory for plugin cuDNN when one has already been registered
E0000 00:00:1745052448.612091 3705420 cuda_dnn.cc:8579] Unable to register cuDNN factory: Attempting to register factory for plugin cuDNN when one has already been registered
WARNING: All log messages before absl::InitializeLog() is called are written to STDERR
E0000 00:00:1745052448.612242 3705427 cuda_dnn.cc:8579] Unable to register cuDNN factory: Attempting to register factory for plugin cuDNN when one has already been registered
E0000 00:00:1745052448.646349 3705417 cuda_blas.cc:1407] Unable to register cuBLAS factory: Attempting to register factory for plugin cuBLAS when one has already been registered
E0000 00:00:1745052448.646352 3705427 cuda_blas.cc:1407] Unable to register cuBLAS factory: Attempting to register factory for plugin cuBLAS when one has already been registered
E0000 00:00:1745052448.646363 3705416 cuda_blas.cc:1407] Unable to register cuBLAS factory: Attempting to register factory for plugin cuBLAS when one has already been registered
E0000 00:00:1745052448.646361 3705430 cuda_blas.cc:1407] Unable to register cuBLAS factory: Attempting to register factory for plugin cuBLAS when one has already been registered
E0000 00:00:1745052448.646361 3705424 cuda_blas.cc:1407] Unable to register cuBLAS factory: Attempting to register factory for plugin cuBLAS when one has already been registered
E0000 00:00:1745052448.646367 3705419 cuda_blas.cc:1407] Unable to register cuBLAS factory: Attempting to register factory for plugin cuBLAS when one has already been registered
E0000 00:00:1745052448.646372 3705431 cuda_blas.cc:1407] Unable to register cuBLAS factory: Attempting to register factory for plugin cuBLAS when one has already been registered
E0000 00:00:1745052448.646372 3705426 cuda_blas.cc:1407] Unable to register cuBLAS factory: Attempting to register factory for plugin cuBLAS when one has already been registered
E0000 00:00:1745052448.646372 3705418 cuda_blas.cc:1407] Unable to register cuBLAS factory: Attempting to register factory for plugin cuBLAS when one has already been registered
E0000 00:00:1745052448.646376 3705420 cuda_blas.cc:1407] Unable to register cuBLAS factory: Attempting to register factory for plugin cuBLAS when one has already been registered
E0000 00:00:1745052448.646376 3705429 cuda_blas.cc:1407] Unable to register cuBLAS factory: Attempting to register factory for plugin cuBLAS when one has already been registered
E0000 00:00:1745052448.646376 3705421 cuda_blas.cc:1407] Unable to register cuBLAS factory: Attempting to register factory for plugin cuBLAS when one has already been registered
E0000 00:00:1745052448.646390 3705428 cuda_blas.cc:1407] Unable to register cuBLAS factory: Attempting to register factory for plugin cuBLAS when one has already been registered
E0000 00:00:1745052448.646381 3705425 cuda_blas.cc:1407] Unable to register cuBLAS factory: Attempting to register factory for plugin cuBLAS when one has already been registered
E0000 00:00:1745052448.646381 3705422 cuda_blas.cc:1407] Unable to register cuBLAS factory: Attempting to register factory for plugin cuBLAS when one has already been registered
E0000 00:00:1745052448.646411 3705423 cuda_blas.cc:1407] Unable to register cuBLAS factory: Attempting to register factory for plugin cuBLAS when one has already been registered
W0000 00:00:1745052448.947845 3705426 computation_placer.cc:177] computation placer already registered. Please check linkage and avoid linking the same target more than once.
W0000 00:00:1745052448.947856 3705429 computation_placer.cc:177] computation placer already registered. Please check linkage and avoid linking the same target more than once.
W0000 00:00:1745052448.947847 3705425 computation_placer.cc:177] computation placer already registered. Please check linkage and avoid linking the same target more than once.
W0000 00:00:1745052448.947860 3705422 computation_placer.cc:177] computation placer already registered. Please check linkage and avoid linking the same target more than once.
W0000 00:00:1745052448.947864 3705424 computation_placer.cc:177] computation placer already registered. Please check linkage and avoid linking the same target more than once.
W0000 00:00:1745052448.947863 3705428 computation_placer.cc:177] computation placer already registered. Please check linkage and avoid linking the same target more than once.
W0000 00:00:1745052448.947866 3705418 computation_placer.cc:177] computation placer already registered. Please check linkage and avoid linking the same target more than once.
W0000 00:00:1745052448.947871 3705417 computation_placer.cc:177] computation placer already registered. Please check linkage and avoid linking the same target more than once.
W0000 00:00:1745052448.947886 3705426 computation_placer.cc:177] computation placer already registered. Please check linkage and avoid linking the same target more than once.
W0000 00:00:1745052448.947878 3705423 computation_placer.cc:177] computation placer already registered. Please check linkage and avoid linking the same target more than once.
W0000 00:00:1745052448.947874 3705421 computation_placer.cc:177] computation placer already registered. Please check linkage and avoid linking the same target more than once.
W0000 00:00:1745052448.947949 3705423 computation_placer.cc:177] computation placer already registered. Please check linkage and avoid linking the same target more than once.
W0000 00:00:1745052448.947897 3705429 computation_placer.cc:177] computation placer already registered. Please check linkage and avoid linking the same target more than once.
W0000 00:00:1745052448.947902 3705425 computation_placer.cc:177] computation placer already registered. Please check linkage and avoid linking the same target more than once.
W0000 00:00:1745052448.947862 3705416 computation_placer.cc:177] computation placer already registered. Please check linkage and avoid linking the same target more than once.
W0000 00:00:1745052448.947909 3705422 computation_placer.cc:177] computation placer already registered. Please check linkage and avoid linking the same target more than once.
W0000 00:00:1745052448.947879 3705420 computation_placer.cc:177] computation placer already registered. Please check linkage and avoid linking the same target more than once.
W0000 00:00:1745052448.947914 3705424 computation_placer.cc:177] computation placer already registered. Please check linkage and avoid linking the same target more than once.
W0000 00:00:1745052448.947920 3705428 computation_placer.cc:177] computation placer already registered. Please check linkage and avoid linking the same target more than once.
W0000 00:00:1745052448.947931 3705418 computation_placer.cc:177] computation placer already registered. Please check linkage and avoid linking the same target more than once.
W0000 00:00:1745052448.947938 3705417 computation_placer.cc:177] computation placer already registered. Please check linkage and avoid linking the same target more than once.
W0000 00:00:1745052448.947941 3705426 computation_placer.cc:177] computation placer already registered. Please check linkage and avoid linking the same target more than once.
W0000 00:00:1745052448.947952 3705421 computation_placer.cc:177] computation placer already registered. Please check linkage and avoid linking the same target more than once.
W0000 00:00:1745052448.947953 3705423 computation_placer.cc:177] computation placer already registered. Please check linkage and avoid linking the same target more than once.
W0000 00:00:1745052448.947957 3705429 computation_placer.cc:177] computation placer already registered. Please check linkage and avoid linking the same target more than once.
W0000 00:00:1745052448.947959 3705425 computation_placer.cc:177] computation placer already registered. Please check linkage and avoid linking the same target more than once.
W0000 00:00:1745052448.947965 3705416 computation_placer.cc:177] computation placer already registered. Please check linkage and avoid linking the same target more than once.
W0000 00:00:1745052448.947969 3705422 computation_placer.cc:177] computation placer already registered. Please check linkage and avoid linking the same target more than once.
W0000 00:00:1745052448.947976 3705420 computation_placer.cc:177] computation placer already registered. Please check linkage and avoid linking the same target more than once.
W0000 00:00:1745052448.947978 3705424 computation_placer.cc:177] computation placer already registered. Please check linkage and avoid linking the same target more than once.
W0000 00:00:1745052448.947982 3705428 computation_placer.cc:177] computation placer already registered. Please check linkage and avoid linking the same target more than once.
W0000 00:00:1745052448.947986 3705418 computation_placer.cc:177] computation placer already registered. Please check linkage and avoid linking the same target more than once.
W0000 00:00:1745052448.947990 3705417 computation_placer.cc:177] computation placer already registered. Please check linkage and avoid linking the same target more than once.
W0000 00:00:1745052448.947993 3705426 computation_placer.cc:177] computation placer already registered. Please check linkage and avoid linking the same target more than once.
W0000 00:00:1745052448.947994 3705421 computation_placer.cc:177] computation placer already registered. Please check linkage and avoid linking the same target more than once.
W0000 00:00:1745052448.947996 3705423 computation_placer.cc:177] computation placer already registered. Please check linkage and avoid linking the same target more than once.
W0000 00:00:1745052448.947999 3705429 computation_placer.cc:177] computation placer already registered. Please check linkage and avoid linking the same target more than once.
W0000 00:00:1745052448.948001 3705425 computation_placer.cc:177] computation placer already registered. Please check linkage and avoid linking the same target more than once.
W0000 00:00:1745052448.948003 3705416 computation_placer.cc:177] computation placer already registered. Please check linkage and avoid linking the same target more than once.
W0000 00:00:1745052448.948006 3705422 computation_placer.cc:177] computation placer already registered. Please check linkage and avoid linking the same target more than once.
W0000 00:00:1745052448.948009 3705420 computation_placer.cc:177] computation placer already registered. Please check linkage and avoid linking the same target more than once.
W0000 00:00:1745052448.948018 3705424 computation_placer.cc:177] computation placer already registered. Please check linkage and avoid linking the same target more than once.
W0000 00:00:1745052448.948021 3705428 computation_placer.cc:177] computation placer already registered. Please check linkage and avoid linking the same target more than once.
W0000 00:00:1745052448.948025 3705418 computation_placer.cc:177] computation placer already registered. Please check linkage and avoid linking the same target more than once.
W0000 00:00:1745052448.948028 3705417 computation_placer.cc:177] computation placer already registered. Please check linkage and avoid linking the same target more than once.
W0000 00:00:1745052448.948033 3705421 computation_placer.cc:177] computation placer already registered. Please check linkage and avoid linking the same target more than once.
W0000 00:00:1745052448.948042 3705416 computation_placer.cc:177] computation placer already registered. Please check linkage and avoid linking the same target more than once.
W0000 00:00:1745052448.948049 3705420 computation_placer.cc:177] computation placer already registered. Please check linkage and avoid linking the same target more than once.
W0000 00:00:1745052448.948082 3705427 computation_placer.cc:177] computation placer already registered. Please check linkage and avoid linking the same target more than once.
W0000 00:00:1745052448.948093 3705427 computation_placer.cc:177] computation placer already registered. Please check linkage and avoid linking the same target more than once.
W0000 00:00:1745052448.948096 3705427 computation_placer.cc:177] computation placer already registered. Please check linkage and avoid linking the same target more than once.
W0000 00:00:1745052448.948089 3705430 computation_placer.cc:177] computation placer already registered. Please check linkage and avoid linking the same target more than once.
W0000 00:00:1745052448.948098 3705427 computation_placer.cc:177] computation placer already registered. Please check linkage and avoid linking the same target more than once.
W0000 00:00:1745052448.948102 3705430 computation_placer.cc:177] computation placer already registered. Please check linkage and avoid linking the same target more than once.
W0000 00:00:1745052448.948094 3705431 computation_placer.cc:177] computation placer already registered. Please check linkage and avoid linking the same target more than once.
W0000 00:00:1745052448.948114 3705430 computation_placer.cc:177] computation placer already registered. Please check linkage and avoid linking the same target more than once.
W0000 00:00:1745052448.948117 3705431 computation_placer.cc:177] computation placer already registered. Please check linkage and avoid linking the same target more than once.
W0000 00:00:1745052448.948118 3705430 computation_placer.cc:177] computation placer already registered. Please check linkage and avoid linking the same target more than once.
W0000 00:00:1745052448.948119 3705431 computation_placer.cc:177] computation placer already registered. Please check linkage and avoid linking the same target more than once.
W0000 00:00:1745052448.948090 3705419 computation_placer.cc:177] computation placer already registered. Please check linkage and avoid linking the same target more than once.
W0000 00:00:1745052448.948123 3705431 computation_placer.cc:177] computation placer already registered. Please check linkage and avoid linking the same target more than once.
W0000 00:00:1745052448.948128 3705419 computation_placer.cc:177] computation placer already registered. Please check linkage and avoid linking the same target more than once.
W0000 00:00:1745052448.948133 3705419 computation_placer.cc:177] computation placer already registered. Please check linkage and avoid linking the same target more than once.
W0000 00:00:1745052448.948136 3705419 computation_placer.cc:177] computation placer already registered. Please check linkage and avoid linking the same target more than once.
2025-04-19 10:47:28.978526: I tensorflow/core/platform/cpu_feature_guard.cc:210] This TensorFlow binary is optimized to use available CPU instructions in performance-critical operations.
To enable the following instructions: AVX2 FMA, in other operations, rebuild TensorFlow with the appropriate compiler flags.
2025-04-19 10:47:28.978527: I tensorflow/core/platform/cpu_feature_guard.cc:210] This TensorFlow binary is optimized to use available CPU instructions in performance-critical operations.
To enable the following instructions: AVX2 FMA, in other operations, rebuild TensorFlow with the appropriate compiler flags.
2025-04-19 10:47:28.978527: I tensorflow/core/platform/cpu_feature_guard.cc:210] This TensorFlow binary is optimized to use available CPU instructions in performance-critical operations.
To enable the following instructions: AVX2 FMA, in other operations, rebuild TensorFlow with the appropriate compiler flags.
2025-04-19 10:47:28.978527: I tensorflow/core/platform/cpu_feature_guard.cc:210] This TensorFlow binary is optimized to use available CPU instructions in performance-critical operations.
To enable the following instructions: AVX2 FMA, in other operations, rebuild TensorFlow with the appropriate compiler flags.
2025-04-19 10:47:28.978526: I tensorflow/core/platform/cpu_feature_guard.cc:210] This TensorFlow binary is optimized to use available CPU instructions in performance-critical operations.
To enable the following instructions: AVX2 FMA, in other operations, rebuild TensorFlow with the appropriate compiler flags.
2025-04-19 10:47:28.978529: I tensorflow/core/platform/cpu_feature_guard.cc:210] This TensorFlow binary is optimized to use available CPU instructions in performance-critical operations.
To enable the following instructions: AVX2 FMA, in other operations, rebuild TensorFlow with the appropriate compiler flags.
2025-04-19 10:47:28.978529: I tensorflow/core/platform/cpu_feature_guard.cc:210] This TensorFlow binary is optimized to use available CPU instructions in performance-critical operations.
To enable the following instructions: AVX2 FMA, in other operations, rebuild TensorFlow with the appropriate compiler flags.
2025-04-19 10:47:28.978535: I tensorflow/core/platform/cpu_feature_guard.cc:210] This TensorFlow binary is optimized to use available CPU instructions in performance-critical operations.
To enable the following instructions: AVX2 FMA, in other operations, rebuild TensorFlow with the appropriate compiler flags.
2025-04-19 10:47:28.978529: I tensorflow/core/platform/cpu_feature_guard.cc:210] This TensorFlow binary is optimized to use available CPU instructions in performance-critical operations.
To enable the following instructions: AVX2 FMA, in other operations, rebuild TensorFlow with the appropriate compiler flags.
2025-04-19 10:47:28.978529: I tensorflow/core/platform/cpu_feature_guard.cc:210] This TensorFlow binary is optimized to use available CPU instructions in performance-critical operations.
To enable the following instructions: AVX2 FMA, in other operations, rebuild TensorFlow with the appropriate compiler flags.
2025-04-19 10:47:28.978549: I tensorflow/core/platform/cpu_feature_guard.cc:210] This TensorFlow binary is optimized to use available CPU instructions in performance-critical operations.
To enable the following instructions: AVX2 FMA, in other operations, rebuild TensorFlow with the appropriate compiler flags.
2025-04-19 10:47:28.978541: I tensorflow/core/platform/cpu_feature_guard.cc:210] This TensorFlow binary is optimized to use available CPU instructions in performance-critical operations.
To enable the following instructions: AVX2 FMA, in other operations, rebuild TensorFlow with the appropriate compiler flags.
2025-04-19 10:47:28.978541: I tensorflow/core/platform/cpu_feature_guard.cc:210] This TensorFlow binary is optimized to use available CPU instructions in performance-critical operations.
To enable the following instructions: AVX2 FMA, in other operations, rebuild TensorFlow with the appropriate compiler flags.
2025-04-19 10:47:28.978547: I tensorflow/core/platform/cpu_feature_guard.cc:210] This TensorFlow binary is optimized to use available CPU instructions in performance-critical operations.
To enable the following instructions: AVX2 FMA, in other operations, rebuild TensorFlow with the appropriate compiler flags.
2025-04-19 10:47:28.978567: I tensorflow/core/platform/cpu_feature_guard.cc:210] This TensorFlow binary is optimized to use available CPU instructions in performance-critical operations.
To enable the following instructions: AVX2 FMA, in other operations, rebuild TensorFlow with the appropriate compiler flags.
2025-04-19 10:47:28.978664: I tensorflow/core/platform/cpu_feature_guard.cc:210] This TensorFlow binary is optimized to use available CPU instructions in performance-critical operations.
To enable the following instructions: AVX2 FMA, in other operations, rebuild TensorFlow with the appropriate compiler flags.
2025-04-19 10:47:44.718746: E external/local_xla/xla/stream_executor/cuda/cuda_platform.cc:51] failed call to cuInit: INTERNAL: CUDA error: Failed call to cuInit: CUDA_ERROR_NO_DEVICE: no CUDA-capable device is detected
2025-04-19 10:47:44.718790: I external/local_xla/xla/stream_executor/cuda/cuda_diagnostics.cc:178] verbose logging is disabled. Rerun with verbose logging (usually --v=1 or --vmodule=cuda_diagnostics=1) to get more diagnostic output from this module
2025-04-19 10:47:44.718796: I external/local_xla/xla/stream_executor/cuda/cuda_diagnostics.cc:183] retrieving CUDA diagnostic information for host: node872
2025-04-19 10:47:44.718800: I external/local_xla/xla/stream_executor/cuda/cuda_diagnostics.cc:190] hostname: node872
2025-04-19 10:47:44.718901: I external/local_xla/xla/stream_executor/cuda/cuda_diagnostics.cc:197] libcuda reported version is: 560.35.3
2025-04-19 10:47:44.718925: I external/local_xla/xla/stream_executor/cuda/cuda_diagnostics.cc:201] kernel reported version is: 560.35.3
2025-04-19 10:47:44.718928: I external/local_xla/xla/stream_executor/cuda/cuda_diagnostics.cc:291] kernel version seems to match DSO: 560.35.3
2025-04-19 10:47:44.734215: E external/local_xla/xla/stream_executor/cuda/cuda_platform.cc:51] failed call to cuInit: INTERNAL: CUDA error: Failed call to cuInit: CUDA_ERROR_NO_DEVICE: no CUDA-capable device is detected
2025-04-19 10:47:44.734266: I external/local_xla/xla/stream_executor/cuda/cuda_diagnostics.cc:178] verbose logging is disabled. Rerun with verbose logging (usually --v=1 or --vmodule=cuda_diagnostics=1) to get more diagnostic output from this module
2025-04-19 10:47:44.734273: I external/local_xla/xla/stream_executor/cuda/cuda_diagnostics.cc:183] retrieving CUDA diagnostic information for host: node872
2025-04-19 10:47:44.734281: I external/local_xla/xla/stream_executor/cuda/cuda_diagnostics.cc:190] hostname: node872
2025-04-19 10:47:44.734382: I external/local_xla/xla/stream_executor/cuda/cuda_diagnostics.cc:197] libcuda reported version is: 560.35.3
2025-04-19 10:47:44.734406: I external/local_xla/xla/stream_executor/cuda/cuda_diagnostics.cc:201] kernel reported version is: 560.35.3
2025-04-19 10:47:44.734409: I external/local_xla/xla/stream_executor/cuda/cuda_diagnostics.cc:291] kernel version seems to match DSO: 560.35.3
2025-04-19 10:47:44.805186: E external/local_xla/xla/stream_executor/cuda/cuda_platform.cc:51] failed call to cuInit: INTERNAL: CUDA error: Failed call to cuInit: CUDA_ERROR_NO_DEVICE: no CUDA-capable device is detected
2025-04-19 10:47:44.805220: I external/local_xla/xla/stream_executor/cuda/cuda_diagnostics.cc:178] verbose logging is disabled. Rerun with verbose logging (usually --v=1 or --vmodule=cuda_diagnostics=1) to get more diagnostic output from this module
2025-04-19 10:47:44.805226: I external/local_xla/xla/stream_executor/cuda/cuda_diagnostics.cc:183] retrieving CUDA diagnostic information for host: node872
2025-04-19 10:47:44.805230: I external/local_xla/xla/stream_executor/cuda/cuda_diagnostics.cc:190] hostname: node872
2025-04-19 10:47:44.805327: I external/local_xla/xla/stream_executor/cuda/cuda_diagnostics.cc:197] libcuda reported version is: 560.35.3
2025-04-19 10:47:44.805349: I external/local_xla/xla/stream_executor/cuda/cuda_diagnostics.cc:201] kernel reported version is: 560.35.3
2025-04-19 10:47:44.805352: I external/local_xla/xla/stream_executor/cuda/cuda_diagnostics.cc:291] kernel version seems to match DSO: 560.35.3
2025-04-19 10:47:45.250583: E external/local_xla/xla/stream_executor/cuda/cuda_platform.cc:51] failed call to cuInit: INTERNAL: CUDA error: Failed call to cuInit: CUDA_ERROR_NO_DEVICE: no CUDA-capable device is detected
2025-04-19 10:47:45.250694: I external/local_xla/xla/stream_executor/cuda/cuda_diagnostics.cc:178] verbose logging is disabled. Rerun with verbose logging (usually --v=1 or --vmodule=cuda_diagnostics=1) to get more diagnostic output from this module
2025-04-19 10:47:45.250703: I external/local_xla/xla/stream_executor/cuda/cuda_diagnostics.cc:183] retrieving CUDA diagnostic information for host: node872
2025-04-19 10:47:45.250708: I external/local_xla/xla/stream_executor/cuda/cuda_diagnostics.cc:190] hostname: node872
2025-04-19 10:47:45.252816: I external/local_xla/xla/stream_executor/cuda/cuda_diagnostics.cc:197] libcuda reported version is: 560.35.3
2025-04-19 10:47:45.252852: I external/local_xla/xla/stream_executor/cuda/cuda_diagnostics.cc:201] kernel reported version is: 560.35.3
2025-04-19 10:47:45.252856: I external/local_xla/xla/stream_executor/cuda/cuda_diagnostics.cc:291] kernel version seems to match DSO: 560.35.3
2025-04-19 10:47:45.418965: E external/local_xla/xla/stream_executor/cuda/cuda_platform.cc:51] failed call to cuInit: INTERNAL: CUDA error: Failed call to cuInit: CUDA_ERROR_NO_DEVICE: no CUDA-capable device is detected
2025-04-19 10:47:45.419011: I external/local_xla/xla/stream_executor/cuda/cuda_diagnostics.cc:178] verbose logging is disabled. Rerun with verbose logging (usually --v=1 or --vmodule=cuda_diagnostics=1) to get more diagnostic output from this module
2025-04-19 10:47:45.419017: I external/local_xla/xla/stream_executor/cuda/cuda_diagnostics.cc:183] retrieving CUDA diagnostic information for host: node872
2025-04-19 10:47:45.419021: I external/local_xla/xla/stream_executor/cuda/cuda_diagnostics.cc:190] hostname: node872
2025-04-19 10:47:45.419139: I external/local_xla/xla/stream_executor/cuda/cuda_diagnostics.cc:197] libcuda reported version is: 560.35.3
2025-04-19 10:47:45.419163: I external/local_xla/xla/stream_executor/cuda/cuda_diagnostics.cc:201] kernel reported version is: 560.35.3
2025-04-19 10:47:45.419167: I external/local_xla/xla/stream_executor/cuda/cuda_diagnostics.cc:291] kernel version seems to match DSO: 560.35.3
2025-04-19 10:47:45.424110: E external/local_xla/xla/stream_executor/cuda/cuda_platform.cc:51] failed call to cuInit: INTERNAL: CUDA error: Failed call to cuInit: CUDA_ERROR_NO_DEVICE: no CUDA-capable device is detected
2025-04-19 10:47:45.424167: I external/local_xla/xla/stream_executor/cuda/cuda_diagnostics.cc:178] verbose logging is disabled. Rerun with verbose logging (usually --v=1 or --vmodule=cuda_diagnostics=1) to get more diagnostic output from this module
2025-04-19 10:47:45.424174: I external/local_xla/xla/stream_executor/cuda/cuda_diagnostics.cc:183] retrieving CUDA diagnostic information for host: node872
2025-04-19 10:47:45.424179: I external/local_xla/xla/stream_executor/cuda/cuda_diagnostics.cc:190] hostname: node872
2025-04-19 10:47:45.424409: I external/local_xla/xla/stream_executor/cuda/cuda_diagnostics.cc:197] libcuda reported version is: 560.35.3
2025-04-19 10:47:45.424436: I external/local_xla/xla/stream_executor/cuda/cuda_diagnostics.cc:201] kernel reported version is: 560.35.3
2025-04-19 10:47:45.424440: I external/local_xla/xla/stream_executor/cuda/cuda_diagnostics.cc:291] kernel version seems to match DSO: 560.35.3
2025-04-19 10:47:45.426425: E external/local_xla/xla/stream_executor/cuda/cuda_platform.cc:51] failed call to cuInit: INTERNAL: CUDA error: Failed call to cuInit: CUDA_ERROR_NO_DEVICE: no CUDA-capable device is detected
2025-04-19 10:47:45.426509: I external/local_xla/xla/stream_executor/cuda/cuda_diagnostics.cc:178] verbose logging is disabled. Rerun with verbose logging (usually --v=1 or --vmodule=cuda_diagnostics=1) to get more diagnostic output from this module
2025-04-19 10:47:45.426518: I external/local_xla/xla/stream_executor/cuda/cuda_diagnostics.cc:183] retrieving CUDA diagnostic information for host: node872
2025-04-19 10:47:45.426528: I external/local_xla/xla/stream_executor/cuda/cuda_diagnostics.cc:190] hostname: node872
2025-04-19 10:47:45.426764: I external/local_xla/xla/stream_executor/cuda/cuda_diagnostics.cc:197] libcuda reported version is: 560.35.3
2025-04-19 10:47:45.426804: I external/local_xla/xla/stream_executor/cuda/cuda_diagnostics.cc:201] kernel reported version is: 560.35.3
2025-04-19 10:47:45.426807: I external/local_xla/xla/stream_executor/cuda/cuda_diagnostics.cc:291] kernel version seems to match DSO: 560.35.3
2025-04-19 10:47:45.441444: E external/local_xla/xla/stream_executor/cuda/cuda_platform.cc:51] failed call to cuInit: INTERNAL: CUDA error: Failed call to cuInit: CUDA_ERROR_NO_DEVICE: no CUDA-capable device is detected
2025-04-19 10:47:45.441529: I external/local_xla/xla/stream_executor/cuda/cuda_diagnostics.cc:178] verbose logging is disabled. Rerun with verbose logging (usually --v=1 or --vmodule=cuda_diagnostics=1) to get more diagnostic output from this module
2025-04-19 10:47:45.441537: I external/local_xla/xla/stream_executor/cuda/cuda_diagnostics.cc:183] retrieving CUDA diagnostic information for host: node872
2025-04-19 10:47:45.441542: I external/local_xla/xla/stream_executor/cuda/cuda_diagnostics.cc:190] hostname: node872
2025-04-19 10:47:45.441879: I external/local_xla/xla/stream_executor/cuda/cuda_diagnostics.cc:197] libcuda reported version is: 560.35.3
2025-04-19 10:47:45.441910: I external/local_xla/xla/stream_executor/cuda/cuda_diagnostics.cc:201] kernel reported version is: 560.35.3
2025-04-19 10:47:45.441914: I external/local_xla/xla/stream_executor/cuda/cuda_diagnostics.cc:291] kernel version seems to match DSO: 560.35.3
2025-04-19 10:47:45.476780: E external/local_xla/xla/stream_executor/cuda/cuda_platform.cc:51] failed call to cuInit: INTERNAL: CUDA error: Failed call to cuInit: CUDA_ERROR_NO_DEVICE: no CUDA-capable device is detected
2025-04-19 10:47:45.476829: I external/local_xla/xla/stream_executor/cuda/cuda_diagnostics.cc:178] verbose logging is disabled. Rerun with verbose logging (usually --v=1 or --vmodule=cuda_diagnostics=1) to get more diagnostic output from this module
2025-04-19 10:47:45.476834: I external/local_xla/xla/stream_executor/cuda/cuda_diagnostics.cc:183] retrieving CUDA diagnostic information for host: node872
2025-04-19 10:47:45.476838: I external/local_xla/xla/stream_executor/cuda/cuda_diagnostics.cc:190] hostname: node872
2025-04-19 10:47:45.476997: I external/local_xla/xla/stream_executor/cuda/cuda_diagnostics.cc:197] libcuda reported version is: 560.35.3
2025-04-19 10:47:45.477022: I external/local_xla/xla/stream_executor/cuda/cuda_diagnostics.cc:201] kernel reported version is: 560.35.3
2025-04-19 10:47:45.477025: I external/local_xla/xla/stream_executor/cuda/cuda_diagnostics.cc:291] kernel version seems to match DSO: 560.35.3
2025-04-19 10:47:45.484687: E external/local_xla/xla/stream_executor/cuda/cuda_platform.cc:51] failed call to cuInit: INTERNAL: CUDA error: Failed call to cuInit: CUDA_ERROR_NO_DEVICE: no CUDA-capable device is detected
2025-04-19 10:47:45.484737: I external/local_xla/xla/stream_executor/cuda/cuda_diagnostics.cc:178] verbose logging is disabled. Rerun with verbose logging (usually --v=1 or --vmodule=cuda_diagnostics=1) to get more diagnostic output from this module
2025-04-19 10:47:45.484743: I external/local_xla/xla/stream_executor/cuda/cuda_diagnostics.cc:183] retrieving CUDA diagnostic information for host: node872
2025-04-19 10:47:45.484747: I external/local_xla/xla/stream_executor/cuda/cuda_diagnostics.cc:190] hostname: node872
2025-04-19 10:47:45.484948: I external/local_xla/xla/stream_executor/cuda/cuda_diagnostics.cc:197] libcuda reported version is: 560.35.3
2025-04-19 10:47:45.484973: I external/local_xla/xla/stream_executor/cuda/cuda_diagnostics.cc:201] kernel reported version is: 560.35.3
2025-04-19 10:47:45.484977: I external/local_xla/xla/stream_executor/cuda/cuda_diagnostics.cc:291] kernel version seems to match DSO: 560.35.3
2025-04-19 10:47:45.490015: E external/local_xla/xla/stream_executor/cuda/cuda_platform.cc:51] failed call to cuInit: INTERNAL: CUDA error: Failed call to cuInit: CUDA_ERROR_NO_DEVICE: no CUDA-capable device is detected
2025-04-19 10:47:45.490056: I external/local_xla/xla/stream_executor/cuda/cuda_diagnostics.cc:178] verbose logging is disabled. Rerun with verbose logging (usually --v=1 or --vmodule=cuda_diagnostics=1) to get more diagnostic output from this module
2025-04-19 10:47:45.490062: I external/local_xla/xla/stream_executor/cuda/cuda_diagnostics.cc:183] retrieving CUDA diagnostic information for host: node872
2025-04-19 10:47:45.490066: I external/local_xla/xla/stream_executor/cuda/cuda_diagnostics.cc:190] hostname: node872
2025-04-19 10:47:45.490251: I external/local_xla/xla/stream_executor/cuda/cuda_diagnostics.cc:197] libcuda reported version is: 560.35.3
2025-04-19 10:47:45.490275: I external/local_xla/xla/stream_executor/cuda/cuda_diagnostics.cc:201] kernel reported version is: 560.35.3
2025-04-19 10:47:45.490279: I external/local_xla/xla/stream_executor/cuda/cuda_diagnostics.cc:291] kernel version seems to match DSO: 560.35.3
2025-04-19 10:47:45.497531: E external/local_xla/xla/stream_executor/cuda/cuda_platform.cc:51] failed call to cuInit: INTERNAL: CUDA error: Failed call to cuInit: CUDA_ERROR_NO_DEVICE: no CUDA-capable device is detected
2025-04-19 10:47:45.497566: I external/local_xla/xla/stream_executor/cuda/cuda_diagnostics.cc:178] verbose logging is disabled. Rerun with verbose logging (usually --v=1 or --vmodule=cuda_diagnostics=1) to get more diagnostic output from this module
2025-04-19 10:47:45.497572: I external/local_xla/xla/stream_executor/cuda/cuda_diagnostics.cc:183] retrieving CUDA diagnostic information for host: node872
2025-04-19 10:47:45.497576: I external/local_xla/xla/stream_executor/cuda/cuda_diagnostics.cc:190] hostname: node872
2025-04-19 10:47:45.497732: I external/local_xla/xla/stream_executor/cuda/cuda_diagnostics.cc:197] libcuda reported version is: 560.35.3
2025-04-19 10:47:45.497761: I external/local_xla/xla/stream_executor/cuda/cuda_diagnostics.cc:201] kernel reported version is: 560.35.3
2025-04-19 10:47:45.497765: I external/local_xla/xla/stream_executor/cuda/cuda_diagnostics.cc:291] kernel version seems to match DSO: 560.35.3
2025-04-19 10:47:45.544868: E external/local_xla/xla/stream_executor/cuda/cuda_platform.cc:51] failed call to cuInit: INTERNAL: CUDA error: Failed call to cuInit: CUDA_ERROR_NO_DEVICE: no CUDA-capable device is detected
2025-04-19 10:47:45.544915: I external/local_xla/xla/stream_executor/cuda/cuda_diagnostics.cc:178] verbose logging is disabled. Rerun with verbose logging (usually --v=1 or --vmodule=cuda_diagnostics=1) to get more diagnostic output from this module
2025-04-19 10:47:45.544921: I external/local_xla/xla/stream_executor/cuda/cuda_diagnostics.cc:183] retrieving CUDA diagnostic information for host: node872
2025-04-19 10:47:45.544925: I external/local_xla/xla/stream_executor/cuda/cuda_diagnostics.cc:190] hostname: node872
2025-04-19 10:47:45.545029: I external/local_xla/xla/stream_executor/cuda/cuda_diagnostics.cc:197] libcuda reported version is: 560.35.3
2025-04-19 10:47:45.545052: I external/local_xla/xla/stream_executor/cuda/cuda_diagnostics.cc:201] kernel reported version is: 560.35.3
2025-04-19 10:47:45.545055: I external/local_xla/xla/stream_executor/cuda/cuda_diagnostics.cc:291] kernel version seems to match DSO: 560.35.3
2025-04-19 10:47:45.585126: E external/local_xla/xla/stream_executor/cuda/cuda_platform.cc:51] failed call to cuInit: INTERNAL: CUDA error: Failed call to cuInit: CUDA_ERROR_NO_DEVICE: no CUDA-capable device is detected
2025-04-19 10:47:45.585174: I external/local_xla/xla/stream_executor/cuda/cuda_diagnostics.cc:178] verbose logging is disabled. Rerun with verbose logging (usually --v=1 or --vmodule=cuda_diagnostics=1) to get more diagnostic output from this module
2025-04-19 10:47:45.585180: I external/local_xla/xla/stream_executor/cuda/cuda_diagnostics.cc:183] retrieving CUDA diagnostic information for host: node872
2025-04-19 10:47:45.585188: I external/local_xla/xla/stream_executor/cuda/cuda_diagnostics.cc:190] hostname: node872
2025-04-19 10:47:45.585356: I external/local_xla/xla/stream_executor/cuda/cuda_diagnostics.cc:197] libcuda reported version is: 560.35.3
2025-04-19 10:47:45.585380: I external/local_xla/xla/stream_executor/cuda/cuda_diagnostics.cc:201] kernel reported version is: 560.35.3
2025-04-19 10:47:45.585383: I external/local_xla/xla/stream_executor/cuda/cuda_diagnostics.cc:291] kernel version seems to match DSO: 560.35.3
2025-04-19 10:47:45.674363: E external/local_xla/xla/stream_executor/cuda/cuda_platform.cc:51] failed call to cuInit: INTERNAL: CUDA error: Failed call to cuInit: CUDA_ERROR_NO_DEVICE: no CUDA-capable device is detected
2025-04-19 10:47:45.674414: I external/local_xla/xla/stream_executor/cuda/cuda_diagnostics.cc:178] verbose logging is disabled. Rerun with verbose logging (usually --v=1 or --vmodule=cuda_diagnostics=1) to get more diagnostic output from this module
2025-04-19 10:47:45.674422: I external/local_xla/xla/stream_executor/cuda/cuda_diagnostics.cc:183] retrieving CUDA diagnostic information for host: node872
2025-04-19 10:47:45.674426: I external/local_xla/xla/stream_executor/cuda/cuda_diagnostics.cc:190] hostname: node872
2025-04-19 10:47:45.674638: I external/local_xla/xla/stream_executor/cuda/cuda_diagnostics.cc:197] libcuda reported version is: 560.35.3
2025-04-19 10:47:45.674665: I external/local_xla/xla/stream_executor/cuda/cuda_diagnostics.cc:201] kernel reported version is: 560.35.3
2025-04-19 10:47:45.674669: I external/local_xla/xla/stream_executor/cuda/cuda_diagnostics.cc:291] kernel version seems to match DSO: 560.35.3
2025-04-19 10:47:45.675047: E external/local_xla/xla/stream_executor/cuda/cuda_platform.cc:51] failed call to cuInit: INTERNAL: CUDA error: Failed call to cuInit: CUDA_ERROR_NO_DEVICE: no CUDA-capable device is detected
2025-04-19 10:47:45.675106: I external/local_xla/xla/stream_executor/cuda/cuda_diagnostics.cc:178] verbose logging is disabled. Rerun with verbose logging (usually --v=1 or --vmodule=cuda_diagnostics=1) to get more diagnostic output from this module
2025-04-19 10:47:45.675121: I external/local_xla/xla/stream_executor/cuda/cuda_diagnostics.cc:183] retrieving CUDA diagnostic information for host: node872
2025-04-19 10:47:45.675125: I external/local_xla/xla/stream_executor/cuda/cuda_diagnostics.cc:190] hostname: node872
2025-04-19 10:47:45.675257: I external/local_xla/xla/stream_executor/cuda/cuda_diagnostics.cc:197] libcuda reported version is: 560.35.3
2025-04-19 10:47:45.675281: I external/local_xla/xla/stream_executor/cuda/cuda_diagnostics.cc:201] kernel reported version is: 560.35.3
2025-04-19 10:47:45.675285: I external/local_xla/xla/stream_executor/cuda/cuda_diagnostics.cc:291] kernel version seems to match DSO: 560.35.3
2025-04-19 10:54:15.923584: W tensorflow/core/framework/op_kernel.cc:1857] OP_REQUIRES failed at strided_slice_op.cc:117 : INVALID_ARGUMENT: slice index 4 of dimension 0 out of bounds.
2025-04-19 10:54:15.924898: I tensorflow/core/framework/local_rendezvous.cc:407] Local rendezvous is aborting with status: INVALID_ARGUMENT: slice index 4 of dimension 0 out of bounds.
	 [[{{function_node while_cond_12391_rewritten}}{{node while/strided_slice_1}}]]
2025-04-19 10:54:16.399295: I external/local_xla/xla/tsl/cuda/cudart_stub.cc:32] Could not find cuda drivers on your machine, GPU will not be used.
2025-04-19 10:54:16.403184: I external/local_xla/xla/tsl/cuda/cudart_stub.cc:32] Could not find cuda drivers on your machine, GPU will not be used.
2025-04-19 10:54:16.450825: E external/local_xla/xla/stream_executor/cuda/cuda_fft.cc:467] Unable to register cuFFT factory: Attempting to register factory for plugin cuFFT when one has already been registered
WARNING: All log messages before absl::InitializeLog() is called are written to STDERR
E0000 00:00:1745052856.502568 3705434 cuda_dnn.cc:8579] Unable to register cuDNN factory: Attempting to register factory for plugin cuDNN when one has already been registered
E0000 00:00:1745052856.518825 3705434 cuda_blas.cc:1407] Unable to register cuBLAS factory: Attempting to register factory for plugin cuBLAS when one has already been registered
W0000 00:00:1745052856.547143 3705434 computation_placer.cc:177] computation placer already registered. Please check linkage and avoid linking the same target more than once.
W0000 00:00:1745052856.547190 3705434 computation_placer.cc:177] computation placer already registered. Please check linkage and avoid linking the same target more than once.
W0000 00:00:1745052856.547194 3705434 computation_placer.cc:177] computation placer already registered. Please check linkage and avoid linking the same target more than once.
W0000 00:00:1745052856.547197 3705434 computation_placer.cc:177] computation placer already registered. Please check linkage and avoid linking the same target more than once.
2025-04-19 10:54:16.551585: I tensorflow/core/platform/cpu_feature_guard.cc:210] This TensorFlow binary is optimized to use available CPU instructions in performance-critical operations.
To enable the following instructions: AVX2 FMA, in other operations, rebuild TensorFlow with the appropriate compiler flags.
2025-04-19 10:54:41.550915: W tensorflow/core/framework/op_kernel.cc:1857] OP_REQUIRES failed at strided_slice_op.cc:117 : INVALID_ARGUMENT: slice index 4 of dimension 0 out of bounds.
2025-04-19 10:54:41.551645: I tensorflow/core/framework/local_rendezvous.cc:407] Local rendezvous is aborting with status: INVALID_ARGUMENT: slice index 4 of dimension 0 out of bounds.
	 [[{{function_node while_cond_12391_rewritten}}{{node while/strided_slice_1}}]]
2025-04-19 11:03:20.298173: W tensorflow/core/framework/op_kernel.cc:1857] OP_REQUIRES failed at strided_slice_op.cc:117 : INVALID_ARGUMENT: slice index 4 of dimension 0 out of bounds.
2025-04-19 11:03:20.304241: I tensorflow/core/framework/local_rendezvous.cc:407] Local rendezvous is aborting with status: INVALID_ARGUMENT: slice index 4 of dimension 0 out of bounds.
	 [[{{function_node while_cond_12391_rewritten}}{{node while/strided_slice_1}}]]
2025-04-19 11:11:51.199308: W tensorflow/core/framework/op_kernel.cc:1857] OP_REQUIRES failed at strided_slice_op.cc:117 : INVALID_ARGUMENT: slice index 4 of dimension 0 out of bounds.
2025-04-19 11:11:51.200021: I tensorflow/core/framework/local_rendezvous.cc:407] Local rendezvous is aborting with status: INVALID_ARGUMENT: slice index 4 of dimension 0 out of bounds.
	 [[{{function_node while_cond_12391_rewritten}}{{node while/strided_slice_1}}]]
2025-04-19 11:15:38.116109: W tensorflow/core/framework/op_kernel.cc:1857] OP_REQUIRES failed at strided_slice_op.cc:117 : INVALID_ARGUMENT: slice index 4 of dimension 0 out of bounds.
2025-04-19 11:16:43.360551: W tensorflow/core/framework/op_kernel.cc:1857] OP_REQUIRES failed at strided_slice_op.cc:117 : INVALID_ARGUMENT: slice index 4 of dimension 0 out of bounds.
2025-04-19 11:16:43.361032: I tensorflow/core/framework/local_rendezvous.cc:407] Local rendezvous is aborting with status: INVALID_ARGUMENT: slice index 4 of dimension 0 out of bounds.
	 [[{{function_node while_cond_12391_rewritten}}{{node while/strided_slice_1}}]]
2025-04-19 11:20:48.992899: W tensorflow/core/framework/op_kernel.cc:1857] OP_REQUIRES failed at strided_slice_op.cc:117 : INVALID_ARGUMENT: slice index 4 of dimension 0 out of bounds.
2025-04-19 11:20:49.001723: I tensorflow/core/framework/local_rendezvous.cc:407] Local rendezvous is aborting with status: INVALID_ARGUMENT: slice index 4 of dimension 0 out of bounds.
	 [[{{function_node while_cond_12391_rewritten}}{{node while/strided_slice_1}}]]
2025-04-19 11:25:16.029158: W tensorflow/core/framework/op_kernel.cc:1857] OP_REQUIRES failed at strided_slice_op.cc:117 : INVALID_ARGUMENT: slice index 4 of dimension 0 out of bounds.
2025-04-19 11:25:16.029627: I tensorflow/core/framework/local_rendezvous.cc:407] Local rendezvous is aborting with status: INVALID_ARGUMENT: slice index 4 of dimension 0 out of bounds.
	 [[{{function_node while_cond_12391_rewritten}}{{node while/strided_slice_1}}]]
2025-04-19 11:36:56.144512: W tensorflow/core/framework/op_kernel.cc:1857] OP_REQUIRES failed at strided_slice_op.cc:117 : INVALID_ARGUMENT: slice index 4 of dimension 0 out of bounds.
2025-04-19 11:36:56.148487: I tensorflow/core/framework/local_rendezvous.cc:407] Local rendezvous is aborting with status: INVALID_ARGUMENT: slice index 4 of dimension 0 out of bounds.
	 [[{{function_node while_cond_12391_rewritten}}{{node while/strided_slice_1}}]]
2025-04-19 11:40:00.437957: W tensorflow/core/framework/op_kernel.cc:1857] OP_REQUIRES failed at strided_slice_op.cc:117 : INVALID_ARGUMENT: slice index 4 of dimension 0 out of bounds.
2025-04-19 11:40:00.439312: I tensorflow/core/framework/local_rendezvous.cc:407] Local rendezvous is aborting with status: INVALID_ARGUMENT: slice index 4 of dimension 0 out of bounds.
	 [[{{function_node while_cond_12391_rewritten}}{{node while/strided_slice_1}}]]
2025-04-19 11:49:46.069831: W tensorflow/core/framework/op_kernel.cc:1857] OP_REQUIRES failed at strided_slice_op.cc:117 : INVALID_ARGUMENT: slice index 4 of dimension 0 out of bounds.
2025-04-19 11:49:46.072813: I tensorflow/core/framework/local_rendezvous.cc:407] Local rendezvous is aborting with status: INVALID_ARGUMENT: slice index 4 of dimension 0 out of bounds.
	 [[{{function_node while_cond_12391_rewritten}}{{node while/strided_slice_1}}]]
2025-04-19 11:53:40.525711: W tensorflow/core/framework/op_kernel.cc:1857] OP_REQUIRES failed at strided_slice_op.cc:117 : INVALID_ARGUMENT: slice index 4 of dimension 0 out of bounds.
2025-04-19 11:53:40.526972: I tensorflow/core/framework/local_rendezvous.cc:407] Local rendezvous is aborting with status: INVALID_ARGUMENT: slice index 4 of dimension 0 out of bounds.
	 [[{{function_node while_cond_12391_rewritten}}{{node while/strided_slice_1}}]]
2025-04-19 11:57:50.142203: W tensorflow/core/framework/op_kernel.cc:1857] OP_REQUIRES failed at strided_slice_op.cc:117 : INVALID_ARGUMENT: slice index 4 of dimension 0 out of bounds.
/home/s2818760/MasterProj/KIN_optimizer/NormalCode/newton_storing_ks.py:29: RuntimeWarning: overflow encountered in scalar subtract
  xnew = (h + (x * cc - (eta * g2 + zeta * g3))) / (r0 + cc)
/home/s2818760/MasterProj/KIN_optimizer/NormalCode/newton_storing_ks.py:32: RuntimeWarning: invalid value encountered in scalar divide
  if np.fabs((x - xnew) / xnew) <= 1.e-8:
/home/s2818760/MasterProj/KIN_optimizer/NormalCode/newton_storing_ks.py:23: RuntimeWarning: invalid value encountered in sin
  s2 = np.sin(arg)
/home/s2818760/MasterProj/KIN_optimizer/NormalCode/newton_storing_ks.py:24: RuntimeWarning: invalid value encountered in cos
  c2 = np.cos(arg)
/home/s2818760/MasterProj/KIN_optimizer/NormalCode/newton_storing_ks.py:29: RuntimeWarning: overflow encountered in scalar multiply
  xnew = (h + (x * cc - (eta * g2 + zeta * g3))) / (r0 + cc)
/home/s2818760/MasterProj/KIN_optimizer/NormalCode/newton_storing_ks.py:29: RuntimeWarning: invalid value encountered in scalar subtract
  xnew = (h + (x * cc - (eta * g2 + zeta * g3))) / (r0 + cc)
2025-04-19 12:02:04.637260: W tensorflow/core/framework/op_kernel.cc:1857] OP_REQUIRES failed at strided_slice_op.cc:117 : INVALID_ARGUMENT: slice index 4 of dimension 0 out of bounds.
2025-04-19 12:02:04.637326: I tensorflow/core/framework/local_rendezvous.cc:407] Local rendezvous is aborting with status: INVALID_ARGUMENT: slice index 4 of dimension 0 out of bounds.
	 [[{{function_node while_cond_12391_rewritten}}{{node while/strided_slice_1}}]]
2025-04-19 12:12:01.718911: W tensorflow/core/framework/op_kernel.cc:1857] OP_REQUIRES failed at strided_slice_op.cc:117 : INVALID_ARGUMENT: slice index 4 of dimension 0 out of bounds.
2025-04-19 12:12:01.719866: I tensorflow/core/framework/local_rendezvous.cc:407] Local rendezvous is aborting with status: INVALID_ARGUMENT: slice index 4 of dimension 0 out of bounds.
	 [[{{function_node while_cond_12391_rewritten}}{{node while/strided_slice_1}}]]
2025-04-19 12:13:20.501204: W tensorflow/core/framework/op_kernel.cc:1857] OP_REQUIRES failed at strided_slice_op.cc:117 : INVALID_ARGUMENT: slice index 4 of dimension 0 out of bounds.
2025-04-19 12:13:20.501521: I tensorflow/core/framework/local_rendezvous.cc:407] Local rendezvous is aborting with status: INVALID_ARGUMENT: slice index 4 of dimension 0 out of bounds.
	 [[{{function_node while_cond_12391_rewritten}}{{node while/strided_slice_1}}]]
2025-04-19 12:21:13.897187: W tensorflow/core/framework/op_kernel.cc:1857] OP_REQUIRES failed at strided_slice_op.cc:117 : INVALID_ARGUMENT: slice index 4 of dimension 0 out of bounds.
2025-04-19 12:21:13.897701: I tensorflow/core/framework/local_rendezvous.cc:407] Local rendezvous is aborting with status: INVALID_ARGUMENT: slice index 4 of dimension 0 out of bounds.
	 [[{{function_node while_cond_12391_rewritten}}{{node while/strided_slice_1}}]]
2025-04-19 12:22:14.813456: W tensorflow/core/framework/op_kernel.cc:1857] OP_REQUIRES failed at strided_slice_op.cc:117 : INVALID_ARGUMENT: slice index 4 of dimension 0 out of bounds.
2025-04-19 12:22:14.814964: I tensorflow/core/framework/local_rendezvous.cc:407] Local rendezvous is aborting with status: INVALID_ARGUMENT: slice index 4 of dimension 0 out of bounds.
	 [[{{function_node while_cond_12391_rewritten}}{{node while/strided_slice_1}}]]
2025-04-19 12:41:08.374872: W tensorflow/core/framework/op_kernel.cc:1857] OP_REQUIRES failed at strided_slice_op.cc:117 : INVALID_ARGUMENT: slice index 4 of dimension 0 out of bounds.
2025-04-19 12:41:08.376277: I tensorflow/core/framework/local_rendezvous.cc:407] Local rendezvous is aborting with status: INVALID_ARGUMENT: slice index 4 of dimension 0 out of bounds.
	 [[{{function_node while_cond_12391_rewritten}}{{node while/strided_slice_1}}]]
2025-04-19 12:55:57.568980: W tensorflow/core/framework/op_kernel.cc:1857] OP_REQUIRES failed at strided_slice_op.cc:117 : INVALID_ARGUMENT: slice index 4 of dimension 0 out of bounds.
2025-04-19 12:55:57.569409: I tensorflow/core/framework/local_rendezvous.cc:407] Local rendezvous is aborting with status: INVALID_ARGUMENT: slice index 4 of dimension 0 out of bounds.
	 [[{{function_node while_cond_12391_rewritten}}{{node while/strided_slice_1}}]]
2025-04-19 13:06:46.522290: W tensorflow/core/framework/op_kernel.cc:1857] OP_REQUIRES failed at strided_slice_op.cc:117 : INVALID_ARGUMENT: slice index 4 of dimension 0 out of bounds.
2025-04-19 13:06:46.524188: I tensorflow/core/framework/local_rendezvous.cc:407] Local rendezvous is aborting with status: INVALID_ARGUMENT: slice index 4 of dimension 0 out of bounds.
	 [[{{function_node while_cond_12391_rewritten}}{{node while/strided_slice_1}}]]
2025-04-19 13:09:26.112760: W tensorflow/core/framework/op_kernel.cc:1857] OP_REQUIRES failed at strided_slice_op.cc:117 : INVALID_ARGUMENT: slice index 4 of dimension 0 out of bounds.
2025-04-19 13:09:26.113270: I tensorflow/core/framework/local_rendezvous.cc:407] Local rendezvous is aborting with status: INVALID_ARGUMENT: slice index 4 of dimension 0 out of bounds.
	 [[{{function_node while_cond_12391_rewritten}}{{node while/strided_slice_1}}]]
