#### Starting test
output_file /home/s2818760/MasterProj/KIN_optimizer/Validation/val_results/3986780/2_systems_0.001_10_3986780.h5
n_cores available for slurm is 16
2025-04-19 10:20:29.964961: I external/local_xla/xla/tsl/cuda/cudart_stub.cc:32] Could not find cuda drivers on your machine, GPU will not be used.
2025-04-19 10:20:29.964961: I external/local_xla/xla/tsl/cuda/cudart_stub.cc:32] Could not find cuda drivers on your machine, GPU will not be used.
2025-04-19 10:20:29.971650: I external/local_xla/xla/tsl/cuda/cudart_stub.cc:32] Could not find cuda drivers on your machine, GPU will not be used.
2025-04-19 10:20:29.971655: I external/local_xla/xla/tsl/cuda/cudart_stub.cc:32] Could not find cuda drivers on your machine, GPU will not be used.
2025-04-19 10:20:29.995867: E external/local_xla/xla/stream_executor/cuda/cuda_fft.cc:467] Unable to register cuFFT factory: Attempting to register factory for plugin cuFFT when one has already been registered
2025-04-19 10:20:29.995871: E external/local_xla/xla/stream_executor/cuda/cuda_fft.cc:467] Unable to register cuFFT factory: Attempting to register factory for plugin cuFFT when one has already been registered
WARNING: All log messages before absl::InitializeLog() is called are written to STDERR
WARNING: All log messages before absl::InitializeLog() is called are written to STDERR
E0000 00:00:1745050830.037355   91821 cuda_dnn.cc:8579] Unable to register cuDNN factory: Attempting to register factory for plugin cuDNN when one has already been registered
E0000 00:00:1745050830.037357   91822 cuda_dnn.cc:8579] Unable to register cuDNN factory: Attempting to register factory for plugin cuDNN when one has already been registered
E0000 00:00:1745050830.050090   91822 cuda_blas.cc:1407] Unable to register cuBLAS factory: Attempting to register factory for plugin cuBLAS when one has already been registered
E0000 00:00:1745050830.050090   91821 cuda_blas.cc:1407] Unable to register cuBLAS factory: Attempting to register factory for plugin cuBLAS when one has already been registered
W0000 00:00:1745050830.077860   91821 computation_placer.cc:177] computation placer already registered. Please check linkage and avoid linking the same target more than once.
W0000 00:00:1745050830.077861   91822 computation_placer.cc:177] computation placer already registered. Please check linkage and avoid linking the same target more than once.
W0000 00:00:1745050830.077882   91821 computation_placer.cc:177] computation placer already registered. Please check linkage and avoid linking the same target more than once.
W0000 00:00:1745050830.077885   91822 computation_placer.cc:177] computation placer already registered. Please check linkage and avoid linking the same target more than once.
W0000 00:00:1745050830.077887   91821 computation_placer.cc:177] computation placer already registered. Please check linkage and avoid linking the same target more than once.
W0000 00:00:1745050830.077889   91822 computation_placer.cc:177] computation placer already registered. Please check linkage and avoid linking the same target more than once.
W0000 00:00:1745050830.077891   91821 computation_placer.cc:177] computation placer already registered. Please check linkage and avoid linking the same target more than once.
W0000 00:00:1745050830.077893   91822 computation_placer.cc:177] computation placer already registered. Please check linkage and avoid linking the same target more than once.
2025-04-19 10:20:30.085873: I tensorflow/core/platform/cpu_feature_guard.cc:210] This TensorFlow binary is optimized to use available CPU instructions in performance-critical operations.
To enable the following instructions: AVX2 AVX512F FMA, in other operations, rebuild TensorFlow with the appropriate compiler flags.
2025-04-19 10:20:30.085873: I tensorflow/core/platform/cpu_feature_guard.cc:210] This TensorFlow binary is optimized to use available CPU instructions in performance-critical operations.
To enable the following instructions: AVX2 AVX512F FMA, in other operations, rebuild TensorFlow with the appropriate compiler flags.
2025-04-19 10:20:39.286744: E external/local_xla/xla/stream_executor/cuda/cuda_platform.cc:51] failed call to cuInit: INTERNAL: CUDA error: Failed call to cuInit: UNKNOWN ERROR (303)
2025-04-19 10:20:39.302126: E external/local_xla/xla/stream_executor/cuda/cuda_platform.cc:51] failed call to cuInit: INTERNAL: CUDA error: Failed call to cuInit: UNKNOWN ERROR (303)
evolve the system
Running simulation...
start the learn masses function
Forward pass...
Backwards pass...
Combining derivatives...
Epoch 1/150, Masses: [ 1.00000002  0.00108916  0.00474057], 
Positions: 
[[  2.14134739e-02   6.45978562e-03   2.77184443e-07]
 [ -9.51192433e+00  -3.01272392e+00   4.30655917e-04]
 [ -2.56265897e+00  -7.42226343e-01  -1.52413217e-04]]
Forward pass...
Backwards pass...
Combining derivatives...
Epoch 2/150, Masses: [ 1.00000006  0.00108912  0.00474053], 
Positions: 
[[  2.14134739e-02   6.45978562e-03   2.77184443e-07]
 [ -9.51192433e+00  -3.01272392e+00   4.30655917e-04]
 [ -2.56265897e+00  -7.42226343e-01  -1.52413217e-04]]
Forward pass...
Backwards pass...
Combining derivatives...
Epoch 3/150, Masses: [ 1.00000014  0.00108904  0.00474045], 
Positions: 
[[  2.14134739e-02   6.45978562e-03   2.77184443e-07]
 [ -9.51192433e+00  -3.01272392e+00   4.30655917e-04]
 [ -2.56265897e+00  -7.42226343e-01  -1.52413217e-04]]
Forward pass...
Backwards pass...
Combining derivatives...
Epoch 4/150, Masses: [ 1.0000003   0.00108888  0.00474029], 
Positions: 
[[  2.14134739e-02   6.45978562e-03   2.77184443e-07]
 [ -9.51192433e+00  -3.01272392e+00   4.30655917e-04]
 [ -2.56265897e+00  -7.42226343e-01  -1.52413217e-04]]
Forward pass...
Backwards pass...
Combining derivatives...
Epoch 5/150, Masses: [ 1.00000062  0.00108856  0.00473997], 
Positions: 
[[  2.14134739e-02   6.45978562e-03   2.77184443e-07]
 [ -9.51192433e+00  -3.01272392e+00   4.30655917e-04]
 [ -2.56265897e+00  -7.42226343e-01  -1.52413217e-04]]
Forward pass...
Backwards pass...
Combining derivatives...
Epoch 6/150, Masses: [ 1.00000126  0.00108792  0.00473933], 
Positions: 
[[  2.14134739e-02   6.45978562e-03   2.77184443e-07]
 [ -9.51192433e+00  -3.01272392e+00   4.30655917e-04]
 [ -2.56265897e+00  -7.42226343e-01  -1.52413217e-04]]
Forward pass...
Backwards pass...
Combining derivatives...
Epoch 7/150, Masses: [ 1.00000254  0.00108664  0.00473805], 
Positions: 
[[  2.14134739e-02   6.45978562e-03   2.77184443e-07]
 [ -9.51192433e+00  -3.01272392e+00   4.30655917e-04]
 [ -2.56265897e+00  -7.42226343e-01  -1.52413217e-04]]
Forward pass...
Backwards pass...
Combining derivatives...
Epoch 8/150, Masses: [ 1.0000051   0.00108408  0.00473549], 
Positions: 
[[  2.14134739e-02   6.45978562e-03   2.77184443e-07]
 [ -9.51192433e+00  -3.01272392e+00   4.30655917e-04]
 [ -2.56265897e+00  -7.42226343e-01  -1.52413217e-04]]
Forward pass...
Backwards pass...
Combining derivatives...
Epoch 9/150, Masses: [ 1.00001022  0.00107896  0.00473037], 
Positions: 
[[  2.14134739e-02   6.45978562e-03   2.77184443e-07]
 [ -9.51192433e+00  -3.01272392e+00   4.30655917e-04]
 [ -2.56265897e+00  -7.42226343e-01  -1.52413217e-04]]
Forward pass...
Backwards pass...
Combining derivatives...
Epoch 10/150, Masses: [ 1.00002046  0.00106872  0.00472013], 
Positions: 
[[  2.14134739e-02   6.45978562e-03   2.77184443e-07]
 [ -9.51192433e+00  -3.01272392e+00   4.30655917e-04]
 [ -2.56265897e+00  -7.42226343e-01  -1.52413217e-04]]
Forward pass...
Backwards pass...
Combining derivatives...
Epoch 11/150, Masses: [ 1.00004094  0.00104824  0.00469965], 
Positions: 
[[  2.14134739e-02   6.45978562e-03   2.77184443e-07]
 [ -9.51192433e+00  -3.01272392e+00   4.30655917e-04]
 [ -2.56265897e+00  -7.42226343e-01  -1.52413217e-04]]
Forward pass...
Backwards pass...
Combining derivatives...
Epoch 12/150, Masses: [ 1.0000819   0.00100728  0.00465869], 
Positions: 
[[  2.14134739e-02   6.45978562e-03   2.77184443e-07]
 [ -9.51192433e+00  -3.01272392e+00   4.30655917e-04]
 [ -2.56265897e+00  -7.42226343e-01  -1.52413217e-04]]
Forward pass...
Backwards pass...
Combining derivatives...
Epoch 13/150, Masses: [  1.00016382e+00   9.25357300e-04   4.67916529e-03], 
Positions: 
[[  2.14134739e-02   6.45978562e-03   2.77184443e-07]
 [ -9.51192433e+00  -3.01272392e+00   4.30655917e-04]
 [ -2.56265897e+00  -7.42226343e-01  -1.52413217e-04]]
Forward pass...
Backwards pass...
Combining derivatives...
Epoch 14/150, Masses: [  1.00032766e+00   7.61517300e-04   4.69964529e-03], 
Positions: 
[[  2.14134739e-02   6.45978562e-03   2.77184443e-07]
 [ -9.51192433e+00  -3.01272392e+00   4.30655917e-04]
 [ -2.56265897e+00  -7.42226343e-01  -1.52413217e-04]]
Forward pass...
Backwards pass...
Combining derivatives...
Epoch 15/150, Masses: [  1.00024574e+00   8.43437300e-04   4.68940529e-03], 
Positions: 
[[  2.14134739e-02   6.45978562e-03   2.77184443e-07]
 [ -9.51192433e+00  -3.01272392e+00   4.30655917e-04]
 [ -2.56265897e+00  -7.42226343e-01  -1.52413217e-04]]
Forward pass...
Backwards pass...
Combining derivatives...
Epoch 16/150, Masses: [  1.00016382e+00   9.25357300e-04   4.67916529e-03], 
Positions: 
[[  2.14134739e-02   6.45978562e-03   2.77184443e-07]
 [ -9.51192433e+00  -3.01272392e+00   4.30655917e-04]
 [ -2.56265897e+00  -7.42226343e-01  -1.52413217e-04]]
Forward pass...
Backwards pass...
Combining derivatives...
Epoch 17/150, Masses: [  1.00020478e+00   8.84397300e-04   4.68428529e-03], 
Positions: 
[[  2.14134739e-02   6.45978562e-03   2.77184443e-07]
 [ -9.51192433e+00  -3.01272392e+00   4.30655917e-04]
 [ -2.56265897e+00  -7.42226343e-01  -1.52413217e-04]]
Forward pass...
Backwards pass...
Combining derivatives...
Epoch 18/150, Masses: [  1.00024574e+00   9.04877300e-04   4.68172529e-03], 
Positions: 
[[  2.14134739e-02   6.45978562e-03   2.77184443e-07]
 [ -9.51192433e+00  -3.01272392e+00   4.30655917e-04]
 [ -2.56265897e+00  -7.42226343e-01  -1.52413217e-04]]
Forward pass...
Backwards pass...
Combining derivatives...
Epoch 19/150, Masses: [  1.00022526e+00   9.25357300e-04   4.67916529e-03], 
Positions: 
[[  2.14134739e-02   6.45978562e-03   2.77184443e-07]
 [ -9.51192433e+00  -3.01272392e+00   4.30655917e-04]
 [ -2.56265897e+00  -7.42226343e-01  -1.52413217e-04]]
Forward pass...
Backwards pass...
Combining derivatives...
Epoch 20/150, Masses: [  1.00023550e+00   9.15117300e-04   4.67404683e-03], 
Positions: 
[[  2.14134739e-02   6.45978562e-03   2.77184443e-07]
 [ -9.51192433e+00  -3.01272392e+00   4.30655917e-04]
 [ -2.56265897e+00  -7.42226343e-01  -1.52413217e-04]]
Forward pass...
Backwards pass...
Combining derivatives...
Epoch 21/150, Masses: [  1.00024574e+00   9.20237300e-04   4.66381297e-03], 
Positions: 
[[  2.14134739e-02   6.45978562e-03   2.77184443e-07]
 [ -9.51192433e+00  -3.01272392e+00   4.30655917e-04]
 [ -2.56265897e+00  -7.42226343e-01  -1.52413217e-04]]
Forward pass...
Backwards pass...
Combining derivatives...
Epoch 22/150, Masses: [  1.00026621e+00   9.25357300e-04   4.64335139e-03], 
Positions: 
[[  2.14134739e-02   6.45978562e-03   2.77184443e-07]
 [ -9.51192433e+00  -3.01272392e+00   4.30655917e-04]
 [ -2.56265897e+00  -7.42226343e-01  -1.52413217e-04]]
Forward pass...
Backwards pass...
Combining derivatives...
Epoch 23/150, Masses: [  1.00025598e+00   9.35594229e-04   4.65358218e-03], 
Positions: 
[[  2.14134739e-02   6.45978562e-03   2.77184443e-07]
 [ -9.51192433e+00  -3.01272392e+00   4.30655917e-04]
 [ -2.56265897e+00  -7.42226343e-01  -1.52413217e-04]]
Forward pass...
Backwards pass...
Combining derivatives...
Epoch 24/150, Masses: [  1.00026110e+00   9.56061945e-04   4.64846678e-03], 
Positions: 
[[  2.14134739e-02   6.45978562e-03   2.77184443e-07]
 [ -9.51192433e+00  -3.01272392e+00   4.30655917e-04]
 [ -2.56265897e+00  -7.42226343e-01  -1.52413217e-04]]
Forward pass...
Backwards pass...
Combining derivatives...
Epoch 25/150, Masses: [  1.00026621e+00   9.96985099e-04   4.64335139e-03], 
Positions: 
[[  2.14134739e-02   6.45978562e-03   2.77184443e-07]
 [ -9.51192433e+00  -3.01272392e+00   4.30655917e-04]
 [ -2.56265897e+00  -7.42226343e-01  -1.52413217e-04]]
Forward pass...
Backwards pass...
Combining derivatives...
Epoch 26/150, Masses: [ 1.00027645  0.00107881  0.00464591], 
Positions: 
[[  2.14134739e-02   6.45978562e-03   2.77184443e-07]
 [ -9.51192433e+00  -3.01272392e+00   4.30655917e-04]
 [ -2.56265897e+00  -7.42226343e-01  -1.52413217e-04]]
Forward pass...
Backwards pass...
Combining derivatives...
Epoch 27/150, Masses: [ 1.00027133  0.0010379   0.00464463], 
Positions: 
[[  2.14134739e-02   6.45978562e-03   2.77184443e-07]
 [ -9.51192433e+00  -3.01272392e+00   4.30655917e-04]
 [ -2.56265897e+00  -7.42226343e-01  -1.52413217e-04]]
Forward pass...
Backwards pass...
Combining derivatives...
Epoch 28/150, Masses: [  1.00026621e+00   9.96985099e-04   4.64526966e-03], 
Positions: 
[[  2.14134739e-02   6.45978562e-03   2.77184443e-07]
 [ -9.51192433e+00  -3.01272392e+00   4.30655917e-04]
 [ -2.56265897e+00  -7.42226343e-01  -1.52413217e-04]]
Forward pass...
Backwards pass...
Combining derivatives...
Epoch 29/150, Masses: [ 1.00026877  0.00101744  0.00464591], 
Positions: 
[[  2.14134739e-02   6.45978562e-03   2.77184443e-07]
 [ -9.51192433e+00  -3.01272392e+00   4.30655917e-04]
 [ -2.56265897e+00  -7.42226343e-01  -1.52413217e-04]]
Forward pass...
Backwards pass...
Combining derivatives...
Epoch 30/150, Masses: [ 1.00026749  0.00100721  0.00464559], 
Positions: 
[[  2.14134739e-02   6.45978562e-03   2.77184443e-07]
 [ -9.51192433e+00  -3.01272392e+00   4.30655917e-04]
 [ -2.56265897e+00  -7.42226343e-01  -1.52413217e-04]]
Forward pass...
Backwards pass...
Combining derivatives...
Epoch 31/150, Masses: [  1.00026813e+00   9.96985099e-04   4.64574923e-03], 
Positions: 
[[  2.14134739e-02   6.45978562e-03   2.77184443e-07]
 [ -9.51192433e+00  -3.01272392e+00   4.30655917e-04]
 [ -2.56265897e+00  -7.42226343e-01  -1.52413217e-04]]
Forward pass...
Backwards pass...
Combining derivatives...
Epoch 32/150, Masses: [ 1.00026781  0.0010021   0.00464567], 
Positions: 
[[  2.14134739e-02   6.45978562e-03   2.77184443e-07]
 [ -9.51192433e+00  -3.01272392e+00   4.30655917e-04]
 [ -2.56265897e+00  -7.42226343e-01  -1.52413217e-04]]
Forward pass...
Backwards pass...
Combining derivatives...
Epoch 33/150, Masses: [  1.00026749e+00   9.99542029e-04   4.64558937e-03], 
Positions: 
[[  2.14134739e-02   6.45978562e-03   2.77184443e-07]
 [ -9.51192433e+00  -3.01272392e+00   4.30655917e-04]
 [ -2.56265897e+00  -7.42226343e-01  -1.52413217e-04]]
Forward pass...
Backwards pass...
Combining derivatives...
Epoch 34/150, Masses: [ 1.00026765  0.00100082  0.00464563], 
Positions: 
[[  2.14134739e-02   6.45978562e-03   2.77184443e-07]
 [ -9.51192433e+00  -3.01272392e+00   4.30655917e-04]
 [ -2.56265897e+00  -7.42226343e-01  -1.52413217e-04]]
Forward pass...
Backwards pass...
Combining derivatives...
Epoch 35/150, Masses: [  1.00026781e+00   1.00018126e-03   4.64566930e-03], 
Positions: 
[[  2.14134739e-02   6.45978562e-03   2.77184443e-07]
 [ -9.51192433e+00  -3.01272392e+00   4.30655917e-04]
 [ -2.56265897e+00  -7.42226343e-01  -1.52413217e-04]]
Forward pass...
Backwards pass...
Combining derivatives...
Epoch 36/150, Masses: [  1.00026773e+00   9.99542029e-04   4.64564932e-03], 
Positions: 
[[  2.14134739e-02   6.45978562e-03   2.77184443e-07]
 [ -9.51192433e+00  -3.01272392e+00   4.30655917e-04]
 [ -2.56265897e+00  -7.42226343e-01  -1.52413217e-04]]
Forward pass...
Backwards pass...
Combining derivatives...
Epoch 37/150, Masses: [  1.00026765e+00   9.99861646e-04   4.64562934e-03], 
Positions: 
[[  2.14134739e-02   6.45978562e-03   2.77184443e-07]
 [ -9.51192433e+00  -3.01272392e+00   4.30655917e-04]
 [ -2.56265897e+00  -7.42226343e-01  -1.52413217e-04]]
Forward pass...
Backwards pass...
Combining derivatives...
Epoch 38/150, Masses: [  1.00026769e+00   9.99701838e-04   4.64563933e-03], 
Positions: 
[[  2.14134739e-02   6.45978562e-03   2.77184443e-07]
 [ -9.51192433e+00  -3.01272392e+00   4.30655917e-04]
 [ -2.56265897e+00  -7.42226343e-01  -1.52413217e-04]]
Forward pass...
Backwards pass...
Combining derivatives...
Epoch 39/150, Masses: [  1.00026767e+00   9.99781742e-04   4.64564932e-03], 
Positions: 
[[  2.14134739e-02   6.45978562e-03   2.77184443e-07]
 [ -9.51192433e+00  -3.01272392e+00   4.30655917e-04]
 [ -2.56265897e+00  -7.42226343e-01  -1.52413217e-04]]
Forward pass...
Backwards pass...
Combining derivatives...
Epoch 40/150, Masses: [  1.00026765e+00   9.99861646e-04   4.64566929e-03], 
Positions: 
[[  2.14134739e-02   6.45978562e-03   2.77184443e-07]
 [ -9.51192433e+00  -3.01272392e+00   4.30655917e-04]
 [ -2.56265897e+00  -7.42226343e-01  -1.52413217e-04]]
Forward pass...
Backwards pass...
Combining derivatives...
Epoch 41/150, Masses: [  1.00026766e+00   9.99821694e-04   4.64565930e-03], 
Positions: 
[[  2.14134739e-02   6.45978562e-03   2.77184443e-07]
 [ -9.51192433e+00  -3.01272392e+00   4.30655917e-04]
 [ -2.56265897e+00  -7.42226343e-01  -1.52413217e-04]]
Forward pass...
Backwards pass...
Combining derivatives...
Epoch 42/150, Masses: [  1.00026766e+00   9.99781742e-04   4.64564932e-03], 
Positions: 
[[  2.14134739e-02   6.45978562e-03   2.77184443e-07]
 [ -9.51192433e+00  -3.01272392e+00   4.30655917e-04]
 [ -2.56265897e+00  -7.42226343e-01  -1.52413217e-04]]
Forward pass...
Backwards pass...
Combining derivatives...
Epoch 43/150, Masses: [  1.00026766e+00   9.99801718e-04   4.64565431e-03], 
Positions: 
[[  2.14134739e-02   6.45978562e-03   2.77184443e-07]
 [ -9.51192433e+00  -3.01272392e+00   4.30655917e-04]
 [ -2.56265897e+00  -7.42226343e-01  -1.52413217e-04]]
Forward pass...
Backwards pass...
Combining derivatives...
Epoch 44/150, Masses: [  1.00026766e+00   9.99821694e-04   4.64565930e-03], 
Positions: 
[[  2.14134739e-02   6.45978562e-03   2.77184443e-07]
 [ -9.51192433e+00  -3.01272392e+00   4.30655917e-04]
 [ -2.56265897e+00  -7.42226343e-01  -1.52413217e-04]]
Forward pass...
Backwards pass...
Combining derivatives...
Epoch 45/150, Masses: [  1.00026766e+00   9.99811706e-04   4.64565681e-03], 
Positions: 
[[  2.14134739e-02   6.45978562e-03   2.77184443e-07]
 [ -9.51192433e+00  -3.01272392e+00   4.30655917e-04]
 [ -2.56265897e+00  -7.42226343e-01  -1.52413217e-04]]
Forward pass...
Backwards pass...
Combining derivatives...
Epoch 46/150, Masses: [  1.00026766e+00   9.99816700e-04   4.64565431e-03], 
Positions: 
[[  2.14134739e-02   6.45978562e-03   2.77184443e-07]
 [ -9.51192433e+00  -3.01272392e+00   4.30655917e-04]
 [ -2.56265897e+00  -7.42226343e-01  -1.52413217e-04]]
saved results for system 0
evolve the system
Running simulation...
start the learn masses function
Forward pass...
Backwards pass...
Combining derivatives...
Epoch 1/150, Masses: [ 1.00000002  0.00108916  0.00536317], 
Positions: 
[[  1.05407088e-01   3.07951888e-02   3.71481327e-07]
 [ -9.42793072e+00  -2.98838852e+00   4.30750214e-04]
 [ -1.82234689e+01  -5.27965004e+00  -1.52318920e-04]]
Forward pass...
Backwards pass...
Combining derivatives...
Epoch 2/150, Masses: [ 1.00000006  0.00108912  0.00536321], 
Positions: 
[[  1.05407088e-01   3.07951888e-02   3.71481327e-07]
 [ -9.42793072e+00  -2.98838852e+00   4.30750214e-04]
 [ -1.82234689e+01  -5.27965004e+00  -1.52318920e-04]]
Forward pass...
Backwards pass...
Combining derivatives...
Epoch 3/150, Masses: [ 1.00000014  0.00108904  0.00536329], 
Positions: 
[[  1.05407088e-01   3.07951888e-02   3.71481327e-07]
 [ -9.42793072e+00  -2.98838852e+00   4.30750214e-04]
 [ -1.82234689e+01  -5.27965004e+00  -1.52318920e-04]]
Forward pass...
Backwards pass...
Combining derivatives...
Epoch 4/150, Masses: [ 1.0000003   0.00108888  0.00536345], 
Positions: 
[[  1.05407088e-01   3.07951888e-02   3.71481327e-07]
 [ -9.42793072e+00  -2.98838852e+00   4.30750214e-04]
 [ -1.82234689e+01  -5.27965004e+00  -1.52318920e-04]]
Forward pass...
Backwards pass...
Combining derivatives...
Epoch 5/150, Masses: [ 1.00000062  0.00108856  0.00536377], 
Positions: 
[[  1.05407088e-01   3.07951888e-02   3.71481327e-07]
 [ -9.42793072e+00  -2.98838852e+00   4.30750214e-04]
 [ -1.82234689e+01  -5.27965004e+00  -1.52318920e-04]]
Forward pass...
Backwards pass...
Combining derivatives...
Epoch 6/150, Masses: [ 1.00000126  0.00108792  0.00536441], 
Positions: 
[[  1.05407088e-01   3.07951888e-02   3.71481327e-07]
 [ -9.42793072e+00  -2.98838852e+00   4.30750214e-04]
 [ -1.82234689e+01  -5.27965004e+00  -1.52318920e-04]]
Forward pass...
Backwards pass...
Combining derivatives...
Epoch 7/150, Masses: [ 1.00000254  0.00108664  0.00536569], 
Positions: 
[[  1.05407088e-01   3.07951888e-02   3.71481327e-07]
 [ -9.42793072e+00  -2.98838852e+00   4.30750214e-04]
 [ -1.82234689e+01  -5.27965004e+00  -1.52318920e-04]]
Forward pass...
Backwards pass...
Combining derivatives...
Epoch 8/150, Masses: [ 1.0000051   0.00108408  0.00536825], 
Positions: 
[[  1.05407088e-01   3.07951888e-02   3.71481327e-07]
 [ -9.42793072e+00  -2.98838852e+00   4.30750214e-04]
 [ -1.82234689e+01  -5.27965004e+00  -1.52318920e-04]]
Forward pass...
Backwards pass...
Combining derivatives...
Epoch 9/150, Masses: [ 1.00001022  0.00107896  0.00537337], 
Positions: 
[[  1.05407088e-01   3.07951888e-02   3.71481327e-07]
 [ -9.42793072e+00  -2.98838852e+00   4.30750214e-04]
 [ -1.82234689e+01  -5.27965004e+00  -1.52318920e-04]]
Forward pass...
Backwards pass...
Combining derivatives...
Epoch 10/150, Masses: [ 1.00002046  0.00106872  0.00538361], 
Positions: 
[[  1.05407088e-01   3.07951888e-02   3.71481327e-07]
 [ -9.42793072e+00  -2.98838852e+00   4.30750214e-04]
 [ -1.82234689e+01  -5.27965004e+00  -1.52318920e-04]]
Forward pass...
Backwards pass...
Combining derivatives...
Epoch 11/150, Masses: [ 1.00004094  0.00104824  0.00540409], 
Positions: 
[[  1.05407088e-01   3.07951888e-02   3.71481327e-07]
 [ -9.42793072e+00  -2.98838852e+00   4.30750214e-04]
 [ -1.82234689e+01  -5.27965004e+00  -1.52318920e-04]]
Forward pass...
Backwards pass...
Combining derivatives...
Epoch 12/150, Masses: [ 1.0000819   0.00100728  0.00544505], 
Positions: 
[[  1.05407088e-01   3.07951888e-02   3.71481327e-07]
 [ -9.42793072e+00  -2.98838852e+00   4.30750214e-04]
 [ -1.82234689e+01  -5.27965004e+00  -1.52318920e-04]]
Forward pass...
Backwards pass...
Combining derivatives...
Epoch 13/150, Masses: [  1.00016382e+00   9.25357300e-04   5.52697481e-03], 
Positions: 
[[  1.05407088e-01   3.07951888e-02   3.71481327e-07]
 [ -9.42793072e+00  -2.98838852e+00   4.30750214e-04]
 [ -1.82234689e+01  -5.27965004e+00  -1.52318920e-04]]
Forward pass...
Backwards pass...
Combining derivatives...
Epoch 14/150, Masses: [  1.00032766e+00   7.61517300e-04   5.69081481e-03], 
Positions: 
[[  1.05407088e-01   3.07951888e-02   3.71481327e-07]
 [ -9.42793072e+00  -2.98838852e+00   4.30750214e-04]
 [ -1.82234689e+01  -5.27965004e+00  -1.52318920e-04]]
Forward pass...
Backwards pass...
Combining derivatives...
Epoch 15/150, Masses: [  1.00065534e+00   4.33837300e-04   6.01849481e-03], 
Positions: 
[[  1.05407088e-01   3.07951888e-02   3.71481327e-07]
 [ -9.42793072e+00  -2.98838852e+00   4.30750214e-04]
 [ -1.82234689e+01  -5.27965004e+00  -1.52318920e-04]]
Forward pass...
Backwards pass...
Combining derivatives...
Epoch 16/150, Masses: [  1.00131070e+00  -2.21522700e-04   6.67385481e-03], 
Positions: 
[[  1.05407088e-01   3.07951888e-02   3.71481327e-07]
 [ -9.42793072e+00  -2.98838852e+00   4.30750214e-04]
 [ -1.82234689e+01  -5.27965004e+00  -1.52318920e-04]]
Forward pass...
Backwards pass...
Combining derivatives...
Epoch 17/150, Masses: [  1.00262142e+00   1.06157300e-04   7.98457481e-03], 
Positions: 
[[  1.05407088e-01   3.07951888e-02   3.71481327e-07]
 [ -9.42793072e+00  -2.98838852e+00   4.30750214e-04]
 [ -1.82234689e+01  -5.27965004e+00  -1.52318920e-04]]
Forward pass...
Backwards pass...
Combining derivatives...
Epoch 18/150, Masses: [  1.00524286e+00  -5.76826999e-05   7.32921481e-03], 
Positions: 
[[  1.05407088e-01   3.07951888e-02   3.71481327e-07]
 [ -9.42793072e+00  -2.98838852e+00   4.30750214e-04]
 [ -1.82234689e+01  -5.27965004e+00  -1.52318920e-04]]
Forward pass...
Backwards pass...
Combining derivatives...
Epoch 19/150, Masses: [  1.01048574e+00   2.42373001e-05   6.67385481e-03], 
Positions: 
[[  1.05407088e-01   3.07951888e-02   3.71481327e-07]
 [ -9.42793072e+00  -2.98838852e+00   4.30750214e-04]
 [ -1.82234689e+01  -5.27965004e+00  -1.52318920e-04]]
Forward pass...
Backwards pass...
Combining derivatives...
Epoch 20/150, Masses: [  1.02097150e+00  -1.67226999e-05   5.36326587e-03], 
Positions: 
[[  1.05407088e-01   3.07951888e-02   3.71481327e-07]
 [ -9.42793072e+00  -2.98838852e+00   4.30750214e-04]
 [ -1.82234689e+01  -5.27965004e+00  -1.52318920e-04]]
Forward pass...
Backwards pass...
Combining derivatives...
Epoch 21/150, Masses: [  1.04194302e+00   3.75730008e-06   2.74235008e-03], 
Positions: 
[[  1.05407088e-01   3.07951888e-02   3.71481327e-07]
 [ -9.42793072e+00  -2.98838852e+00   4.30750214e-04]
 [ -1.82234689e+01  -5.27965004e+00  -1.52318920e-04]]
Forward pass...
Backwards pass...
Combining derivatives...
Epoch 22/150, Masses: [  1.08388606e+00   2.42373001e-05  -2.49895737e-03], 
Positions: 
[[  1.05407088e-01   3.07951888e-02   3.71481327e-07]
 [ -9.42793072e+00  -2.98838852e+00   4.30750214e-04]
 [ -1.82234689e+01  -5.27965004e+00  -1.52318920e-04]]
Forward pass...
Backwards pass...
Combining derivatives...
Epoch 23/150, Masses: [  1.16777214e+00   6.51932045e-05   1.21696351e-04], 
Positions: 
[[  1.05407088e-01   3.07951888e-02   3.71481327e-07]
 [ -9.42793072e+00  -2.98838852e+00   4.30750214e-04]
 [ -1.82234689e+01  -5.27965004e+00  -1.52318920e-04]]
Forward pass...
Backwards pass...
Combining derivatives...
Epoch 24/150, Masses: [  1.33554430e+00   1.47096823e-04  -1.18863051e-03], 
Positions: 
[[  1.05407088e-01   3.07951888e-02   3.71481327e-07]
 [ -9.42793072e+00  -2.98838852e+00   4.30750214e-04]
 [ -1.82234689e+01  -5.27965004e+00  -1.52318920e-04]]
Forward pass...
Backwards pass...
Combining derivatives...
Epoch 25/150, Masses: [  1.67108862e+00   3.10887681e-04  -5.33467081e-04], 
Positions: 
[[  1.05407088e-01   3.07951888e-02   3.71481327e-07]
 [ -9.42793072e+00  -2.98838852e+00   4.30750214e-04]
 [ -1.82234689e+01  -5.27965004e+00  -1.52318920e-04]]
Forward pass...
Backwards pass...
Combining derivatives...
Epoch 26/150, Masses: [  2.34217726e+00   6.38436642e-04   1.21696351e-04], 
Positions: 
[[  1.05407088e-01   3.07951888e-02   3.71481327e-07]
 [ -9.42793072e+00  -2.98838852e+00   4.30750214e-04]
 [ -1.82234689e+01  -5.27965004e+00  -1.52318920e-04]]
Forward pass...
Backwards pass...
Combining derivatives...
Epoch 27/150, Masses: [  3.68435454e+00   1.29346906e-03   1.43176119e-03], 
Positions: 
[[  1.05407088e-01   3.07951888e-02   3.71481327e-07]
 [ -9.42793072e+00  -2.98838852e+00   4.30750214e-04]
 [ -1.82234689e+01  -5.27965004e+00  -1.52318920e-04]]
Forward pass...
Backwards pass...
Combining derivatives...
Epoch 28/150, Masses: [  6.36870910e+00   2.60340290e-03   4.05136691e-03], 
Positions: 
[[  1.05407088e-01   3.07951888e-02   3.71481327e-07]
 [ -9.42793072e+00  -2.98838852e+00   4.30750214e-04]
 [ -1.82234689e+01  -5.27965004e+00  -1.52318920e-04]]
Forward pass...
Backwards pass...
Combining derivatives...
Epoch 29/150, Masses: [  5.02653182e+00   1.94843598e-03   9.28953068e-03], 
Positions: 
[[  1.05407088e-01   3.07951888e-02   3.71481327e-07]
 [ -9.42793072e+00  -2.98838852e+00   4.30750214e-04]
 [ -1.82234689e+01  -5.27965004e+00  -1.52318920e-04]]
Forward pass...
Backwards pass...
Combining derivatives...
Epoch 30/150, Masses: [  5.69762046e+00   2.27591944e-03   1.97637633e-02], 
Positions: 
[[  1.05407088e-01   3.07951888e-02   3.71481327e-07]
 [ -9.42793072e+00  -2.98838852e+00   4.30750214e-04]
 [ -1.82234689e+01  -5.27965004e+00  -1.52318920e-04]]
Forward pass...
Backwards pass...
Combining derivatives...
Epoch 31/150, Masses: [  6.36870910e+00   2.60340290e-03   4.07080394e-02], 
Positions: 
[[  1.05407088e-01   3.07951888e-02   3.71481327e-07]
 [ -9.42793072e+00  -2.98838852e+00   4.30750214e-04]
 [ -1.82234689e+01  -5.27965004e+00  -1.52318920e-04]]
Forward pass...
Backwards pass...
Combining derivatives...
Epoch 32/150, Masses: [  6.03316478e+00   2.43966117e-03   3.02359013e-02], 
Positions: 
[[  1.05407088e-01   3.07951888e-02   3.71481327e-07]
 [ -9.42793072e+00  -2.98838852e+00   4.30750214e-04]
 [ -1.82234689e+01  -5.27965004e+00  -1.52318920e-04]]
Forward pass...
Backwards pass...
Combining derivatives...
Epoch 33/150, Masses: [  6.20093694e+00   2.27591944e-03   3.54719703e-02], 
Positions: 
[[  1.05407088e-01   3.07951888e-02   3.71481327e-07]
 [ -9.42793072e+00  -2.98838852e+00   4.30750214e-04]
 [ -1.82234689e+01  -5.27965004e+00  -1.52318920e-04]]
Forward pass...
Backwards pass...
Combining derivatives...
Epoch 34/150, Masses: [  6.11705086e+00   1.94853421e-03   4.07080394e-02], 
Positions: 
[[  1.05407088e-01   3.07951888e-02   3.71481327e-07]
 [ -9.42793072e+00  -2.98838852e+00   4.30750214e-04]
 [ -1.82234689e+01  -5.27965004e+00  -1.52318920e-04]]
Forward pass...
Backwards pass...
Combining derivatives...
Epoch 35/150, Masses: [  6.15899390e+00   1.29396013e-03   5.11770364e-02], 
Positions: 
[[  1.05407088e-01   3.07951888e-02   3.71481327e-07]
 [ -9.42793072e+00  -2.98838852e+00   4.30750214e-04]
 [ -1.82234689e+01  -5.27965004e+00  -1.52318920e-04]]
Forward pass...
Backwards pass...
Combining derivatives...
Epoch 36/150, Masses: [  6.13802238e+00  -1.47953641e-05   7.21087503e-02], 
Positions: 
[[  1.05407088e-01   3.07951888e-02   3.71481327e-07]
 [ -9.42793072e+00  -2.98838852e+00   4.30750214e-04]
 [ -1.82234689e+01  -5.27965004e+00  -1.52318920e-04]]
Forward pass...
Backwards pass...
Combining derivatives...
Epoch 37/150, Masses: [  6.14850814e+00   6.39582382e-04   6.16428934e-02], 
Positions: 
[[  1.05407088e-01   3.07951888e-02   3.71481327e-07]
 [ -9.42793072e+00  -2.98838852e+00   4.30750214e-04]
 [ -1.82234689e+01  -5.27965004e+00  -1.52318920e-04]]
Forward pass...
Backwards pass...
Combining derivatives...
Epoch 38/150, Masses: [  6.15899390e+00   3.12393509e-04   5.11770364e-02], 
Positions: 
[[  1.05407088e-01   3.07951888e-02   3.71481327e-07]
 [ -9.42793072e+00  -2.98838852e+00   4.30750214e-04]
 [ -1.82234689e+01  -5.27965004e+00  -1.52318920e-04]]
Forward pass...
Backwards pass...
Combining derivatives...
Epoch 39/150, Masses: [  6.15375102e+00  -1.47953641e-05   5.64099649e-02], 
Positions: 
[[  1.05407088e-01   3.07951888e-02   3.71481327e-07]
 [ -9.42793072e+00  -2.98838852e+00   4.30750214e-04]
 [ -1.82234689e+01  -5.27965004e+00  -1.52318920e-04]]
Forward pass...
Backwards pass...
Combining derivatives...
Epoch 40/150, Masses: [  6.14850814e+00   1.48799072e-04   6.16428934e-02], 
Positions: 
[[  1.05407088e-01   3.07951888e-02   3.71481327e-07]
 [ -9.42793072e+00  -2.98838852e+00   4.30750214e-04]
 [ -1.82234689e+01  -5.27965004e+00  -1.52318920e-04]]
Forward pass...
Backwards pass...
Combining derivatives...
Epoch 41/150, Masses: [  6.15112958e+00   6.70018541e-05   5.90264291e-02], 
Positions: 
[[  1.05407088e-01   3.07951888e-02   3.71481327e-07]
 [ -9.42793072e+00  -2.98838852e+00   4.30750214e-04]
 [ -1.82234689e+01  -5.27965004e+00  -1.52318920e-04]]
Forward pass...
Backwards pass...
Combining derivatives...
Epoch 42/150, Masses: [  6.14981886e+00  -1.47953641e-05   5.64099649e-02], 
Positions: 
[[  1.05407088e-01   3.07951888e-02   3.71481327e-07]
 [ -9.42793072e+00  -2.98838852e+00   4.30750214e-04]
 [ -1.82234689e+01  -5.27965004e+00  -1.52318920e-04]]
Forward pass...
Backwards pass...
Combining derivatives...
Epoch 43/150, Masses: [  6.14850814e+00   2.61032450e-05   5.77181970e-02], 
Positions: 
[[  1.05407088e-01   3.07951888e-02   3.71481327e-07]
 [ -9.42793072e+00  -2.98838852e+00   4.30750214e-04]
 [ -1.82234689e+01  -5.27965004e+00  -1.52318920e-04]]
Forward pass...
Backwards pass...
Combining derivatives...
Epoch 44/150, Masses: [  6.14588775e+00   5.65394044e-06   5.70640809e-02], 
Positions: 
[[  1.05407088e-01   3.07951888e-02   3.71481327e-07]
 [ -9.42793072e+00  -2.98838852e+00   4.30750214e-04]
 [ -1.82234689e+01  -5.27965004e+00  -1.52318920e-04]]
Forward pass...
Backwards pass...
Combining derivatives...
Epoch 45/150, Masses: [  6.14719794e+00  -1.47953641e-05   5.64099649e-02], 
Positions: 
[[  1.05407088e-01   3.07951888e-02   3.71481327e-07]
 [ -9.42793072e+00  -2.98838852e+00   4.30750214e-04]
 [ -1.82234689e+01  -5.27965004e+00  -1.52318920e-04]]
Forward pass...
Backwards pass...
Combining derivatives...
Epoch 46/150, Masses: [  6.14850814e+00  -4.57071184e-06   5.67370229e-02], 
Positions: 
[[  1.05407088e-01   3.07951888e-02   3.71481327e-07]
 [ -9.42793072e+00  -2.98838852e+00   4.30750214e-04]
 [ -1.82234689e+01  -5.27965004e+00  -1.5231All files merged into /home/s2818760/MasterProj/KIN_optimizer/Validation/val_results/3986780/2_systems_0.001_10_3986780.h5
Deleted file: /home/s2818760/MasterProj/KIN_optimizer/Validation/val_results/3986780/mp_results/0_of_2_systems_0.001_10.h5
Deleted file: /home/s2818760/MasterProj/KIN_optimizer/Validation/val_results/3986780/mp_results/1_of_2_systems_0.001_10.h5

Run parameters:
   Evolve time (days): 12000.0
   M_maj: 0.001
   Tau_ev (days): 30.0
   Tau_opt (days): 30.0
   a_maj: 10.0
   accuracy: 1e-08
   epochs: 150.0
   init_guess_offset: 0.0001
   learning_rate: 1e-08
   lowest_loss: 0.0
   num_points_considered_in_cost_function: 4.0
   phaseseed: 0.0
   unknown_dimension: 3.0


Traceback (most recent call last):
  File "/home/s2818760/MasterProj/KIN_optimizer/Validation/validation.py", line 264, in <module>
    test_many_systems_mp(M_min_bounds=[1e-10, 1e-3],
  File "/home/s2818760/MasterProj/KIN_optimizer/Validation/validation.py", line 262, in test_many_systems_mp
    process_result(output_path, output_filename, [M_maj, a_maj], log_error = False, filter_outliers=False)
  File "/home/s2818760/MasterProj/KIN_optimizer/Validation/validation_funcs.py", line 209, in process_result
    sensitivity_plot(results, f'{filename}', maj_param, log_error)
  File "/home/s2818760/MasterProj/KIN_optimizer/Validation/validation_funcs.py", line 172, in sensitivity_plot
    interp = LinearNDInterpolator((M_min, a_min), mass_errors)
             ^^^^^^^^^^^^^^^^^^^^^^^^^^^^^^^^^^^^^^^^^^^^^^^^^
  File "_interpnd.pyx", line 302, in scipy.interpolate._interpnd.LinearNDInterpolator.__init__
  File "_interpnd.pyx", line 93, in scipy.interpolate._interpnd.NDInterpolatorBase.__init__
  File "_interpnd.pyx", line 306, in scipy.interpolate._interpnd.LinearNDInterpolator._calculate_triangulation
  File "_qhull.pyx", line 1885, in scipy.spatial._qhull.Delaunay.__init__
  File "_qhull.pyx", line 352, in scipy.spatial._qhull._Qhull.__init__
scipy.spatial._qhull.QhullError: QH6214 qhull input error: not enough points(2) to construct initial simplex (need 4)

While executing:  | qhull d Qbb Qz Qc Q12 Qt
Options selected for Qhull 2019.1.r 2019/06/21:
  run-id 891065602  delaunay  Qbbound-last  Qz-infinity-point  Qcoplanar-keep
  Q12-allow-wide  Qtriangulate  _pre-merge  _zero-centrum  Qinterior-keep
  _maxoutside  0

#### Finished Test. Have a nice day
