#### Starting test
n_cores available for slurm is 16
2025-05-02 10:55:00.714027: I external/local_xla/xla/tsl/cuda/cudart_stub.cc:32] Could not find cuda drivers on your machine, GPU will not be used.
2025-05-02 10:55:00.714017: I external/local_xla/xla/tsl/cuda/cudart_stub.cc:32] Could not find cuda drivers on your machine, GPU will not be used.
2025-05-02 10:55:00.714019: I external/local_xla/xla/tsl/cuda/cudart_stub.cc:32] Could not find cuda drivers on your machine, GPU will not be used.
2025-05-02 10:55:00.714027: I external/local_xla/xla/tsl/cuda/cudart_stub.cc:32] Could not find cuda drivers on your machine, GPU will not be used.
2025-05-02 10:55:00.714017: I external/local_xla/xla/tsl/cuda/cudart_stub.cc:32] Could not find cuda drivers on your machine, GPU will not be used.
2025-05-02 10:55:00.714018: I external/local_xla/xla/tsl/cuda/cudart_stub.cc:32] Could not find cuda drivers on your machine, GPU will not be used.
2025-05-02 10:55:00.714027: I external/local_xla/xla/tsl/cuda/cudart_stub.cc:32] Could not find cuda drivers on your machine, GPU will not be used.
2025-05-02 10:55:00.720592: I external/local_xla/xla/tsl/cuda/cudart_stub.cc:32] Could not find cuda drivers on your machine, GPU will not be used.
2025-05-02 10:55:00.720590: I external/local_xla/xla/tsl/cuda/cudart_stub.cc:32] Could not find cuda drivers on your machine, GPU will not be used.
2025-05-02 10:55:00.720597: I external/local_xla/xla/tsl/cuda/cudart_stub.cc:32] Could not find cuda drivers on your machine, GPU will not be used.
2025-05-02 10:55:00.720601: I external/local_xla/xla/tsl/cuda/cudart_stub.cc:32] Could not find cuda drivers on your machine, GPU will not be used.
2025-05-02 10:55:00.720602: I external/local_xla/xla/tsl/cuda/cudart_stub.cc:32] Could not find cuda drivers on your machine, GPU will not be used.
2025-05-02 10:55:00.720605: I external/local_xla/xla/tsl/cuda/cudart_stub.cc:32] Could not find cuda drivers on your machine, GPU will not be used.
2025-05-02 10:55:00.720605: I external/local_xla/xla/tsl/cuda/cudart_stub.cc:32] Could not find cuda drivers on your machine, GPU will not be used.
2025-05-02 10:55:00.724211: I external/local_xla/xla/tsl/cuda/cudart_stub.cc:32] Could not find cuda drivers on your machine, GPU will not be used.
2025-05-02 10:55:00.724211: I external/local_xla/xla/tsl/cuda/cudart_stub.cc:32] Could not find cuda drivers on your machine, GPU will not be used.
2025-05-02 10:55:00.724447: I external/local_xla/xla/tsl/cuda/cudart_stub.cc:32] Could not find cuda drivers on your machine, GPU will not be used.
2025-05-02 10:55:00.724447: I external/local_xla/xla/tsl/cuda/cudart_stub.cc:32] Could not find cuda drivers on your machine, GPU will not be used.
2025-05-02 10:55:00.724630: I external/local_xla/xla/tsl/cuda/cudart_stub.cc:32] Could not find cuda drivers on your machine, GPU will not be used.
2025-05-02 10:55:00.724630: I external/local_xla/xla/tsl/cuda/cudart_stub.cc:32] Could not find cuda drivers on your machine, GPU will not be used.
2025-05-02 10:55:00.724635: I external/local_xla/xla/tsl/cuda/cudart_stub.cc:32] Could not find cuda drivers on your machine, GPU will not be used.
2025-05-02 10:55:00.724637: I external/local_xla/xla/tsl/cuda/cudart_stub.cc:32] Could not find cuda drivers on your machine, GPU will not be used.
2025-05-02 10:55:00.724642: I external/local_xla/xla/tsl/cuda/cudart_stub.cc:32] Could not find cuda drivers on your machine, GPU will not be used.
2025-05-02 10:55:00.730437: I external/local_xla/xla/tsl/cuda/cudart_stub.cc:32] Could not find cuda drivers on your machine, GPU will not be used.
2025-05-02 10:55:00.730437: I external/local_xla/xla/tsl/cuda/cudart_stub.cc:32] Could not find cuda drivers on your machine, GPU will not be used.
2025-05-02 10:55:00.730644: I external/local_xla/xla/tsl/cuda/cudart_stub.cc:32] Could not find cuda drivers on your machine, GPU will not be used.
2025-05-02 10:55:00.730644: I external/local_xla/xla/tsl/cuda/cudart_stub.cc:32] Could not find cuda drivers on your machine, GPU will not be used.
2025-05-02 10:55:00.730645: I external/local_xla/xla/tsl/cuda/cudart_stub.cc:32] Could not find cuda drivers on your machine, GPU will not be used.
2025-05-02 10:55:00.730645: I external/local_xla/xla/tsl/cuda/cudart_stub.cc:32] Could not find cuda drivers on your machine, GPU will not be used.
2025-05-02 10:55:00.730651: I external/local_xla/xla/tsl/cuda/cudart_stub.cc:32] Could not find cuda drivers on your machine, GPU will not be used.
2025-05-02 10:55:00.730652: I external/local_xla/xla/tsl/cuda/cudart_stub.cc:32] Could not find cuda drivers on your machine, GPU will not be used.
2025-05-02 10:55:00.730660: I external/local_xla/xla/tsl/cuda/cudart_stub.cc:32] Could not find cuda drivers on your machine, GPU will not be used.
2025-05-02 10:55:00.741858: E external/local_xla/xla/stream_executor/cuda/cuda_fft.cc:467] Unable to register cuFFT factory: Attempting to register factory for plugin cuFFT when one has already been registered
2025-05-02 10:55:00.741858: E external/local_xla/xla/stream_executor/cuda/cuda_fft.cc:467] Unable to register cuFFT factory: Attempting to register factory for plugin cuFFT when one has already been registered
2025-05-02 10:55:00.742514: E external/local_xla/xla/stream_executor/cuda/cuda_fft.cc:467] Unable to register cuFFT factory: Attempting to register factory for plugin cuFFT when one has already been registered
2025-05-02 10:55:00.742521: E external/local_xla/xla/stream_executor/cuda/cuda_fft.cc:467] Unable to register cuFFT factory: Attempting to register factory for plugin cuFFT when one has already been registered
2025-05-02 10:55:00.742556: E external/local_xla/xla/stream_executor/cuda/cuda_fft.cc:467] Unable to register cuFFT factory: Attempting to register factory for plugin cuFFT when one has already been registered
2025-05-02 10:55:00.742560: E external/local_xla/xla/stream_executor/cuda/cuda_fft.cc:467] Unable to register cuFFT factory: Attempting to register factory for plugin cuFFT when one has already been registered
2025-05-02 10:55:00.742564: E external/local_xla/xla/stream_executor/cuda/cuda_fft.cc:467] Unable to register cuFFT factory: Attempting to register factory for plugin cuFFT when one has already been registered
2025-05-02 10:55:00.750958: E external/local_xla/xla/stream_executor/cuda/cuda_fft.cc:467] Unable to register cuFFT factory: Attempting to register factory for plugin cuFFT when one has already been registered
2025-05-02 10:55:00.750958: E external/local_xla/xla/stream_executor/cuda/cuda_fft.cc:467] Unable to register cuFFT factory: Attempting to register factory for plugin cuFFT when one has already been registered
2025-05-02 10:55:00.751184: E external/local_xla/xla/stream_executor/cuda/cuda_fft.cc:467] Unable to register cuFFT factory: Attempting to register factory for plugin cuFFT when one has already been registered
2025-05-02 10:55:00.751184: E external/local_xla/xla/stream_executor/cuda/cuda_fft.cc:467] Unable to register cuFFT factory: Attempting to register factory for plugin cuFFT when one has already been registered
2025-05-02 10:55:00.751184: E external/local_xla/xla/stream_executor/cuda/cuda_fft.cc:467] Unable to register cuFFT factory: Attempting to register factory for plugin cuFFT when one has already been registered
2025-05-02 10:55:00.751184: E external/local_xla/xla/stream_executor/cuda/cuda_fft.cc:467] Unable to register cuFFT factory: Attempting to register factory for plugin cuFFT when one has already been registered
2025-05-02 10:55:00.751207: E external/local_xla/xla/stream_executor/cuda/cuda_fft.cc:467] Unable to register cuFFT factory: Attempting to register factory for plugin cuFFT when one has already been registered
2025-05-02 10:55:00.751276: E external/local_xla/xla/stream_executor/cuda/cuda_fft.cc:467] Unable to register cuFFT factory: Attempting to register factory for plugin cuFFT when one has already been registered
2025-05-02 10:55:00.751276: E external/local_xla/xla/stream_executor/cuda/cuda_fft.cc:467] Unable to register cuFFT factory: Attempting to register factory for plugin cuFFT when one has already been registered
WARNING: All log messages before absl::InitializeLog() is called are written to STDERR
WARNING: All log messages before absl::InitializeLog() is called are written to STDERR
E0000 00:00:1746176100.777626 3982854 cuda_dnn.cc:8579] Unable to register cuDNN factory: Attempting to register factory for plugin cuDNN when one has already been registered
E0000 00:00:1746176100.777626 3982859 cuda_dnn.cc:8579] Unable to register cuDNN factory: Attempting to register factory for plugin cuDNN when one has already been registered
WARNING: All log messages before absl::InitializeLog() is called are written to STDERR
E0000 00:00:1746176100.777925 3982858 cuda_dnn.cc:8579] Unable to register cuDNN factory: Attempting to register factory for plugin cuDNN when one has already been registered
WARNING: All log messages before absl::InitializeLog() is called are written to STDERR
WARNING: All log messages before absl::InitializeLog() is called are written to STDERR
E0000 00:00:1746176100.777945 3982855 cuda_dnn.cc:8579] Unable to register cuDNN factory: Attempting to register factory for plugin cuDNN when one has already been registered
E0000 00:00:1746176100.777946 3982860 cuda_dnn.cc:8579] Unable to register cuDNN factory: Attempting to register factory for plugin cuDNN when one has already been registered
WARNING: All log messages before absl::InitializeLog() is called are written to STDERR
E0000 00:00:1746176100.777957 3982856 cuda_dnn.cc:8579] Unable to register cuDNN factory: Attempting to register factory for plugin cuDNN when one has already been registered
WARNING: All log messages before absl::InitializeLog() is called are written to STDERR
E0000 00:00:1746176100.777992 3982857 cuda_dnn.cc:8579] Unable to register cuDNN factory: Attempting to register factory for plugin cuDNN when one has already been registered
WARNING: All log messages before absl::InitializeLog() is called are written to STDERR
WARNING: All log messages before absl::InitializeLog() is called are written to STDERR
E0000 00:00:1746176100.785297 3982866 cuda_dnn.cc:8579] Unable to register cuDNN factory: Attempting to register factory for plugin cuDNN when one has already been registered
E0000 00:00:1746176100.785297 3982863 cuda_dnn.cc:8579] Unable to register cuDNN factory: Attempting to register factory for plugin cuDNN when one has already been registered
WARNING: All log messages before absl::InitializeLog() is called are written to STDERR
WARNING: All log messages before absl::InitializeLog() is called are written to STDERR
WARNING: All log messages before absl::InitializeLog() is called are written to STDERR
WARNING: All log messages before absl::InitializeLog() is called are written to STDERR
WARNING: All log messages before absl::InitializeLog() is called are written to STDERR
E0000 00:00:1746176100.786558 3982868 cuda_dnn.cc:8579] Unable to register cuDNN factory: Attempting to register factory for plugin cuDNN when one has already been registered
WARNING: All log messages before absl::InitializeLog() is called are written to STDERR
WARNING: All log messages before absl::InitializeLog() is called are written to STDERR
E0000 00:00:1746176100.786556 3982864 cuda_dnn.cc:8579] Unable to register cuDNN factory: Attempting to register factory for plugin cuDNN when one has already been registered
E0000 00:00:1746176100.786556 3982867 cuda_dnn.cc:8579] Unable to register cuDNN factory: Attempting to register factory for plugin cuDNN when one has already been registered
E0000 00:00:1746176100.786559 3982861 cuda_dnn.cc:8579] Unable to register cuDNN factory: Attempting to register factory for plugin cuDNN when one has already been registered
E0000 00:00:1746176100.786564 3982862 cuda_dnn.cc:8579] Unable to register cuDNN factory: Attempting to register factory for plugin cuDNN when one has already been registered
E0000 00:00:1746176100.786574 3982869 cuda_dnn.cc:8579] Unable to register cuDNN factory: Attempting to register factory for plugin cuDNN when one has already been registered
E0000 00:00:1746176100.786574 3982865 cuda_dnn.cc:8579] Unable to register cuDNN factory: Attempting to register factory for plugin cuDNN when one has already been registered
E0000 00:00:1746176100.788184 3982854 cuda_blas.cc:1407] Unable to register cuBLAS factory: Attempting to register factory for plugin cuBLAS when one has already been registered
E0000 00:00:1746176100.788184 3982859 cuda_blas.cc:1407] Unable to register cuBLAS factory: Attempting to register factory for plugin cuBLAS when one has already been registered
E0000 00:00:1746176100.788204 3982860 cuda_blas.cc:1407] Unable to register cuBLAS factory: Attempting to register factory for plugin cuBLAS when one has already been registered
E0000 00:00:1746176100.788205 3982856 cuda_blas.cc:1407] Unable to register cuBLAS factory: Attempting to register factory for plugin cuBLAS when one has already been registered
E0000 00:00:1746176100.788209 3982855 cuda_blas.cc:1407] Unable to register cuBLAS factory: Attempting to register factory for plugin cuBLAS when one has already been registered
E0000 00:00:1746176100.788210 3982858 cuda_blas.cc:1407] Unable to register cuBLAS factory: Attempting to register factory for plugin cuBLAS when one has already been registered
E0000 00:00:1746176100.788236 3982857 cuda_blas.cc:1407] Unable to register cuBLAS factory: Attempting to register factory for plugin cuBLAS when one has already been registered
E0000 00:00:1746176100.795662 3982863 cuda_blas.cc:1407] Unable to register cuBLAS factory: Attempting to register factory for plugin cuBLAS when one has already been registered
E0000 00:00:1746176100.795662 3982866 cuda_blas.cc:1407] Unable to register cuBLAS factory: Attempting to register factory for plugin cuBLAS when one has already been registered
E0000 00:00:1746176100.797021 3982865 cuda_blas.cc:1407] Unable to register cuBLAS factory: Attempting to register factory for plugin cuBLAS when one has already been registered
E0000 00:00:1746176100.797021 3982869 cuda_blas.cc:1407] Unable to register cuBLAS factory: Attempting to register factory for plugin cuBLAS when one has already been registered
E0000 00:00:1746176100.797505 3982868 cuda_blas.cc:1407] Unable to register cuBLAS factory: Attempting to register factory for plugin cuBLAS when one has already been registered
E0000 00:00:1746176100.797513 3982864 cuda_blas.cc:1407] Unable to register cuBLAS factory: Attempting to register factory for plugin cuBLAS when one has already been registered
E0000 00:00:1746176100.797519 3982862 cuda_blas.cc:1407] Unable to register cuBLAS factory: Attempting to register factory for plugin cuBLAS when one has already been registered
E0000 00:00:1746176100.797523 3982861 cuda_blas.cc:1407] Unable to register cuBLAS factory: Attempting to register factory for plugin cuBLAS when one has already been registered
E0000 00:00:1746176100.797543 3982867 cuda_blas.cc:1407] Unable to register cuBLAS factory: Attempting to register factory for plugin cuBLAS when one has already been registered
W0000 00:00:1746176100.816282 3982854 computation_placer.cc:177] computation placer already registered. Please check linkage and avoid linking the same target more than once.
W0000 00:00:1746176100.816282 3982859 computation_placer.cc:177] computation placer already registered. Please check linkage and avoid linking the same target more than once.
W0000 00:00:1746176100.816323 3982854 computation_placer.cc:177] computation placer already registered. Please check linkage and avoid linking the same target more than once.
W0000 00:00:1746176100.816326 3982859 computation_placer.cc:177] computation placer already registered. Please check linkage and avoid linking the same target more than once.
W0000 00:00:1746176100.816328 3982854 computation_placer.cc:177] computation placer already registered. Please check linkage and avoid linking the same target more than once.
W0000 00:00:1746176100.816331 3982859 computation_placer.cc:177] computation placer already registered. Please check linkage and avoid linking the same target more than once.
W0000 00:00:1746176100.816333 3982854 computation_placer.cc:177] computation placer already registered. Please check linkage and avoid linking the same target more than once.
W0000 00:00:1746176100.816335 3982859 computation_placer.cc:177] computation placer already registered. Please check linkage and avoid linking the same target more than once.
W0000 00:00:1746176100.816395 3982856 computation_placer.cc:177] computation placer already registered. Please check linkage and avoid linking the same target more than once.
W0000 00:00:1746176100.816402 3982855 computation_placer.cc:177] computation placer already registered. Please check linkage and avoid linking the same target more than once.
W0000 00:00:1746176100.816408 3982860 computation_placer.cc:177] computation placer already registered. Please check linkage and avoid linking the same target more than once.
W0000 00:00:1746176100.816410 3982858 computation_placer.cc:177] computation placer already registered. Please check linkage and avoid linking the same target more than once.
W0000 00:00:1746176100.816409 3982857 computation_placer.cc:177] computation placer already registered. Please check linkage and avoid linking the same target more than once.
W0000 00:00:1746176100.816439 3982858 computation_placer.cc:177] computation placer already registered. Please check linkage and avoid linking the same target more than once.
W0000 00:00:1746176100.816427 3982856 computation_placer.cc:177] computation placer already registered. Please check linkage and avoid linking the same target more than once.
W0000 00:00:1746176100.816431 3982855 computation_placer.cc:177] computation placer already registered. Please check linkage and avoid linking the same target more than once.
W0000 00:00:1746176100.816445 3982858 computation_placer.cc:177] computation placer already registered. Please check linkage and avoid linking the same target more than once.
W0000 00:00:1746176100.816435 3982860 computation_placer.cc:177] computation placer already registered. Please check linkage and avoid linking the same target more than once.
W0000 00:00:1746176100.816444 3982857 computation_placer.cc:177] computation placer already registered. Please check linkage and avoid linking the same target more than once.
W0000 00:00:1746176100.816447 3982856 computation_placer.cc:177] computation placer already registered. Please check linkage and avoid linking the same target more than once.
W0000 00:00:1746176100.816449 3982855 computation_placer.cc:177] computation placer already registered. Please check linkage and avoid linking the same target more than once.
W0000 00:00:1746176100.816450 3982858 computation_placer.cc:177] computation placer already registered. Please check linkage and avoid linking the same target more than once.
W0000 00:00:1746176100.816453 3982857 computation_placer.cc:177] computation placer already registered. Please check linkage and avoid linking the same target more than once.
W0000 00:00:1746176100.816452 3982860 computation_placer.cc:177] computation placer already registered. Please check linkage and avoid linking the same target more than once.
W0000 00:00:1746176100.816455 3982856 computation_placer.cc:177] computation placer already registered. Please check linkage and avoid linking the same target more than once.
W0000 00:00:1746176100.816457 3982855 computation_placer.cc:177] computation placer already registered. Please check linkage and avoid linking the same target more than once.
W0000 00:00:1746176100.816460 3982857 computation_placer.cc:177] computation placer already registered. Please check linkage and avoid linking the same target more than once.
W0000 00:00:1746176100.816461 3982860 computation_placer.cc:177] computation placer already registered. Please check linkage and avoid linking the same target more than once.
W0000 00:00:1746176100.822004 3982863 computation_placer.cc:177] computation placer already registered. Please check linkage and avoid linking the same target more than once.
W0000 00:00:1746176100.822004 3982866 computation_placer.cc:177] computation placer already registered. Please check linkage and avoid linking the same target more than once.
W0000 00:00:1746176100.822030 3982863 computation_placer.cc:177] computation placer already registered. Please check linkage and avoid linking the same target more than once.
W0000 00:00:1746176100.822032 3982866 computation_placer.cc:177] computation placer already registered. Please check linkage and avoid linking the same target more than once.
W0000 00:00:1746176100.822045 3982863 computation_placer.cc:177] computation placer already registered. Please check linkage and avoid linking the same target more than once.
W0000 00:00:1746176100.822047 3982866 computation_placer.cc:177] computation placer already registered. Please check linkage and avoid linking the same target more than once.
W0000 00:00:1746176100.822050 3982863 computation_placer.cc:177] computation placer already registered. Please check linkage and avoid linking the same target more than once.
W0000 00:00:1746176100.822051 3982866 computation_placer.cc:177] computation placer already registered. Please check linkage and avoid linking the same target more than once.
W0000 00:00:1746176100.823375 3982865 computation_placer.cc:177] computation placer already registered. Please check linkage and avoid linking the same target more than once.
W0000 00:00:1746176100.823375 3982869 computation_placer.cc:177] computation placer already registered. Please check linkage and avoid linking the same target more than once.
W0000 00:00:1746176100.823408 3982865 computation_placer.cc:177] computation placer already registered. Please check linkage and avoid linking the same target more than once.
W0000 00:00:1746176100.823409 3982869 computation_placer.cc:177] computation placer already registered. Please check linkage and avoid linking the same target more than once.
W0000 00:00:1746176100.823412 3982865 computation_placer.cc:177] computation placer already registered. Please check linkage and avoid linking the same target more than once.
W0000 00:00:1746176100.823414 3982869 computation_placer.cc:177] computation placer already registered. Please check linkage and avoid linking the same target more than once.
W0000 00:00:1746176100.823417 3982865 computation_placer.cc:177] computation placer already registered. Please check linkage and avoid linking the same target more than once.
W0000 00:00:1746176100.823419 3982869 computation_placer.cc:177] computation placer already registered. Please check linkage and avoid linking the same target more than once.
W0000 00:00:1746176100.823596 3982867 computation_placer.cc:177] computation placer already registered. Please check linkage and avoid linking the same target more than once.
W0000 00:00:1746176100.823599 3982862 computation_placer.cc:177] computation placer already registered. Please check linkage and avoid linking the same target more than once.
W0000 00:00:1746176100.823597 3982864 computation_placer.cc:177] computation placer already registered. Please check linkage and avoid linking the same target more than once.
W0000 00:00:1746176100.823622 3982867 computation_placer.cc:177] computation placer already registered. Please check linkage and avoid linking the same target more than once.
W0000 00:00:1746176100.823610 3982868 computation_placer.cc:177] computation placer already registered. Please check linkage and avoid linking the same target more than once.
W0000 00:00:1746176100.823626 3982862 computation_placer.cc:177] computation placer already registered. Please check linkage and avoid linking the same target more than once.
W0000 00:00:1746176100.823613 3982861 computation_placer.cc:177] computation placer already registered. Please check linkage and avoid linking the same target more than once.
W0000 00:00:1746176100.823630 3982864 computation_placer.cc:177] computation placer already registered. Please check linkage and avoid linking the same target more than once.
W0000 00:00:1746176100.823632 3982867 computation_placer.cc:177] computation placer already registered. Please check linkage and avoid linking the same target more than once.
W0000 00:00:1746176100.823637 3982868 computation_placer.cc:177] computation placer already registered. Please check linkage and avoid linking the same target more than once.
W0000 00:00:1746176100.823637 3982862 computation_placer.cc:177] computation placer already registered. Please check linkage and avoid linking the same target more than once.
W0000 00:00:1746176100.823643 3982861 computation_placer.cc:177] computation placer already registered. Please check linkage and avoid linking the same target more than once.
W0000 00:00:1746176100.823644 3982864 computation_placer.cc:177] computation placer already registered. Please check linkage and avoid linking the same target more than once.
W0000 00:00:1746176100.823646 3982867 computation_placer.cc:177] computation placer already registered. Please check linkage and avoid linking the same target more than once.
W0000 00:00:1746176100.823657 3982868 computation_placer.cc:177] computation placer already registered. Please check linkage and avoid linking the same target more than once.
W0000 00:00:1746176100.823658 3982862 computation_placer.cc:177] computation placer already registered. Please check linkage and avoid linking the same target more than once.
W0000 00:00:1746176100.823661 3982861 computation_placer.cc:177] computation placer already registered. Please check linkage and avoid linking the same target more than once.
W0000 00:00:1746176100.823662 3982864 computation_placer.cc:177] computation placer already registered. Please check linkage and avoid linking the same target more than once.
W0000 00:00:1746176100.823665 3982868 computation_placer.cc:177] computation placer already registered. Please check linkage and avoid linking the same target more than once.
W0000 00:00:1746176100.823669 3982861 computation_placer.cc:177] computation placer already registered. Please check linkage and avoid linking the same target more than once.
2025-05-02 10:55:00.823992: I tensorflow/core/platform/cpu_feature_guard.cc:210] This TensorFlow binary is optimized to use available CPU instructions in performance-critical operations.
To enable the following instructions: AVX2 AVX512F FMA, in other operations, rebuild TensorFlow with the appropriate compiler flags.
2025-05-02 10:55:00.824004: I tensorflow/core/platform/cpu_feature_guard.cc:210] This TensorFlow binary is optimized to use available CPU instructions in performance-critical operations.
To enable the following instructions: AVX2 AVX512F FMA, in other operations, rebuild TensorFlow with the appropriate compiler flags.
2025-05-02 10:55:00.824110: I tensorflow/core/platform/cpu_feature_guard.cc:210] This TensorFlow binary is optimized to use available CPU instructions in performance-critical operations.
To enable the following instructions: AVX2 AVX512F FMA, in other operations, rebuild TensorFlow with the appropriate compiler flags.
2025-05-02 10:55:00.824109: I tensorflow/core/platform/cpu_feature_guard.cc:210] This TensorFlow binary is optimized to use available CPU instructions in performance-critical operations.
To enable the following instructions: AVX2 AVX512F FMA, in other operations, rebuild TensorFlow with the appropriate compiler flags.
2025-05-02 10:55:00.824110: I tensorflow/core/platform/cpu_feature_guard.cc:210] This TensorFlow binary is optimized to use available CPU instructions in performance-critical operations.
To enable the following instructions: AVX2 AVX512F FMA, in other operations, rebuild TensorFlow with the appropriate compiler flags.
2025-05-02 10:55:00.824121: I tensorflow/core/platform/cpu_feature_guard.cc:210] This TensorFlow binary is optimized to use available CPU instructions in performance-critical operations.
To enable the following instructions: AVX2 AVX512F FMA, in other operations, rebuild TensorFlow with the appropriate compiler flags.
2025-05-02 10:55:00.824132: I tensorflow/core/platform/cpu_feature_guard.cc:210] This TensorFlow binary is optimized to use available CPU instructions in performance-critical operations.
To enable the following instructions: AVX2 AVX512F FMA, in other operations, rebuild TensorFlow with the appropriate compiler flags.
2025-05-02 10:55:00.829500: I tensorflow/core/platform/cpu_feature_guard.cc:210] This TensorFlow binary is optimized to use available CPU instructions in performance-critical operations.
To enable the following instructions: AVX2 AVX512F FMA, in other operations, rebuild TensorFlow with the appropriate compiler flags.
2025-05-02 10:55:00.829500: I tensorflow/core/platform/cpu_feature_guard.cc:210] This TensorFlow binary is optimized to use available CPU instructions in performance-critical operations.
To enable the following instructions: AVX2 AVX512F FMA, in other operations, rebuild TensorFlow with the appropriate compiler flags.
2025-05-02 10:55:00.830812: I tensorflow/core/platform/cpu_feature_guard.cc:210] This TensorFlow binary is optimized to use available CPU instructions in performance-critical operations.
To enable the following instructions: AVX2 AVX512F FMA, in other operations, rebuild TensorFlow with the appropriate compiler flags.
2025-05-02 10:55:00.830812: I tensorflow/core/platform/cpu_feature_guard.cc:210] This TensorFlow binary is optimized to use available CPU instructions in performance-critical operations.
To enable the following instructions: AVX2 AVX512F FMA, in other operations, rebuild TensorFlow with the appropriate compiler flags.
2025-05-02 10:55:00.831267: I tensorflow/core/platform/cpu_feature_guard.cc:210] This TensorFlow binary is optimized to use available CPU instructions in performance-critical operations.
To enable the following instructions: AVX2 AVX512F FMA, in other operations, rebuild TensorFlow with the appropriate compiler flags.
2025-05-02 10:55:00.831300: I tensorflow/core/platform/cpu_feature_guard.cc:210] This TensorFlow binary is optimized to use available CPU instructions in performance-critical operations.
To enable the following instructions: AVX2 AVX512F FMA, in other operations, rebuild TensorFlow with the appropriate compiler flags.
2025-05-02 10:55:00.831370: I tensorflow/core/platform/cpu_feature_guard.cc:210] This TensorFlow binary is optimized to use available CPU instructions in performance-critical operations.
To enable the following instructions: AVX2 AVX512F FMA, in other operations, rebuild TensorFlow with the appropriate compiler flags.
2025-05-02 10:55:00.831395: I tensorflow/core/platform/cpu_feature_guard.cc:210] This TensorFlow binary is optimized to use available CPU instructions in performance-critical operations.
To enable the following instructions: AVX2 AVX512F FMA, in other operations, rebuild TensorFlow with the appropriate compiler flags.
2025-05-02 10:55:00.831919: I tensorflow/core/platform/cpu_feature_guard.cc:210] This TensorFlow binary is optimized to use available CPU instructions in performance-critical operations.
To enable the following instructions: AVX2 AVX512F FMA, in other operations, rebuild TensorFlow with the appropriate compiler flags.
2025-05-02 10:55:11.518718: E external/local_xla/xla/stream_executor/cuda/cuda_platform.cc:51] failed call to cuInit: INTERNAL: CUDA error: Failed call to cuInit: UNKNOWN ERROR (303)
2025-05-02 10:55:11.557488: E external/local_xla/xla/stream_executor/cuda/cuda_platform.cc:51] failed call to cuInit: INTERNAL: CUDA error: Failed call to cuInit: UNKNOWN ERROR (303)
2025-05-02 10:55:11.563281: E external/local_xla/xla/stream_executor/cuda/cuda_platform.cc:51] failed call to cuInit: INTERNAL: CUDA error: Failed call to cuInit: UNKNOWN ERROR (303)
2025-05-02 10:55:11.568919: E external/local_xla/xla/stream_executor/cuda/cuda_platform.cc:51] failed call to cuInit: INTERNAL: CUDA error: Failed call to cuInit: UNKNOWN ERROR (303)
2025-05-02 10:55:11.617391: E external/local_xla/xla/stream_executor/cuda/cuda_platform.cc:51] failed call to cuInit: INTERNAL: CUDA error: Failed call to cuInit: UNKNOWN ERROR (303)
2025-05-02 10:55:11.619670: E external/local_xla/xla/stream_executor/cuda/cuda_platform.cc:51] failed call to cuInit: INTERNAL: CUDA error: Failed call to cuInit: UNKNOWN ERROR (303)
2025-05-02 10:55:11.730310: E external/local_xla/xla/stream_executor/cuda/cuda_platform.cc:51] failed call to cuInit: INTERNAL: CUDA error: Failed call to cuInit: UNKNOWN ERROR (303)
2025-05-02 10:55:11.780442: E external/local_xla/xla/stream_executor/cuda/cuda_platform.cc:51] failed call to cuInit: INTERNAL: CUDA error: Failed call to cuInit: UNKNOWN ERROR (303)
2025-05-02 10:55:11.844499: E external/local_xla/xla/stream_executor/cuda/cuda_platform.cc:51] failed call to cuInit: INTERNAL: CUDA error: Failed call to cuInit: UNKNOWN ERROR (303)
2025-05-02 10:55:11.854367: E external/local_xla/xla/stream_executor/cuda/cuda_platform.cc:51] failed call to cuInit: INTERNAL: CUDA error: Failed call to cuInit: UNKNOWN ERROR (303)
2025-05-02 10:55:11.934491: E external/local_xla/xla/stream_executor/cuda/cuda_platform.cc:51] failed call to cuInit: INTERNAL: CUDA error: Failed call to cuInit: UNKNOWN ERROR (303)
2025-05-02 10:55:11.950899: E external/local_xla/xla/stream_executor/cuda/cuda_platform.cc:51] failed call to cuInit: INTERNAL: CUDA error: Failed call to cuInit: UNKNOWN ERROR (303)
2025-05-02 10:55:11.964702: E external/local_xla/xla/stream_executor/cuda/cuda_platform.cc:51] failed call to cuInit: INTERNAL: CUDA error: Failed call to cuInit: UNKNOWN ERROR (303)
2025-05-02 10:55:13.765867: E external/local_xla/xla/stream_executor/cuda/cuda_platform.cc:51] failed call to cuInit: INTERNAL: CUDA error: Failed call to cuInit: UNKNOWN ERROR (303)
2025-05-02 10:55:14.301667: E external/local_xla/xla/stream_executor/cuda/cuda_platform.cc:51] failed call to cuInit: INTERNAL: CUDA error: Failed call to cuInit: UNKNOWN ERROR (303)
2025-05-02 10:55:14.842507: E external/local_xla/xla/stream_executor/cuda/cuda_platform.cc:51] failed call to cuInit: INTERNAL: CUDA error: Failed call to cuInit: UNKNOWN ERROR (303)
2025-05-02 13:05:35.525574: W tensorflow/core/framework/op_kernel.cc:1857] OP_REQUIRES failed at strided_slice_op.cc:117 : INVALID_ARGUMENT: slice index 4 of dimension 0 out of bounds.
2025-05-02 13:05:35.529054: I tensorflow/core/framework/local_rendezvous.cc:407] Local rendezvous is aborting with status: INVALID_ARGUMENT: slice index 4 of dimension 0 out of bounds.
	 [[{{function_node while_cond_12391_rewritten}}{{node while/strided_slice_1}}]]
2025-05-02 13:05:38.261656: I external/local_xla/xla/tsl/cuda/cudart_stub.cc:32] Could not find cuda drivers on your machine, GPU will not be used.
2025-05-02 13:05:38.318166: I external/local_xla/xla/tsl/cuda/cudart_stub.cc:32] Could not find cuda drivers on your machine, GPU will not be used.
2025-05-02 13:05:38.506089: E external/local_xla/xla/stream_executor/cuda/cuda_fft.cc:467] Unable to register cuFFT factory: Attempting to register factory for plugin cuFFT when one has already been registered
WARNING: All log messages before absl::InitializeLog() is called are written to STDERR
E0000 00:00:1746183938.817449 3982872 cuda_dnn.cc:8579] Unable to register cuDNN factory: Attempting to register factory for plugin cuDNN when one has already been registered
E0000 00:00:1746183938.890711 3982872 cuda_blas.cc:1407] Unable to register cuBLAS factory: Attempting to register factory for plugin cuBLAS when one has already been registered
W0000 00:00:1746183939.223575 3982872 computation_placer.cc:177] computation placer already registered. Please check linkage and avoid linking the same target more than once.
W0000 00:00:1746183939.223641 3982872 computation_placer.cc:177] computation placer already registered. Please check linkage and avoid linking the same target more than once.
W0000 00:00:1746183939.223647 3982872 computation_placer.cc:177] computation placer already registered. Please check linkage and avoid linking the same target more than once.
W0000 00:00:1746183939.223651 3982872 computation_placer.cc:177] computation placer already registered. Please check linkage and avoid linking the same target more than once.
2025-05-02 13:05:39.266181: I tensorflow/core/platform/cpu_feature_guard.cc:210] This TensorFlow binary is optimized to use available CPU instructions in performance-critical operations.
To enable the following instructions: AVX2 AVX512F FMA, in other operations, rebuild TensorFlow with the appropriate compiler flags.
Running simulation...
start the learn masses function
saved results for system 75
Running simulation...
start the learn masses function
saved results for system 76
Running simulation...
start the learn masses function
saved results for system 77
Running simulation...
start the learn masses function
saved results for system 78
Running simulation...
start the learn masses function
saved results for system 79
Running simulation...
start the learn masses function
saved results for system 110
Running simulation...
start the learn masses function
saved results for system 111
Running simulation...
start the learn masses function
saved results for system 112
Running simulation...
start the learn masses function
saved results for system 113
Running simulation...
start the learn masses function
saved results for system 114
Running simulation...
start the learn masses function
saved results for system 225
Running simulation...
start the learn masses function
saved results for system 226
Running simulation...
start the learn masses function
saved results for system 227
Running simulation...
start the learn masses function
saved results for system 228
Running simulation...
start the learn masses function
saved results for system 229
Running simulation...
start the learn masses function
saved results for system 55
Running simulation...
start the learn masses function
saved results for system 56
Running simulation...
start the learn masses function
saved results for system 57
Running simulation...
start the learn masses function
saved results for system 58
Running simulation...
start the learn masses function
saved results for system 59
Running simulation...
start the learn masses function
saved results for system 130
Running simulation...
start the learn masses function
saved results for system 131
Running simulation...
start the learn masses function
saved results for system 132
Running simulation...
start the learn masses function
saved results for system 133
Running simulation...
start the learn masses function
saved results for system 134
Running simulation...
start the learn masses function
saved results for system 230
Running simulation...
start the learn masses function
saved results for system 231
Running simulation...
start the learn masses function
saved results for system 232
Running simulation...
start the learn masses function
saved results for system 233
Running simulation...
start the learn masses function
saved results for system 234
Running simulation...
start the learn masses function
saved results for system 15
Running simulation...
start the learn masses function
saved results for system 16
Running simulation...
start the learn masses function
saved results for system 17
Running simulation...
start the learn masses function
saved results for system 18
Running simulation...
start the learn masses function
saved results for system 19
Running simulation...
start the learn masses function
saved results for system 125
Running simulation...
start the learn masses function
saved results for system 126
Running simulation...
start the learn masses function
saved results for system 127
Running simulation...
start the learn masses function
saved results for system 128
Running simulation...
start the learn masses function
saved results for system 129
Running simulation...
start the learn masses function
saved results for system 220
Running simulation...
start the learn masses function
saved results for system 221
Running simulation...
start the learn masses function
saved results for system 222
Running simulation...
start the learn masses function
saved results for system 223
Running simulation...
start the learn masses function
saved results for system 224
Running simulation...
start the learn masses function
saved results for system 35
Running simulation...
start the learn masses function
saved results for system 36
Running simulation...
start the learn masses function
saved results for system 37
Running simulation...
start the learn masses function
saved results for system 38
Running simulation...
start the learn masses function
saved results for system 39
Running simulation...
start the learn masses function
saved results for system 105
Running simulation...
start the learn masses function
saved results for system 106
Running simulation...
start the learn masses function
saved results for system 107
Running simulation...
start the learn masses function
saved results for system 108
Running simulation...
start the learn masses function
saved results for system 109
Running simulation...
start the learn masses function
saved results for system 170
Running simulation...
start the learn masses function
saved results for system 171
Running simulation...
start the learn masses function
saved results for system 172
Running simulation...
start the learn masses function
saved results for system 173
Running simulation...
start the learn masses function
saved results for system 174
Running simulation...
start the learn masses function
saved results for system 255
Running simulation...
start the learn masses function
saved results for system 256
Running simulation...
start the learn masses function
saved results for system 257
Running simulation...
start the learn masses function
saved results for system 258
Running simulation...
start the learn masses function
saved results for system 259
Running simulation...
start the learn masses function
saved results for system 25
Running simulation...
start the learn masses function
saved results for system 26
Running simulation...
start the learn masses function
saved results for system 27
Running simulation...
start the learn masses function
saved results for system 28
Running simulation...
start the learn masses function
saved results for system 29
Running simulation...
start the learn masses function
saved results for system 100
Running simulation...
start the learn masses function
saved results for system 101
Running simulation...
start the learn masses function
saved results for system 102
Running simulation...
start the learn masses function
saved results for system 103
Running simulation...
start the learn masses function
saved results for system 104
Running simulation...
start the learn masses function
saved results for system 175
Running simulation...
start the learn masses function
saved results for system 176
Running simulation...
start the learn masses function
saved results for system 177
Running simulation...
start the learn masses function
saved results for system 178
Running simulation...
start the learn masses function
saved results for system 179
Running simulation...
start the learn masses function
saved results for system 240
Running simulation...
start the learn masses function
saved results for system 241
Running simulation...
start the learn masses function
saved results for system 242
Running simulation...
start the learn masses function
saved results for system 243
Running simulation...
start the learn masses function
saved results for system 244
Running simulation...
start the learn masses function
saved results for system 40
Running simulation...
start the learn masses function
saved results for system 41
Running simulation...
start the learn masses function
saved results for system 42
Running simulation...
start the learn masses function
saved results for system 43
Running simulation...
start the learn masses function
saved results for system 44
Running simulation...
start the learn masses function
saved results for system 145
Running simulation...
start the learn masses function
saved results for system 146
Running simulation...
start the learn masses function
saved results for system 147
Running simulation...
start the learn masses function
saved results for system 148
Running simulation...
start the learn masses function
saved results for system 149
Running simulation...
start the learn masses function
saved results for system 265
Running simulation...
start the learn masses function
saved results for system 266
Running simulation...
start the learn masses function
saved results for system 267
Running simulation...
start the learn masses function
saved results for system 268
Running simulation...
start the learn masses function
saved results for system 269
Running simulation...
start the learn masses function
saved results for system 45
Running simulation...
start the learn masses function
saved results for system 46
Running simulation...
start the learn masses function
saved results for system 47
Running simulation...
start the learn masses function
saved results for system 48
Running simulation...
start the learn masses function
saved results for system 49
Running simulation...
start the learn masses function
saved results for system 95
Running simulation...
start the learn masses function
saved results for system 96
Running simulation...
start the learn masses function
saved results for system 97
Running simulation...
start the learn masses function
saved results for system 98
Running simulation...
start the learn masses function
saved results for system 99
Running simulation...
start the learn masses function
saved results for system 195
Running simulation...
start the learn masses function
saved results for system 196
Running simulation...
start the learn masses function
saved results for system 197
Running simulation...
start the learn masses function
saved results for system 198
Running simulation...
start the learn masses function
saved results for system 199
Running simulation...
start the learn masses function
saved results for system 10
Running simulation...
start the learn masses function
saved results for system 11
Running simulation...
start the learn masses function
saved results for system 12
Running simulation...
start the learn masses function
saved results for system 13
Running simulation...
start the learn masses function
saved results for system 14
Running simulation...
start the learn masses function
saved results for system 150
Running simulation...
start the learn masses function
saved results for system 151
Running simulation...
start the learn masses function
saved results for system 152
Running simulation...
start the learn masses function
saved results for system 153
Running simulation...
start the learn masses function
saved results for system 154
Running simulation...
start the learn masses function
saved results for system 245
Running simulation...
start the learn masses function
saved results for system 246
Running simulation...
start the learn masses function
saved results for system 247
Running simulation...
start the learn masses function
saved results for system 248
Running simulation...
start the learn masses function
saved results for system 249
Running simulation...
start the learn masses function
saved results for system 50
Running simulation...
start the learn masses function
saved results for system 51
Running simulation...
start the learn masses function
saved results for system 52
Running simulation...
start the learn masses function
saved results for system 53
Running simulation...
start the learn masses function
saved results for system 54
Running simulation...
start the learn masses function
saved results for system 135
Running simulation...
start the learn masses function
saved results for system 136
Running simulation...
start the learn masses function
saved results for system 137
Running simulation...
start the learn masses function
saved results for system 138
Running simulation...
start the learn masses function
saved results for system 139
Running simulation...
start the learn masses function
saved results for system 190
Running simulation...
start the learn masses function
saved results for system 191
Running simulation...
start the learn masses function
saved results for system 192
Running simulation...
start the learn masses function
saved results for system 193
Running simulation...
start the learn masses function
saved results for system 194
Running simulation...
start the learn masses function
saved results for system 260
Running simulation...
start the learn masses function
saved results for system 261
Running simulation...
start the learn masses function
saved results for system 262
Running simulation...
start the learn masses function
saved results for system 263
Running simulation...
start the learn masses function
saved results for system 264
Running simulation...
start the learn masses function
saved results for system 5
Running simulation...
start the learn masses function
saved results for system 6
Running simulation...
start the learn masses function
saved results for system 7
Running simulation...
start the learn masses function
saved results for system 8
Running simulation...
start the learn masses function
saved results for system 9
Running simulation...
start the learn masses function
saved results for system 115
Running simulation...
start the learn masses function
saved results for system 116
Running simulation...
start the learn masses function
saved results for system 117
Running simulation...
start the learn masses function
saved results for system 118
Running simulation...
start the learn masses function
saved results for system 119
Running simulation...
start the learn masses function
saved results for system 185
Running simulation...
start the learn masses function
saved results for system 186
Running simulation...
start the learn masses function
saved results for system 187
Running simulation...
start the learn masses function
saved results for system 188
Running simulation...
start the learn masses function
saved results for system 189
Running simulation...
start the learn masses function
saved results for system 275
Running simulation...
start the learn masses function
saved results for system 276
Running simulation...
start the learn masses function
saved results for system 277
Running simulation...
start the learn masses function
saved results for system 278
Running simulation...
start the learn masses function
saved results for system 279
Running simulation...
start the learn masses function
saved results for system 30
Running simulation...
start the learn masses function
saved results for system 31
Running simulation...
start the learn masses function
saved results for system 32
Running simulation...
start the learn masses function
saved results for system 33
Running simulation...
start the learn masses function
saved results for system 34
Running simulation...
start the learn masses function
saved results for system 90
Running simulation...
start the learn masses function
saved results for system 91
Running simulation...
start the learn masses function
saved results for system 92
Running simulation...
start the learn masses function
saved results for system 93
Running simulation...
start the learn masses function
saved results for system 94
Running simulation...
start the learn masses function
saved results for system 200
Running simulation...
start the learn masses function
saved results for system 201
Running simulation...
start the learn masses function
saved results for system 202
Running simulation...
start the learn masses function
saved results for system 203
Running simulation...
start the learn masses function
saved results for system 204
Running simulation...
start the learn masses function
saved results for system 285
Running simulation...
start the learn masses function
saved results for system 286
Running simulation...
start the learn masses function
saved results for system 287
Running simulation...
start the learn masses function
saved results for system 288
Running simulation...
start the learn masses function
saved results for system 289
Running simulation...
start the learn masses function
saved results for system 60
Running simulation...
start the learn masses function
saved results for system 61
Running simulation...
start the learn masses function
saved results for system 62
Running simulation...
start the learn masses function
saved results for system 63
Running simulation...
start the learn masses function
saved results for system 64
Running simulation...
start the learn masses function
saved results for system 140
Running simulation...
start the learn masses function
saved results for system 141
Running simulation...
start the learn masses function
saved results for system 142
Running simulation...
start the learn masses function
saved results for system 143
Running simulation...
start the learn masses function
saved results for system 144
Running simulation...
start the learn masses function
saved results for system 180
Running simulation...
start the learn masses function
saved results for system 181
Running simulation...
start the learn masses function
saved results for system 182
Running simulation...
start the learn masses function
saved results for system 183
Running simulation...
start the learn masses function
saved results for system 184
Running simulation...
start the learn masses function
saved results for system 250
Running simulation...
start the learn masses function
saved results for system 251
Running simulation...
start the learn masses function
saved results for system 252
Running simulation...
start the learn masses function
saved results for system 253
Running simulation...
start the learn masses function
saved results for system 254
Running simulation...
start the learn masses function
saved results for system 20
Running simulation...
start the learn masses function
saved results for system 21
Running simulation...
start the learn masses function
saved results for system 22
Running simulation...
start the learn masses function
saved results for system 23
Running simulation...
start the learn masses function
saved results for system 24
Running simulation...
start the learn masses function
saved results for system 80
Running simulation...
start the learn masses function
saved results for system 81
Running simulation...
start the learn masses function
saved results for system 82
Running simulation...
start the learn masses function
saved results for system 83
Running simulation...
start the learn masses function
saved results for system 84
Running simulation...
start the learn masses function
saved results for system 165
Running simulation...
start the learn masses function
saved results for system 166
Running simulation...
start the learn masses function
saved results for system 167
Running simulation...
start the learn masses function
saved results for system 168
Running simulation...
start the learn masses function
saved results for system 169
Running simulation...
start the learn masses function
saved results for system 215
Running simulation...
start the learn masses function
saved results for system 216
Running simulation...
start the learn masses function
saved results for system 217
Running simulation...
start the learn masses function
saved results for system 218
Running simulation...
start the learn masses function
saved results for system 219
Running simulation...
start the learn masses function
saved results for system 290
Running simulation...
start the learn masses function
saved results for system 291
Running simulation...
start the learn masses function
saved results for system 292
Running simulation...
start the learn masses function
saved results for system 293
Running simulation...
start the learn masses function
saved results for system 294
Running simulation...
start the learn masses function
saved results for system 70
Running simulation...
start the learn masses function
saved results for system 71
Running simulation...
start the learn masses function
saved results for system 72
Running simulation...
start the learn masses function
saved results for system 73
Running simulation...
start the learn masses function
saved results for system 74
Running simulation...
start the learn masses function
saved results for system 85
Running simulation...
start the learn masses function
saved results for system 86
Running simulation...
start the learn masses function
saved results for system 87
Running simulation...
start the learn masses function
saved results for system 88
Running simulation...
start the learn masses function
saved results for system 89
Running simulation...
start the learn masses function
saved results for system 155
Running simulation...
start the learn masses function
saved results for system 156
Running simulation...
start the learn masses function
saved results for system 157
Running simulation...
start the learn masses function
saved results for system 158
Running simulation...
start the learn masses function
saved results for system 159
Running simulation...
start the learn masses function
saved results for system 205
Running simulation...
start the learn masses function
saved results for system 206
Running simulation...
start the learn masses function
saved results for system 207
Running simulation...
start the learn masses function
saved results for system 208
Running simulation...
start the learn masses function
saved results for system 209
Running simulation...
start the learn masses function
saved results for system 270
Running simulation...
start the learn masses function
saved results for system 271
Running simulation...
start the learn masses function
saved results for system 272
Running simulation...
start the learn masses function
saved results for system 273
Running simulation...
start the learn masses function
saved results for system 274
Running simulation...
start the learn masses function
saved results for system 65
Running simulation...
start the learn masses function
saved results for system 66
Running simulation...
start the learn masses function
saved results for system 67
Running simulation...
start the learn masses function
saved results for system 68
Running simulation...
start the learn masses function
saved results for system 69
Running simulation...
start the learn masses function
saved results for system 120
Running simulation...
start the learn masses function
saved results for system 121
Running simulation...
start the learn masses function
saved results for system 122
Running simulation...
start the learn masses function
saved results for system 123
Running simulation...
start the learn masses function
saved results for system 124
Running simulation...
start the learn masses function
saved results for system 210
Running simulation...
start the learn masses function
saved results for system 211
Running simulation...
start the learn masses function
saved results for system 212
Running simulation...
start the learn masses function
saved results for system 213
Running simulation...
start the learn masses function
saved results for system 214
Running simulation...
start the learn masses function
saved results for system 280
Running simulation...
start the learn masses function
saved results for system 281
Running simulation...
start the learn masses function
saved results for system 282
Running simulation...
start the learn masses function
saved results for system 283
Running simulation...
start the learn masses function
saved results for system 284
Running simulation...
start the learn masses function
saved results for system 0
Running simulation...
start the learn masses function
saved results for system 1
Running simulation...
start the learn masses function
saved results for system 2
Running simulation...
start the learn masses function
saved results for system 3
Running simulation...
start the learn masses function
saved results for system 4
Running simulation...
start the learn masses function
saved results for system 160
Running simulation...
start the learn masses function
saved results for system 161
Running simulation...
start the learn masses function
saved results for system 162
Running simulation...
start the learn masses function
saved results for system 163
Running simulation...
start the learn masses function
saved results for system 164
Running simulation...
start the learn masses function
saved results for system 235
Running simulation...
start the learn masses function
saved results for system 236
Running simulation...
start the learn masses function
deeper than 1
Running simulation...
start the learn masses function
saved results for system 295
Running simulation...
start the learn masses function
saved results for system 296
Running simulation...
start the learn masses function
saved results for system 297
Running simulation...
start the learn masses function
saved results for system 298
Running simulation...
start the learn masses function
saved results for system 299
multiprocessing.pool.RemoteTraceback: 
"""
Traceback (most recent call last):
  File "/home/s2818760/.conda/envs/nbody/lib/python3.12/multiprocessing/pool.py", line 125, in worker
    result = (True, func(*args, **kwds))
                    ^^^^^^^^^^^^^^^^^^^
  File "/home/s2818760/.conda/envs/nbody/lib/python3.12/multiprocessing/pool.py", line 51, in starmapstar
    return list(itertools.starmap(args[0], args[1]))
           ^^^^^^^^^^^^^^^^^^^^^^^^^^^^^^^^^^^^^^^^^
  File "/home/s2818760/MasterProj/KIN_optimizer/Validation/validation.py", line 454, in process_single_system_mp
    masses, losses = find_masses(
                     ^^^^^^^^^^^^
  File "/home/s2818760/MasterProj/KIN_optimizer/Validation/validation.py", line 68, in find_masses
    masses, losses = node.learn_masses(
                     ^^^^^^^^^^^^^^^^^^
  File "/home/s2818760/MasterProj/KIN_optimizer/Learning/Training_loops.py", line 49, in learn_masses
    mass_values, loss_values = learn_masses_4real(tau, optimizer, availabe_info_of_bodies, None, plotGraph,
                               ^^^^^^^^^^^^^^^^^^^^^^^^^^^^^^^^^^^^^^^^^^^^^^^^^^^^^^^^^^^^^^^^^^^^^^^^^^^^
  File "/home/s2818760/MasterProj/KIN_optimizer/Learning/Training_loops.py", line 174, in learn_masses_4real
    state_derivatives, mass_derivatives = b.backwards_map_fn(
                                          ^^^^^^^^^^^^^^^^^^^
  File "/home/s2818760/.conda/envs/nbody/lib/python3.12/site-packages/tensorflow/python/util/traceback_utils.py", line 153, in error_handler
    raise e.with_traceback(filtered_tb) from None
  File "/home/s2818760/.conda/envs/nbody/lib/python3.12/site-packages/tensorflow/python/eager/execute.py", line 59, in quick_execute
    except TypeError as e:
tensorflow.python.framework.errors_impl.InvalidArgumentError: Graph execution error:

Detected at node while/strided_slice_1 defined at (most recent call last):
  File "/home/s2818760/MasterProj/KIN_optimizer/Validation/validation.py", line 678, in <module>

  File "/home/s2818760/MasterProj/KIN_optimizer/Validation/validation.py", line 654, in test_2_parameters_on_many_systems

  File "/home/s2818760/.conda/envs/nbody/lib/python3.12/multiprocessing/context.py", line 119, in Pool

  File "/home/s2818760/.conda/envs/nbody/lib/python3.12/multiprocessing/pool.py", line 215, in __init__

  File "/home/s2818760/.conda/envs/nbody/lib/python3.12/multiprocessing/pool.py", line 306, in _repopulate_pool

  File "/home/s2818760/.conda/envs/nbody/lib/python3.12/multiprocessing/pool.py", line 329, in _repopulate_pool_static

  File "/home/s2818760/.conda/envs/nbody/lib/python3.12/multiprocessing/process.py", line 121, in start

  File "/home/s2818760/.conda/envs/nbody/lib/python3.12/multiprocessing/context.py", line 282, in _Popen

  File "/home/s2818760/.conda/envs/nbody/lib/python3.12/multiprocessing/popen_fork.py", line 19, in __init__

  File "/home/s2818760/.conda/envs/nbody/lib/python3.12/multiprocessing/popen_fork.py", line 71, in _launch

  File "/home/s2818760/.conda/envs/nbody/lib/python3.12/multiprocessing/process.py", line 314, in _bootstrap

  File "/home/s2818760/.conda/envs/nbody/lib/python3.12/multiprocessing/process.py", line 108, in run

  File "/home/s2818760/.conda/envs/nbody/lib/python3.12/multiprocessing/pool.py", line 125, in worker

  File "/home/s2818760/.conda/envs/nbody/lib/python3.12/multiprocessing/pool.py", line 51, in starmapstar

  File "/home/s2818760/MasterProj/KIN_optimizer/Validation/validation.py", line 454, in process_single_system_mp

  File "/home/s2818760/MasterProj/KIN_optimizer/Validation/validation.py", line 68, in find_masses

  File "/home/s2818760/MasterProj/KIN_optimizer/Learning/Training_loops.py", line 49, in learn_masses

  File "/home/s2818760/MasterProj/KIN_optimizer/Learning/Training_loops.py", line 174, in learn_masses_4real

  File "/home/s2818760/MasterProj/KIN_optimizer/Learning/Backwards.py", line 116, in backwards_map_fn

  File "/home/s2818760/MasterProj/KIN_optimizer/Learning/Backwards.py", line 116, in backwards_map_fn

  File "/home/s2818760/MasterProj/KIN_optimizer/Learning/Backwards.py", line 89, in calculate_gradients_for_psiotion

  File "/home/s2818760/MasterProj/KIN_optimizer/Learning/Backwards.py", line 73, in false_fn

  File "/home/s2818760/MasterProj/KIN_optimizer/Learning/Backwards.py", line 44, in gradient_computation

  File "/home/s2818760/MasterProj/KIN_optimizer/TensorCode/backwards_MainCode.py", line 31, in do_step

  File "/home/s2818760/MasterProj/KIN_optimizer/TensorCode/backwards_MainCode.py", line 85, in evolve_HW

  File "/home/s2818760/MasterProj/KIN_optimizer/TensorCode/backwards_MainCode.py", line 85, in evolve_HW

  File "/home/s2818760/MasterProj/KIN_optimizer/TensorCode/backwards_MainCode.py", line 8, in kepler_solver

  File "/home/s2818760/MasterProj/KIN_optimizer/TensorCode/backwards_MainCode.py", line 15, in kepler_solver

  File "/home/s2818760/MasterProj/KIN_optimizer/TensorCode/backwards_kepler_solver.py", line 86, in kepler_step

  File "/home/s2818760/MasterProj/KIN_optimizer/TensorCode/backwards_kepler_solver.py", line 22, in cond

slice index 4 of dimension 0 out of bounds.
	 [[{{node while/strided_slice_1}}]] [Op:__inference_backwards_map_fn_24114]
"""

The above exception was the direct cause of the following exception:

Traceback (most recent call last):
  File "/home/s2818760/MasterProj/KIN_optimizer/Validation/validation.py", line 678, in <module>
    args.append(tuple(param_dict_copy[param] for param in [
^^^^^^^^^^^^^^^^^^^^^^^^^^^^^^^^^^^
  File "/home/s2818760/MasterProj/KIN_optimizer/Validation/validation.py", line 655, in test_2_parameters_on_many_systems
    
  File "/home/s2818760/.conda/envs/nbody/lib/python3.12/multiprocessing/pool.py", line 375, in starmap
    return self._map_async(func, iterable, starmapstar, chunksize).get()
           ^^^^^^^^^^^^^^^^^^^^^^^^^^^^^^^^^^^^^^^^^^^^^^^^^^^^^^^^^^^^^
  File "/home/s2818760/.conda/envs/nbody/lib/python3.12/multiprocessing/pool.py", line 774, in get
    raise self._value
tensorflow.python.framework.errors_impl.InvalidArgumentError: Graph execution error:

Detected at node while/strided_slice_1 defined at (most recent call last):
  File "/home/s2818760/MasterProj/KIN_optimizer/Validation/validation.py", line 678, in <module>

  File "/home/s2818760/MasterProj/KIN_optimizer/Validation/validation.py", line 654, in test_2_parameters_on_many_systems

  File "/home/s2818760/.conda/envs/nbody/lib/python3.12/multiprocessing/context.py", line 119, in Pool

  File "/home/s2818760/.conda/envs/nbody/lib/python3.12/multiprocessing/pool.py", line 215, in __init__

  File "/home/s2818760/.conda/envs/nbody/lib/python3.12/multiprocessing/pool.py", line 306, in _repopulate_pool

  File "/home/s2818760/.conda/envs/nbody/lib/python3.12/multiprocessing/pool.py", line 329, in _repopulate_pool_static

  File "/home/s2818760/.conda/envs/nbody/lib/python3.12/multiprocessing/process.py", line 121, in start

  File "/home/s2818760/.conda/envs/nbody/lib/python3.12/multiprocessing/context.py", line 282, in _Popen

  File "/home/s2818760/.conda/envs/nbody/lib/python3.12/multiprocessing/popen_fork.py", line 19, in __init__

  File "/home/s2818760/.conda/envs/nbody/lib/python3.12/multiprocessing/popen_fork.py", line 71, in _launch

  File "/home/s2818760/.conda/envs/nbody/lib/python3.12/multiprocessing/process.py", line 314, in _bootstrap

  File "/home/s2818760/.conda/envs/nbody/lib/python3.12/multiprocessing/process.py", line 108, in run

  File "/home/s2818760/.conda/envs/nbody/lib/python3.12/multiprocessing/pool.py", line 125, in worker

  File "/home/s2818760/.conda/envs/nbody/lib/python3.12/multiprocessing/pool.py", line 51, in starmapstar

  File "/home/s2818760/MasterProj/KIN_optimizer/Validation/validation.py", line 454, in process_single_system_mp

  File "/home/s2818760/MasterProj/KIN_optimizer/Validation/validation.py", line 68, in find_masses

  File "/home/s2818760/MasterProj/KIN_optimizer/Learning/Training_loops.py", line 49, in learn_masses

  File "/home/s2818760/MasterProj/KIN_optimizer/Learning/Training_loops.py", line 174, in learn_masses_4real

  File "/home/s2818760/MasterProj/KIN_optimizer/Learning/Backwards.py", line 116, in backwards_map_fn

  File "/home/s2818760/MasterProj/KIN_optimizer/Learning/Backwards.py", line 116, in backwards_map_fn

  File "/home/s2818760/MasterProj/KIN_optimizer/Learning/Backwards.py", line 89, in calculate_gradients_for_psiotion

  File "/home/s2818760/MasterProj/KIN_optimizer/Learning/Backwards.py", line 73, in false_fn

  File "/home/s2818760/MasterProj/KIN_optimizer/Learning/Backwards.py", line 44, in gradient_computation

  File "/home/s2818760/MasterProj/KIN_optimizer/TensorCode/backwards_MainCode.py", line 31, in do_step

  File "/home/s2818760/MasterProj/KIN_optimizer/TensorCode/backwards_MainCode.py", line 85, in evolve_HW

  File "/home/s2818760/MasterProj/KIN_optimizer/TensorCode/backwards_MainCode.py", line 85, in evolve_HW

  File "/home/s2818760/MasterProj/KIN_optimizer/TensorCode/backwards_MainCode.py", line 8, in kepler_solver

  File "/home/s2818760/MasterProj/KIN_optimizer/TensorCode/backwards_MainCode.py", line 15, in kepler_solver

  File "/home/s2818760/MasterProj/KIN_optimizer/TensorCode/backwards_kepler_solver.py", line 86, in kepler_step

  File "/home/s2818760/MasterProj/KIN_optimizer/TensorCode/backwards_kepler_solver.py", line 22, in cond

slice index 4 of dimension 0 out of bounds.
	 [[{{node while/strided_slice_1}}]] [Op:__inference_backwards_map_fn_24114]
#### Finished Test. Have a nice day
