#### Starting test
output_file /home/s2818760/MasterProj/KIN_optimizer/Validation/val_results/3990501/150_systems_0.001_10_3990501.h5
n_cores available for slurm is 16
2025-04-22 12:50:19.366265: I external/local_xla/xla/tsl/cuda/cudart_stub.cc:32] Could not find cuda drivers on your machine, GPU will not be used.
2025-04-22 12:50:19.366265: I external/local_xla/xla/tsl/cuda/cudart_stub.cc:32] Could not find cuda drivers on your machine, GPU will not be used.
2025-04-22 12:50:19.366272: I external/local_xla/xla/tsl/cuda/cudart_stub.cc:32] Could not find cuda drivers on your machine, GPU will not be used.
2025-04-22 12:50:19.366269: I external/local_xla/xla/tsl/cuda/cudart_stub.cc:32] Could not find cuda drivers on your machine, GPU will not be used.
2025-04-22 12:50:19.366263: I external/local_xla/xla/tsl/cuda/cudart_stub.cc:32] Could not find cuda drivers on your machine, GPU will not be used.
2025-04-22 12:50:19.366276: I external/local_xla/xla/tsl/cuda/cudart_stub.cc:32] Could not find cuda drivers on your machine, GPU will not be used.
2025-04-22 12:50:19.366279: I external/local_xla/xla/tsl/cuda/cudart_stub.cc:32] Could not find cuda drivers on your machine, GPU will not be used.
2025-04-22 12:50:19.366281: I external/local_xla/xla/tsl/cuda/cudart_stub.cc:32] Could not find cuda drivers on your machine, GPU will not be used.
2025-04-22 12:50:19.366282: I external/local_xla/xla/tsl/cuda/cudart_stub.cc:32] Could not find cuda drivers on your machine, GPU will not be used.
2025-04-22 12:50:19.366280: I external/local_xla/xla/tsl/cuda/cudart_stub.cc:32] Could not find cuda drivers on your machine, GPU will not be used.
2025-04-22 12:50:19.366283: I external/local_xla/xla/tsl/cuda/cudart_stub.cc:32] Could not find cuda drivers on your machine, GPU will not be used.
2025-04-22 12:50:19.366283: I external/local_xla/xla/tsl/cuda/cudart_stub.cc:32] Could not find cuda drivers on your machine, GPU will not be used.
2025-04-22 12:50:19.366283: I external/local_xla/xla/tsl/cuda/cudart_stub.cc:32] Could not find cuda drivers on your machine, GPU will not be used.
2025-04-22 12:50:19.366283: I external/local_xla/xla/tsl/cuda/cudart_stub.cc:32] Could not find cuda drivers on your machine, GPU will not be used.
2025-04-22 12:50:19.366288: I external/local_xla/xla/tsl/cuda/cudart_stub.cc:32] Could not find cuda drivers on your machine, GPU will not be used.
2025-04-22 12:50:19.366288: I external/local_xla/xla/tsl/cuda/cudart_stub.cc:32] Could not find cuda drivers on your machine, GPU will not be used.
2025-04-22 12:50:19.542696: I external/local_xla/xla/tsl/cuda/cudart_stub.cc:32] Could not find cuda drivers on your machine, GPU will not be used.
2025-04-22 12:50:19.542696: I external/local_xla/xla/tsl/cuda/cudart_stub.cc:32] Could not find cuda drivers on your machine, GPU will not be used.
2025-04-22 12:50:19.542714: I external/local_xla/xla/tsl/cuda/cudart_stub.cc:32] Could not find cuda drivers on your machine, GPU will not be used.
2025-04-22 12:50:19.542714: I external/local_xla/xla/tsl/cuda/cudart_stub.cc:32] Could not find cuda drivers on your machine, GPU will not be used.
2025-04-22 12:50:19.542719: I external/local_xla/xla/tsl/cuda/cudart_stub.cc:32] Could not find cuda drivers on your machine, GPU will not be used.
2025-04-22 12:50:19.542716: I external/local_xla/xla/tsl/cuda/cudart_stub.cc:32] Could not find cuda drivers on your machine, GPU will not be used.
2025-04-22 12:50:19.542716: I external/local_xla/xla/tsl/cuda/cudart_stub.cc:32] Could not find cuda drivers on your machine, GPU will not be used.
2025-04-22 12:50:19.542716: I external/local_xla/xla/tsl/cuda/cudart_stub.cc:32] Could not find cuda drivers on your machine, GPU will not be used.
2025-04-22 12:50:19.542719: I external/local_xla/xla/tsl/cuda/cudart_stub.cc:32] Could not find cuda drivers on your machine, GPU will not be used.
2025-04-22 12:50:19.542716: I external/local_xla/xla/tsl/cuda/cudart_stub.cc:32] Could not find cuda drivers on your machine, GPU will not be used.
2025-04-22 12:50:19.542717: I external/local_xla/xla/tsl/cuda/cudart_stub.cc:32] Could not find cuda drivers on your machine, GPU will not be used.
2025-04-22 12:50:19.542717: I external/local_xla/xla/tsl/cuda/cudart_stub.cc:32] Could not find cuda drivers on your machine, GPU will not be used.
2025-04-22 12:50:19.542717: I external/local_xla/xla/tsl/cuda/cudart_stub.cc:32] Could not find cuda drivers on your machine, GPU will not be used.
2025-04-22 12:50:19.542718: I external/local_xla/xla/tsl/cuda/cudart_stub.cc:32] Could not find cuda drivers on your machine, GPU will not be used.
2025-04-22 12:50:19.542718: I external/local_xla/xla/tsl/cuda/cudart_stub.cc:32] Could not find cuda drivers on your machine, GPU will not be used.
2025-04-22 12:50:19.542721: I external/local_xla/xla/tsl/cuda/cudart_stub.cc:32] Could not find cuda drivers on your machine, GPU will not be used.
2025-04-22 12:50:19.691159: E external/local_xla/xla/stream_executor/cuda/cuda_fft.cc:467] Unable to register cuFFT factory: Attempting to register factory for plugin cuFFT when one has already been registered
2025-04-22 12:50:19.691175: E external/local_xla/xla/stream_executor/cuda/cuda_fft.cc:467] Unable to register cuFFT factory: Attempting to register factory for plugin cuFFT when one has already been registered
2025-04-22 12:50:19.691162: E external/local_xla/xla/stream_executor/cuda/cuda_fft.cc:467] Unable to register cuFFT factory: Attempting to register factory for plugin cuFFT when one has already been registered
2025-04-22 12:50:19.691159: E external/local_xla/xla/stream_executor/cuda/cuda_fft.cc:467] Unable to register cuFFT factory: Attempting to register factory for plugin cuFFT when one has already been registered
2025-04-22 12:50:19.691159: E external/local_xla/xla/stream_executor/cuda/cuda_fft.cc:467] Unable to register cuFFT factory: Attempting to register factory for plugin cuFFT when one has already been registered
2025-04-22 12:50:19.691164: E external/local_xla/xla/stream_executor/cuda/cuda_fft.cc:467] Unable to register cuFFT factory: Attempting to register factory for plugin cuFFT when one has already been registered
2025-04-22 12:50:19.691166: E external/local_xla/xla/stream_executor/cuda/cuda_fft.cc:467] Unable to register cuFFT factory: Attempting to register factory for plugin cuFFT when one has already been registered
2025-04-22 12:50:19.691159: E external/local_xla/xla/stream_executor/cuda/cuda_fft.cc:467] Unable to register cuFFT factory: Attempting to register factory for plugin cuFFT when one has already been registered
2025-04-22 12:50:19.691168: E external/local_xla/xla/stream_executor/cuda/cuda_fft.cc:467] Unable to register cuFFT factory: Attempting to register factory for plugin cuFFT when one has already been registered
2025-04-22 12:50:19.691171: E external/local_xla/xla/stream_executor/cuda/cuda_fft.cc:467] Unable to register cuFFT factory: Attempting to register factory for plugin cuFFT when one has already been registered
2025-04-22 12:50:19.691173: E external/local_xla/xla/stream_executor/cuda/cuda_fft.cc:467] Unable to register cuFFT factory: Attempting to register factory for plugin cuFFT when one has already been registered
2025-04-22 12:50:19.691174: E external/local_xla/xla/stream_executor/cuda/cuda_fft.cc:467] Unable to register cuFFT factory: Attempting to register factory for plugin cuFFT when one has already been registered
2025-04-22 12:50:19.691172: E external/local_xla/xla/stream_executor/cuda/cuda_fft.cc:467] Unable to register cuFFT factory: Attempting to register factory for plugin cuFFT when one has already been registered
2025-04-22 12:50:19.691172: E external/local_xla/xla/stream_executor/cuda/cuda_fft.cc:467] Unable to register cuFFT factory: Attempting to register factory for plugin cuFFT when one has already been registered
2025-04-22 12:50:19.691176: E external/local_xla/xla/stream_executor/cuda/cuda_fft.cc:467] Unable to register cuFFT factory: Attempting to register factory for plugin cuFFT when one has already been registered
2025-04-22 12:50:19.691175: E external/local_xla/xla/stream_executor/cuda/cuda_fft.cc:467] Unable to register cuFFT factory: Attempting to register factory for plugin cuFFT when one has already been registered
WARNING: All log messages before absl::InitializeLog() is called are written to STDERR
WARNING: All log messages before absl::InitializeLog() is called are written to STDERR
WARNING: All log messages before absl::InitializeLog() is called are written to STDERR
WARNING: All log messages before absl::InitializeLog() is called are written to STDERR
WARNING: All log messages before absl::InitializeLog() is called are written to STDERR
WARNING: All log messages before absl::InitializeLog() is called are written to STDERR
WARNING: All log messages before absl::InitializeLog() is called are written to STDERR
WARNING: All log messages before absl::InitializeLog() is called are written to STDERR
WARNING: All log messages before absl::InitializeLog() is called are written to STDERR
WARNING: All log messages before absl::InitializeLog() is called are written to STDERR
E0000 00:00:1745319019.829836 2240365 cuda_dnn.cc:8579] Unable to register cuDNN factory: Attempting to register factory for plugin cuDNN when one has already been registered
WARNING: All log messages before absl::InitializeLog() is called are written to STDERR
WARNING: All log messages before absl::InitializeLog() is called are written to STDERR
E0000 00:00:1745319019.829840 2240369 cuda_dnn.cc:8579] Unable to register cuDNN factory: Attempting to register factory for plugin cuDNN when one has already been registered
WARNING: All log messages before absl::InitializeLog() is called are written to STDERR
WARNING: All log messages before absl::InitializeLog() is called are written to STDERR
WARNING: All log messages before absl::InitializeLog() is called are written to STDERR
E0000 00:00:1745319019.829853 2240372 cuda_dnn.cc:8579] Unable to register cuDNN factory: Attempting to register factory for plugin cuDNN when one has already been registered
WARNING: All log messages before absl::InitializeLog() is called are written to STDERR
E0000 00:00:1745319019.829844 2240366 cuda_dnn.cc:8579] Unable to register cuDNN factory: Attempting to register factory for plugin cuDNN when one has already been registered
E0000 00:00:1745319019.829845 2240375 cuda_dnn.cc:8579] Unable to register cuDNN factory: Attempting to register factory for plugin cuDNN when one has already been registered
E0000 00:00:1745319019.829849 2240374 cuda_dnn.cc:8579] Unable to register cuDNN factory: Attempting to register factory for plugin cuDNN when one has already been registered
E0000 00:00:1745319019.829849 2240379 cuda_dnn.cc:8579] Unable to register cuDNN factory: Attempting to register factory for plugin cuDNN when one has already been registered
E0000 00:00:1745319019.829854 2240371 cuda_dnn.cc:8579] Unable to register cuDNN factory: Attempting to register factory for plugin cuDNN when one has already been registered
E0000 00:00:1745319019.829852 2240376 cuda_dnn.cc:8579] Unable to register cuDNN factory: Attempting to register factory for plugin cuDNN when one has already been registered
E0000 00:00:1745319019.829856 2240378 cuda_dnn.cc:8579] Unable to register cuDNN factory: Attempting to register factory for plugin cuDNN when one has already been registered
E0000 00:00:1745319019.829856 2240377 cuda_dnn.cc:8579] Unable to register cuDNN factory: Attempting to register factory for plugin cuDNN when one has already been registered
E0000 00:00:1745319019.829858 2240364 cuda_dnn.cc:8579] Unable to register cuDNN factory: Attempting to register factory for plugin cuDNN when one has already been registered
E0000 00:00:1745319019.829857 2240370 cuda_dnn.cc:8579] Unable to register cuDNN factory: Attempting to register factory for plugin cuDNN when one has already been registered
E0000 00:00:1745319019.829859 2240373 cuda_dnn.cc:8579] Unable to register cuDNN factory: Attempting to register factory for plugin cuDNN when one has already been registered
E0000 00:00:1745319019.829856 2240367 cuda_dnn.cc:8579] Unable to register cuDNN factory: Attempting to register factory for plugin cuDNN when one has already been registered
E0000 00:00:1745319019.829854 2240368 cuda_dnn.cc:8579] Unable to register cuDNN factory: Attempting to register factory for plugin cuDNN when one has already been registered
E0000 00:00:1745319019.868138 2240379 cuda_blas.cc:1407] Unable to register cuBLAS factory: Attempting to register factory for plugin cuBLAS when one has already been registered
E0000 00:00:1745319019.868138 2240364 cuda_blas.cc:1407] Unable to register cuBLAS factory: Attempting to register factory for plugin cuBLAS when one has already been registered
E0000 00:00:1745319019.868136 2240367 cuda_blas.cc:1407] Unable to register cuBLAS factory: Attempting to register factory for plugin cuBLAS when one has already been registered
E0000 00:00:1745319019.868154 2240371 cuda_blas.cc:1407] Unable to register cuBLAS factory: Attempting to register factory for plugin cuBLAS when one has already been registered
E0000 00:00:1745319019.868147 2240368 cuda_blas.cc:1407] Unable to register cuBLAS factory: Attempting to register factory for plugin cuBLAS when one has already been registered
E0000 00:00:1745319019.868149 2240369 cuda_blas.cc:1407] Unable to register cuBLAS factory: Attempting to register factory for plugin cuBLAS when one has already been registered
E0000 00:00:1745319019.868146 2240365 cuda_blas.cc:1407] Unable to register cuBLAS factory: Attempting to register factory for plugin cuBLAS when one has already been registered
E0000 00:00:1745319019.868147 2240377 cuda_blas.cc:1407] Unable to register cuBLAS factory: Attempting to register factory for plugin cuBLAS when one has already been registered
E0000 00:00:1745319019.868148 2240370 cuda_blas.cc:1407] Unable to register cuBLAS factory: Attempting to register factory for plugin cuBLAS when one has already been registered
E0000 00:00:1745319019.868149 2240366 cuda_blas.cc:1407] Unable to register cuBLAS factory: Attempting to register factory for plugin cuBLAS when one has already been registered
E0000 00:00:1745319019.868149 2240375 cuda_blas.cc:1407] Unable to register cuBLAS factory: Attempting to register factory for plugin cuBLAS when one has already been registered
E0000 00:00:1745319019.868150 2240372 cuda_blas.cc:1407] Unable to register cuBLAS factory: Attempting to register factory for plugin cuBLAS when one has already been registered
E0000 00:00:1745319019.868142 2240373 cuda_blas.cc:1407] Unable to register cuBLAS factory: Attempting to register factory for plugin cuBLAS when one has already been registered
E0000 00:00:1745319019.868152 2240374 cuda_blas.cc:1407] Unable to register cuBLAS factory: Attempting to register factory for plugin cuBLAS when one has already been registered
E0000 00:00:1745319019.868154 2240378 cuda_blas.cc:1407] Unable to register cuBLAS factory: Attempting to register factory for plugin cuBLAS when one has already been registered
E0000 00:00:1745319019.868154 2240376 cuda_blas.cc:1407] Unable to register cuBLAS factory: Attempting to register factory for plugin cuBLAS when one has already been registered
W0000 00:00:1745319020.154542 2240364 computation_placer.cc:177] computation placer already registered. Please check linkage and avoid linking the same target more than once.
W0000 00:00:1745319020.154540 2240377 computation_placer.cc:177] computation placer already registered. Please check linkage and avoid linking the same target more than once.
W0000 00:00:1745319020.154553 2240366 computation_placer.cc:177] computation placer already registered. Please check linkage and avoid linking the same target more than once.
W0000 00:00:1745319020.154545 2240375 computation_placer.cc:177] computation placer already registered. Please check linkage and avoid linking the same target more than once.
W0000 00:00:1745319020.154548 2240378 computation_placer.cc:177] computation placer already registered. Please check linkage and avoid linking the same target more than once.
W0000 00:00:1745319020.154549 2240365 computation_placer.cc:177] computation placer already registered. Please check linkage and avoid linking the same target more than once.
W0000 00:00:1745319020.154552 2240371 computation_placer.cc:177] computation placer already registered. Please check linkage and avoid linking the same target more than once.
W0000 00:00:1745319020.154558 2240368 computation_placer.cc:177] computation placer already registered. Please check linkage and avoid linking the same target more than once.
W0000 00:00:1745319020.154554 2240369 computation_placer.cc:177] computation placer already registered. Please check linkage and avoid linking the same target more than once.
W0000 00:00:1745319020.154555 2240367 computation_placer.cc:177] computation placer already registered. Please check linkage and avoid linking the same target more than once.
W0000 00:00:1745319020.154555 2240374 computation_placer.cc:177] computation placer already registered. Please check linkage and avoid linking the same target more than once.
W0000 00:00:1745319020.154557 2240376 computation_placer.cc:177] computation placer already registered. Please check linkage and avoid linking the same target more than once.
W0000 00:00:1745319020.154548 2240373 computation_placer.cc:177] computation placer already registered. Please check linkage and avoid linking the same target more than once.
W0000 00:00:1745319020.154612 2240374 computation_placer.cc:177] computation placer already registered. Please check linkage and avoid linking the same target more than once.
W0000 00:00:1745319020.154555 2240372 computation_placer.cc:177] computation placer already registered. Please check linkage and avoid linking the same target more than once.
W0000 00:00:1745319020.154616 2240374 computation_placer.cc:177] computation placer already registered. Please check linkage and avoid linking the same target more than once.
W0000 00:00:1745319020.154555 2240379 computation_placer.cc:177] computation placer already registered. Please check linkage and avoid linking the same target more than once.
W0000 00:00:1745319020.154557 2240370 computation_placer.cc:177] computation placer already registered. Please check linkage and avoid linking the same target more than once.
W0000 00:00:1745319020.154577 2240364 computation_placer.cc:177] computation placer already registered. Please check linkage and avoid linking the same target more than once.
W0000 00:00:1745319020.154581 2240377 computation_placer.cc:177] computation placer already registered. Please check linkage and avoid linking the same target more than once.
W0000 00:00:1745319020.154584 2240366 computation_placer.cc:177] computation placer already registered. Please check linkage and avoid linking the same target more than once.
W0000 00:00:1745319020.154588 2240375 computation_placer.cc:177] computation placer already registered. Please check linkage and avoid linking the same target more than once.
W0000 00:00:1745319020.154589 2240378 computation_placer.cc:177] computation placer already registered. Please check linkage and avoid linking the same target more than once.
W0000 00:00:1745319020.154594 2240365 computation_placer.cc:177] computation placer already registered. Please check linkage and avoid linking the same target more than once.
W0000 00:00:1745319020.154633 2240375 computation_placer.cc:177] computation placer already registered. Please check linkage and avoid linking the same target more than once.
W0000 00:00:1745319020.154599 2240371 computation_placer.cc:177] computation placer already registered. Please check linkage and avoid linking the same target more than once.
W0000 00:00:1745319020.154603 2240368 computation_placer.cc:177] computation placer already registered. Please check linkage and avoid linking the same target more than once.
W0000 00:00:1745319020.154604 2240369 computation_placer.cc:177] computation placer already registered. Please check linkage and avoid linking the same target more than once.
W0000 00:00:1745319020.154609 2240367 computation_placer.cc:177] computation placer already registered. Please check linkage and avoid linking the same target more than once.
W0000 00:00:1745319020.154613 2240376 computation_placer.cc:177] computation placer already registered. Please check linkage and avoid linking the same target more than once.
W0000 00:00:1745319020.154616 2240373 computation_placer.cc:177] computation placer already registered. Please check linkage and avoid linking the same target more than once.
W0000 00:00:1745319020.154622 2240374 computation_placer.cc:177] computation placer already registered. Please check linkage and avoid linking the same target more than once.
W0000 00:00:1745319020.154621 2240372 computation_placer.cc:177] computation placer already registered. Please check linkage and avoid linking the same target more than once.
W0000 00:00:1745319020.154625 2240379 computation_placer.cc:177] computation placer already registered. Please check linkage and avoid linking the same target more than once.
W0000 00:00:1745319020.154627 2240370 computation_placer.cc:177] computation placer already registered. Please check linkage and avoid linking the same target more than once.
W0000 00:00:1745319020.154628 2240364 computation_placer.cc:177] computation placer already registered. Please check linkage and avoid linking the same target more than once.
W0000 00:00:1745319020.154630 2240377 computation_placer.cc:177] computation placer already registered. Please check linkage and avoid linking the same target more than once.
W0000 00:00:1745319020.154631 2240366 computation_placer.cc:177] computation placer already registered. Please check linkage and avoid linking the same target more than once.
W0000 00:00:1745319020.154634 2240378 computation_placer.cc:177] computation placer already registered. Please check linkage and avoid linking the same target more than once.
W0000 00:00:1745319020.154636 2240365 computation_placer.cc:177] computation placer already registered. Please check linkage and avoid linking the same target more than once.
W0000 00:00:1745319020.154638 2240375 computation_placer.cc:177] computation placer already registered. Please check linkage and avoid linking the same target more than once.
W0000 00:00:1745319020.154640 2240371 computation_placer.cc:177] computation placer already registered. Please check linkage and avoid linking the same target more than once.
W0000 00:00:1745319020.154641 2240368 computation_placer.cc:177] computation placer already registered. Please check linkage and avoid linking the same target more than once.
W0000 00:00:1745319020.154643 2240369 computation_placer.cc:177] computation placer already registered. Please check linkage and avoid linking the same target more than once.
W0000 00:00:1745319020.154644 2240367 computation_placer.cc:177] computation placer already registered. Please check linkage and avoid linking the same target more than once.
W0000 00:00:1745319020.154650 2240376 computation_placer.cc:177] computation placer already registered. Please check linkage and avoid linking the same target more than once.
W0000 00:00:1745319020.154652 2240373 computation_placer.cc:177] computation placer already registered. Please check linkage and avoid linking the same target more than once.
W0000 00:00:1745319020.154655 2240372 computation_placer.cc:177] computation placer already registered. Please check linkage and avoid linking the same target more than once.
W0000 00:00:1745319020.154656 2240379 computation_placer.cc:177] computation placer already registered. Please check linkage and avoid linking the same target more than once.
W0000 00:00:1745319020.154658 2240370 computation_placer.cc:177] computation placer already registered. Please check linkage and avoid linking the same target more than once.
W0000 00:00:1745319020.154660 2240364 computation_placer.cc:177] computation placer already registered. Please check linkage and avoid linking the same target more than once.
W0000 00:00:1745319020.154661 2240377 computation_placer.cc:177] computation placer already registered. Please check linkage and avoid linking the same target more than once.
W0000 00:00:1745319020.154663 2240366 computation_placer.cc:177] computation placer already registered. Please check linkage and avoid linking the same target more than once.
W0000 00:00:1745319020.154665 2240378 computation_placer.cc:177] computation placer already registered. Please check linkage and avoid linking the same target more than once.
W0000 00:00:1745319020.154667 2240365 computation_placer.cc:177] computation placer already registered. Please check linkage and avoid linking the same target more than once.
W0000 00:00:1745319020.154670 2240371 computation_placer.cc:177] computation placer already registered. Please check linkage and avoid linking the same target more than once.
W0000 00:00:1745319020.154672 2240368 computation_placer.cc:177] computation placer already registered. Please check linkage and avoid linking the same target more than once.
W0000 00:00:1745319020.154673 2240369 computation_placer.cc:177] computation placer already registered. Please check linkage and avoid linking the same target more than once.
W0000 00:00:1745319020.154675 2240367 computation_placer.cc:177] computation placer already registered. Please check linkage and avoid linking the same target more than once.
W0000 00:00:1745319020.154676 2240376 computation_placer.cc:177] computation placer already registered. Please check linkage and avoid linking the same target more than once.
W0000 00:00:1745319020.154678 2240373 computation_placer.cc:177] computation placer already registered. Please check linkage and avoid linking the same target more than once.
W0000 00:00:1745319020.154680 2240372 computation_placer.cc:177] computation placer already registered. Please check linkage and avoid linking the same target more than once.
W0000 00:00:1745319020.154681 2240379 computation_placer.cc:177] computation placer already registered. Please check linkage and avoid linking the same target more than once.
W0000 00:00:1745319020.154683 2240370 computation_placer.cc:177] computation placer already registered. Please check linkage and avoid linking the same target more than once.
2025-04-22 12:50:20.188064: I tensorflow/core/platform/cpu_feature_guard.cc:210] This TensorFlow binary is optimized to use available CPU instructions in performance-critical operations.
To enable the following instructions: AVX2 AVX512F FMA, in other operations, rebuild TensorFlow with the appropriate compiler flags.
2025-04-22 12:50:20.188062: I tensorflow/core/platform/cpu_feature_guard.cc:210] This TensorFlow binary is optimized to use available CPU instructions in performance-critical operations.
To enable the following instructions: AVX2 AVX512F FMA, in other operations, rebuild TensorFlow with the appropriate compiler flags.
2025-04-22 12:50:20.188060: I tensorflow/core/platform/cpu_feature_guard.cc:210] This TensorFlow binary is optimized to use available CPU instructions in performance-critical operations.
To enable the following instructions: AVX2 AVX512F FMA, in other operations, rebuild TensorFlow with the appropriate compiler flags.
2025-04-22 12:50:20.188060: I tensorflow/core/platform/cpu_feature_guard.cc:210] This TensorFlow binary is optimized to use available CPU instructions in performance-critical operations.
To enable the following instructions: AVX2 AVX512F FMA, in other operations, rebuild TensorFlow with the appropriate compiler flags.
2025-04-22 12:50:20.188062: I tensorflow/core/platform/cpu_feature_guard.cc:210] This TensorFlow binary is optimized to use available CPU instructions in performance-critical operations.
To enable the following instructions: AVX2 AVX512F FMA, in other operations, rebuild TensorFlow with the appropriate compiler flags.
2025-04-22 12:50:20.188061: I tensorflow/core/platform/cpu_feature_guard.cc:210] This TensorFlow binary is optimized to use available CPU instructions in performance-critical operations.
To enable the following instructions: AVX2 AVX512F FMA, in other operations, rebuild TensorFlow with the appropriate compiler flags.
2025-04-22 12:50:20.188061: I tensorflow/core/platform/cpu_feature_guard.cc:210] This TensorFlow binary is optimized to use available CPU instructions in performance-critical operations.
To enable the following instructions: AVX2 AVX512F FMA, in other operations, rebuild TensorFlow with the appropriate compiler flags.
2025-04-22 12:50:20.188062: I tensorflow/core/platform/cpu_feature_guard.cc:210] This TensorFlow binary is optimized to use available CPU instructions in performance-critical operations.
To enable the following instructions: AVX2 AVX512F FMA, in other operations, rebuild TensorFlow with the appropriate compiler flags.
2025-04-22 12:50:20.188062: I tensorflow/core/platform/cpu_feature_guard.cc:210] This TensorFlow binary is optimized to use available CPU instructions in performance-critical operations.
To enable the following instructions: AVX2 AVX512F FMA, in other operations, rebuild TensorFlow with the appropriate compiler flags.
2025-04-22 12:50:20.188065: I tensorflow/core/platform/cpu_feature_guard.cc:210] This TensorFlow binary is optimized to use available CPU instructions in performance-critical operations.
To enable the following instructions: AVX2 AVX512F FMA, in other operations, rebuild TensorFlow with the appropriate compiler flags.
2025-04-22 12:50:20.188065: I tensorflow/core/platform/cpu_feature_guard.cc:210] This TensorFlow binary is optimized to use available CPU instructions in performance-critical operations.
To enable the following instructions: AVX2 AVX512F FMA, in other operations, rebuild TensorFlow with the appropriate compiler flags.
2025-04-22 12:50:20.188065: I tensorflow/core/platform/cpu_feature_guard.cc:210] This TensorFlow binary is optimized to use available CPU instructions in performance-critical operations.
To enable the following instructions: AVX2 AVX512F FMA, in other operations, rebuild TensorFlow with the appropriate compiler flags.
2025-04-22 12:50:20.188062: I tensorflow/core/platform/cpu_feature_guard.cc:210] This TensorFlow binary is optimized to use available CPU instructions in performance-critical operations.
To enable the following instructions: AVX2 AVX512F FMA, in other operations, rebuild TensorFlow with the appropriate compiler flags.
2025-04-22 12:50:20.188064: I tensorflow/core/platform/cpu_feature_guard.cc:210] This TensorFlow binary is optimized to use available CPU instructions in performance-critical operations.
To enable the following instructions: AVX2 AVX512F FMA, in other operations, rebuild TensorFlow with the appropriate compiler flags.
2025-04-22 12:50:20.188061: I tensorflow/core/platform/cpu_feature_guard.cc:210] This TensorFlow binary is optimized to use available CPU instructions in performance-critical operations.
To enable the following instructions: AVX2 AVX512F FMA, in other operations, rebuild TensorFlow with the appropriate compiler flags.
2025-04-22 12:50:20.188071: I tensorflow/core/platform/cpu_feature_guard.cc:210] This TensorFlow binary is optimized to use available CPU instructions in performance-critical operations.
To enable the following instructions: AVX2 AVX512F FMA, in other operations, rebuild TensorFlow with the appropriate compiler flags.
2025-04-22 12:50:37.094877: E external/local_xla/xla/stream_executor/cuda/cuda_platform.cc:51] failed call to cuInit: INTERNAL: CUDA error: Failed call to cuInit: UNKNOWN ERROR (303)
2025-04-22 12:50:37.155514: E external/local_xla/xla/stream_executor/cuda/cuda_platform.cc:51] failed call to cuInit: INTERNAL: CUDA error: Failed call to cuInit: UNKNOWN ERROR (303)
2025-04-22 12:50:37.238110: E external/local_xla/xla/stream_executor/cuda/cuda_platform.cc:51] failed call to cuInit: INTERNAL: CUDA error: Failed call to cuInit: UNKNOWN ERROR (303)
2025-04-22 12:50:37.587296: E external/local_xla/xla/stream_executor/cuda/cuda_platform.cc:51] failed call to cuInit: INTERNAL: CUDA error: Failed call to cuInit: UNKNOWN ERROR (303)
2025-04-22 12:50:37.616757: E external/local_xla/xla/stream_executor/cuda/cuda_platform.cc:51] failed call to cuInit: INTERNAL: CUDA error: Failed call to cuInit: UNKNOWN ERROR (303)
2025-04-22 12:50:37.644662: E external/local_xla/xla/stream_executor/cuda/cuda_platform.cc:51] failed call to cuInit: INTERNAL: CUDA error: Failed call to cuInit: UNKNOWN ERROR (303)
2025-04-22 12:50:37.705272: E external/local_xla/xla/stream_executor/cuda/cuda_platform.cc:51] failed call to cuInit: INTERNAL: CUDA error: Failed call to cuInit: UNKNOWN ERROR (303)
2025-04-22 12:50:37.711834: E external/local_xla/xla/stream_executor/cuda/cuda_platform.cc:51] failed call to cuInit: INTERNAL: CUDA error: Failed call to cuInit: UNKNOWN ERROR (303)
2025-04-22 12:50:37.963739: E external/local_xla/xla/stream_executor/cuda/cuda_platform.cc:51] failed call to cuInit: INTERNAL: CUDA error: Failed call to cuInit: UNKNOWN ERROR (303)
2025-04-22 12:50:37.988882: E external/local_xla/xla/stream_executor/cuda/cuda_platform.cc:51] failed call to cuInit: INTERNAL: CUDA error: Failed call to cuInit: UNKNOWN ERROR (303)
2025-04-22 12:50:38.110853: E external/local_xla/xla/stream_executor/cuda/cuda_platform.cc:51] failed call to cuInit: INTERNAL: CUDA error: Failed call to cuInit: UNKNOWN ERROR (303)
2025-04-22 12:50:38.238918: E external/local_xla/xla/stream_executor/cuda/cuda_platform.cc:51] failed call to cuInit: INTERNAL: CUDA error: Failed call to cuInit: UNKNOWN ERROR (303)
2025-04-22 12:50:38.247034: E external/local_xla/xla/stream_executor/cuda/cuda_platform.cc:51] failed call to cuInit: INTERNAL: CUDA error: Failed call to cuInit: UNKNOWN ERROR (303)
2025-04-22 12:50:38.425458: E external/local_xla/xla/stream_executor/cuda/cuda_platform.cc:51] failed call to cuInit: INTERNAL: CUDA error: Failed call to cuInit: UNKNOWN ERROR (303)
2025-04-22 12:50:38.597054: E external/local_xla/xla/stream_executor/cuda/cuda_platform.cc:51] failed call to cuInit: INTERNAL: CUDA error: Failed call to cuInit: UNKNOWN ERROR (303)
2025-04-22 12:50:38.832950: E external/local_xla/xla/stream_executor/cuda/cuda_platform.cc:51] failed call to cuInit: INTERNAL: CUDA error: Failed call to cuInit: UNKNOWN ERROR (303)
2025-04-22 14:58:39.390700: W tensorflow/core/framework/op_kernel.cc:1857] OP_REQUIRES failed at strided_slice_op.cc:117 : INVALID_ARGUMENT: slice index 4 of dimension 0 out of bounds.
2025-04-22 14:58:39.398517: I tensorflow/core/framework/local_rendezvous.cc:407] Local rendezvous is aborting with status: INVALID_ARGUMENT: slice index 4 of dimension 0 out of bounds.
	 [[{{function_node while_cond_12391_rewritten}}{{node while/strided_slice_1}}]]
2025-04-22 14:58:41.979693: I external/local_xla/xla/tsl/cuda/cudart_stub.cc:32] Could not find cuda drivers on your machine, GPU will not be used.
2025-04-22 14:58:42.000623: I external/local_xla/xla/tsl/cuda/cudart_stub.cc:32] Could not find cuda drivers on your machine, GPU will not be used.
2025-04-22 14:58:42.121887: E external/local_xla/xla/stream_executor/cuda/cuda_fft.cc:467] Unable to register cuFFT factory: Attempting to register factory for plugin cuFFT when one has already been registered
WARNING: All log messages before absl::InitializeLog() is called are written to STDERR
E0000 00:00:1745326722.402836 2240382 cuda_dnn.cc:8579] Unable to register cuDNN factory: Attempting to register factory for plugin cuDNN when one has already been registered
E0000 00:00:1745326722.452892 2240382 cuda_blas.cc:1407] Unable to register cuBLAS factory: Attempting to register factory for plugin cuBLAS when one has already been registered
W0000 00:00:1745326722.607304 2240382 computation_placer.cc:177] computation placer already registered. Please check linkage and avoid linking the same target more than once.
W0000 00:00:1745326722.607349 2240382 computation_placer.cc:177] computation placer already registered. Please check linkage and avoid linking the same target more than once.
W0000 00:00:1745326722.607355 2240382 computation_placer.cc:177] computation placer already registered. Please check linkage and avoid linking the same target more than once.
W0000 00:00:1745326722.607361 2240382 computation_placer.cc:177] computation placer already registered. Please check linkage and avoid linking the same target more than once.
2025-04-22 14:58:42.658752: I tensorflow/core/platform/cpu_feature_guard.cc:210] This TensorFlow binary is optimized to use available CPU instructions in performance-critical operations.
To enable the following instructions: AVX2 AVX512F FMA, in other operations, rebuild TensorFlow with the appropriate compiler flags.
2025-04-22 17:41:34.230394: W tensorflow/core/framework/op_kernel.cc:1857] OP_REQUIRES failed at strided_slice_op.cc:117 : INVALID_ARGUMENT: slice index 4 of dimension 0 out of bounds.
2025-04-22 17:41:34.236117: I tensorflow/core/framework/local_rendezvous.cc:407] Local rendezvous is aborting with status: INVALID_ARGUMENT: slice index 4 of dimension 0 out of bounds.
	 [[{{function_node while_cond_12391_rewritten}}{{node while/strided_slice_1}}]]
2025-04-22 20:29:05.111609: W tensorflow/core/framework/op_kernel.cc:1857] OP_REQUIRES failed at strided_slice_op.cc:117 : INVALID_ARGUMENT: slice index 4 of dimension 0 out of bounds.
2025-04-22 20:29:05.116483: I tensorflow/core/framework/local_rendezvous.cc:407] Local rendezvous is aborting with status: INVALID_ARGUMENT: slice index 4 of dimension 0 out of bounds.
	 [[{{function_node while_cond_12391_rewritten}}{{node while/strided_slice_1}}]]
2025-04-22 23:44:10.053755: W tensorflow/core/framework/op_kernel.cc:1857] OP_REQUIRES failed at strided_slice_op.cc:117 : INVALID_ARGUMENT: slice index 4 of dimension 0 out of bounds.
2025-04-22 23:44:10.058109: I tensorflow/core/framework/local_rendezvous.cc:407] Local rendezvous is aborting with status: INVALID_ARGUMENT: slice index 4 of dimension 0 out of bounds.
	 [[{{function_node while_cond_12391_rewritten}}{{node while/strided_slice_1}}]]
Running simulation...
start the learn masses function
saved results for system 6
Running simulation...
start the learn masses function
saved results for system 7
Running simulation...
start the learn masses function
saved results for system 8
Running simulation...
start the learn masses function
saved results for system 84
Running simulation...
start the learn masses function
saved results for system 85
Running simulation...
start the learn masses function
saved results for system 86
Running simulation...
start the learn masses function
saved results for system 45
Running simulation...
start the learn masses function
saved results for system 46
Running simulation...
start the learn masses function
saved results for system 47
Running simulation...
start the learn masses function
saved results for system 87
Running simulation...
start the learn masses function
saved results for system 88
Running simulation...
start the learn masses function
saved results for system 89
Running simulation...
start the learn masses function
saved results for system 15
Running simulation...
start the learn masses function
saved results for system 16
Running simulation...
start the learn masses function
saved results for system 17
Running simulation...
start the learn masses function
saved results for system 51
Running simulation...
start the learn masses function
saved results for system 52
Running simulation...
start the learn masses function
saved results for system 53
Running simulation...
start the learn masses function
saved results for system 111
Running simulation...
start the learn masses function
saved results for system 112
Running simulation...
start the learn masses function
saved results for system 113
Running simulation...
start the learn masses function
saved results for system 3
Running simulation...
start the learn masses function
saved results for system 4
Running simulation...
start the learn masses function
saved results for system 5
Running simulation...
start the learn masses function
saved results for system 75
Running simulation...
start the learn masses function
deeper than 1
Running simulation...
start the learn masses function
saved results for system 93
Running simulation...
start the learn masses function
saved results for system 94
Running simulation...
start the learn masses function
deeper than 1
Running simulation...
start the learn masses function
saved results for system 126
Running simulation...
start the learn masses function
saved results for system 127
Running simulation...
start the learn masses function
saved results for system 128
Running simulation...
start the learn masses function
saved results for system 24
Running simulation...
start the learn masses function
saved results for system 25
Running simulation...
start the learn masses function
saved results for system 26
Running simulation...
start the learn masses function
saved results for system 60
Running simulation...
start the learn masses function
saved results for system 61
Running simulation...
start the learn masses function
saved results for system 62
Running simulation...
start the learn masses function
saved results for system 90
Running simulation...
start the learn masses function
saved results for system 91
Running simulation...
start the learn masses function
saved results for system 92
Running simulation...
start the learn masses function
saved results for system 36
Running simulation...
start the learn masses function
saved results for system 37
Running simulation...
start the learn masses function
saved results for system 38
Running simulation...
start the learn masses function
saved results for system 81
Running simulation...
start the learn masses function
saved results for system 82
Running simulation...
start the learn masses function
saved results for system 83
Running simulation...
start the learn masses function
saved results for system 129
Running simulation...
start the learn masses function
saved results for system 130
Running simulation...
start the learn masses function
saved results for system 131
Running simulation...
start the learn masses function
saved results for system 18
Running simulation...
start the learn masses function
saved results for system 19
Running simulation...
start the learn masses function
saved results for system 20
Running simulation...
start the learn masses function
saved results for system 99
Running simulation...
start the learn masses function
saved results for system 100
Running simulation...
start the learn masses function
saved results for system 101
Running simulation...
start the learn masses function
saved results for system 138
Running simulation...
start the learn masses function
saved results for system 139
Running simulation...
start the learn masses function
saved results for system 140
Running simulation...
start the learn masses function
saved results for system 27
Running simulation...
start the learn masses function
saved results for system 28
Running simulation...
start the learn masses function
saved results for system 29
Running simulation...
start the learn masses function
saved results for system 54
Running simulation...
start the learn masses function
saved results for system 55
Running simulation...
start the learn masses function
saved results for system 56
Running simulation...
start the learn masses function
saved results for system 105
Running simulation...
start the learn masses function
saved results for system 106
Running simulation...
start the learn masses function
saved results for system 107
Running simulation...
start the learn masses function
saved results for system 12
Running simulation...
start the learn masses function
saved results for system 13
Running simulation...
start the learn masses function
saved results for system 14
Running simulation...
start the learn masses function
saved results for system 63
Running simulation...
start the learn masses function
saved results for system 64
Running simulation...
start the learn masses function
saved results for system 65
Running simulation...
start the learn masses function
saved results for system 114
Running simulation...
start the learn masses function
saved results for system 115
Running simulation...
start the learn masses function
saved results for system 116
Running simulation...
start the learn masses function
saved results for system 147
Running simulation...
start the learn masses function
saved results for system 148
Running simulation...
start the learn masses function
saved results for system 149
Running simulation...
start the learn masses function
saved results for system 33
Running simulation...
start the learn masses function
saved results for system 34
Running simulation...
start the learn masses function
saved results for system 35
Running simulation...
start the learn masses function
saved results for system 66
Running simulation...
start the learn masses function
saved results for system 67
Running simulation...
start the learn masses function
saved results for system 68
Running simulation...
start the learn masses function
saved results for system 117
Running simulation...
start the learn masses function
saved results for system 118
Running simulation...
start the learn masses function
saved results for system 119
Running simulation...
start the learn masses function
saved results for system 0
Running simulation...
start the learn masses function
saved results for system 1
Running simulation...
start the learn masses function
saved results for system 2
Running simulation...
start the learn masses function
saved results for system 72
Running simulation...
start the learn masses function
saved results for system 73
Running simulation...
start the learn masses function
saved results for system 74
Running simulation...
start the learn masses function
saved results for system 141
Running simulation...
start the learn masses function
saved results for system 142
Running simulation...
start the learn masses function
saved results for system 143
Running simulation...
start the learn masses function
saved results for system 42
Running simulation...
start the learn masses function
saved results for system 43
Running simulation...
start the learn masses function
saved results for system 44
Running simulation...
start the learn masses function
saved results for system 78
Running simulation...
start the learn masses function
saved results for system 79
Running simulation...
start the learn masses function
saved results for system 80
Running simulation...
start the learn masses function
saved results for system 120
Running simulation...
start the learn masses function
saved results for system 121
Running simulation...
start the learn masses function
saved results for system 122
Running simulation...
start the learn masses function
saved results for system 21
Running simulation...
start the learn masses function
saved results for system 22
Running simulation...
start the learn masses function
saved results for system 23
Running simulation...
start the learn masses function
saved results for system 57
Running simulation...
start the learn masses function
saved results for system 58
Running simulation...
start the learn masses function
saved results for system 59
Running simulation...
start the learn masses function
saved results for system 123
Running simulation...
start the learn masses function
saved results for system 124
Running simulation...
start the learn masses function
saved results for system 125
Running simulation...
start the learn masses function
saved results for system 30
Running simulation...
start the learn masses function
saved results for system 31
Running simulation...
start the learn masses function
saved results for system 32
Running simulation...
start the learn masses function
saved results for system 96
Running simulation...
start the learn masses function
saved results for system 97
Running simulation...
start the learn masses function
saved results for system 98
Running simulation...
start the learn masses function
saved results for system 135
Running simulation...
start the learn masses function
saved results for system 136
Running simulation...
start the learn masses function
deeper than 1
multiprocessing.pool.RemoteTraceback: 
"""
Traceback (most recent call last):
  File "/home/s2818760/.conda/envs/nbody/lib/python3.12/multiprocessing/pool.py", line 125, in worker
    result = (True, func(*args, **kwds))
                    ^^^^^^^^^^^^^^^^^^^
  File "/home/s2818760/.conda/envs/nbody/lib/python3.12/multiprocessing/pool.py", line 51, in starmapstar
    return list(itertools.starmap(args[0], args[1]))
           ^^^^^^^^^^^^^^^^^^^^^^^^^^^^^^^^^^^^^^^^^
  File "/home/s2818760/MasterProj/KIN_optimizer/Validation/validation.py", line 192, in process_single_system_mp
    masses, losses = find_masses(test_sys=test_sys,
                     ^^^^^^^^^^^^^^^^^^^^^^^^^^^^^^
  File "/home/s2818760/MasterProj/KIN_optimizer/Validation/validation.py", line 57, in find_masses
    masses, losses = node.learn_masses(
                     ^^^^^^^^^^^^^^^^^^
  File "/home/s2818760/MasterProj/KIN_optimizer/Learning/Training_loops.py", line 49, in learn_masses
    mass_values, loss_values = learn_masses_4real(tau, optimizer, availabe_info_of_bodies, None, plotGraph,
                               ^^^^^^^^^^^^^^^^^^^^^^^^^^^^^^^^^^^^^^^^^^^^^^^^^^^^^^^^^^^^^^^^^^^^^^^^^^^^
  File "/home/s2818760/MasterProj/KIN_optimizer/Learning/Training_loops.py", line 174, in learn_masses_4real
    state_derivatives, mass_derivatives = b.backwards_map_fn(
                                          ^^^^^^^^^^^^^^^^^^^
  File "/home/s2818760/.conda/envs/nbody/lib/python3.12/site-packages/tensorflow/python/util/traceback_utils.py", line 153, in error_handler
    raise e.with_traceback(filtered_tb) from None
  File "/home/s2818760/.conda/envs/nbody/lib/python3.12/site-packages/tensorflow/python/eager/execute.py", line 59, in quick_execute
    except TypeError as e:
tensorflow.python.framework.errors_impl.InvalidArgumentError: Graph execution error:

Detected at node while/strided_slice_1 defined at (most recent call last):
  File "/home/s2818760/MasterProj/KIN_optimizer/Validation/validation.py", line 265, in <module>

  File "/home/s2818760/MasterProj/KIN_optimizer/Validation/validation.py", line 256, in test_many_systems_mp

  File "/home/s2818760/.conda/envs/nbody/lib/python3.12/multiprocessing/context.py", line 119, in Pool

  File "/home/s2818760/.conda/envs/nbody/lib/python3.12/multiprocessing/pool.py", line 215, in __init__

  File "/home/s2818760/.conda/envs/nbody/lib/python3.12/multiprocessing/pool.py", line 306, in _repopulate_pool

  File "/home/s2818760/.conda/envs/nbody/lib/python3.12/multiprocessing/pool.py", line 329, in _repopulate_pool_static

  File "/home/s2818760/.conda/envs/nbody/lib/python3.12/multiprocessing/process.py", line 121, in start

  File "/home/s2818760/.conda/envs/nbody/lib/python3.12/multiprocessing/context.py", line 282, in _Popen

  File "/home/s2818760/.conda/envs/nbody/lib/python3.12/multiprocessing/popen_fork.py", line 19, in __init__

  File "/home/s2818760/.conda/envs/nbody/lib/python3.12/multiprocessing/popen_fork.py", line 71, in _launch

  File "/home/s2818760/.conda/envs/nbody/lib/python3.12/multiprocessing/process.py", line 314, in _bootstrap

  File "/home/s2818760/.conda/envs/nbody/lib/python3.12/multiprocessing/process.py", line 108, in run

  File "/home/s2818760/.conda/envs/nbody/lib/python3.12/multiprocessing/pool.py", line 125, in worker

  File "/home/s2818760/.conda/envs/nbody/lib/python3.12/multiprocessing/pool.py", line 51, in starmapstar

  File "/home/s2818760/MasterProj/KIN_optimizer/Validation/validation.py", line 192, in process_single_system_mp

  File "/home/s2818760/MasterProj/KIN_optimizer/Validation/validation.py", line 57, in find_masses

  File "/home/s2818760/MasterProj/KIN_optimizer/Learning/Training_loops.py", line 49, in learn_masses

  File "/home/s2818760/MasterProj/KIN_optimizer/Learning/Training_loops.py", line 174, in learn_masses_4real

  File "/home/s2818760/MasterProj/KIN_optimizer/Learning/Backwards.py", line 116, in backwards_map_fn

  File "/home/s2818760/MasterProj/KIN_optimizer/Learning/Backwards.py", line 116, in backwards_map_fn

  File "/home/s2818760/MasterProj/KIN_optimizer/Learning/Backwards.py", line 89, in calculate_gradients_for_psiotion

  File "/home/s2818760/MasterProj/KIN_optimizer/Learning/Backwards.py", line 73, in false_fn

  File "/home/s2818760/MasterProj/KIN_optimizer/Learning/Backwards.py", line 44, in gradient_computation

  File "/home/s2818760/MasterProj/KIN_optimizer/TensorCode/backwards_MainCode.py", line 31, in do_step

  File "/home/s2818760/MasterProj/KIN_optimizer/TensorCode/backwards_MainCode.py", line 85, in evolve_HW

  File "/home/s2818760/MasterProj/KIN_optimizer/TensorCode/backwards_MainCode.py", line 85, in evolve_HW

  File "/home/s2818760/MasterProj/KIN_optimizer/TensorCode/backwards_MainCode.py", line 8, in kepler_solver

  File "/home/s2818760/MasterProj/KIN_optimizer/TensorCode/backwards_MainCode.py", line 15, in kepler_solver

  File "/home/s2818760/MasterProj/KIN_optimizer/TensorCode/backwards_kepler_solver.py", line 86, in kepler_step

  File "/home/s2818760/MasterProj/KIN_optimizer/TensorCode/backwards_kepler_solver.py", line 22, in cond

slice index 4 of dimension 0 out of bounds.
	 [[{{node while/strided_slice_1}}]] [Op:__inference_backwards_map_fn_24114]
"""

The above exception was the direct cause of the following exception:

Traceback (most recent call last):
  File "/home/s2818760/MasterProj/KIN_optimizer/Validation/validation.py", line 265, in <module>
    # test_many_systems_mp(M_min_bounds=[1e-10, 1e-4],
  File "/home/s2818760/MasterProj/KIN_optimizer/Validation/validation.py", line 257, in test_many_systems_mp
    pool.starmap(process_single_system_mp, args)
  File "/home/s2818760/.conda/envs/nbody/lib/python3.12/multiprocessing/pool.py", line 375, in starmap
    return self._map_async(func, iterable, starmapstar, chunksize).get()
           ^^^^^^^^^^^^^^^^^^^^^^^^^^^^^^^^^^^^^^^^^^^^^^^^^^^^^^^^^^^^^
  File "/home/s2818760/.conda/envs/nbody/lib/python3.12/multiprocessing/pool.py", line 774, in get
    raise self._value
tensorflow.python.framework.errors_impl.InvalidArgumentError: Graph execution error:

Detected at node while/strided_slice_1 defined at (most recent call last):
  File "/home/s2818760/MasterProj/KIN_optimizer/Validation/validation.py", line 265, in <module>

  File "/home/s2818760/MasterProj/KIN_optimizer/Validation/validation.py", line 256, in test_many_systems_mp

  File "/home/s2818760/.conda/envs/nbody/lib/python3.12/multiprocessing/context.py", line 119, in Pool

  File "/home/s2818760/.conda/envs/nbody/lib/python3.12/multiprocessing/pool.py", line 215, in __init__

  File "/home/s2818760/.conda/envs/nbody/lib/python3.12/multiprocessing/pool.py", line 306, in _repopulate_pool

  File "/home/s2818760/.conda/envs/nbody/lib/python3.12/multiprocessing/pool.py", line 329, in _repopulate_pool_static

  File "/home/s2818760/.conda/envs/nbody/lib/python3.12/multiprocessing/process.py", line 121, in start

  File "/home/s2818760/.conda/envs/nbody/lib/python3.12/multiprocessing/context.py", line 282, in _Popen

  File "/home/s2818760/.conda/envs/nbody/lib/python3.12/multiprocessing/popen_fork.py", line 19, in __init__

  File "/home/s2818760/.conda/envs/nbody/lib/python3.12/multiprocessing/popen_fork.py", line 71, in _launch

  File "/home/s2818760/.conda/envs/nbody/lib/python3.12/multiprocessing/process.py", line 314, in _bootstrap

  File "/home/s2818760/.conda/envs/nbody/lib/python3.12/multiprocessing/process.py", line 108, in run

  File "/home/s2818760/.conda/envs/nbody/lib/python3.12/multiprocessing/pool.py", line 125, in worker

  File "/home/s2818760/.conda/envs/nbody/lib/python3.12/multiprocessing/pool.py", line 51, in starmapstar

  File "/home/s2818760/MasterProj/KIN_optimizer/Validation/validation.py", line 192, in process_single_system_mp

  File "/home/s2818760/MasterProj/KIN_optimizer/Validation/validation.py", line 57, in find_masses

  File "/home/s2818760/MasterProj/KIN_optimizer/Learning/Training_loops.py", line 49, in learn_masses

  File "/home/s2818760/MasterProj/KIN_optimizer/Learning/Training_loops.py", line 174, in learn_masses_4real

  File "/home/s2818760/MasterProj/KIN_optimizer/Learning/Backwards.py", line 116, in backwards_map_fn

  File "/home/s2818760/MasterProj/KIN_optimizer/Learning/Backwards.py", line 116, in backwards_map_fn

  File "/home/s2818760/MasterProj/KIN_optimizer/Learning/Backwards.py", line 89, in calculate_gradients_for_psiotion

  File "/home/s2818760/MasterProj/KIN_optimizer/Learning/Backwards.py", line 73, in false_fn

  File "/home/s2818760/MasterProj/KIN_optimizer/Learning/Backwards.py", line 44, in gradient_computation

  File "/home/s2818760/MasterProj/KIN_optimizer/TensorCode/backwards_MainCode.py", line 31, in do_step

  File "/home/s2818760/MasterProj/KIN_optimizer/TensorCode/backwards_MainCode.py", line 85, in evolve_HW

  File "/home/s2818760/MasterProj/KIN_optimizer/TensorCode/backwards_MainCode.py", line 85, in evolve_HW

  File "/home/s2818760/MasterProj/KIN_optimizer/TensorCode/backwards_MainCode.py", line 8, in kepler_solver

  File "/home/s2818760/MasterProj/KIN_optimizer/TensorCode/backwards_MainCode.py", line 15, in kepler_solver

  File "/home/s2818760/MasterProj/KIN_optimizer/TensorCode/backwards_kepler_solver.py", line 86, in kepler_step

  File "/home/s2818760/MasterProj/KIN_optimizer/TensorCode/backwards_kepler_solver.py", line 22, in cond

slice index 4 of dimension 0 out of bounds.
	 [[{{node while/strided_slice_1}}]] [Op:__inference_backwards_map_fn_24114]
#### Finished Test. Have a nice day
