#### Starting test
let us generate a system
now let us evolve the system
Evolve time is not a multiple of tau_ev. Rounding up to 10.0 days.
Running simulation...
Saved result to cache: /home/s2818760/MasterProj/KIN_optimizer/zCache/7d833091325dde82c857f5aaf708680648a18da1f33df48cb795d14dba1cda10.pkl
Forward pass...
Backwards pass...
Combining derivatives...
Epoch 1/100, Masses: [  8.90020000e-02   5.51632320e-06   6.25255012e-06  -9.89711174e-07
   4.95873842e-06   9.48081783e-07   6.39282390e-06  -4.83952752e-07], 
Positions: 
[[ 0.          0.          0.        ]
 [ 0.00034614 -0.0034736   0.01097118]
 [-0.00023194 -0.00438518  0.01513433]
 [ 0.00074416  0.00848468  0.02051708]
 [ 0.00048351  0.01950266  0.02169199]
 [ 0.0006799  -0.01591347  0.03492908]
 [-0.0007654   0.02430616 -0.0398764 ]
 [ 0.00077869 -0.06074572 -0.01085761]]
Forward pass...
Backwards pass...
Combining derivatives...
Epoch 2/100, Masses: [  8.90060000e-02   9.51632320e-06   1.02525501e-05   1.02888256e-08
   8.95873842e-06  -3.05191822e-06   1.03928239e-05   5.16047248e-07], 
Positions: 
[[ 0.          0.          0.        ]
 [ 0.00034614 -0.0034736   0.01097118]
 [-0.00023194 -0.00438518  0.01513433]
 [ 0.00074416  0.00848468  0.02051708]
 [ 0.00048351  0.01950266  0.02169199]
 [ 0.0006799  -0.01591347  0.03492908]
 [-0.0007654   0.02430616 -0.0398764 ]
 [ 0.00077869 -0.06074572 -0.01085761]]
Forward pass...
Backwards pass...
Combining derivatives...
Epoch 3/100, Masses: [  8.90040000e-02   7.51632320e-06   8.25255012e-06   1.01028883e-06
   6.95873842e-06  -1.05191822e-06   8.39282390e-06   1.60472478e-08], 
Positions: 
[[ 0.          0.          0.        ]
 [ 0.00034614 -0.0034736   0.01097118]
 [-0.00023194 -0.00438518  0.01513433]
 [ 0.00074416  0.00848468  0.02051708]
 [ 0.00048351  0.01950266  0.02169199]
 [ 0.0006799  -0.01591347  0.03492908]
 [-0.0007654   0.02430616 -0.0398764 ]
 [ 0.00077869 -0.06074572 -0.01085761]]
Forward pass...
Backwards pass...
Combining derivatives...
Epoch 4/100, Masses: [  8.90020000e-02   5.51632320e-06   6.25255012e-06   3.01008885e-06
   7.95873842e-06   9.48081783e-07   6.39282390e-06  -4.83952752e-07], 
Positions: 
[[ 0.          0.          0.        ]
 [ 0.00034614 -0.0034736   0.01097118]
 [-0.00023194 -0.00438518  0.01513433]
 [ 0.00074416  0.00848468  0.02051708]
 [ 0.00048351  0.01950266  0.02169199]
 [ 0.0006799  -0.01591347  0.03492908]
 [-0.0007654   0.02430616 -0.0398764 ]
 [ 0.00077869 -0.06074572 -0.01085761]]
Forward pass...
Backwards pass...
Combining derivatives...
Epoch 5/100, Masses: [  8.90030000e-02   1.51672316e-06   7.25255012e-06   2.01018884e-06
   8.95873842e-06  -5.19182167e-08   2.39322386e-06  -2.33952752e-07], 
Positions: 
[[ 0.          0.          0.        ]
 [ 0.00034614 -0.0034736   0.01097118]
 [-0.00023194 -0.00438518  0.01513433]
 [ 0.00074416  0.00848468  0.02051708]
 [ 0.00048351  0.01950266  0.02169199]
 [ 0.0006799  -0.01591347  0.03492908]
 [-0.0007654   0.02430616 -0.0398764 ]
 [ 0.00077869 -0.06074572 -0.01085761]]
Forward pass...
Backwards pass...
Combining derivatives...
Epoch 6/100, Masses: [  8.90040000e-02   3.51652318e-06   8.25255012e-06   1.01028883e-06
   1.09585384e-05   4.48081783e-07   4.39302388e-06   1.60472478e-08], 
Positions: 
[[ 0.          0.          0.        ]
 [ 0.00034614 -0.0034736   0.01097118]
 [-0.00023194 -0.00438518  0.01513433]
 [ 0.00074416  0.00848468  0.02051708]
 [ 0.00048351  0.01950266  0.02169199]
 [ 0.0006799  -0.01591347  0.03492908]
 [-0.0007654   0.02430616 -0.0398764 ]
 [ 0.00077869 -0.06074572 -0.01085761]]
Forward pass...
Backwards pass...
Combining derivatives...
Epoch 7/100, Masses: [  8.90059996e-02   2.51662317e-06   7.75255012e-06   1.51023883e-06
   1.49577386e-05   1.98081783e-07   3.39312387e-06  -1.08952752e-07], 
Positions: 
[[ 0.          0.          0.        ]
 [ 0.00034614 -0.0034736   0.01097118]
 [-0.00023194 -0.00438518  0.01513433]
 [ 0.00074416  0.00848468  0.02051708]
 [ 0.00048351  0.01950266  0.02169199]
 [ 0.0006799  -0.01591347  0.03492908]
 [-0.0007654   0.02430616 -0.0398764 ]
 [ 0.00077869 -0.06074572 -0.01085761]]
Forward pass...
Backwards pass...
Combining derivatives...
Epoch 8/100, Masses: [  8.90099980e-02   1.51672316e-06   7.25255012e-06   2.01018884e-06
   2.29553390e-05  -5.19182167e-08   2.39322386e-06  -4.64527522e-08], 
Positions: 
[[ 0.          0.          0.        ]
 [ 0.00034614 -0.0034736   0.01097118]
 [-0.00023194 -0.00438518  0.01513433]
 [ 0.00074416  0.00848468  0.02051708]
 [ 0.00048351  0.01950266  0.02169199]
 [ 0.0006799  -0.01591347  0.03492908]
 [-0.0007654   0.02430616 -0.0398764 ]
 [ 0.00077869 -0.06074572 -0.01085761]]
Forward pass...
Backwards pass...
Combining derivatives...
Epoch 9/100, Masses: [  8.90179932e-02  -4.82676963e-07   6.25285006e-06   3.00978894e-06
   3.89489406e-05   7.30817833e-08   3.93823736e-07   1.60472478e-08], 
Positions: 
[[ 0.          0.          0.        ]
 [ 0.00034614 -0.0034736   0.01097118]
 [-0.00023194 -0.00438518  0.01513433]
 [ 0.00074416  0.00848468  0.02051708]
 [ 0.00048351  0.01950266  0.02169199]
 [ 0.0006799  -0.01591347  0.03492908]
 [-0.0007654   0.02430616 -0.0398764 ]
 [ 0.00077869 -0.06074572 -0.01085761]]
Forward pass...
Backwards pass...
Combining derivatives...
Epoch 10/100, Masses: [  8.90339804e-02   5.17023097e-07   4.25404964e-06   2.50998889e-06
   7.09329454e-05   1.05817833e-08  -3.60417686e-06   1.41009755e-07], 
Positions: 
[[ 0.          0.          0.        ]
 [ 0.00034614 -0.0034736   0.01097118]
 [-0.00023194 -0.00438518  0.01513433]
 [ 0.00074416  0.00848468  0.02051708]
 [ 0.00048351  0.01950266  0.02169199]
 [ 0.0006799  -0.01591347  0.03492908]
 [-0.0007654   0.02430616 -0.0398764 ]
 [ 0.00077869 -0.06074572 -0.01085761]]
Forward pass...
Backwards pass...
Combining derivatives...
Epoch 11/100, Masses: [  8.90259868e-02   1.71730671e-08   2.57647843e-07   2.75988891e-06
   5.49409430e-05  -5.19182167e-08  -1.60517656e-06   3.90859808e-07], 
Positions: 
[[ 0.          0.          0.        ]
 [ 0.00034614 -0.0034736   0.01097118]
 [-0.00023194 -0.00438518  0.01513433]
 [ 0.00074416  0.00848468  0.02051708]
 [ 0.00048351  0.01950266  0.02169199]
 [ 0.0006799  -0.01591347  0.03492908]
 [-0.0007654   0.02430616 -0.0398764 ]
 [ 0.00077869 -0.06074572 -0.01085761]]
Forward pass...
Backwards pass...
Combining derivatives...
Epoch 12/100, Masses: [  8.90299836e-02  -4.82676963e-07  -7.73275839e-06   2.63493890e-06
   6.29369442e-05  -2.06682167e-08   3.93823736e-07   8.90410033e-07], 
Positions: 
[[ 0.          0.          0.        ]
 [ 0.00034614 -0.0034736   0.01097118]
 [-0.00023194 -0.00438518  0.01513433]
 [ 0.00074416  0.00848468  0.02051708]
 [ 0.00048351  0.01950266  0.02169199]
 [ 0.0006799  -0.01591347  0.03492908]
 [-0.0007654   0.02430616 -0.0398764 ]
 [ 0.00077869 -0.06074572 -0.01085761]]
Forward pass...
Backwards pass...
Combining derivatives...
Epoch 13/100, Masses: [  8.90339804e-02  -2.32751948e-07  -3.73755528e-06   2.50998889e-06
   7.09329454e-05   1.05817833e-08   4.39062518e-06   1.88921081e-06], 
Positions: 
[[ 0.          0.          0.        ]
 [ 0.00034614 -0.0034736   0.01097118]
 [-0.00023194 -0.00438518  0.01513433]
 [ 0.00074416  0.00848468  0.02051708]
 [ 0.00048351  0.01950266  0.02169199]
 [ 0.0006799  -0.01591347  0.03492908]
 [-0.0007654   0.02430616 -0.0398764 ]
 [ 0.00077869 -0.06074572 -0.01085761]]
Forward pass...
Backwards pass...
Combining derivatives...
Epoch 14/100, Masses: [  8.90419716e-02   1.71730671e-08   2.57647843e-07   2.26018880e-06
   8.69217499e-05  -5.04321672e-09   1.23818305e-05   3.88621321e-06], 
Positions: 
[[ 0.          0.          0.        ]
 [ 0.00034614 -0.0034736   0.01097118]
 [-0.00023194 -0.00438518  0.01513433]
 [ 0.00074416  0.00848468  0.02051708]
 [ 0.00048351  0.01950266  0.02169199]
 [ 0.0006799  -0.01591347  0.03492908]
 [-0.0007654   0.02430616 -0.0398764 ]
 [ 0.00077869 -0.06074572 -0.01085761]]
Forward pass...
Backwards pass...
Combining derivatives...
Epoch 15/100, Masses: [  8.90579492e-02  -1.07789440e-07  -1.73995372e-06   1.76078841e-06
   7.89273477e-05   2.76928328e-09   8.38622781e-06   7.87902005e-06], 
Positions: 
[[ 0.          0.          0.        ]
 [ 0.00034614 -0.0034736   0.01097118]
 [-0.00023194 -0.00438518  0.01513433]
 [ 0.00074416  0.00848468  0.02051708]
 [ 0.00048351  0.01950266  0.02169199]
 [ 0.0006799  -0.01591347  0.03492908]
 [-0.0007654   0.02430616 -0.0398764 ]
 [ 0.00077869 -0.06074572 -0.01085761]]
Forward pass...
Backwards pass...
Combining derivatives...
Epoch 16/100, Masses: [  8.90499604e-02  -4.53081866e-08  -7.41152937e-07   7.62387047e-07
   7.09329454e-05  -1.13696672e-09   4.39062518e-06   1.58622385e-05], 
Positions: 
[[ 0.          0.          0.        ]
 [ 0.00034614 -0.0034736   0.01097118]
 [-0.00023194 -0.00438518  0.01513433]
 [ 0.00074416  0.00848468  0.02051708]
 [ 0.00048351  0.01950266  0.02169199]
 [ 0.0006799  -0.01591347  0.03492908]
 [-0.0007654   0.02430616 -0.0398764 ]
 [ 0.00077869 -0.06074572 -0.01085761]]
Forward pass...
Backwards pass...
Combining derivatives...
Epoch 17/100, Masses: [  8.90419716e-02   1.71730671e-08   2.57647843e-07  -1.23361715e-06
   5.49489366e-05   8.16158276e-10  -3.59738442e-06   3.18238865e-05], 
Positions: 
[[ 0.          0.          0.        ]
 [ 0.00034614 -0.0034736   0.01097118]
 [-0.00023194 -0.00438518  0.01513433]
 [ 0.00074416  0.00848468  0.02051708]
 [ 0.00048351  0.01950266  0.02169199]
 [ 0.0006799  -0.01591347  0.03492908]
 [-0.0007654   0.02430616 -0.0398764 ]
 [ 0.00077869 -0.06074572 -0.01085761]]
Forward pass...
Backwards pass...
Combining derivatives...
Epoch 18/100, Masses: [  8.90459660e-02  -1.40675598e-08  -2.41752547e-07  -2.35615052e-07
   2.29905075e-05  -1.60404224e-10   3.96620378e-07   6.37376073e-05], 
Positions: 
[[ 0.          0.          0.        ]
 [ 0.00034614 -0.0034736   0.01097118]
 [-0.00023194 -0.00438518  0.01513433]
 [ 0.00074416  0.00848468  0.02051708]
 [ 0.00048351  0.01950266  0.02169199]
 [ 0.0006799  -0.01591347  0.03492908]
 [-0.0007654   0.02430616 -0.0398764 ]
 [ 0.00077869 -0.06074572 -0.01085761]]
Forward pass...
Backwards pass...
Combining derivatives...
Epoch 19/100, Masses: [  8.90439688e-02   1.55275368e-09   7.94764820e-09   7.62387047e-07
  -4.09071795e-05   3.27877026e-10  -1.60038202e-06   1.27545905e-04], 
Positions: 
[[ 0.          0.          0.        ]
 [ 0.00034614 -0.0034736   0.01097118]
 [-0.00023194 -0.00438518  0.01513433]
 [ 0.00074416  0.00848468  0.02051708]
 [ 0.00048351  0.01950266  0.02169199]
 [ 0.0006799  -0.01591347  0.03492908]
 [-0.0007654   0.02430616 -0.0398764 ]
 [ 0.00077869 -0.06074572 -0.01085761]]
Forward pass...
Backwards pass...
Combining derivatives...
Epoch 20/100, Masses: [  8.90419716e-02   1.71730671e-08   2.57647843e-07   2.75739354e-06
  -8.95833596e-06   8.16158276e-10  -6.01880821e-07   2.55124222e-04], 
Positions: 
[[ 0.          0.          0.        ]
 [ 0.00034614 -0.0034736   0.01097118]
 [-0.00023194 -0.00438518  0.01513433]
 [ 0.00074416  0.00848468  0.02051708]
 [ 0.00048351  0.01950266  0.02169199]
 [ 0.0006799  -0.01591347  0.03492908]
 [-0.0007654   0.02430616 -0.0398764 ]
 [ 0.00077869 -0.06074572 -0.01085761]]
Forward pass...
Backwards pass...
Combining derivatives...
Epoch 21/100, Masses: [  8.90429702e-02   4.83949562e-08   7.56748698e-07   6.74541212e-06
   2.29905075e-05   5.72017651e-10   3.96620378e-07   5.10204325e-04], 
Positions: 
[[ 0.          0.          0.        ]
 [ 0.00034614 -0.0034736   0.01097118]
 [-0.00023194 -0.00438518  0.01513433]
 [ 0.00074416  0.00848468  0.02051708]
 [ 0.00048351  0.01950266  0.02169199]
 [ 0.0006799  -0.01591347  0.03492908]
 [-0.0007654   0.02430616 -0.0398764 ]
 [ 0.00077869 -0.06074572 -0.01085761]]
Forward pass...
Backwards pass...
Combining derivatives...
Epoch 22/100, Masses: [  8.90439688e-02   1.10801281e-07   1.75435169e-06   1.47174625e-05
   8.68626418e-05   3.27877026e-10  -1.02630222e-07   1.02021151e-03], 
Positions: 
[[ 0.          0.          0.        ]
 [ 0.00034614 -0.0034736   0.01097118]
 [-0.00023194 -0.00438518  0.01513433]
 [ 0.00074416  0.00848468  0.02051708]
 [ 0.00048351  0.01950266  0.02169199]
 [ 0.0006799  -0.01591347  0.03492908]
 [-0.0007654   0.02430616 -0.0398764 ]
 [ 0.00077869 -0.06074572 -0.01085761]]
Forward pass...
Backwards pass...
Combining derivatives...
Epoch 23/100, Masses: [  8.90459648e-02   7.95981187e-08   1.25555020e-06   3.06535935e-05
   2.14555826e-04  -1.60111358e-10   1.46995078e-07   2.03991995e-03], 
Positions: 
[[ 0.          0.          0.        ]
 [ 0.00034614 -0.0034736   0.01097118]
 [-0.00023194 -0.00438518  0.01513433]
 [ 0.00074416  0.00848468  0.02051708]
 [ 0.00048351  0.01950266  0.02169199]
 [ 0.0006799  -0.01591347  0.03492908]
 [-0.0007654   0.02430616 -0.0398764 ]
 [ 0.00077869 -0.06074572 -0.01085761]]
Forward pass...
Backwards pass...
Combining derivatives...
Epoch 24/100, Masses: [  8.90499544e-02   4.83949562e-08   7.56748698e-07   2.26855280e-05
   1.50709234e-04   8.38828343e-11   2.21824281e-08   1.53006573e-03], 
Positions: 
[[ 0.          0.          0.        ]
 [ 0.00034614 -0.0034736   0.01097118]
 [-0.00023194 -0.00438518  0.01513433]
 [ 0.00074416  0.00848468  0.02051708]
 [ 0.00048351  0.01950266  0.02169199]
 [ 0.0006799  -0.01591347  0.03492908]
 [-0.0007654   0.02430616 -0.0398764 ]
 [ 0.00077869 -0.06074572 -0.01085761]]
Forward pass...
Backwards pass...
Combining derivatives...
Epoch 25/100, Masses: [  8.90579289e-02  -1.39677018e-08  -2.40156257e-07   1.47174625e-05
   1.82632530e-04  -3.81142617e-11  -1.02630222e-07   1.02021151e-03], 
Positions: 
[[ 0.          0.          0.        ]
 [ 0.00034614 -0.0034736   0.01097118]
 [-0.00023194 -0.00438518  0.01513433]
 [ 0.00074416  0.00848468  0.02051708]
 [ 0.00048351  0.01950266  0.02169199]
 [ 0.0006799  -0.01591347  0.03492908]
 [-0.0007654   0.02430616 -0.0398764 ]
 [ 0.00077869 -0.06074572 -0.01085761]]
Forward pass...
Backwards pass...
Combining derivatives...
Epoch 26/100, Masses: [  8.90539417e-02   1.72136272e-08   2.58296220e-07  -1.20911022e-06
   1.66670882e-04   2.28842863e-11  -4.02238968e-08   1.27513862e-03], 
Positions: 
[[ 0.          0.          0.        ]
 [ 0.00034614 -0.0034736   0.01097118]
 [-0.00023194 -0.00438518  0.01513433]
 [ 0.00074416  0.00848468  0.02051708]
 [ 0.00048351  0.01950266  0.02169199]
 [ 0.0006799  -0.01591347  0.03492908]
 [-0.0007654   0.02430616 -0.0398764 ]
 [ 0.00077869 -0.06074572 -0.01085761]]
Forward pass...
Backwards pass...
Combining derivatives...
Epoch 27/100, Masses: [  8.90559353e-02   1.62296268e-09   9.06998163e-09   6.75417612e-06
   1.50709234e-04  -7.61498769e-12   2.21824281e-08   1.53006573e-03], 
Positions: 
[[ 0.          0.          0.        ]
 [ 0.00034614 -0.0034736   0.01097118]
 [-0.00023194 -0.00438518  0.01513433]
 [ 0.00074416  0.00848468  0.02051708]
 [ 0.00048351  0.01950266  0.02169199]
 [ 0.0006799  -0.01591347  0.03492908]
 [-0.0007654   0.02430616 -0.0398764 ]
 [ 0.00077869 -0.06074572 -0.01085761]]
Forward pass...
Backwards pass...
Combining derivatives...
Epoch 28/100, Masses: [  8.90579289e-02  -1.39677018e-08  -2.40156257e-07   1.47174625e-05
   1.58690058e-04   7.63464931e-12  -9.02073433e-09   1.40260218e-03], 
Positions: 
[[ 0.          0.          0.        ]
 [ 0.00034614 -0.0034736   0.01097118]
 [-0.00023194 -0.00438518  0.01513433]
 [ 0.00074416  0.00848468  0.02051708]
 [ 0.00048351  0.01950266  0.02169199]
 [ 0.0006799  -0.01591347  0.03492908]
 [-0.0007654   0.02430616 -0.0398764 ]
 [ 0.00077869 -0.06074572 -0.01085761]]
Forward pass...
Backwards pass...
Combining derivatives...
Epoch 29/100, Masses: [  8.90619133e-02  -6.17236957e-09  -1.15543138e-07   1.07358193e-05
   1.54699646e-04   9.83081020e-15   6.58084691e-09   1.27513862e-03], 
Positions: 
[[ 0.          0.          0.        ]
 [ 0.00034614 -0.0034736   0.01097118]
 [-0.00023194 -0.00438518  0.01513433]
 [ 0.00074416  0.00848468  0.02051708]
 [ 0.00048351  0.01950266  0.02169199]
 [ 0.0006799  -0.01591347  0.03492908]
 [-0.0007654   0.02430616 -0.0398764 ]
 [ 0.00077869 -0.06074572 -0.01085761]]
Forward pass...
Backwards pass...
Combining derivatives...
Epoch 30/100, Masses: [  8.90698766e-02   1.62296268e-09   9.06998163e-09   1.27266409e-05
   1.50709234e-04  -7.61498769e-12  -1.21994371e-09   1.33887040e-03], 
Positions: 
[[ 0.          0.          0.        ]
 [ 0.00034614 -0.0034736   0.01097118]
 [-0.00023194 -0.00438518  0.01513433]
 [ 0.00074416  0.00848468  0.02051708]
 [ 0.00048351  0.01950266  0.02169199]
 [ 0.0006799  -0.01591347  0.03492908]
 [-0.0007654   0.02430616 -0.0398764 ]
 [ 0.00077869 -0.06074572 -0.01085761]]
Forward pass...
Backwards pass...
Combining derivatives...
Epoch 31/100, Masses: [  8.90658950e-02  -2.27470345e-09  -5.32365780e-08   1.47174625e-05
   1.42733197e-04  -3.80257844e-12   2.68045160e-09   1.40260218e-03], 
Positions: 
[[ 0.          0.          0.        ]
 [ 0.00034614 -0.0034736   0.01097118]
 [-0.00023194 -0.00438518  0.01513433]
 [ 0.00074416  0.00848468  0.02051708]
 [ 0.00048351  0.01950266  0.02169199]
 [ 0.0006799  -0.01591347  0.03492908]
 [-0.0007654   0.02430616 -0.0398764 ]
 [ 0.00077869 -0.06074572 -0.01085761]]
Forward pass...
Backwards pass...
Combining derivatives...
Epoch 32/100, Masses: [  8.90678858e-02  -3.25870387e-10  -2.20832982e-08   1.86959217e-05
   1.26790690e-04   9.83081020e-15   7.30253945e-10   1.37073629e-03], 
Positions: 
[[ 0.          0.          0.        ]
 [ 0.00034614 -0.0034736   0.01097118]
 [-0.00023194 -0.00438518  0.01513433]
 [ 0.00074416  0.00848468  0.02051708]
 [ 0.00048351  0.01950266  0.02169199]
 [ 0.0006799  -0.01591347  0.03492908]
 [-0.0007654   0.02430616 -0.0398764 ]
 [ 0.00077869 -0.06074572 -0.01085761]]
Forward pass...
Backwards pass...
Combining derivatives...
Epoch 33/100, Masses: [  8.90668904e-02   1.62296268e-09   9.06998163e-09   2.66464777e-05
   1.34761943e-04  -1.89637381e-12  -1.21994371e-09   1.38666923e-03], 
Positions: 
[[ 0.          0.          0.        ]
 [ 0.00034614 -0.0034736   0.01097118]
 [-0.00023194 -0.00438518  0.01513433]
 [ 0.00074416  0.00848468  0.02051708]
 [ 0.00048351  0.01950266  0.02169199]
 [ 0.0006799  -0.01591347  0.03492908]
 [-0.0007654   0.02430616 -0.0398764 ]
 [ 0.00077869 -0.06074572 -0.01085761]]
Forward pass...
Backwards pass...
Combining derivatives...
Epoch 34/100, Masses: [  8.90673881e-02   6.48546144e-10  -6.50665829e-09   4.25348743e-05
   1.30776317e-04  -9.43271502e-13  -2.44844883e-10   1.37870276e-03], 
Positions: 
[[ 0.          0.          0.        ]
 [ 0.00034614 -0.0034736   0.01097118]
 [-0.00023194 -0.00438518  0.01513433]
 [ 0.00074416  0.00848468  0.02051708]
 [ 0.00048351  0.01950266  0.02169199]
 [ 0.0006799  -0.01591347  0.03492908]
 [-0.0007654   0.02430616 -0.0398764 ]
 [ 0.00077869 -0.06074572 -0.01085761]]
Forward pass...
Backwards pass...
Combining derivatives...
Epoch 35/100, Masses: [  8.90678858e-02  -3.25870387e-10   1.28166167e-09   7.42862576e-05
   1.26790690e-04   9.83081020e-15   7.30253945e-10   1.37073629e-03], 
Positions: 
[[ 0.          0.          0.        ]
 [ 0.00034614 -0.0034736   0.01097118]
 [-0.00023194 -0.00438518  0.01513433]
 [ 0.00074416  0.00848468  0.02051708]
 [ 0.00048351  0.01950266  0.02169199]
 [ 0.0006799  -0.01591347  0.03492908]
 [-0.0007654   0.02430616 -0.0398764 ]
 [ 0.00077869 -0.06074572 -0.01085761]]
Forward pass...
Backwards pass...
Combining derivatives...
Epoch 36/100, Masses: [  8.90688804e-02   1.61337879e-10  -2.61249831e-09   1.37738245e-04
   1.18825015e-04  -4.66720346e-13   2.42704531e-10   1.35481608e-03], 
Positions: 
[[ 0.          0.          0.        ]
 [ 0.00034614 -0.0034736   0.01097118]
 [-0.00023194 -0.00438518  0.01513433]
 [ 0.00074416  0.00848468  0.02051708]
 [ 0.00048351  0.01950266  0.02169199]
 [ 0.0006799  -0.01591347  0.03492908]
 [-0.0007654   0.02430616 -0.0398764 ]
 [ 0.00077869 -0.06074572 -0.01085761]]
Forward pass...
Backwards pass...
Combining derivatives...
Epoch 37/100, Masses: [  8.90708680e-02  -8.22662543e-11  -6.65418319e-10   1.06012251e-04
   1.02904811e-04  -2.28444768e-13  -2.44844883e-10   1.32300114e-03], 
Positions: 
[[ 0.          0.          0.        ]
 [ 0.00034614 -0.0034736   0.01097118]
 [-0.00023194 -0.00438518  0.01513433]
 [ 0.00074416  0.00848468  0.02051708]
 [ 0.00048351  0.01950266  0.02169199]
 [ 0.0006799  -0.01591347  0.03492908]
 [-0.0007654   0.02430616 -0.0398764 ]
 [ 0.00077869 -0.06074572 -0.01085761]]
Forward pass...
Backwards pass...
Combining derivatives...
Epoch 38/100, Masses: [  8.90748401e-02   3.95358121e-11   1.28166167e-09   1.21875248e-04
   7.10866830e-05   9.83081020e-15  -1.07017603e-12   1.25942212e-03], 
Positions: 
[[ 0.          0.          0.        ]
 [ 0.00034614 -0.0034736   0.01097118]
 [-0.00023194 -0.00438518  0.01513433]
 [ 0.00074416  0.00848468  0.02051708]
 [ 0.00048351  0.01950266  0.02169199]
 [ 0.0006799  -0.01591347  0.03492908]
 [-0.0007654   0.02430616 -0.0398764 ]
 [ 0.00077869 -0.06074572 -0.01085761]]
Forward pass...
Backwards pass...
Combining derivatives...
Epoch 39/100, Masses: [  8.90827780e-02  -2.13652211e-11   3.08121676e-10   1.37738245e-04
   7.49495467e-06  -1.09306979e-13   2.42704531e-10   1.29121163e-03], 
Positions: 
[[ 0.          0.          0.        ]
 [ 0.00034614 -0.0034736   0.01097118]
 [-0.00023194 -0.00438518  0.01513433]
 [ 0.00074416  0.00848468  0.02051708]
 [ 0.00048351  0.01950266  0.02169199]
 [ 0.0006799  -0.01591347  0.03492908]
 [-0.0007654   0.02430616 -0.0398764 ]
 [ 0.00077869 -0.06074572 -0.01085761]]
Forward pass...
Backwards pass...
Combining derivatives...
Epoch 40/100, Masses: [  8.90986410e-02   9.08529554e-12  -6.65418319e-10   1.69435699e-04
   3.92908188e-05  -4.97380843e-14   1.20817177e-10   1.32300114e-03], 
Positions: 
[[ 0.          0.          0.        ]
 [ 0.00034614 -0.0034736   0.01097118]
 [-0.00023194 -0.00438518  0.01513433]
 [ 0.00074416  0.00848468  0.02051708]
 [ 0.00048351  0.01950266  0.02169199]
 [ 0.0006799  -0.01591347  0.03492908]
 [-0.0007654   0.02430616 -0.0398764 ]
 [ 0.00077869 -0.06074572 -0.01085761]]
Forward pass...
Backwards pass...
Combining derivatives...
Epoch 41/100, Masses: [  8.90907095e-02  -6.13996277e-12  -1.78648321e-10   2.32773581e-04
   2.33928867e-05   9.83081020e-15  -1.07017603e-12   1.30710638e-03], 
Positions: 
[[ 0.          0.          0.        ]
 [ 0.00034614 -0.0034736   0.01097118]
 [-0.00023194 -0.00438518  0.01513433]
 [ 0.00074416  0.00848468  0.02051708]
 [ 0.00048351  0.01950266  0.02169199]
 [ 0.0006799  -0.01591347  0.03492908]
 [-0.0007654   0.02430616 -0.0398764 ]
 [ 0.00077869 -0.06074572 -0.01085761]]
Forward pass...
Backwards pass...
Combining derivatives...
Epoch 42/100, Masses: [  8.90946752e-02   1.47266639e-12   3.08121676e-10   3.59335394e-04
   7.49495467e-06  -1.99536371e-14   5.98735007e-11   1.29121163e-03], 
Positions: 
[[ 0.          0.          0.        ]
 [ 0.00034614 -0.0034736   0.01097118]
 [-0.00023194 -0.00438518  0.01513433]
 [ 0.00074416  0.00848468  0.02051708]
 [ 0.00048351  0.01950266  0.02169199]
 [ 0.0006799  -0.01591347  0.03492908]
 [-0.0007654   0.02430616 -0.0398764 ]
 [ 0.00077869 -0.06074572 -0.01085761]]
Forward pass...
Backwards pass...
Combining derivatives...
Epoch 43/100, Masses: [  8.90986410e-02  -2.33364819e-12   6.47366774e-11   6.12231323e-04
  -2.42754842e-05  -5.06141343e-15   2.94016623e-11   1.25945390e-03], 
Positions: 
[[ 0.          0.          0.        ]
 [ 0.00034614 -0.0034736   0.01097118]
 [-0.00023194 -0.00438518  0.01513433]
 [ 0.00074416  0.00848468  0.02051708]
 [ 0.00048351  0.01950266  0.02169199]
 [ 0.0006799  -0.01591347  0.03492908]
 [-0.0007654   0.02430616 -0.0398764 ]
 [ 0.00077869 -0.06074572 -0.01085761]]
Forward pass...
Backwards pass...
Combining derivatives...
Epoch 44/100, Masses: [  8.91065653e-02  -4.30490902e-13   1.86429177e-10   4.85783359e-04
  -8.39026477e-06   9.83081020e-15   4.46375815e-11   1.27533276e-03], 
Positions: 
[[ 0.          0.          0.        ]
 [ 0.00034614 -0.0034736   0.01097118]
 [-0.00023194 -0.00438518  0.01513433]
 [ 0.00074416  0.00848468  0.02051708]
 [ 0.00048351  0.01950266  0.02169199]
 [ 0.0006799  -0.01591347  0.03492908]
 [-0.0007654   0.02430616 -0.0398764 ]
 [ 0.00077869 -0.06074572 -0.01085761]]
Forward pass...
Backwards pass...
Combining derivatives...
Epoch 45/100, Masses: [  8.91223998e-02   1.47266639e-12   3.08121676e-10   5.49007341e-04
   7.49495467e-06   3.95795393e-14   3.70196219e-11   1.29121163e-03], 
Positions: 
[[ 0.          0.          0.        ]
 [ 0.00034614 -0.0034736   0.01097118]
 [-0.00023194 -0.00438518  0.01513433]
 [ 0.00074416  0.00848468  0.02051708]
 [ 0.00048351  0.01950266  0.02169199]
 [ 0.0006799  -0.01591347  0.03492908]
 [-0.0007654   0.02430616 -0.0398764 ]
 [ 0.00077869 -0.06074572 -0.01085761]]
Forward pass...
Backwards pass...
Combining derivatives...
Epoch 46/100, Masses: [  8.91540403e-02   5.21087741e-13   5.51166191e-10   5.17395350e-04
   3.92368145e-05   9.90056470e-14   4.08286017e-11   1.32293445e-03], 
Positions: 
[[ 0.          0.          0.        ]
 [ 0.00034614 -0.0034736   0.01097118]
 [-0.00023194 -0.00438518  0.01513433]
 [ 0.00074416  0.00848468  0.02051708]
 [ 0.00048351  0.01950266  0.02169199]
 [ 0.0006799  -0.01591347  0.03492908]
 [-0.0007654   0.02430616 -0.0398764 ]
 [ 0.00077869 -0.06074572 -0.01085761]]
Forward pass...
Backwards pass...
Combining derivatives...
Epoch 47/100, Masses: [  8.91382200e-02  -4.30490902e-13   4.29643934e-10   4.85783359e-04
   1.02663427e-04   2.17715332e-13   4.46375815e-11   1.38631035e-03], 
Positions: 
[[ 0.          0.          0.        ]
 [ 0.00034614 -0.0034736   0.01097118]
 [-0.00023194 -0.00438518  0.01513433]
 [ 0.00074416  0.00848468  0.02051708]
 [ 0.00048351  0.01950266  0.02169199]
 [ 0.0006799  -0.01591347  0.03492908]
 [-0.0007654   0.02430616 -0.0398764 ]
 [ 0.00077869 -0.06074572 -0.01085761]]
Forward pass...
Backwards pass...
Combining derivatives...
Epoch 48/100, Masses: [  8.91223998e-02   4.52984194e-14   3.08121676e-10   4.22622566e-04
   2.29402542e-04   4.54849985e-13   5.22456447e-11   1.35462240e-03], 
Positions: 
[[ 0.          0.          0.        ]
 [ 0.00034614 -0.0034736   0.01097118]
 [-0.00023194 -0.00438518  0.01513433]
 [ 0.00074416  0.00848468  0.02051708]
 [ 0.00048351  0.01950266  0.02169199]
 [ 0.0006799  -0.01591347  0.03492908]
 [-0.0007654   0.02430616 -0.0398764 ]
 [ 0.00077869 -0.06074572 -0.01085761]]
Forward pass...
Backwards pass...
Combining derivatives...
Epoch 49/100, Masses: [  8.90907910e-02   5.21087741e-13   3.68882805e-10   2.96427232e-04
   4.82652755e-04   3.36282659e-13   6.74420039e-11   1.32293445e-03], 
Positions: 
[[ 0.          0.          0.        ]
 [ 0.00034614 -0.0034736   0.01097118]
 [-0.00023194 -0.00438518  0.01513433]
 [ 0.00074416  0.00848468  0.02051708]
 [ 0.00048351  0.01950266  0.02169199]
 [ 0.0006799  -0.01591347  0.03492908]
 [-0.0007654   0.02430616 -0.0398764 ]
 [ 0.00077869 -0.06074572 -0.01085761]]
Forward pass...
Backwards pass...
Combining derivatives...
Epoch 50/100, Masses: [  8.90276365e-02   1.47133517e-12   3.38502240e-10   3.59524899e-04
   3.56027648e-04   2.17715332e-13   9.77952394e-11   1.33877843e-03], 
Positions: 
[[ 0.          0.          0.        ]
 [ 0.00034614 -0.0034736   0.01097118]
 [-0.00023194 -0.00438518  0.01513433]
 [ 0.00074416  0.00848468  0.02051708]
 [ 0.00048351  0.01950266  0.02169199]
 [ 0.0006799  -0.01591347  0.03492908]
 [-0.0007654   0.02430616 -0.0398764 ]
 [ 0.00077869 -0.06074572 -0.01085761]]
Forward pass...
Backwards pass...
Combining derivatives...
Epoch 51/100, Masses: [  8.90592137e-02   3.36917134e-12   3.08121676e-10   4.22622566e-04
   2.29402542e-04  -1.91112609e-14   8.26186217e-11   1.33085644e-03], 
Positions: 
[[ 0.          0.          0.        ]
 [ 0.00034614 -0.0034736   0.01097118]
 [-0.00023194 -0.00438518  0.01513433]
 [ 0.00074416  0.00848468  0.02051708]
 [ 0.00048351  0.01950266  0.02169199]
 [ 0.0006799  -0.01591347  0.03492908]
 [-0.0007654   0.02430616 -0.0398764 ]
 [ 0.00077869 -0.06074572 -0.01085761]]
Forward pass...
Backwards pass...
Combining derivatives...
Epoch 52/100, Masses: [  8.90434251e-02   7.15953371e-12   3.23311958e-10   3.91073732e-04
   2.92715095e-04   9.93020358e-14   9.02069306e-11   1.33481743e-03], 
Positions: 
[[ 0.          0.          0.        ]
 [ 0.00034614 -0.0034736   0.01097118]
 [-0.00023194 -0.00438518  0.01513433]
 [ 0.00074416  0.00848468  0.02051708]
 [ 0.00048351  0.01950266  0.02169199]
 [ 0.0006799  -0.01591347  0.03492908]
 [-0.0007654   0.02430616 -0.0398764 ]
 [ 0.00077869 -0.06074572 -0.01085761]]
Forward pass...
Backwards pass...
Combining derivatives...
Epoch 53/100, Masses: [  8.90513194e-02   1.47296534e-11   3.15716817e-10   4.06848149e-04
   3.56027648e-04   4.00953875e-14   8.64127761e-11   1.33283694e-03], 
Positions: 
[[ 0.          0.          0.        ]
 [ 0.00034614 -0.0034736   0.01097118]
 [-0.00023194 -0.00438518  0.01513433]
 [ 0.00074416  0.00848468  0.02051708]
 [ 0.00048351  0.01950266  0.02169199]
 [ 0.0006799  -0.01591347  0.03492908]
 [-0.0007654   0.02430616 -0.0398764 ]
 [ 0.00077869 -0.06074572 -0.01085761]]
Forward pass...
Backwards pass...
Combining derivatives...
Epoch 54/100, Masses: [  8.90592137e-02   2.98487123e-11   3.08121676e-10   4.22622566e-04
   3.24371372e-04  -1.91112609e-14   8.83098533e-11   1.33382718e-03], 
Positions: 
[[ 0.          0.          0.        ]
 [ 0.00034614 -0.0034736   0.01097118]
 [-0.00023194 -0.00438518  0.01513433]
 [ 0.00074416  0.00848468  0.02051708]
 [ 0.00048351  0.01950266  0.02169199]
 [ 0.0006799  -0.01591347  0.03492908]
 [-0.0007654   0.02430616 -0.0398764 ]
 [ 0.00077869 -0.06074572 -0.01085761]]
Forward pass...
Backwards pass...
Combining derivatives...
Epoch 55/100, Masses: [  8.90749850e-02   6.00445286e-11   2.92957194e-10   4.54133565e-04
   2.92715095e-04   1.04920633e-14   9.02069306e-11   1.33481743e-03], 
Positions: 
[[ 0.          0.          0.        ]
 [ 0.00034614 -0.0034736   0.01097118]
 [-0.00023194 -0.00438518  0.01513433]
 [ 0.00074416  0.00848468  0.02051708]
 [ 0.00048351  0.01950266  0.02169199]
 [ 0.0006799  -0.01591347  0.03492908]
 [-0.0007654   0.02430616 -0.0398764 ]
 [ 0.00077869 -0.06074572 -0.01085761]]
Forward pass...
Backwards pass...
Combining derivatives...
Epoch 56/100, Masses: [  8.90670994e-02   1.20351676e-10   2.62679743e-10   5.17079987e-04
   2.29478468e-04  -4.30959879e-15   9.39957772e-11   1.33679536e-03], 
Positions: 
[[ 0.          0.          0.        ]
 [ 0.00034614 -0.0034736   0.01097118]
 [-0.00023194 -0.00438518  0.01513433]
 [ 0.00074416  0.00848468  0.02051708]
 [ 0.00048351  0.01950266  0.02169199]
 [ 0.0006799  -0.01591347  0.03492908]
 [-0.0007654   0.02430616 -0.0398764 ]
 [ 0.00077869 -0.06074572 -0.01085761]]
Forward pass...
Backwards pass...
Combining derivatives...
Epoch 57/100, Masses: [  8.90592137e-02   2.40797238e-10   2.77818469e-10   6.42821857e-04
   1.03156882e-04   3.09123226e-15   9.21013539e-11   1.34074606e-03], 
Positions: 
[[ 0.          0.          0.        ]
 [ 0.00034614 -0.0034736   0.01097118]
 [-0.00023194 -0.00438518  0.01513433]
 [ 0.00074416  0.00848468  0.02051708]
 [ 0.00048351  0.01950266  0.02169199]
 [ 0.0006799  -0.01591347  0.03492908]
 [-0.0007654   0.02430616 -0.0398764 ]
 [ 0.00077869 -0.06074572 -0.01085761]]
Forward pass...
Backwards pass...
Combining derivatives...
Epoch 58/100, Masses: [  8.90434614e-02   1.80574457e-10   2.70249106e-10   5.79950922e-04
   1.66317675e-04   1.04920633e-14   9.02069306e-11   1.33877071e-03], 
Positions: 
[[ 0.          0.          0.        ]
 [ 0.00034614 -0.0034736   0.01097118]
 [-0.00023194 -0.00438518  0.01513433]
 [ 0.00074416  0.00848468  0.02051708]
 [ 0.00048351  0.01950266  0.02169199]
 [ 0.0006799  -0.01591347  0.03492908]
 [-0.0007654   0.02430616 -0.0398764 ]
 [ 0.00077869 -0.06074572 -0.01085761]]
Forward pass...
Backwards pass...
Combining derivatives...
Epoch 59/100, Masses: [  8.90119945e-02   1.20351676e-10   2.62679743e-10   5.17079987e-04
   2.29478468e-04   2.52715406e-14   9.11541422e-11   1.33679536e-03], 
Positions: 
[[ 0.          0.          0.        ]
 [ 0.00034614 -0.0034736   0.01097118]
 [-0.00023194 -0.00438518  0.01513433]
 [ 0.00074416  0.00848468  0.02051708]
 [ 0.00048351  0.01950266  0.02169199]
 [ 0.0006799  -0.01591347  0.03492908]
 [-0.0007654   0.02430616 -0.0398764 ]
 [ 0.00077869 -0.06074572 -0.01085761]]
Forward pass...
Backwards pass...
Combining derivatives...
Epoch 60/100, Masses: [  8.89491361e-02   1.50463067e-10   2.66464424e-10   5.48515454e-04
   3.55635950e-04   1.78818020e-14   9.06805364e-11   1.33778303e-03], 
Positions: 
[[ 0.          0.          0.        ]
 [ 0.00034614 -0.0034736   0.01097118]
 [-0.00023194 -0.00438518  0.01513433]
 [ 0.00074416  0.00848468  0.02051708]
 [ 0.00048351  0.01950266  0.02169199]
 [ 0.0006799  -0.01591347  0.03492908]
 [-0.0007654   0.02430616 -0.0398764 ]
 [ 0.00077869 -0.06074572 -0.01085761]]
Forward pass...
Backwards pass...
Combining derivatives...
Epoch 61/100, Masses: [  8.88235701e-02   1.80574457e-10   2.64572084e-10   5.79950922e-04
   2.92557209e-04   1.04920633e-14   9.02069306e-11   1.33728919e-03], 
Positions: 
[[ 0.          0.          0.        ]
 [ 0.00034614 -0.0034736   0.01097118]
 [-0.00023194 -0.00438518  0.01513433]
 [ 0.00074416  0.00848468  0.02051708]
 [ 0.00048351  0.01950266  0.02169199]
 [ 0.0006799  -0.01591347  0.03492908]
 [-0.0007654   0.02430616 -0.0398764 ]
 [ 0.00077869 -0.06074572 -0.01085761]]
Forward pass...
Backwards pass...
Combining derivatives...
Epoch 62/100, Masses: [  8.88863531e-02   2.40700963e-10   2.65518254e-10   5.64233188e-04
   3.24096580e-04  -4.26378697e-15   8.92612332e-11   1.33679536e-03], 
Positions: 
[[ 0.          0.          0.        ]
 [ 0.00034614 -0.0034736   0.01097118]
 [-0.00023194 -0.00438518  0.01513433]
 [ 0.00074416  0.00848468  0.02051708]
 [ 0.00048351  0.01950266  0.02169199]
 [ 0.0006799  -0.01591347  0.03492908]
 [-0.0007654   0.02430616 -0.0398764 ]
 [ 0.00077869 -0.06074572 -0.01085761]]
Forward pass...
Backwards pass...
Combining derivatives...
Epoch 63/100, Masses: [  8.88549616e-02   3.60761734e-10   2.65045169e-10   5.48515454e-04
   3.08326894e-04   3.11413816e-15   8.73728620e-11   1.33580916e-03], 
Positions: 
[[ 0.          0.          0.        ]
 [ 0.00034614 -0.0034736   0.01097118]
 [-0.00023194 -0.00438518  0.01513433]
 [ 0.00074416  0.00848468  0.02051708]
 [ 0.00048351  0.01950266  0.02169199]
 [ 0.0006799  -0.01591347  0.03492908]
 [-0.0007654   0.02430616 -0.0398764 ]
 [ 0.00077869 -0.06074572 -0.01085761]]
Forward pass...
Backwards pass...
Combining derivatives...
Epoch 64/100, Masses: [  8.88706574e-02   6.00499409e-10   2.65281712e-10   5.17127102e-04
   3.16211737e-04  -5.74824402e-16   8.36021574e-11   1.33383972e-03], 
Positions: 
[[ 0.          0.          0.        ]
 [ 0.00034614 -0.0034736   0.01097118]
 [-0.00023194 -0.00438518  0.01513433]
 [ 0.00074416  0.00848468  0.02051708]
 [ 0.00048351  0.01950266  0.02169199]
 [ 0.0006799  -0.01591347  0.03492908]
 [-0.0007654   0.02430616 -0.0398764 ]
 [ 0.00077869 -0.06074572 -0.01085761]]
Forward pass...
Backwards pass...
Combining derivatives...
Epoch 65/100, Masses: [  8.88863531e-02   1.07920825e-09   2.65518254e-10   4.54444488e-04
   3.24096580e-04   1.26965688e-15   7.60728041e-11   1.32990675e-03], 
Positions: 
[[ 0.          0.          0.        ]
 [ 0.00034614 -0.0034736   0.01097118]
 [-0.00023194 -0.00438518  0.01513433]
 [ 0.00074416  0.00848468  0.02051708]
 [ 0.00048351  0.01950266  0.02169199]
 [ 0.0006799  -0.01591347  0.03492908]
 [-0.0007654   0.02430616 -0.0398764 ]
 [ 0.00077869 -0.06074572 -0.01085761]]
Forward pass...
Backwards pass...
Combining derivatives...
Epoch 66/100, Masses: [  8.89177038e-02   8.39853828e-10   2.65399983e-10   4.85785795e-04
   3.20154158e-04   3.47416240e-16   6.10381711e-11   1.32205260e-03], 
Positions: 
[[ 0.          0.          0.        ]
 [ 0.00034614 -0.0034736   0.01097118]
 [-0.00023194 -0.00438518  0.01513433]
 [ 0.00074416  0.00848468  0.02051708]
 [ 0.00048351  0.01950266  0.02169199]
 [ 0.0006799  -0.01591347  0.03492908]
 [-0.0007654   0.02430616 -0.0398764 ]
 [ 0.00077869 -0.06074572 -0.01085761]]
Forward pass...
Backwards pass...
Combining derivatives...
Epoch 67/100, Masses: [  8.89803238e-02   9.59531038e-10   2.65459118e-10   4.70115142e-04
   3.16211737e-04  -5.74824402e-16   3.10169750e-11   1.30636783e-03], 
Positions: 
[[ 0.          0.          0.        ]
 [ 0.00034614 -0.0034736   0.01097118]
 [-0.00023194 -0.00438518  0.01513433]
 [ 0.00074416  0.00848468  0.02051708]
 [ 0.00048351  0.01950266  0.02169199]
 [ 0.0006799  -0.01591347  0.03492908]
 [-0.0007654   0.02430616 -0.0398764 ]
 [ 0.00077869 -0.06074572 -0.01085761]]
Forward pass...
Backwards pass...
Combining derivatives...
Epoch 68/100, Masses: [  8.91054010e-02   8.99692433e-10   2.65429551e-10   4.77950468e-04
   3.08338712e-04  -1.13704081e-16   4.60275730e-11   1.27504533e-03], 
Positions: 
[[ 0.          0.          0.        ]
 [ 0.00034614 -0.0034736   0.01097118]
 [-0.00023194 -0.00438518  0.01513433]
 [ 0.00074416  0.00848468  0.02051708]
 [ 0.00048351  0.01950266  0.02169199]
 [ 0.0006799  -0.01591347  0.03492908]
 [-0.0007654   0.02430616 -0.0398764 ]
 [ 0.00077869 -0.06074572 -0.01085761]]
Forward pass...
Backwards pass...
Combining derivatives...
Epoch 69/100, Masses: [  8.93552305e-02   9.29611736e-10   2.65399983e-10   4.85785795e-04
   2.92616263e-04   3.47416240e-16   6.10381711e-11   1.21249420e-03], 
Positions: 
[[ 0.          0.          0.        ]
 [ 0.00034614 -0.0034736   0.01097118]
 [-0.00023194 -0.00438518  0.01513433]
 [ 0.00074416  0.00848468  0.02051708]
 [ 0.00048351  0.01950266  0.02169199]
 [ 0.0006799  -0.01591347  0.03492908]
 [-0.0007654   0.02430616 -0.0398764 ]
 [ 0.00077869 -0.06074572 -0.01085761]]
Forward pass...
Backwards pass...
Combining derivatives...
Epoch 70/100, Masses: [  8.92303158e-02   9.59531038e-10   2.65340965e-10   5.01431397e-04
   2.61218493e-04   1.16856079e-16   5.35328721e-11   1.08757945e-03], 
Positions: 
[[ 0.          0.          0.        ]
 [ 0.00034614 -0.0034736   0.01097118]
 [-0.00023194 -0.00438518  0.01513433]
 [ 0.00074416  0.00848468  0.02051708]
 [ 0.00048351  0.01950266  0.02169199]
 [ 0.0006799  -0.01591347  0.03492908]
 [-0.0007654   0.02430616 -0.0398764 ]
 [ 0.00077869 -0.06074572 -0.01085761]]
Forward pass...
Backwards pass...
Combining derivatives...
Epoch 71/100, Masses: [  8.91054010e-02   1.01926801e-09   2.65223166e-10   5.32672577e-04
   1.98517072e-04  -1.13704081e-16   4.60275730e-11   8.38124403e-04], 
Positions: 
[[ 0.          0.          0.        ]
 [ 0.00034614 -0.0034736   0.01097118]
 [-0.00023194 -0.00438518  0.01513433]
 [ 0.00074416  0.00848468  0.02051708]
 [ 0.00048351  0.01950266  0.02169199]
 [ 0.0006799  -0.01591347  0.03492908]
 [-0.0007654   0.02430616 -0.0398764 ]
 [ 0.00077869 -0.06074572 -0.01085761]]
Forward pass...
Backwards pass...
Combining derivatives...
Epoch 72/100, Masses: [  8.88559210e-02   9.89399523e-10   2.65282066e-10   5.17051987e-04
   2.29867783e-04   1.57599921e-18   4.97802226e-11   9.62851928e-04], 
Positions: 
[[ 0.          0.          0.        ]
 [ 0.00034614 -0.0034736   0.01097118]
 [-0.00023194 -0.00438518  0.01513433]
 [ 0.00074416  0.00848468  0.02051708]
 [ 0.00048351  0.01950266  0.02169199]
 [ 0.0006799  -0.01591347  0.03492908]
 [-0.0007654   0.02430616 -0.0398764 ]
 [ 0.00077869 -0.06074572 -0.01085761]]
Forward pass...
Backwards pass...
Combining derivatives...
Epoch 73/100, Masses: [  8.83576591e-02   1.00433377e-09   2.65340965e-10   5.24862282e-04
   2.61218493e-04  -5.60640409e-17   4.79038978e-11   9.00488165e-04], 
Positions: 
[[ 0.          0.          0.        ]
 [ 0.00034614 -0.0034736   0.01097118]
 [-0.00023194 -0.00438518  0.01513433]
 [ 0.00074416  0.00848468  0.02051708]
 [ 0.00048351  0.01950266  0.02169199]
 [ 0.0006799  -0.01591347  0.03492908]
 [-0.0007654   0.02430616 -0.0398764 ]
 [ 0.00077869 -0.06074572 -0.01085761]]
Forward pass...
Backwards pass...
Combining derivatives...
Epoch 74/100, Masses: [  8.86067901e-02   1.01926801e-09   2.65458517e-10   5.32672577e-04
   2.45543138e-04  -2.72440208e-17   4.60275730e-11   8.38124403e-04], 
Positions: 
[[ 0.          0.          0.        ]
 [ 0.00034614 -0.0034736   0.01097118]
 [-0.00023194 -0.00438518  0.01513433]
 [ 0.00074416  0.00848468  0.02051708]
 [ 0.00048351  0.01950266  0.02169199]
 [ 0.0006799  -0.01591347  0.03492908]
 [-0.0007654   0.02430616 -0.0398764 ]
 [ 0.00077869 -0.06074572 -0.01085761]]
Forward pass...
Backwards pass...
Combining derivatives...
Epoch 75/100, Masses: [  8.88559210e-02   1.04908278e-09   2.65693128e-10   5.28767430e-04
   2.29867783e-04   1.57599921e-18   4.22820464e-11   7.13596272e-04], 
Positions: 
[[ 0.          0.          0.        ]
 [ 0.00034614 -0.0034736   0.01097118]
 [-0.00023194 -0.00438518  0.01513433]
 [ 0.00074416  0.00848468  0.02051708]
 [ 0.00048351  0.01950266  0.02169199]
 [ 0.0006799  -0.01591347  0.03492908]
 [-0.0007654   0.02430616 -0.0398764 ]
 [ 0.00077869 -0.06074572 -0.01085761]]
Forward pass...
Backwards pass...
Combining derivatives...
Epoch 76/100, Masses: [  8.93534362e-02   1.10860510e-09   2.66161366e-10   5.30720003e-04
   2.37705460e-04   5.91008802e-17   4.41548097e-11   4.64938162e-04], 
Positions: 
[[ 0.          0.          0.        ]
 [ 0.00034614 -0.0034736   0.01097118]
 [-0.00023194 -0.00438518  0.01513433]
 [ 0.00074416  0.00848468  0.02051708]
 [ 0.00048351  0.01950266  0.02169199]
 [ 0.0006799  -0.01591347  0.03492908]
 [-0.0007654   0.02430616 -0.0398764 ]
 [ 0.00077869 -0.06074572 -0.01085761]]
Forward pass...
Backwards pass...
Combining derivatives...
Epoch 77/100, Masses: [  8.91046786e-02   1.22743565e-09   2.67095877e-10   5.32672577e-04
   2.45543138e-04   1.73920784e-16   4.32184281e-11   5.89267217e-04], 
Positions: 
[[ 0.          0.          0.        ]
 [ 0.00034614 -0.0034736   0.01097118]
 [-0.00023194 -0.00438518  0.01513433]
 [ 0.00074416  0.00848468  0.02051708]
 [ 0.00048351  0.01950266  0.02169199]
 [ 0.0006799  -0.01591347  0.03492908]
 [-0.0007654   0.02430616 -0.0398764 ]
 [ 0.00077869 -0.06074572 -0.01085761]]
Forward pass...
Backwards pass...
Combining derivatives...
Epoch 78/100, Masses: [  8.88559210e-02   1.46466937e-09   2.68960978e-10   5.36570702e-04
   2.61190304e-04   4.03101794e-16   4.36866189e-11   5.27102690e-04], 
Positions: 
[[ 0.          0.          0.        ]
 [ 0.00034614 -0.0034736   0.01097118]
 [-0.00023194 -0.00438518  0.01513433]
 [ 0.00074416  0.00848468  0.02051708]
 [ 0.00048351  0.01950266  0.02169199]
 [ 0.0006799  -0.01591347  0.03492908]
 [-0.0007654   0.02430616 -0.0398764 ]
 [ 0.00077869 -0.06074572 -0.01085761]]
Forward pass...
Backwards pass...
Combining derivatives...
Epoch 79/100, Masses: [  8.89802998e-02   1.93828359e-09   2.72683355e-10   5.34621640e-04
   2.92428361e-04   2.88511289e-16   4.34525235e-11   4.64938162e-04], 
Positions: 
[[ 0.          0.          0.        ]
 [ 0.00034614 -0.0034736   0.01097118]
 [-0.00023194 -0.00438518  0.01513433]
 [ 0.00074416  0.00848468  0.02051708]
 [ 0.00048351  0.01950266  0.02169199]
 [ 0.0006799  -0.01591347  0.03492908]
 [-0.0007654   0.02430616 -0.0398764 ]
 [ 0.00077869 -0.06074572 -0.01085761]]
Forward pass...
Backwards pass...
Combining derivatives...
Epoch 80/100, Masses: [  8.91046786e-02   2.88380862e-09   2.80112493e-10   5.35596171e-04
   3.54792123e-04   1.73920784e-16   4.32184281e-11   3.40820277e-04], 
Positions: 
[[ 0.          0.          0.        ]
 [ 0.00034614 -0.0034736   0.01097118]
 [-0.00023194 -0.00438518  0.01513433]
 [ 0.00074416  0.00848468  0.02051708]
 [ 0.00048351  0.01950266  0.02169199]
 [ 0.0006799  -0.01591347  0.03492908]
 [-0.0007654   0.02430616 -0.0398764 ]
 [ 0.00077869 -0.06074572 -0.01085761]]
Forward pass...
Backwards pass...
Combining derivatives...
Epoch 81/100, Masses: [  8.93530137e-02   4.77145804e-09   2.94939601e-10   5.35108905e-04
   4.79295352e-04   2.31216037e-16   4.27511727e-11   9.30061270e-05], 
Positions: 
[[ 0.          0.          0.        ]
 [ 0.00034614 -0.0034736   0.01097118]
 [-0.00023194 -0.00438518  0.01513433]
 [ 0.00074416  0.00848468  0.02051708]
 [ 0.00048351  0.01950266  0.02169199]
 [ 0.0006799  -0.01591347  0.03492908]
 [-0.0007654   0.02430616 -0.0398764 ]
 [ 0.00077869 -0.06074572 -0.01085761]]
Forward pass...
Backwards pass...
Combining derivatives...
Epoch 82/100, Masses: [  8.92288462e-02   3.82763333e-09   2.87526047e-10   5.35352538e-04
   7.27854023e-04   2.02568410e-16   4.18185289e-11  -4.01780362e-04], 
Positions: 
[[ 0.          0.          0.        ]
 [ 0.00034614 -0.0034736   0.01097118]
 [-0.00023194 -0.00438518  0.01513433]
 [ 0.00074416  0.00848468  0.02051708]
 [ 0.00048351  0.01950266  0.02169199]
 [ 0.0006799  -0.01591347  0.03492908]
 [-0.0007654   0.02430616 -0.0398764 ]
 [ 0.00077869 -0.06074572 -0.01085761]]
Forward pass...
Backwards pass...
Combining derivatives...
Epoch 83/100, Masses: [  8.92909299e-02   2.88380862e-09   2.91232824e-10   5.35596171e-04
   1.22407740e-03   1.73920784e-16   3.99569679e-11  -1.54387118e-04], 
Positions: 
[[ 0.          0.          0.        ]
 [ 0.00034614 -0.0034736   0.01097118]
 [-0.00023194 -0.00438518  0.01513433]
 [ 0.00074416  0.00848468  0.02051708]
 [ 0.00048351  0.01950266  0.02169199]
 [ 0.0006799  -0.01591347  0.03492908]
 [-0.0007654   0.02430616 -0.0398764 ]
 [ 0.00077869 -0.06074572 -0.01085761]]
Forward pass...
Backwards pass...
Combining derivatives...
Epoch 84/100, Masses: [  8.92598880e-02   9.99742159e-10   2.94939601e-10   5.35474354e-04
   2.21473946e-03   1.88244597e-16   4.08877484e-11   9.30061270e-05], 
Positions: 
[[ 0.          0.          0.        ]
 [ 0.00034614 -0.0034736   0.01097118]
 [-0.00023194 -0.00438518  0.01513433]
 [ 0.00074416  0.00848468  0.02051708]
 [ 0.00048351  0.01950266  0.02169199]
 [ 0.0006799  -0.01591347  0.03492908]
 [-0.0007654   0.02430616 -0.0398764 ]
 [ 0.00077869 -0.06074572 -0.01085761]]
Forward pass...
Backwards pass...
Combining derivatives...
Epoch 85/100, Masses: [  8.92288462e-02   1.94177539e-09   3.02336864e-10   5.35352538e-04
   4.19250057e-03   2.02568410e-16   4.18185289e-11   5.86902846e-04], 
Positions: 
[[ 0.          0.          0.        ]
 [ 0.00034614 -0.0034736   0.01097118]
 [-0.00023194 -0.00438518  0.01513433]
 [ 0.00074416  0.00848468  0.02051708]
 [ 0.00048351  0.01950266  0.02169199]
 [ 0.0006799  -0.01591347  0.03492908]
 [-0.0007654   0.02430616 -0.0398764 ]
 [ 0.00077869 -0.06074572 -0.01085761]]
Forward pass...
Backwards pass...
Combining derivatives...
Epoch 86/100, Masses: [  8.92443671e-02   1.47075878e-09   2.98638232e-10   5.35109392e-04
   8.14090960e-03   1.95406504e-16   4.13531386e-11   3.39954487e-04], 
Positions: 
[[ 0.          0.          0.        ]
 [ 0.00034614 -0.0034736   0.01097118]
 [-0.00023194 -0.00438518  0.01513433]
 [ 0.00074416  0.00848468  0.02051708]
 [ 0.00048351  0.01950266  0.02169199]
 [ 0.0006799  -0.01591347  0.03492908]
 [-0.0007654   0.02430616 -0.0398764 ]
 [ 0.00077869 -0.06074572 -0.01085761]]
Forward pass...
Backwards pass...
Combining derivatives...
Epoch 87/100, Masses: [  8.92366066e-02   1.70626708e-09   3.00487548e-10   5.34624071e-04
   1.60235269e-02   1.88244597e-16   4.08877484e-11   4.63428666e-04], 
Positions: 
[[ 0.          0.          0.        ]
 [ 0.00034614 -0.0034736   0.01097118]
 [-0.00023194 -0.00438518  0.01513433]
 [ 0.00074416  0.00848468  0.02051708]
 [ 0.00048351  0.01950266  0.02169199]
 [ 0.0006799  -0.01591347  0.03492908]
 [-0.0007654   0.02430616 -0.0398764 ]
 [ 0.00077869 -0.06074572 -0.01085761]]
Forward pass...
Backwards pass...
Combining derivatives...
Epoch 88/100, Masses: [  8.92404869e-02   1.58851293e-09   3.02336864e-10   5.34866732e-04
   1.20822183e-02   1.91825550e-16   4.11204435e-11   5.86902846e-04], 
Positions: 
[[ 0.          0.          0.        ]
 [ 0.00034614 -0.0034736   0.01097118]
 [-0.00023194 -0.00438518  0.01513433]
 [ 0.00074416  0.00848468  0.02051708]
 [ 0.00048351  0.01950266  0.02169199]
 [ 0.0006799  -0.01591347  0.03492908]
 [-0.0007654   0.02430616 -0.0398764 ]
 [ 0.00077869 -0.06074572 -0.01085761]]
Forward pass...
Backwards pass...
Combining derivatives...
Epoch 89/100, Masses: [  8.92385468e-02   1.64739001e-09   3.06026998e-10   5.35109392e-04
   1.40528726e-02   1.90035074e-16   4.10040960e-11   8.33382473e-04], 
Positions: 
[[ 0.          0.          0.        ]
 [ 0.00034614 -0.0034736   0.01097118]
 [-0.00023194 -0.00438518  0.01513433]
 [ 0.00074416  0.00848468  0.02051708]
 [ 0.00048351  0.01950266  0.02169199]
 [ 0.0006799  -0.01591347  0.03492908]
 [-0.0007654   0.02430616 -0.0398764 ]
 [ 0.00077869 -0.06074572 -0.01085761]]
Forward pass...
Backwards pass...
Combining derivatives...
Epoch 90/100, Masses: [  8.92395168e-02   1.70626708e-09   3.13390313e-10   5.35593694e-04
   1.30675454e-02   1.90930312e-16   4.08877484e-11   1.32540604e-03], 
Positions: 
[[ 0.          0.          0.        ]
 [ 0.00034614 -0.0034736   0.01097118]
 [-0.00023194 -0.00438518  0.01513433]
 [ 0.00074416  0.00848468  0.02051708]
 [ 0.00048351  0.01950266  0.02169199]
 [ 0.0006799  -0.01591347  0.03492908]
 [-0.0007654   0.02430616 -0.0398764 ]
 [ 0.00077869 -0.06074572 -0.01085761]]
Forward pass...
Backwards pass...
Combining derivatives...
Epoch 91/100, Masses: [  8.92404869e-02   1.67682854e-09   3.28083113e-10   5.36560268e-04
   1.35602090e-02   1.90482693e-16   4.09459222e-11   2.30758535e-03], 
Positions: 
[[ 0.          0.          0.        ]
 [ 0.00034614 -0.0034736   0.01097118]
 [-0.00023194 -0.00438518  0.01513433]
 [ 0.00074416  0.00848468  0.02051708]
 [ 0.00048351  0.01950266  0.02169199]
 [ 0.0006799  -0.01591347  0.03492908]
 [-0.0007654   0.02430616 -0.0398764 ]
 [ 0.00077869 -0.06074572 -0.01085761]]
Forward pass...
Backwards pass...
Combining derivatives...
Epoch 92/100, Masses: [  8.92424233e-02   1.69154781e-09   3.57401207e-10   5.36076981e-04
   1.33138772e-02   1.90035074e-16   4.09168353e-11   4.26821542e-03], 
Positions: 
[[ 0.          0.          0.        ]
 [ 0.00034614 -0.0034736   0.01097118]
 [-0.00023194 -0.00438518  0.01513433]
 [ 0.00074416  0.00848468  0.02051708]
 [ 0.00048351  0.01950266  0.02169199]
 [ 0.0006799  -0.01591347  0.03492908]
 [-0.0007654   0.02430616 -0.0398764 ]
 [ 0.00077869 -0.06074572 -0.01085761]]
Forward pass...
Backwards pass...
Combining derivatives...
Epoch 93/100, Masses: [  8.92414551e-02   1.70626708e-09   4.15902692e-10   5.36318624e-04
   1.30675454e-02   1.89142071e-16   4.08877484e-11   3.28790039e-03], 
Positions: 
[[ 0.          0.          0.        ]
 [ 0.00034614 -0.0034736   0.01097118]
 [-0.00023194 -0.00438518  0.01513433]
 [ 0.00074416  0.00848468  0.02051708]
 [ 0.00048351  0.01950266  0.02169199]
 [ 0.0006799  -0.01591347  0.03492908]
 [-0.0007654   0.02430616 -0.0398764 ]
 [ 0.00077869 -0.06074572 -0.01085761]]
Forward pass...
Backwards pass...
Combining derivatives...
Epoch 94/100, Masses: [  8.92404869e-02   1.73564387e-09   5.32636880e-10   5.36560268e-04
   1.25758170e-02   1.87360524e-16   4.09022918e-11   2.30758535e-03], 
Positions: 
[[ 0.          0.          0.        ]
 [ 0.00034614 -0.0034736   0.01097118]
 [-0.00023194 -0.00438518  0.01513433]
 [ 0.00074416  0.00848468  0.02051708]
 [ 0.00048351  0.01950266  0.02169199]
 [ 0.0006799  -0.01591347  0.03492908]
 [-0.0007654   0.02430616 -0.0398764 ]
 [ 0.00077869 -0.06074572 -0.01085761]]
Forward pass...
Backwards pass...
Combining derivatives...
Epoch 95/100, Masses: [  8.92385543e-02   1.72095548e-09   7.65568921e-10   5.37042492e-04
   1.15942268e-02   1.83806326e-16   4.08950201e-11   2.79774287e-03], 
Positions: 
[[ 0.          0.          0.        ]
 [ 0.00034614 -0.0034736   0.01097118]
 [-0.00023194 -0.00438518  0.01513433]
 [ 0.00074416  0.00848468  0.02051708]
 [ 0.00048351  0.01950266  0.02169199]
 [ 0.0006799  -0.01591347  0.03492908]
 [-0.0007654   0.02430616 -0.0398764 ]
 [ 0.00077869 -0.06074572 -0.01085761]]
Forward pass...
Backwards pass...
Combining derivatives...
Epoch 96/100, Masses: [  8.92346969e-02   1.70626708e-09   6.49102900e-10   5.38004822e-04
   9.63477264e-03   1.85583425e-16   4.08877484e-11   2.55266411e-03], 
Positions: 
[[ 0.          0.          0.        ]
 [ 0.00034614 -0.0034736   0.01097118]
 [-0.00023194 -0.00438518  0.01513433]
 [ 0.00074416  0.00848468  0.02051708]
 [ 0.00048351  0.01950266  0.02169199]
 [ 0.0006799  -0.01591347  0.03492908]
 [-0.0007654   0.02430616 -0.0398764 ]
 [ 0.00077869 -0.06074572 -0.01085761]]
Forward pass...
Backwards pass...
Combining derivatives...
Epoch 97/100, Masses: [  8.92269975e-02   1.67695485e-09   7.07335910e-10   5.39925252e-04
   1.06144997e-02   1.84694875e-16   4.08732413e-11   2.67520349e-03], 
Positions: 
[[ 0.          0.          0.        ]
 [ 0.00034614 -0.0034736   0.01097118]
 [-0.00023194 -0.00438518  0.01513433]
 [ 0.00074416  0.00848468  0.02051708]
 [ 0.00048351  0.01950266  0.02169199]
 [ 0.0006799  -0.01591347  0.03492908]
 [-0.0007654   0.02430616 -0.0398764 ]
 [ 0.00077869 -0.06074572 -0.01085761]]
Forward pass...
Backwards pass...
Combining derivatives...
Epoch 98/100, Masses: [  8.92116294e-02   1.69161097e-09   6.78219405e-10   5.38965037e-04
   1.01246362e-02   1.83806326e-16   4.08442994e-11   2.79774287e-03], 
Positions: 
[[ 0.          0.          0.        ]
 [ 0.00034614 -0.0034736   0.01097118]
 [-0.00023194 -0.00438518  0.01513433]
 [ 0.00074416  0.00848468  0.02051708]
 [ 0.00048351  0.01950266  0.02169199]
 [ 0.0006799  -0.01591347  0.03492908]
 [-0.0007654   0.02430616 -0.0398764 ]
 [ 0.00077869 -0.06074572 -0.01085761]]
Forward pass...
Backwards pass...
Combining derivatives...
Epoch 99/100, Masses: [  8.91809547e-02   1.70626708e-09   6.49102900e-10   5.38004822e-04
   9.63477264e-03   1.82033841e-16   4.07865603e-11   2.73647318e-03], 
Positions: 
[[ 0.          0.          0.        ]
 [ 0.00034614 -0.0034736   0.01097118]
 [-0.00023194 -0.00438518  0.01513433]
 [ 0.00074416  0.00848468  0.02051708]
 [ 0.00048351  0.01950266  0.02169199]
 [ 0.0006799  -0.01591347  0.03492908]
 [-0.0007654   0.02430616 -0.0398764 ]
 [ 0.00077869 -0.06074572 -0.01085761]]
Forward pass...
Backwards pass...
Combining derivatives...
Epoch 100/100, Masses: [  8.91197279e-02   1.69893903e-09   5.91009474e-10   5.36088803e-04
   9.87970441e-03   1.78498076e-16   4.06713704e-11   2.76710802e-03], 
Positions: 
[[ 0.          0.          0.        ]
 [ 0.00034614 -0.0034736   0.01097118]
 [-0.00023194 -0.00438518  0.01513433]
 [ 0.00074416  0.00848468  0.02051708]
 [ 0.00048351  0.01950266  0.02169199]
 [ 0.0006799  -0.01591347  0.03492908]
 [-0.0007654   0.02430616 -0.0398764 ]
 [ 0.00077869 -0.06074572 -0.01085761]]
true masses: [0.089, 3.05484383485e-06, 3.47202094604e-06, 8.92014399775e-07, 2.31881739839e-06, 2.80472849587e-06, 3.44815497858e-06, 9.9419892605e-07] MSun
found masses: [0.089119727923195086, 1.6989390257091114e-09, 5.9100947449900643e-10, 0.00053608880347398309, 0.0098797044074052914, 1.784980759767702e-16, 4.0671370375456113e-11, 0.0027671080245922305]
relative diff: [  1.34525756e-03   9.99443854e-01   9.99829779e-01   5.99986715e+02
   4.25966512e+03   1.00000000e+00   9.99988205e-01   2.78225389e+03]
Evolve time is not a multiple of tau_ev. Rounding up to 10.0 days.
Running simulation...
Evolve time is not a multiple of tau_ev. Rounding up to 10.0 days.
Running simulation...
With sakura reintegration:
pos and vel cost for new masses:
0.0317331067662 0.00531624595063
pos and vel cost sanity check:
0.0 0.0

With do_step reintegration
pos and vel cost for new masses:
0.030884837823 0.0139688807052
pos and vel cost sanity check:
1.15570608333e-07 7.94242278801e-07
initial guesses were: [0.089, 3.5163231971e-06, 4.25255012233e-06, 1.01028882564e-06, 2.95873841971e-06, 2.94808178328e-06, 4.39282389563e-06, 1.5160472478e-06] MSun


In this session you have used the AMUSE modules below. 
Please cite any relevant articles:


	"AMUSE-Sakura (framework 2025.2.1.dev4+gaea5b5591)"
		ADS:2014MNRAS.440..719G (Goncalves Ferrari, Boekholt, Portegies Zwart; 2014 MNRAS, 440, 719


	"AMUSE (unknown version)"
		DOI:10.5281/zenodo.1435860
		ADS:2018araa.book.....P (Portegies Zwart, S. & McMillan, S.L.W., 2018)
		ADS:2013CoPhC.183..456P ** (Portegies Zwart, S. et al., 2013)
		ADS:2013A&A...557A..84P ** (Pelupessy, F. I. et al., 2013)
		ADS:2009NewA...14..369P (Portegies Zwart, S. et al., 2009)

#### Finished Test. Have a nice day
